#
# There is insufficient memory for the Java Runtime Environment to continue.
# Native memory allocation (malloc) failed to allocate 32744 bytes for ChunkPool::allocate
# Possible reasons:
#   The system is out of physical RAM or swap space
#   The process is running with CompressedOops enabled, and the Java Heap may be blocking the growth of the native heap
# Possible solutions:
#   Reduce memory load on the system
#   Increase physical memory or swap space
#   Check if swap backing store is full
#   Decrease Java heap size (-Xmx/-Xms)
#   Decrease number of Java threads
#   Decrease Java thread stack sizes (-Xss)
#   Set larger code cache with -XX:ReservedCodeCacheSize=
#   JVM is running with Unscaled Compressed Oops mode in which the Java heap is
#     placed in the first 4GB address space. The Java Heap base address is the
#     maximum limit for the native heap growth. Please use -XX:HeapBaseMinAddress
#     to set the Java Heap base and to place the Java Heap above 4GB virtual address.
# This output file may be truncated or incomplete.
#
#  Out of Memory Error (arena.cpp:78), pid=12360, tid=24980
#
# JRE version: OpenJDK Runtime Environment Temurin-17.0.7+7 (17.0.7+7) (build 17.0.7+7)
# Java VM: OpenJDK 64-Bit Server VM Temurin-17.0.7+7 (17.0.7+7, mixed mode, tiered, compressed oops, compressed class ptrs, parallel gc, windows-amd64)
# No core dump will be written. Minidumps are not enabled by default on client versions of Windows
#

---------------  S U M M A R Y ------------

Command Line: --add-modules=ALL-SYSTEM --add-opens=java.base/java.util=ALL-UNNAMED --add-opens=java.base/java.lang=ALL-UNNAMED --add-opens=java.base/sun.nio.fs=ALL-UNNAMED -Declipse.application=org.eclipse.jdt.ls.core.id1 -Dosgi.bundles.defaultStartLevel=4 -Declipse.product=org.eclipse.jdt.ls.core.product -Djava.import.generatesMetadataFilesAtProjectRoot=false -Dfile.encoding=utf8 -XX:+UseParallelGC -XX:GCTimeRatio=4 -XX:AdaptiveSizePolicyWeight=90 -Dsun.zip.disableMemoryMapping=true -Xmx1G -Xms100m -Xlog:disable -javaagent:c:\Users\ADMIN\.vscode\extensions\redhat.java-1.18.0-win32-x64\lombok\lombok-1.18.27.jar c:\Users\ADMIN\.vscode\extensions\redhat.java-1.18.0-win32-x64\server\plugins\org.eclipse.equinox.launcher_1.6.400.v20210924-0641.jar -configuration c:\Users\ADMIN\AppData\Roaming\Code\User\globalStorage\redhat.java\1.18.0\config_ss_win -data c:\Users\ADMIN\AppData\Roaming\Code\User\workspaceStorage\4c1ab381de116513bcdb067e4a9c71b1\redhat.java\ss_ws

Host: AMD Ryzen 7 4800H with Radeon Graphics         , 16 cores, 7G,  Windows 11 , 64 bit Build 22621 (10.0.22621.1485)
Time: Thu May  4 01:01:32 2023 SE Asia Standard Time elapsed time: 12.674583 seconds (0d 0h 0m 12s)

---------------  T H R E A D  ---------------

Current thread (0x000001ac11c5ad40):  JavaThread "C1 CompilerThread3" daemon [_thread_in_native, id=24980, stack(0x0000005634700000,0x0000005634800000)]


Current CompileTask:
C1:  12674 6378       2       org.eclipse.jdt.internal.compiler.lookup.BlockScope::getEmulationPath (681 bytes)

Stack: [0x0000005634700000,0x0000005634800000]
Native frames: (J=compiled Java code, j=interpreted, Vv=VM code, C=native code)
V  [jvm.dll+0x67754a]
V  [jvm.dll+0x834304]
V  [jvm.dll+0x835aae]
V  [jvm.dll+0x836113]
V  [jvm.dll+0x24696f]
V  [jvm.dll+0xac2cc]
V  [jvm.dll+0xac67c]
V  [jvm.dll+0x149e50]
V  [jvm.dll+0x14ced5]
V  [jvm.dll+0x14cf37]
V  [jvm.dll+0x14cf37]
V  [jvm.dll+0x14cf37]
V  [jvm.dll+0x14cf37]
V  [jvm.dll+0x14cf37]
V  [jvm.dll+0x14cf37]
V  [jvm.dll+0x14cf37]
V  [jvm.dll+0x14cf37]
V  [jvm.dll+0x14cf37]
V  [jvm.dll+0x14cf37]
V  [jvm.dll+0x14cf37]
V  [jvm.dll+0x14d00b]
V  [jvm.dll+0x14b804]
V  [jvm.dll+0x1350c4]
V  [jvm.dll+0x135350]
V  [jvm.dll+0x135616]
V  [jvm.dll+0x134aaa]
V  [jvm.dll+0x136771]
V  [jvm.dll+0x2284da]
V  [jvm.dll+0x226615]
V  [jvm.dll+0x7ea90b]
V  [jvm.dll+0x7e4e7a]
V  [jvm.dll+0x676395]
C  [ucrtbase.dll+0x29363]
C  [KERNEL32.DLL+0x1269d]
C  [ntdll.dll+0x5a9f8]


---------------  P R O C E S S  ---------------

Threads class SMR info:
_java_thread_list=0x000001ac108d30f0, length=32, elements={
0x000001ac7426ce70, 0x000001ac7e409020, 0x000001ac790dad80, 0x000001ac790ecd50,
0x000001ac790ee880, 0x000001ac7e4234f0, 0x000001ac7e425fb0, 0x000001ac7e426d40,
0x000001ac7e490ac0, 0x000001ac7e4930d0, 0x000001ac7e58f8b0, 0x000001ac7e5be420,
0x000001ac7e5bf440, 0x000001ac0f38bd20, 0x000001ac0fd48c90, 0x000001ac0fceb2e0,
0x000001ac0fcec090, 0x000001ac0fdd8a40, 0x000001ac0ff3ba30, 0x000001ac100ce920,
0x000001ac0ffbb1e0, 0x000001ac0ffba840, 0x000001ac0ffba370, 0x000001ac0ffb9ea0,
0x000001ac0ffbc9f0, 0x000001ac0ffbb6b0, 0x000001ac0ffb9030, 0x000001ac11c5ad40,
0x000001ac0ffbbb80, 0x000001ac0ffbc050, 0x000001ac0ffbc520, 0x000001ac11c5b250
}

Java Threads: ( => current thread )
  0x000001ac7426ce70 JavaThread "main" [_thread_blocked, id=9744, stack(0x0000005631c00000,0x0000005631d00000)]
  0x000001ac7e409020 JavaThread "Reference Handler" daemon [_thread_blocked, id=23168, stack(0x0000005631f00000,0x0000005632000000)]
  0x000001ac790dad80 JavaThread "Finalizer" daemon [_thread_blocked, id=14804, stack(0x0000005632000000,0x0000005632100000)]
  0x000001ac790ecd50 JavaThread "Signal Dispatcher" daemon [_thread_blocked, id=21888, stack(0x0000005632100000,0x0000005632200000)]
  0x000001ac790ee880 JavaThread "Attach Listener" daemon [_thread_blocked, id=11232, stack(0x0000005632200000,0x0000005632300000)]
  0x000001ac7e4234f0 JavaThread "Service Thread" daemon [_thread_blocked, id=11608, stack(0x0000005632300000,0x0000005632400000)]
  0x000001ac7e425fb0 JavaThread "Monitor Deflation Thread" daemon [_thread_blocked, id=1424, stack(0x0000005632400000,0x0000005632500000)]
  0x000001ac7e426d40 JavaThread "C2 CompilerThread0" daemon [_thread_in_native, id=13236, stack(0x0000005632500000,0x0000005632600000)]
  0x000001ac7e490ac0 JavaThread "C1 CompilerThread0" daemon [_thread_blocked, id=25824, stack(0x0000005632600000,0x0000005632700000)]
  0x000001ac7e4930d0 JavaThread "Sweeper thread" daemon [_thread_blocked, id=13656, stack(0x0000005632700000,0x0000005632800000)]
  0x000001ac7e58f8b0 JavaThread "Common-Cleaner" daemon [_thread_blocked, id=19612, stack(0x0000005632800000,0x0000005632900000)]
  0x000001ac7e5be420 JavaThread "C1 CompilerThread1" daemon [_thread_in_native, id=12112, stack(0x0000005632900000,0x0000005632a00000)]
  0x000001ac7e5bf440 JavaThread "C1 CompilerThread2" daemon [_thread_blocked, id=2208, stack(0x0000005632a00000,0x0000005632b00000)]
  0x000001ac0f38bd20 JavaThread "Notification Thread" daemon [_thread_blocked, id=10348, stack(0x0000005632e00000,0x0000005632f00000)]
  0x000001ac0fd48c90 JavaThread "Active Thread: Equinox Container: c2e32d22-8204-4515-86d1-c6f300b3eb54" [_thread_blocked, id=6104, stack(0x0000005633500000,0x0000005633600000)]
  0x000001ac0fceb2e0 JavaThread "Framework Event Dispatcher: Equinox Container: c2e32d22-8204-4515-86d1-c6f300b3eb54" daemon [_thread_blocked, id=5420, stack(0x0000005632d00000,0x0000005632e00000)]
  0x000001ac0fcec090 JavaThread "Start Level: Equinox Container: c2e32d22-8204-4515-86d1-c6f300b3eb54" daemon [_thread_blocked, id=18548, stack(0x0000005633600000,0x0000005633700000)]
  0x000001ac0fdd8a40 JavaThread "SCR Component Actor" daemon [_thread_blocked, id=16464, stack(0x0000005633700000,0x0000005633800000)]
  0x000001ac0ff3ba30 JavaThread "Worker-JM" [_thread_blocked, id=14760, stack(0x0000005633a00000,0x0000005633b00000)]
  0x000001ac100ce920 JavaThread "Worker-0" [_thread_blocked, id=23156, stack(0x0000005633f00000,0x0000005634000000)]
  0x000001ac0ffbb1e0 JavaThread "Worker-1" [_thread_blocked, id=18400, stack(0x0000005634000000,0x0000005634100000)]
  0x000001ac0ffba840 JavaThread "JNA Cleaner" daemon [_thread_blocked, id=22976, stack(0x0000005632b00000,0x0000005632c00000)]
  0x000001ac0ffba370 JavaThread "pool-2-thread-1" [_thread_blocked, id=26260, stack(0x0000005634200000,0x0000005634300000)]
  0x000001ac0ffb9ea0 JavaThread "pool-1-thread-1" [_thread_in_native, id=27464, stack(0x0000005634300000,0x0000005634400000)]
  0x000001ac0ffbc9f0 JavaThread "ForkJoinPool.commonPool-worker-1" daemon [_thread_blocked, id=3940, stack(0x0000005632c00000,0x0000005632d00000)]
  0x000001ac0ffbb6b0 JavaThread "ForkJoinPool.commonPool-worker-2" daemon [_thread_blocked, id=8360, stack(0x0000005634500000,0x0000005634600000)]
  0x000001ac0ffb9030 JavaThread "ForkJoinPool.commonPool-worker-3" daemon [_thread_blocked, id=23832, stack(0x0000005634600000,0x0000005634700000)]
=>0x000001ac11c5ad40 JavaThread "C1 CompilerThread3" daemon [_thread_in_native, id=24980, stack(0x0000005634700000,0x0000005634800000)]
  0x000001ac0ffbbb80 JavaThread "Worker-2" [_thread_blocked, id=27244, stack(0x0000005634400000,0x0000005634500000)]
  0x000001ac0ffbc050 JavaThread "ForkJoinPool.commonPool-worker-4" daemon [_thread_blocked, id=13384, stack(0x0000005634800000,0x0000005634900000)]
  0x000001ac0ffbc520 JavaThread "ForkJoinPool.commonPool-worker-5" daemon [_thread_blocked, id=4116, stack(0x0000005634900000,0x0000005634a00000)]
  0x000001ac11c5b250 JavaThread "C2 CompilerThread1" daemon [_thread_in_native, id=14300, stack(0x0000005634a00000,0x0000005634b00000)]

Other Threads:
  0x000001ac74327460 VMThread "VM Thread" [stack: 0x0000005631e00000,0x0000005631f00000] [id=15156]
  0x000001ac0f38c1f0 WatcherThread [stack: 0x0000005632f00000,0x0000005633000000] [id=19484]
  0x000001ac74282250 GCTaskThread "GC Thread#0" [stack: 0x0000005631d00000,0x0000005631e00000] [id=19268]
  0x000001ac0fc619f0 GCTaskThread "GC Thread#1" [stack: 0x0000005633000000,0x0000005633100000] [id=25464]
  0x000001ac0fb94e90 GCTaskThread "GC Thread#2" [stack: 0x0000005633100000,0x0000005633200000] [id=18596]
  0x000001ac0fc5b820 GCTaskThread "GC Thread#3" [stack: 0x0000005633200000,0x0000005633300000] [id=24872]
  0x000001ac0fc5bad0 GCTaskThread "GC Thread#4" [stack: 0x0000005633300000,0x0000005633400000] [id=24560]
  0x000001ac0fdf7960 GCTaskThread "GC Thread#5" [stack: 0x0000005633400000,0x0000005633500000] [id=2068]
  0x000001ac101b5bf0 GCTaskThread "GC Thread#6" [stack: 0x0000005633800000,0x0000005633900000] [id=4104]
  0x000001ac0fd9bea0 GCTaskThread "GC Thread#7" [stack: 0x0000005633900000,0x0000005633a00000] [id=14252]
  0x000001ac0fd53840 GCTaskThread "GC Thread#8" [stack: 0x0000005633b00000,0x0000005633c00000] [id=16860]
  0x000001ac0fd53030 GCTaskThread "GC Thread#9" [stack: 0x0000005633c00000,0x0000005633d00000] [id=23460]
  0x000001ac0fd522c0 GCTaskThread "GC Thread#10" [stack: 0x0000005633d00000,0x0000005633e00000] [id=15576]
  0x000001ac0fd53590 GCTaskThread "GC Thread#11" [stack: 0x0000005633e00000,0x0000005633f00000] [id=13588]
  0x000001ac0fd52820 GCTaskThread "GC Thread#12" [stack: 0x0000005634100000,0x0000005634200000] [id=11052]

Threads with active compile tasks:
C2 CompilerThread0    12764 5379       4       org.objectweb.asm.ClassReader::readMethod (1066 bytes)
C1 CompilerThread1    12764 6380       2       org.eclipse.jdt.internal.compiler.lookup.Scope::findType (74 bytes)
C1 CompilerThread3    12764 6378       2       org.eclipse.jdt.internal.compiler.lookup.BlockScope::getEmulationPath (681 bytes)
C2 CompilerThread1    12764 5160       4       org.eclipse.jdt.internal.compiler.parser.Parser::consumeToken (2309 bytes)

VM state: not at safepoint (normal execution)

VM Mutex/Monitor currently owned by a thread: None

Heap address: 0x00000000c0000000, size: 1024 MB, Compressed Oops mode: 32-bit

CDS archive(s) not mapped
Compressed class space mapped at: 0x0000000100000000-0x0000000140000000, reserved size: 1073741824
Narrow klass base: 0x0000000000000000, Narrow klass shift: 3, Narrow klass range: 0x140000000

GC Precious Log:
 CPUs: 16 total, 16 available
 Memory: 7599M
 Large Page Support: Disabled
 NUMA Support: Disabled
 Compressed Oops: Enabled (32-bit)
 Alignments: Space 512K, Generation 512K, Heap 2M
 Heap Min Capacity: 100M
 Heap Initial Capacity: 100M
 Heap Max Capacity: 1G
 Pre-touch: Disabled
 Parallel Workers: 13

Heap:
 PSYoungGen      total 21504K, used 17243K [0x00000000eab00000, 0x00000000ec380000, 0x0000000100000000)
  eden space 18944K, 79% used [0x00000000eab00000,0x00000000eb9b6890,0x00000000ebd80000)
  from space 2560K, 85% used [0x00000000ec100000,0x00000000ec320750,0x00000000ec380000)
  to   space 2560K, 0% used [0x00000000ebe80000,0x00000000ebe80000,0x00000000ec100000)
 ParOldGen       total 68608K, used 33379K [0x00000000c0000000, 0x00000000c4300000, 0x00000000eab00000)
  object space 68608K, 48% used [0x00000000c0000000,0x00000000c2098cb8,0x00000000c4300000)
 Metaspace       used 48430K, committed 49280K, reserved 1114112K
  class space    used 4731K, committed 5120K, reserved 1048576K

Card table byte_map: [0x000001ac73c40000,0x000001ac73e50000] _byte_map_base: 0x000001ac73640000

Marking Bits: (ParMarkBitMap*) 0x00007ffe1c1852c0
 Begin Bits: [0x000001ac76ef0000, 0x000001ac77ef0000)
 End Bits:   [0x000001ac77ef0000, 0x000001ac78ef0000)

Polling page: 0x000001ac73a30000

Metaspace:

Usage:
  Non-class:     42.67 MB used.
      Class:      4.62 MB used.
       Both:     47.30 MB used.

Virtual space:
  Non-class space:       64.00 MB reserved,      43.12 MB ( 67%) committed,  1 nodes.
      Class space:        1.00 GB reserved,       5.00 MB ( <1%) committed,  1 nodes.
             Both:        1.06 GB reserved,      48.12 MB (  4%) committed. 

Chunk freelists:
   Non-Class:  4.59 MB
       Class:  10.92 MB
        Both:  15.52 MB

MaxMetaspaceSize: unlimited
CompressedClassSpaceSize: 1.00 GB
Initial GC threshold: 21.00 MB
Current GC threshold: 58.38 MB
CDS: off
MetaspaceReclaimPolicy: balanced
 - commit_granule_bytes: 65536.
 - commit_granule_words: 8192.
 - virtual_space_node_default_size: 8388608.
 - enlarge_chunks_in_place: 1.
 - new_chunks_are_fully_committed: 0.
 - uncommit_free_chunks: 1.
 - use_allocation_guard: 0.
 - handle_deallocations: 1.


Internal statistics:

num_allocs_failed_limit: 6.
num_arena_births: 356.
num_arena_deaths: 14.
num_vsnodes_births: 2.
num_vsnodes_deaths: 0.
num_space_committed: 770.
num_space_uncommitted: 0.
num_chunks_returned_to_freelist: 20.
num_chunks_taken_from_freelist: 2027.
num_chunk_merges: 10.
num_chunk_splits: 1317.
num_chunks_enlarged: 850.
num_inconsistent_stats: 0.

CodeHeap 'non-profiled nmethods': size=119168Kb used=1874Kb max_used=2421Kb free=117293Kb
 bounds [0x000001ac07ba0000, 0x000001ac07e10000, 0x000001ac0f000000]
CodeHeap 'profiled nmethods': size=119104Kb used=12610Kb max_used=13695Kb free=106493Kb
 bounds [0x000001ac00000000, 0x000001ac00d60000, 0x000001ac07450000]
CodeHeap 'non-nmethods': size=7488Kb used=3003Kb max_used=3040Kb free=4484Kb
 bounds [0x000001ac07450000, 0x000001ac07750000, 0x000001ac07ba0000]
 total_blobs=6242 nmethods=5594 adapters=559
 compilation: enabled
              stopped_count=0, restarted_count=0
 full_count=0

Compilation events (20 events):
Event: 12.659 Thread 0x000001ac7e5be420 6370       2       org.eclipse.jdt.internal.compiler.ast.SingleNameReference::analyseCode (9 bytes)
Event: 12.660 Thread 0x000001ac7e5bf440 nmethod 6369 0x000001ac0019c610 code [0x000001ac0019c7a0, 0x000001ac0019c938]
Event: 12.660 Thread 0x000001ac7e5be420 nmethod 6370 0x000001ac00682d10 code [0x000001ac00682ea0, 0x000001ac00682fc8]
Event: 12.661 Thread 0x000001ac7e5be420 6371       2       org.eclipse.jdt.internal.compiler.lookup.BinaryTypeBinding::detectCircularHierarchy (125 bytes)
Event: 12.662 Thread 0x000001ac11c5ad40 nmethod 6368 0x000001ac007ac710 code [0x000001ac007acaa0, 0x000001ac007adb28]
Event: 12.662 Thread 0x000001ac7e5be420 nmethod 6371 0x000001ac009bed10 code [0x000001ac009bef20, 0x000001ac009bf3f8]
Event: 12.663 Thread 0x000001ac7e5be420 6373       2       org.eclipse.jdt.internal.compiler.ast.MessageSend::nullStatus (85 bytes)
Event: 12.664 Thread 0x000001ac7e5bf440 6374       2       org.eclipse.jdt.internal.compiler.ast.MessageSend::checkNPE (117 bytes)
Event: 12.664 Thread 0x000001ac7e5be420 nmethod 6373 0x000001ac00b92510 code [0x000001ac00b926e0, 0x000001ac00b92a18]
Event: 12.665 Thread 0x000001ac7e5bf440 nmethod 6374 0x000001ac00b91c90 code [0x000001ac00b91ea0, 0x000001ac00b921c8]
Event: 12.666 Thread 0x000001ac7e5be420 6375       2       org.eclipse.jdt.internal.compiler.codegen.StackMapFrameCodeStream::removeNotDefinitelyAssignedVariables (116 bytes)
Event: 12.666 Thread 0x000001ac7e490ac0 6376       2       org.eclipse.jdt.internal.compiler.codegen.StackMapFrameCodeStream::addDefinitelyAssignedVariables (86 bytes)
Event: 12.667 Thread 0x000001ac11c5ad40 6377       3       org.eclipse.jdt.internal.compiler.lookup.Scope::methodScope (25 bytes)
Event: 12.667 Thread 0x000001ac7e490ac0 nmethod 6376 0x000001ac00b91610 code [0x000001ac00b917c0, 0x000001ac00b91a58]
Event: 12.667 Thread 0x000001ac11c5ad40 nmethod 6377 0x000001ac00042690 code [0x000001ac00042840, 0x000001ac00042c58]
Event: 12.667 Thread 0x000001ac7e5be420 nmethod 6375 0x000001ac00041e90 code [0x000001ac00042060, 0x000001ac00042408]
Event: 12.667 Thread 0x000001ac11c5ad40 6378       2       org.eclipse.jdt.internal.compiler.lookup.BlockScope::getEmulationPath (681 bytes)
Event: 12.668 Thread 0x000001ac7e490ac0 6379       2       org.eclipse.jdt.internal.compiler.codegen.StackMapFrame::duplicate (154 bytes)
Event: 12.669 Thread 0x000001ac7e5be420 6380       2       org.eclipse.jdt.internal.compiler.lookup.Scope::findType (74 bytes)
Event: 12.669 Thread 0x000001ac7e490ac0 nmethod 6379 0x000001ac009d4190 code [0x000001ac009d4380, 0x000001ac009d4b38]

GC Heap History (20 events):
Event: 8.998 GC heap before
{Heap before GC invocations=15 (full 2):
 PSYoungGen      total 24576K, used 24192K [0x00000000eab00000, 0x00000000ec600000, 0x0000000100000000)
  eden space 22016K, 100% used [0x00000000eab00000,0x00000000ec080000,0x00000000ec080000)
  from space 2560K, 85% used [0x00000000ec380000,0x00000000ec5a0000,0x00000000ec600000)
  to   space 2560K, 0% used [0x00000000ec080000,0x00000000ec080000,0x00000000ec300000)
 ParOldGen       total 68608K, used 17139K [0x00000000c0000000, 0x00000000c4300000, 0x00000000eab00000)
  object space 68608K, 24% used [0x00000000c0000000,0x00000000c10bcf28,0x00000000c4300000)
 Metaspace       used 35639K, committed 36352K, reserved 1114112K
  class space    used 3598K, committed 3904K, reserved 1048576K
}
Event: 9.001 GC heap after
{Heap after GC invocations=15 (full 2):
 PSYoungGen      total 24576K, used 2272K [0x00000000eab00000, 0x00000000ec580000, 0x0000000100000000)
  eden space 22016K, 0% used [0x00000000eab00000,0x00000000eab00000,0x00000000ec080000)
  from space 2560K, 88% used [0x00000000ec080000,0x00000000ec2b8010,0x00000000ec300000)
  to   space 2560K, 0% used [0x00000000ec300000,0x00000000ec300000,0x00000000ec580000)
 ParOldGen       total 68608K, used 19147K [0x00000000c0000000, 0x00000000c4300000, 0x00000000eab00000)
  object space 68608K, 27% used [0x00000000c0000000,0x00000000c12b2f28,0x00000000c4300000)
 Metaspace       used 35639K, committed 36352K, reserved 1114112K
  class space    used 3598K, committed 3904K, reserved 1048576K
}
Event: 9.218 GC heap before
{Heap before GC invocations=16 (full 2):
 PSYoungGen      total 24576K, used 24287K [0x00000000eab00000, 0x00000000ec580000, 0x0000000100000000)
  eden space 22016K, 99% used [0x00000000eab00000,0x00000000ec07ffb8,0x00000000ec080000)
  from space 2560K, 88% used [0x00000000ec080000,0x00000000ec2b8010,0x00000000ec300000)
  to   space 2560K, 0% used [0x00000000ec300000,0x00000000ec300000,0x00000000ec580000)
 ParOldGen       total 68608K, used 19147K [0x00000000c0000000, 0x00000000c4300000, 0x00000000eab00000)
  object space 68608K, 27% used [0x00000000c0000000,0x00000000c12b2f28,0x00000000c4300000)
 Metaspace       used 36506K, committed 37248K, reserved 1114112K
  class space    used 3704K, committed 4032K, reserved 1048576K
}
Event: 9.222 GC heap after
{Heap after GC invocations=16 (full 2):
 PSYoungGen      total 21504K, used 2542K [0x00000000eab00000, 0x00000000ecb80000, 0x0000000100000000)
  eden space 18944K, 0% used [0x00000000eab00000,0x00000000eab00000,0x00000000ebd80000)
  from space 2560K, 99% used [0x00000000ec300000,0x00000000ec57b988,0x00000000ec580000)
  to   space 5632K, 0% used [0x00000000ebd80000,0x00000000ebd80000,0x00000000ec300000)
 ParOldGen       total 68608K, used 21387K [0x00000000c0000000, 0x00000000c4300000, 0x00000000eab00000)
  object space 68608K, 31% used [0x00000000c0000000,0x00000000c14e2f38,0x00000000c4300000)
 Metaspace       used 36506K, committed 37248K, reserved 1114112K
  class space    used 3704K, committed 4032K, reserved 1048576K
}
Event: 9.691 GC heap before
{Heap before GC invocations=17 (full 2):
 PSYoungGen      total 21504K, used 21456K [0x00000000eab00000, 0x00000000ecb80000, 0x0000000100000000)
  eden space 18944K, 99% used [0x00000000eab00000,0x00000000ebd78938,0x00000000ebd80000)
  from space 2560K, 99% used [0x00000000ec300000,0x00000000ec57b988,0x00000000ec580000)
  to   space 5632K, 0% used [0x00000000ebd80000,0x00000000ebd80000,0x00000000ec300000)
 ParOldGen       total 68608K, used 21387K [0x00000000c0000000, 0x00000000c4300000, 0x00000000eab00000)
  object space 68608K, 31% used [0x00000000c0000000,0x00000000c14e2f38,0x00000000c4300000)
 Metaspace       used 38778K, committed 39552K, reserved 1114112K
  class space    used 3938K, committed 4288K, reserved 1048576K
}
Event: 9.694 GC heap after
{Heap after GC invocations=17 (full 2):
 PSYoungGen      total 19968K, used 765K [0x00000000eab00000, 0x00000000ec380000, 0x0000000100000000)
  eden space 18944K, 0% used [0x00000000eab00000,0x00000000eab00000,0x00000000ebd80000)
  from space 1024K, 74% used [0x00000000ebd80000,0x00000000ebe3f468,0x00000000ebe80000)
  to   space 2560K, 0% used [0x00000000ec100000,0x00000000ec100000,0x00000000ec380000)
 ParOldGen       total 68608K, used 23946K [0x00000000c0000000, 0x00000000c4300000, 0x00000000eab00000)
  object space 68608K, 34% used [0x00000000c0000000,0x00000000c1762978,0x00000000c4300000)
 Metaspace       used 38778K, committed 39552K, reserved 1114112K
  class space    used 3938K, committed 4288K, reserved 1048576K
}
Event: 10.174 GC heap before
{Heap before GC invocations=18 (full 2):
 PSYoungGen      total 19968K, used 19696K [0x00000000eab00000, 0x00000000ec380000, 0x0000000100000000)
  eden space 18944K, 99% used [0x00000000eab00000,0x00000000ebd7cc78,0x00000000ebd80000)
  from space 1024K, 74% used [0x00000000ebd80000,0x00000000ebe3f468,0x00000000ebe80000)
  to   space 2560K, 0% used [0x00000000ec100000,0x00000000ec100000,0x00000000ec380000)
 ParOldGen       total 68608K, used 23946K [0x00000000c0000000, 0x00000000c4300000, 0x00000000eab00000)
  object space 68608K, 34% used [0x00000000c0000000,0x00000000c1762978,0x00000000c4300000)
 Metaspace       used 39749K, committed 40512K, reserved 1114112K
  class space    used 4056K, committed 4352K, reserved 1048576K
}
Event: 10.175 GC heap after
{Heap after GC invocations=18 (full 2):
 PSYoungGen      total 19456K, used 448K [0x00000000eab00000, 0x00000000ec180000, 0x0000000100000000)
  eden space 18944K, 0% used [0x00000000eab00000,0x00000000eab00000,0x00000000ebd80000)
  from space 512K, 87% used [0x00000000ec100000,0x00000000ec170000,0x00000000ec180000)
  to   space 1024K, 0% used [0x00000000ebf80000,0x00000000ebf80000,0x00000000ec080000)
 ParOldGen       total 68608K, used 24552K [0x00000000c0000000, 0x00000000c4300000, 0x00000000eab00000)
  object space 68608K, 35% used [0x00000000c0000000,0x00000000c17fa158,0x00000000c4300000)
 Metaspace       used 39749K, committed 40512K, reserved 1114112K
  class space    used 4056K, committed 4352K, reserved 1048576K
}
Event: 10.712 GC heap before
{Heap before GC invocations=19 (full 2):
 PSYoungGen      total 19456K, used 19392K [0x00000000eab00000, 0x00000000ec180000, 0x0000000100000000)
  eden space 18944K, 100% used [0x00000000eab00000,0x00000000ebd80000,0x00000000ebd80000)
  from space 512K, 87% used [0x00000000ec100000,0x00000000ec170000,0x00000000ec180000)
  to   space 1024K, 0% used [0x00000000ebf80000,0x00000000ebf80000,0x00000000ec080000)
 ParOldGen       total 68608K, used 24552K [0x00000000c0000000, 0x00000000c4300000, 0x00000000eab00000)
  object space 68608K, 35% used [0x00000000c0000000,0x00000000c17fa158,0x00000000c4300000)
 Metaspace       used 41750K, committed 42496K, reserved 1114112K
  class space    used 4225K, committed 4544K, reserved 1048576K
}
Event: 10.713 GC heap after
{Heap after GC invocations=19 (full 2):
 PSYoungGen      total 19968K, used 1012K [0x00000000eab00000, 0x00000000ec180000, 0x0000000100000000)
  eden space 18944K, 0% used [0x00000000eab00000,0x00000000eab00000,0x00000000ebd80000)
  from space 1024K, 98% used [0x00000000ebf80000,0x00000000ec07d140,0x00000000ec080000)
  to   space 1024K, 0% used [0x00000000ec080000,0x00000000ec080000,0x00000000ec180000)
 ParOldGen       total 68608K, used 24868K [0x00000000c0000000, 0x00000000c4300000, 0x00000000eab00000)
  object space 68608K, 36% used [0x00000000c0000000,0x00000000c1849380,0x00000000c4300000)
 Metaspace       used 41750K, committed 42496K, reserved 1114112K
  class space    used 4225K, committed 4544K, reserved 1048576K
}
Event: 11.415 GC heap before
{Heap before GC invocations=20 (full 2):
 PSYoungGen      total 19968K, used 19956K [0x00000000eab00000, 0x00000000ec180000, 0x0000000100000000)
  eden space 18944K, 100% used [0x00000000eab00000,0x00000000ebd80000,0x00000000ebd80000)
  from space 1024K, 98% used [0x00000000ebf80000,0x00000000ec07d140,0x00000000ec080000)
  to   space 1024K, 0% used [0x00000000ec080000,0x00000000ec080000,0x00000000ec180000)
 ParOldGen       total 68608K, used 24868K [0x00000000c0000000, 0x00000000c4300000, 0x00000000eab00000)
  object space 68608K, 36% used [0x00000000c0000000,0x00000000c1849380,0x00000000c4300000)
 Metaspace       used 43245K, committed 44032K, reserved 1114112K
  class space    used 4358K, committed 4736K, reserved 1048576K
}
Event: 11.418 GC heap after
{Heap after GC invocations=20 (full 2):
 PSYoungGen      total 19968K, used 1024K [0x00000000eab00000, 0x00000000ec380000, 0x0000000100000000)
  eden space 18944K, 0% used [0x00000000eab00000,0x00000000eab00000,0x00000000ebd80000)
  from space 1024K, 100% used [0x00000000ec080000,0x00000000ec180000,0x00000000ec180000)
  to   space 3072K, 0% used [0x00000000ebd80000,0x00000000ebd80000,0x00000000ec080000)
 ParOldGen       total 68608K, used 26373K [0x00000000c0000000, 0x00000000c4300000, 0x00000000eab00000)
  object space 68608K, 38% used [0x00000000c0000000,0x00000000c19c1518,0x00000000c4300000)
 Metaspace       used 43245K, committed 44032K, reserved 1114112K
  class space    used 4358K, committed 4736K, reserved 1048576K
}
Event: 11.797 GC heap before
{Heap before GC invocations=21 (full 2):
 PSYoungGen      total 19968K, used 19968K [0x00000000eab00000, 0x00000000ec380000, 0x0000000100000000)
  eden space 18944K, 100% used [0x00000000eab00000,0x00000000ebd80000,0x00000000ebd80000)
  from space 1024K, 100% used [0x00000000ec080000,0x00000000ec180000,0x00000000ec180000)
  to   space 3072K, 0% used [0x00000000ebd80000,0x00000000ebd80000,0x00000000ec080000)
 ParOldGen       total 68608K, used 26373K [0x00000000c0000000, 0x00000000c4300000, 0x00000000eab00000)
  object space 68608K, 38% used [0x00000000c0000000,0x00000000c19c1518,0x00000000c4300000)
 Metaspace       used 44882K, committed 45696K, reserved 1114112K
  class space    used 4502K, committed 4864K, reserved 1048576K
}
Event: 11.801 GC heap after
{Heap after GC invocations=21 (full 2):
 PSYoungGen      total 22016K, used 3049K [0x00000000eab00000, 0x00000000ec880000, 0x0000000100000000)
  eden space 18944K, 0% used [0x00000000eab00000,0x00000000eab00000,0x00000000ebd80000)
  from space 3072K, 99% used [0x00000000ebd80000,0x00000000ec07a590,0x00000000ec080000)
  to   space 5632K, 0% used [0x00000000ec300000,0x00000000ec300000,0x00000000ec880000)
 ParOldGen       total 68608K, used 28136K [0x00000000c0000000, 0x00000000c4300000, 0x00000000eab00000)
  object space 68608K, 41% used [0x00000000c0000000,0x00000000c1b7a230,0x00000000c4300000)
 Metaspace       used 44882K, committed 45696K, reserved 1114112K
  class space    used 4502K, committed 4864K, reserved 1048576K
}
Event: 11.885 GC heap before
{Heap before GC invocations=22 (full 2):
 PSYoungGen      total 22016K, used 21993K [0x00000000eab00000, 0x00000000ec880000, 0x0000000100000000)
  eden space 18944K, 100% used [0x00000000eab00000,0x00000000ebd80000,0x00000000ebd80000)
  from space 3072K, 99% used [0x00000000ebd80000,0x00000000ec07a590,0x00000000ec080000)
  to   space 5632K, 0% used [0x00000000ec300000,0x00000000ec300000,0x00000000ec880000)
 ParOldGen       total 68608K, used 28136K [0x00000000c0000000, 0x00000000c4300000, 0x00000000eab00000)
  object space 68608K, 41% used [0x00000000c0000000,0x00000000c1b7a230,0x00000000c4300000)
 Metaspace       used 45084K, committed 45888K, reserved 1114112K
  class space    used 4519K, committed 4864K, reserved 1048576K
}
Event: 11.889 GC heap after
{Heap after GC invocations=22 (full 2):
 PSYoungGen      total 21504K, used 2374K [0x00000000eab00000, 0x00000000ec580000, 0x0000000100000000)
  eden space 18944K, 0% used [0x00000000eab00000,0x00000000eab00000,0x00000000ebd80000)
  from space 2560K, 92% used [0x00000000ec300000,0x00000000ec551870,0x00000000ec580000)
  to   space 3584K, 0% used [0x00000000ebe80000,0x00000000ebe80000,0x00000000ec200000)
 ParOldGen       total 68608K, used 31701K [0x00000000c0000000, 0x00000000c4300000, 0x00000000eab00000)
  object space 68608K, 46% used [0x00000000c0000000,0x00000000c1ef5720,0x00000000c4300000)
 Metaspace       used 45084K, committed 45888K, reserved 1114112K
  class space    used 4519K, committed 4864K, reserved 1048576K
}
Event: 11.962 GC heap before
{Heap before GC invocations=23 (full 2):
 PSYoungGen      total 21504K, used 21318K [0x00000000eab00000, 0x00000000ec580000, 0x0000000100000000)
  eden space 18944K, 100% used [0x00000000eab00000,0x00000000ebd80000,0x00000000ebd80000)
  from space 2560K, 92% used [0x00000000ec300000,0x00000000ec551870,0x00000000ec580000)
  to   space 3584K, 0% used [0x00000000ebe80000,0x00000000ebe80000,0x00000000ec200000)
 ParOldGen       total 68608K, used 31701K [0x00000000c0000000, 0x00000000c4300000, 0x00000000eab00000)
  object space 68608K, 46% used [0x00000000c0000000,0x00000000c1ef5720,0x00000000c4300000)
 Metaspace       used 45229K, committed 46016K, reserved 1114112K
  class space    used 4530K, committed 4864K, reserved 1048576K
}
Event: 11.966 GC heap after
{Heap after GC invocations=23 (full 2):
 PSYoungGen      total 20992K, used 1825K [0x00000000eab00000, 0x00000000ec380000, 0x0000000100000000)
  eden space 18944K, 0% used [0x00000000eab00000,0x00000000eab00000,0x00000000ebd80000)
  from space 2048K, 89% used [0x00000000ebe80000,0x00000000ec048630,0x00000000ec080000)
  to   space 2560K, 0% used [0x00000000ec100000,0x00000000ec100000,0x00000000ec380000)
 ParOldGen       total 68608K, used 32605K [0x00000000c0000000, 0x00000000c4300000, 0x00000000eab00000)
  object space 68608K, 47% used [0x00000000c0000000,0x00000000c1fd7648,0x00000000c4300000)
 Metaspace       used 45229K, committed 46016K, reserved 1114112K
  class space    used 4530K, committed 4864K, reserved 1048576K
}
Event: 12.193 GC heap before
{Heap before GC invocations=24 (full 2):
 PSYoungGen      total 20992K, used 20769K [0x00000000eab00000, 0x00000000ec380000, 0x0000000100000000)
  eden space 18944K, 100% used [0x00000000eab00000,0x00000000ebd80000,0x00000000ebd80000)
  from space 2048K, 89% used [0x00000000ebe80000,0x00000000ec048630,0x00000000ec080000)
  to   space 2560K, 0% used [0x00000000ec100000,0x00000000ec100000,0x00000000ec380000)
 ParOldGen       total 68608K, used 32605K [0x00000000c0000000, 0x00000000c4300000, 0x00000000eab00000)
  object space 68608K, 47% used [0x00000000c0000000,0x00000000c1fd7648,0x00000000c4300000)
 Metaspace       used 46786K, committed 47552K, reserved 1114112K
  class space    used 4638K, committed 4992K, reserved 1048576K
}
Event: 12.195 GC heap after
{Heap after GC invocations=24 (full 2):
 PSYoungGen      total 21504K, used 2177K [0x00000000eab00000, 0x00000000ec380000, 0x0000000100000000)
  eden space 18944K, 0% used [0x00000000eab00000,0x00000000eab00000,0x00000000ebd80000)
  from space 2560K, 85% used [0x00000000ec100000,0x00000000ec320750,0x00000000ec380000)
  to   space 2560K, 0% used [0x00000000ebe80000,0x00000000ebe80000,0x00000000ec100000)
 ParOldGen       total 68608K, used 33379K [0x00000000c0000000, 0x00000000c4300000, 0x00000000eab00000)
  object space 68608K, 48% used [0x00000000c0000000,0x00000000c2098cb8,0x00000000c4300000)
 Metaspace       used 46786K, committed 47552K, reserved 1114112K
  class space    used 4638K, committed 4992K, reserved 1048576K
}

Dll operation events (10 events):
Event: 0.011 Loaded shared library c:\Users\ADMIN\.vscode\extensions\redhat.java-1.18.0-win32-x64\jre\17.0.7-win32-x86_64\bin\java.dll
Event: 0.220 Loaded shared library c:\Users\ADMIN\.vscode\extensions\redhat.java-1.18.0-win32-x64\jre\17.0.7-win32-x86_64\bin\zip.dll
Event: 0.224 Loaded shared library C:\Users\ADMIN\.vscode\extensions\redhat.java-1.18.0-win32-x64\jre\17.0.7-win32-x86_64\bin\instrument.dll
Event: 0.240 Loaded shared library C:\Users\ADMIN\.vscode\extensions\redhat.java-1.18.0-win32-x64\jre\17.0.7-win32-x86_64\bin\net.dll
Event: 0.243 Loaded shared library C:\Users\ADMIN\.vscode\extensions\redhat.java-1.18.0-win32-x64\jre\17.0.7-win32-x86_64\bin\nio.dll
Event: 0.254 Loaded shared library C:\Users\ADMIN\.vscode\extensions\redhat.java-1.18.0-win32-x64\jre\17.0.7-win32-x86_64\bin\zip.dll
Event: 0.279 Loaded shared library C:\Users\ADMIN\.vscode\extensions\redhat.java-1.18.0-win32-x64\jre\17.0.7-win32-x86_64\bin\jimage.dll
Event: 0.369 Loaded shared library c:\Users\ADMIN\.vscode\extensions\redhat.java-1.18.0-win32-x64\jre\17.0.7-win32-x86_64\bin\verify.dll
Event: 1.659 Loaded shared library C:\Users\ADMIN\AppData\Roaming\Code\User\globalStorage\redhat.java\1.18.0\config_ss_win\org.eclipse.equinox.launcher\org.eclipse.equinox.launcher.win32.win32.x86_64_1.2.700.v20221108-1024\eclipse_11801.dll
Event: 6.290 Loaded shared library C:\Users\ADMIN\AppData\Local\Temp\jna-62130991\jna2215099108686646068.dll

Deoptimization events (20 events):
Event: 12.166 Thread 0x000001ac0ffbbb80 Uncommon trap: trap_request=0xffffff45 fr.pc=0x000001ac07df471c relative=0x00000000000028bc
Event: 12.166 Thread 0x000001ac0ffbbb80 Uncommon trap: reason=unstable_if action=reinterpret pc=0x000001ac07df471c method=org.eclipse.jdt.internal.compiler.parser.Scanner.getNextToken0()I @ 1520 c2
Event: 12.166 Thread 0x000001ac0ffbbb80 DEOPT PACKING pc=0x000001ac07df471c sp=0x00000056344fea70
Event: 12.166 Thread 0x000001ac0ffbbb80 DEOPT UNPACKING pc=0x000001ac074a66a3 sp=0x00000056344fe9f8 mode 2
Event: 12.188 Thread 0x000001ac0ffbc050 DEOPT PACKING pc=0x000001ac00b510dd sp=0x00000056348fd270
Event: 12.188 Thread 0x000001ac0ffbc050 DEOPT UNPACKING pc=0x000001ac074a6e43 sp=0x00000056348fc760 mode 0
Event: 12.203 Thread 0x000001ac0ffbc9f0 Uncommon trap: trap_request=0xffffff45 fr.pc=0x000001ac07da1ad0 relative=0x00000000000001b0
Event: 12.203 Thread 0x000001ac0ffbb6b0 Uncommon trap: trap_request=0xffffff45 fr.pc=0x000001ac07da1ad0 relative=0x00000000000001b0
Event: 12.203 Thread 0x000001ac0ffbc9f0 Uncommon trap: reason=unstable_if action=reinterpret pc=0x000001ac07da1ad0 method=org.eclipse.jdt.internal.compiler.parser.Scanner.scanIdentifierOrKeyword()I @ 27 c2
Event: 12.203 Thread 0x000001ac0ffbb6b0 Uncommon trap: reason=unstable_if action=reinterpret pc=0x000001ac07da1ad0 method=org.eclipse.jdt.internal.compiler.parser.Scanner.scanIdentifierOrKeyword()I @ 27 c2
Event: 12.203 Thread 0x000001ac0ffbc9f0 DEOPT PACKING pc=0x000001ac07da1ad0 sp=0x0000005632cfe600
Event: 12.203 Thread 0x000001ac0ffbb6b0 DEOPT PACKING pc=0x000001ac07da1ad0 sp=0x00000056345fe0c0
Event: 12.203 Thread 0x000001ac0ffbc9f0 DEOPT UNPACKING pc=0x000001ac074a66a3 sp=0x0000005632cfe580 mode 2
Event: 12.203 Thread 0x000001ac0ffbb6b0 DEOPT UNPACKING pc=0x000001ac074a66a3 sp=0x00000056345fe040 mode 2
Event: 12.333 Thread 0x000001ac0ffbb6b0 Uncommon trap: trap_request=0xffffff45 fr.pc=0x000001ac07c1f398 relative=0x0000000000000178
Event: 12.333 Thread 0x000001ac0ffbb6b0 Uncommon trap: reason=unstable_if action=reinterpret pc=0x000001ac07c1f398 method=java.util.concurrent.ConcurrentHashMap.get(Ljava/lang/Object;)Ljava/lang/Object; @ 152 c2
Event: 12.333 Thread 0x000001ac0ffbb6b0 DEOPT PACKING pc=0x000001ac07c1f398 sp=0x00000056345fdb90
Event: 12.333 Thread 0x000001ac0ffbb6b0 DEOPT UNPACKING pc=0x000001ac074a66a3 sp=0x00000056345fdb08 mode 2
Event: 12.521 Thread 0x000001ac0ffbbb80 DEOPT PACKING pc=0x000001ac00b0122f sp=0x00000056344fd890
Event: 12.521 Thread 0x000001ac0ffbbb80 DEOPT UNPACKING pc=0x000001ac074a6e43 sp=0x00000056344fcd48 mode 0

Classes unloaded (7 events):
Event: 3.531 Thread 0x000001ac74327460 Unloading class 0x0000000100214000 'java/lang/invoke/LambdaForm$MH+0x0000000100214000'
Event: 3.531 Thread 0x000001ac74327460 Unloading class 0x0000000100213c00 'java/lang/invoke/LambdaForm$MH+0x0000000100213c00'
Event: 3.531 Thread 0x000001ac74327460 Unloading class 0x0000000100213800 'java/lang/invoke/LambdaForm$MH+0x0000000100213800'
Event: 3.531 Thread 0x000001ac74327460 Unloading class 0x0000000100213400 'java/lang/invoke/LambdaForm$MH+0x0000000100213400'
Event: 3.531 Thread 0x000001ac74327460 Unloading class 0x0000000100212c00 'java/lang/invoke/LambdaForm$BMH+0x0000000100212c00'
Event: 3.531 Thread 0x000001ac74327460 Unloading class 0x0000000100212800 'java/lang/invoke/LambdaForm$DMH+0x0000000100212800'
Event: 3.531 Thread 0x000001ac74327460 Unloading class 0x0000000100204400 'java/lang/invoke/LambdaForm$DMH+0x0000000100204400'

Classes redefined (0 events):
No events

Internal exceptions (20 events):
Event: 12.474 Thread 0x000001ac0ffbbb80 Exception <a 'java/lang/NullPointerException'{0x00000000eb4815b8}> (0x00000000eb4815b8) 
thrown [s\src\hotspot\share\interpreter\linkResolver.cpp, line 1350]
Event: 12.474 Thread 0x000001ac0ffbbb80 Exception <a 'java/lang/NullPointerException'{0x00000000eb481d58}> (0x00000000eb481d58) 
thrown [s\src\hotspot\share\interpreter\linkResolver.cpp, line 1350]
Event: 12.474 Thread 0x000001ac0ffbbb80 Exception <a 'java/lang/NullPointerException'{0x00000000eb4823d8}> (0x00000000eb4823d8) 
thrown [s\src\hotspot\share\interpreter\linkResolver.cpp, line 1350]
Event: 12.474 Thread 0x000001ac0ffbbb80 Exception <a 'java/lang/NullPointerException'{0x00000000eb483910}> (0x00000000eb483910) 
thrown [s\src\hotspot\share\interpreter\linkResolver.cpp, line 1350]
Event: 12.474 Thread 0x000001ac0ffbbb80 Exception <a 'java/lang/NullPointerException'{0x00000000eb483ef8}> (0x00000000eb483ef8) 
thrown [s\src\hotspot\share\interpreter\linkResolver.cpp, line 1350]
Event: 12.474 Thread 0x000001ac0ffbbb80 Exception <a 'java/lang/NullPointerException'{0x00000000eb4844e0}> (0x00000000eb4844e0) 
thrown [s\src\hotspot\share\interpreter\linkResolver.cpp, line 1350]
Event: 12.474 Thread 0x000001ac0ffbbb80 Exception <a 'java/lang/NullPointerException'{0x00000000eb486478}> (0x00000000eb486478) 
thrown [s\src\hotspot\share\interpreter\linkResolver.cpp, line 1350]
Event: 12.475 Thread 0x000001ac0ffbbb80 Exception <a 'java/lang/NullPointerException'{0x00000000eb49b4f8}> (0x00000000eb49b4f8) 
thrown [s\src\hotspot\share\interpreter\linkResolver.cpp, line 1350]
Event: 12.511 Thread 0x000001ac0ffbbb80 Exception <a 'java/lang/NullPointerException'{0x00000000eb61de80}> (0x00000000eb61de80) 
thrown [s\src\hotspot\share\interpreter\linkResolver.cpp, line 1350]
Event: 12.511 Thread 0x000001ac0ffbbb80 Exception <a 'java/lang/NullPointerException'{0x00000000eb61ef68}> (0x00000000eb61ef68) 
thrown [s\src\hotspot\share\interpreter\linkResolver.cpp, line 1350]
Event: 12.512 Thread 0x000001ac0ffbbb80 Exception <a 'java/lang/NullPointerException'{0x00000000eb62ffd0}> (0x00000000eb62ffd0) 
thrown [s\src\hotspot\share\interpreter\linkResolver.cpp, line 1350]
Event: 12.513 Thread 0x000001ac0ffbbb80 Exception <a 'java/lang/NullPointerException'{0x00000000eb6335c0}> (0x00000000eb6335c0) 
thrown [s\src\hotspot\share\interpreter\linkResolver.cpp, line 1350]
Event: 12.513 Thread 0x000001ac0ffbbb80 Exception <a 'java/lang/NullPointerException'{0x00000000eb6376a0}> (0x00000000eb6376a0) 
thrown [s\src\hotspot\share\interpreter\linkResolver.cpp, line 1350]
Event: 12.513 Thread 0x000001ac0ffbbb80 Exception <a 'java/lang/NullPointerException'{0x00000000eb637ec8}> (0x00000000eb637ec8) 
thrown [s\src\hotspot\share\interpreter\linkResolver.cpp, line 1350]
Event: 12.514 Thread 0x000001ac0ffbbb80 Exception <a 'java/lang/NullPointerException'{0x00000000eb63bf48}> (0x00000000eb63bf48) 
thrown [s\src\hotspot\share\interpreter\linkResolver.cpp, line 1350]
Event: 12.519 Thread 0x000001ac0ffbbb80 Exception <a 'java/lang/NullPointerException'{0x00000000eb668b88}> (0x00000000eb668b88) 
thrown [s\src\hotspot\share\interpreter\linkResolver.cpp, line 1350]
Event: 12.519 Thread 0x000001ac0ffbbb80 Exception <a 'java/lang/NullPointerException'{0x00000000eb669160}> (0x00000000eb669160) 
thrown [s\src\hotspot\share\interpreter\linkResolver.cpp, line 1350]
Event: 12.519 Thread 0x000001ac0ffbbb80 Exception <a 'java/lang/NullPointerException'{0x00000000eb6699d8}> (0x00000000eb6699d8) 
thrown [s\src\hotspot\share\interpreter\linkResolver.cpp, line 1350]
Event: 12.519 Thread 0x000001ac0ffbbb80 Exception <a 'java/lang/NullPointerException'{0x00000000eb66a190}> (0x00000000eb66a190) 
thrown [s\src\hotspot\share\interpreter\linkResolver.cpp, line 1350]
Event: 12.519 Thread 0x000001ac0ffbbb80 Exception <a 'java/lang/NullPointerException'{0x00000000eb66a790}> (0x00000000eb66a790) 
thrown [s\src\hotspot\share\interpreter\linkResolver.cpp, line 1350]

VM Operations (20 events):
Event: 12.101 Executing VM operation: HandshakeAllThreads
Event: 12.102 Executing VM operation: HandshakeAllThreads done
Event: 12.188 Executing VM operation: ICBufferFull
Event: 12.190 Executing VM operation: ICBufferFull done
Event: 12.192 Executing VM operation: ParallelGCFailedAllocation
Event: 12.197 Executing VM operation: ParallelGCFailedAllocation done
Event: 12.291 Executing VM operation: HandshakeAllThreads
Event: 12.291 Executing VM operation: HandshakeAllThreads done
Event: 12.291 Executing VM operation: HandshakeAllThreads
Event: 12.291 Executing VM operation: HandshakeAllThreads done
Event: 12.324 Executing VM operation: HandshakeAllThreads
Event: 12.324 Executing VM operation: HandshakeAllThreads done
Event: 12.331 Executing VM operation: ICBufferFull
Event: 12.333 Executing VM operation: ICBufferFull done
Event: 12.354 Executing VM operation: HandshakeAllThreads
Event: 12.355 Executing VM operation: HandshakeAllThreads done
Event: 12.386 Executing VM operation: HandshakeAllThreads
Event: 12.386 Executing VM operation: HandshakeAllThreads done
Event: 12.529 Executing VM operation: ICBufferFull
Event: 12.530 Executing VM operation: ICBufferFull done

Events (20 events):
Event: 12.370 Thread 0x000001ac7e4930d0 flushing nmethod 0x000001ac00b17010
Event: 12.371 Thread 0x000001ac7e4930d0 flushing nmethod 0x000001ac00b2aa10
Event: 12.371 Thread 0x000001ac7e4930d0 flushing nmethod 0x000001ac00b2ad90
Event: 12.371 Thread 0x000001ac7e4930d0 flushing nmethod 0x000001ac00b32590
Event: 12.371 Thread 0x000001ac7e4930d0 flushing nmethod 0x000001ac00b33a90
Event: 12.371 Thread 0x000001ac7e4930d0 flushing nmethod 0x000001ac00b50890
Event: 12.371 Thread 0x000001ac7e4930d0 flushing nmethod 0x000001ac00b5ca10
Event: 12.371 Thread 0x000001ac7e4930d0 flushing nmethod 0x000001ac00b6d690
Event: 12.371 Thread 0x000001ac7e4930d0 flushing nmethod 0x000001ac00b6e090
Event: 12.371 Thread 0x000001ac7e4930d0 flushing nmethod 0x000001ac00b70790
Event: 12.371 Thread 0x000001ac7e4930d0 flushing nmethod 0x000001ac00b70d10
Event: 12.371 Thread 0x000001ac7e4930d0 flushing nmethod 0x000001ac00b7c110
Event: 12.371 Thread 0x000001ac7e4930d0 flushing nmethod 0x000001ac00b7d090
Event: 12.371 Thread 0x000001ac7e4930d0 flushing nmethod 0x000001ac00b89710
Event: 12.371 Thread 0x000001ac7e4930d0 flushing nmethod 0x000001ac00b89c90
Event: 12.371 Thread 0x000001ac7e4930d0 flushing nmethod 0x000001ac00b8d510
Event: 12.371 Thread 0x000001ac7e4930d0 flushing nmethod 0x000001ac00b91110
Event: 12.371 Thread 0x000001ac7e4930d0 flushing nmethod 0x000001ac00bbc290
Event: 12.373 Thread 0x000001ac7e4930d0 flushing nmethod 0x000001ac00c83f10
Event: 12.373 Thread 0x000001ac7e4930d0 flushing nmethod 0x000001ac00c84390


Dynamic libraries:
0x00007ff686400000 - 0x00007ff68640e000 	c:\Users\ADMIN\.vscode\extensions\redhat.java-1.18.0-win32-x64\jre\17.0.7-win32-x86_64\bin\java.exe
0x00007ffe877f0000 - 0x00007ffe87a04000 	C:\WINDOWS\SYSTEM32\ntdll.dll
0x00007ffe86850000 - 0x00007ffe86912000 	C:\WINDOWS\System32\KERNEL32.DLL
0x00007ffe84f50000 - 0x00007ffe852ec000 	C:\WINDOWS\System32\KERNELBASE.dll
0x00007ffe85370000 - 0x00007ffe85481000 	C:\WINDOWS\System32\ucrtbase.dll
0x00007ffe7b540000 - 0x00007ffe7b557000 	c:\Users\ADMIN\.vscode\extensions\redhat.java-1.18.0-win32-x64\jre\17.0.7-win32-x86_64\bin\jli.dll
0x00007ffe80230000 - 0x00007ffe80249000 	c:\Users\ADMIN\.vscode\extensions\redhat.java-1.18.0-win32-x64\jre\17.0.7-win32-x86_64\bin\VCRUNTIME140.dll
0x00007ffe85a80000 - 0x00007ffe85c2b000 	C:\WINDOWS\System32\USER32.dll
0x00007ffe73c20000 - 0x00007ffe73eae000 	C:\WINDOWS\WinSxS\amd64_microsoft.windows.common-controls_6595b64144ccf1df_6.0.22621.608_none_a9444ca7c10bb01d\COMCTL32.dll
0x00007ffe84c30000 - 0x00007ffe84c56000 	C:\WINDOWS\System32\win32u.dll
0x00007ffe86f40000 - 0x00007ffe86fe7000 	C:\WINDOWS\System32\msvcrt.dll
0x00007ffe85e70000 - 0x00007ffe85e99000 	C:\WINDOWS\System32\GDI32.dll
0x00007ffe84c60000 - 0x00007ffe84d73000 	C:\WINDOWS\System32\gdi32full.dll
0x00007ffe84d80000 - 0x00007ffe84e1a000 	C:\WINDOWS\System32\msvcp_win.dll
0x00007ffe86c20000 - 0x00007ffe86c51000 	C:\WINDOWS\System32\IMM32.DLL
0x00007ffe80210000 - 0x00007ffe8021c000 	c:\Users\ADMIN\.vscode\extensions\redhat.java-1.18.0-win32-x64\jre\17.0.7-win32-x86_64\bin\vcruntime140_1.dll
0x00007ffe617b0000 - 0x00007ffe61841000 	c:\Users\ADMIN\.vscode\extensions\redhat.java-1.18.0-win32-x64\jre\17.0.7-win32-x86_64\bin\msvcp140.dll
0x00007ffe1b600000 - 0x00007ffe1c248000 	c:\Users\ADMIN\.vscode\extensions\redhat.java-1.18.0-win32-x64\jre\17.0.7-win32-x86_64\bin\server\jvm.dll
0x00007ffe86c60000 - 0x00007ffe86d0e000 	C:\WINDOWS\System32\ADVAPI32.dll
0x00007ffe86ae0000 - 0x00007ffe86b84000 	C:\WINDOWS\System32\sechost.dll
0x00007ffe86e20000 - 0x00007ffe86f37000 	C:\WINDOWS\System32\RPCRT4.dll
0x00007ffe7d7c0000 - 0x00007ffe7d7ca000 	C:\WINDOWS\SYSTEM32\VERSION.dll
0x00007ffe7d090000 - 0x00007ffe7d0c4000 	C:\WINDOWS\SYSTEM32\WINMM.dll
0x00007ffe62db0000 - 0x00007ffe62db9000 	C:\WINDOWS\SYSTEM32\WSOCK32.dll
0x00007ffe85c30000 - 0x00007ffe85ca1000 	C:\WINDOWS\System32\ws2_32.DLL
0x00007ffe83c60000 - 0x00007ffe83c78000 	C:\WINDOWS\SYSTEM32\kernel.appcore.dll
0x00007ffe801f0000 - 0x00007ffe801fa000 	c:\Users\ADMIN\.vscode\extensions\redhat.java-1.18.0-win32-x64\jre\17.0.7-win32-x86_64\bin\jimage.dll
0x00007ffe82620000 - 0x00007ffe8284e000 	C:\WINDOWS\SYSTEM32\DBGHELP.DLL
0x00007ffe87420000 - 0x00007ffe877a9000 	C:\WINDOWS\System32\combase.dll
0x00007ffe87230000 - 0x00007ffe87307000 	C:\WINDOWS\System32\OLEAUT32.dll
0x00007ffe7d050000 - 0x00007ffe7d082000 	C:\WINDOWS\SYSTEM32\dbgcore.DLL
0x00007ffe852f0000 - 0x00007ffe8536b000 	C:\WINDOWS\System32\bcryptPrimitives.dll
0x00007ffe7fdb0000 - 0x00007ffe7fdbe000 	c:\Users\ADMIN\.vscode\extensions\redhat.java-1.18.0-win32-x64\jre\17.0.7-win32-x86_64\bin\instrument.dll
0x00007ffe7a180000 - 0x00007ffe7a1a5000 	c:\Users\ADMIN\.vscode\extensions\redhat.java-1.18.0-win32-x64\jre\17.0.7-win32-x86_64\bin\java.dll
0x00007ffe768e0000 - 0x00007ffe768f8000 	c:\Users\ADMIN\.vscode\extensions\redhat.java-1.18.0-win32-x64\jre\17.0.7-win32-x86_64\bin\zip.dll
0x00007ffe85ea0000 - 0x00007ffe86690000 	C:\WINDOWS\System32\SHELL32.dll
0x00007ffe82bf0000 - 0x00007ffe834bd000 	C:\WINDOWS\SYSTEM32\windows.storage.dll
0x00007ffe82ab0000 - 0x00007ffe82bee000 	C:\WINDOWS\SYSTEM32\wintypes.dll
0x00007ffe85d70000 - 0x00007ffe85e61000 	C:\WINDOWS\System32\SHCORE.dll
0x00007ffe86dc0000 - 0x00007ffe86e1e000 	C:\WINDOWS\System32\shlwapi.dll
0x00007ffe84b60000 - 0x00007ffe84b81000 	C:\WINDOWS\SYSTEM32\profapi.dll
0x00007ffe6edd0000 - 0x00007ffe6ede9000 	C:\Users\ADMIN\.vscode\extensions\redhat.java-1.18.0-win32-x64\jre\17.0.7-win32-x86_64\bin\net.dll
0x00007ffe7f560000 - 0x00007ffe7f697000 	C:\WINDOWS\SYSTEM32\WINHTTP.dll
0x00007ffe840f0000 - 0x00007ffe84159000 	C:\WINDOWS\system32\mswsock.dll
0x00007ffe6e5f0000 - 0x00007ffe6e605000 	C:\Users\ADMIN\.vscode\extensions\redhat.java-1.18.0-win32-x64\jre\17.0.7-win32-x86_64\bin\nio.dll
0x00007ffe7fcb0000 - 0x00007ffe7fcc0000 	c:\Users\ADMIN\.vscode\extensions\redhat.java-1.18.0-win32-x64\jre\17.0.7-win32-x86_64\bin\verify.dll
0x00007ffe6e5b0000 - 0x00007ffe6e5ee000 	C:\Users\ADMIN\AppData\Roaming\Code\User\globalStorage\redhat.java\1.18.0\config_ss_win\org.eclipse.equinox.launcher\org.eclipse.equinox.launcher.win32.win32.x86_64_1.2.700.v20221108-1024\eclipse_11801.dll
0x00007ffe86ff0000 - 0x00007ffe8718c000 	C:\WINDOWS\System32\ole32.dll
0x00007ffe843c0000 - 0x00007ffe843db000 	C:\WINDOWS\SYSTEM32\CRYPTSP.dll
0x00007ffe83bd0000 - 0x00007ffe83c05000 	C:\WINDOWS\system32\rsaenh.dll
0x00007ffe84260000 - 0x00007ffe84288000 	C:\WINDOWS\SYSTEM32\USERENV.dll
0x00007ffe84560000 - 0x00007ffe84588000 	C:\WINDOWS\SYSTEM32\bcrypt.dll
0x00007ffe843e0000 - 0x00007ffe843ec000 	C:\WINDOWS\SYSTEM32\CRYPTBASE.dll
0x00007ffe83750000 - 0x00007ffe8377d000 	C:\WINDOWS\SYSTEM32\IPHLPAPI.DLL
0x00007ffe87190000 - 0x00007ffe87199000 	C:\WINDOWS\System32\NSI.dll
0x00007ffe7d8a0000 - 0x00007ffe7d8b9000 	C:\WINDOWS\SYSTEM32\dhcpcsvc6.DLL
0x00007ffe7d7a0000 - 0x00007ffe7d7bf000 	C:\WINDOWS\SYSTEM32\dhcpcsvc.DLL
0x00007ffe83780000 - 0x00007ffe83873000 	C:\WINDOWS\SYSTEM32\DNSAPI.dll
0x00007ffe6b980000 - 0x00007ffe6b9c5000 	C:\Users\ADMIN\AppData\Local\Temp\jna-62130991\jna2215099108686646068.dll
0x00007ffe85d60000 - 0x00007ffe85d68000 	C:\WINDOWS\System32\PSAPI.DLL

dbghelp: loaded successfully - version: 4.0.5 - missing functions: none
symbol engine: initialized successfully - sym options: 0x614 - pdb path: .;c:\Users\ADMIN\.vscode\extensions\redhat.java-1.18.0-win32-x64\jre\17.0.7-win32-x86_64\bin;C:\WINDOWS\SYSTEM32;C:\WINDOWS\WinSxS\amd64_microsoft.windows.common-controls_6595b64144ccf1df_6.0.22621.608_none_a9444ca7c10bb01d;c:\Users\ADMIN\.vscode\extensions\redhat.java-1.18.0-win32-x64\jre\17.0.7-win32-x86_64\bin\server;C:\Users\ADMIN\AppData\Roaming\Code\User\globalStorage\redhat.java\1.18.0\config_ss_win\org.eclipse.equinox.launcher\org.eclipse.equinox.launcher.win32.win32.x86_64_1.2.700.v20221108-1024;C:\Users\ADMIN\AppData\Local\Temp\jna-62130991

VM Arguments:
jvm_args: --add-modules=ALL-SYSTEM --add-opens=java.base/java.util=ALL-UNNAMED --add-opens=java.base/java.lang=ALL-UNNAMED --add-opens=java.base/sun.nio.fs=ALL-UNNAMED -Declipse.application=org.eclipse.jdt.ls.core.id1 -Dosgi.bundles.defaultStartLevel=4 -Declipse.product=org.eclipse.jdt.ls.core.product -Djava.import.generatesMetadataFilesAtProjectRoot=false -Dfile.encoding=utf8 -XX:+UseParallelGC -XX:GCTimeRatio=4 -XX:AdaptiveSizePolicyWeight=90 -Dsun.zip.disableMemoryMapping=true -Xmx1G -Xms100m -Xlog:disable -javaagent:c:\Users\ADMIN\.vscode\extensions\redhat.java-1.18.0-win32-x64\lombok\lombok-1.18.27.jar 
java_command: c:\Users\ADMIN\.vscode\extensions\redhat.java-1.18.0-win32-x64\server\plugins\org.eclipse.equinox.launcher_1.6.400.v20210924-0641.jar -configuration c:\Users\ADMIN\AppData\Roaming\Code\User\globalStorage\redhat.java\1.18.0\config_ss_win -data c:\Users\ADMIN\AppData\Roaming\Code\User\workspaceStorage\4c1ab381de116513bcdb067e4a9c71b1\redhat.java\ss_ws
java_class_path (initial): c:\Users\ADMIN\.vscode\extensions\redhat.java-1.18.0-win32-x64\server\plugins\org.eclipse.equinox.launcher_1.6.400.v20210924-0641.jar
Launcher Type: SUN_STANDARD

[Global flags]
    uintx AdaptiveSizePolicyWeight                 = 90                                        {product} {command line}
     intx CICompilerCount                          = 12                                        {product} {ergonomic}
    uintx GCTimeRatio                              = 4                                         {product} {command line}
   size_t InitialHeapSize                          = 104857600                                 {product} {command line}
   size_t MaxHeapSize                              = 1073741824                                {product} {command line}
   size_t MaxNewSize                               = 357564416                                 {product} {ergonomic}
   size_t MinHeapDeltaBytes                        = 524288                                    {product} {ergonomic}
   size_t MinHeapSize                              = 104857600                                 {product} {command line}
   size_t NewSize                                  = 34603008                                  {product} {ergonomic}
    uintx NonNMethodCodeHeapSize                   = 7602480                                {pd product} {ergonomic}
    uintx NonProfiledCodeHeapSize                  = 122027880                              {pd product} {ergonomic}
   size_t OldSize                                  = 70254592                                  {product} {ergonomic}
    uintx ProfiledCodeHeapSize                     = 122027880                              {pd product} {ergonomic}
    uintx ReservedCodeCacheSize                    = 251658240                              {pd product} {ergonomic}
     bool SegmentedCodeCache                       = true                                      {product} {ergonomic}
   size_t SoftMaxHeapSize                          = 1073741824                             {manageable} {ergonomic}
     bool UseCompressedClassPointers               = true                           {product lp64_product} {ergonomic}
     bool UseCompressedOops                        = true                           {product lp64_product} {ergonomic}
     bool UseLargePagesIndividualAllocation        = false                                  {pd product} {ergonomic}
     bool UseParallelGC                            = true                                      {product} {command line}

Logging:
Log output configuration:
 #0: stdout all=off uptime,level,tags
 #1: stderr all=off uptime,level,tags

Environment Variables:
PATH=C:\Program Files\Common Files\Oracle\Java\javapath;C:\Program Files (x86)\Common Files\Intel\Shared Libraries\redist\intel64\compiler;C:\Windows\system32;C:\Windows;C:\Windows\System32\Wbem;C:\Windows\System32\WindowsPowerShell\v1.0\;C:\Windows\System32\OpenSSH\;C:\Program Files (x86)\NVIDIA Corporation\PhysX\Common;C:\Program Files\NVIDIA Corporation\NVIDIA NvDLISR;C:\Program Files\Git\cmd;C:\WINDOWS\system32;C:\WINDOWS;C:\WINDOWS\System32\Wbem;C:\WINDOWS\System32\WindowsPowerShell\v1.0\;C:\WINDOWS\System32\OpenSSH\;C:\Users\ADMIN\AppData\Local\Microsoft\WindowsApps;C:\Users\ADMIN\AppData\Local\Programs\Microsoft VS Code\bin;C:\msys64\mingw64\bin;C:\msys64\usr\bin;
USERNAME=ADMIN
OS=Windows_NT
PROCESSOR_IDENTIFIER=AMD64 Family 23 Model 96 Stepping 1, AuthenticAMD
TMP=C:\Users\ADMIN\AppData\Local\Temp
TEMP=C:\Users\ADMIN\AppData\Local\Temp



---------------  S Y S T E M  ---------------

OS:
 Windows 11 , 64 bit Build 22621 (10.0.22621.1485)
OS uptime: 0 days 11:09 hours
Hyper-V role detected

CPU: total 16 (initial active 16) (16 cores per cpu, 2 threads per core) family 23 model 96 stepping 1 microcode 0x0, cx8, cmov, fxsr, ht, mmx, 3dnowpref, sse, sse2, sse3, ssse3, sse4a, sse4.1, sse4.2, popcnt, lzcnt, tsc, tscinvbit, avx, avx2, aes, clmul, bmi1, bmi2, adx, sha, fma, vzeroupper, clflush, clflushopt, hv

Memory: 4k page, system-wide physical 7599M (358M free)
TotalPageFile size 15791M (AvailPageFile size 0M)
current process WorkingSet (physical memory assigned to process): 248M, peak: 248M
current process commit charge ("private bytes"): 340M, peak: 340M

vm_info: OpenJDK 64-Bit Server VM (17.0.7+7) for windows-amd64 JRE (17.0.7+7), built on Apr 18 2023 22:10:42 by "temurin" with MS VC++ 16.7 (VS2019)

END.
