#
# There is insufficient memory for the Java Runtime Environment to continue.
# Native memory allocation (malloc) failed to allocate 1576336 bytes for Chunk::new
# Possible reasons:
#   The system is out of physical RAM or swap space
#   The process is running with CompressedOops enabled, and the Java Heap may be blocking the growth of the native heap
# Possible solutions:
#   Reduce memory load on the system
#   Increase physical memory or swap space
#   Check if swap backing store is full
#   Decrease Java heap size (-Xmx/-Xms)
#   Decrease number of Java threads
#   Decrease Java thread stack sizes (-Xss)
#   Set larger code cache with -XX:ReservedCodeCacheSize=
#   JVM is running with Unscaled Compressed Oops mode in which the Java heap is
#     placed in the first 4GB address space. The Java Heap base address is the
#     maximum limit for the native heap growth. Please use -XX:HeapBaseMinAddress
#     to set the Java Heap base and to place the Java Heap above 4GB virtual address.
# This output file may be truncated or incomplete.
#
#  Out of Memory Error (arena.cpp:189), pid=17420, tid=22708
#
# JRE version: OpenJDK Runtime Environment Temurin-17.0.7+7 (17.0.7+7) (build 17.0.7+7)
# Java VM: OpenJDK 64-Bit Server VM Temurin-17.0.7+7 (17.0.7+7, mixed mode, tiered, compressed oops, compressed class ptrs, parallel gc, windows-amd64)
# No core dump will be written. Minidumps are not enabled by default on client versions of Windows
#

---------------  S U M M A R Y ------------

Command Line: --add-modules=ALL-SYSTEM --add-opens=java.base/java.util=ALL-UNNAMED --add-opens=java.base/java.lang=ALL-UNNAMED --add-opens=java.base/sun.nio.fs=ALL-UNNAMED -Declipse.application=org.eclipse.jdt.ls.core.id1 -Dosgi.bundles.defaultStartLevel=4 -Declipse.product=org.eclipse.jdt.ls.core.product -Djava.import.generatesMetadataFilesAtProjectRoot=false -Dfile.encoding=utf8 -XX:+UseParallelGC -XX:GCTimeRatio=4 -XX:AdaptiveSizePolicyWeight=90 -Dsun.zip.disableMemoryMapping=true -Xmx1G -Xms100m -Xlog:disable -javaagent:c:\Users\ADMIN\.vscode\extensions\redhat.java-1.18.0-win32-x64\lombok\lombok-1.18.27.jar -XX:+HeapDumpOnOutOfMemoryError -XX:HeapDumpPath=c:\Users\ADMIN\AppData\Roaming\Code\User\workspaceStorage\4c1ab381de116513bcdb067e4a9c71b1\redhat.java -Daether.dependencyCollector.impl=bf c:\Users\ADMIN\.vscode\extensions\redhat.java-1.18.0-win32-x64\server\plugins\org.eclipse.equinox.launcher_1.6.400.v20210924-0641.jar -configuration c:\Users\ADMIN\AppData\Roaming\Code\User\globalStorage\redhat.java\1.18.0\config_win -data c:\Users\ADMIN\AppData\Roaming\Code\User\workspaceStorage\4c1ab381de116513bcdb067e4a9c71b1\redhat.java\jdt_ws

Host: AMD Ryzen 7 4800H with Radeon Graphics         , 16 cores, 7G,  Windows 11 , 64 bit Build 22621 (10.0.22621.1635)
Time: Sat May 13 21:10:20 2023 SE Asia Standard Time elapsed time: 8.284841 seconds (0d 0h 0m 8s)

---------------  T H R E A D  ---------------

Current thread (0x000002d6f2ef9520):  JavaThread "C2 CompilerThread0" daemon [_thread_in_native, id=22708, stack(0x000000f4cfc00000,0x000000f4cfd00000)]


Current CompileTask:
C2:   8284 2809   !   4       org.eclipse.osgi.internal.loader.classpath.ClasspathManager::findClassImpl (308 bytes)

Stack: [0x000000f4cfc00000,0x000000f4cfd00000]
Native frames: (J=compiled Java code, j=interpreted, Vv=VM code, C=native code)
V  [jvm.dll+0x67754a]
V  [jvm.dll+0x834304]
V  [jvm.dll+0x835aae]
V  [jvm.dll+0x836113]
V  [jvm.dll+0x24696f]
V  [jvm.dll+0xac0ac]
V  [jvm.dll+0xac67c]
V  [jvm.dll+0x364de2]
V  [jvm.dll+0x32f6b1]
V  [jvm.dll+0x32eb5a]
V  [jvm.dll+0x219641]
V  [jvm.dll+0x218a61]
V  [jvm.dll+0x1a4d8d]
V  [jvm.dll+0x2284da]
V  [jvm.dll+0x226615]
V  [jvm.dll+0x7ea90b]
V  [jvm.dll+0x7e4e7a]
V  [jvm.dll+0x676395]
C  [ucrtbase.dll+0x29363]
C  [KERNEL32.DLL+0x126ad]
C  [ntdll.dll+0x5a9f8]


---------------  P R O C E S S  ---------------

Threads class SMR info:
_java_thread_list=0x000002d6f6a32670, length=23, elements={
0x000002d6d9caee50, 0x000002d6edb20380, 0x000002d6edb23020, 0x000002d6edb2e3f0,
0x000002d6f2ecb8e0, 0x000002d6f2ecc2a0, 0x000002d6f2eccf60, 0x000002d6f2ef9520,
0x000002d6f2efca90, 0x000002d6f2f180a0, 0x000002d6f30804c0, 0x000002d6f4e66b90,
0x000002d6f57f5c40, 0x000002d6f57e4160, 0x000002d6f55797c0, 0x000002d6f54e39e0,
0x000002d6f5739350, 0x000002d6f59bd520, 0x000002d6f5b8be60, 0x000002d6f5c1aca0,
0x000002d6f5c1b170, 0x000002d6f5c1d320, 0x000002d6f5c1a7d0
}

Java Threads: ( => current thread )
  0x000002d6d9caee50 JavaThread "main" [_thread_blocked, id=3520, stack(0x000000f4cf300000,0x000000f4cf400000)]
  0x000002d6edb20380 JavaThread "Reference Handler" daemon [_thread_blocked, id=24224, stack(0x000000f4cf600000,0x000000f4cf700000)]
  0x000002d6edb23020 JavaThread "Finalizer" daemon [_thread_blocked, id=7888, stack(0x000000f4cf700000,0x000000f4cf800000)]
  0x000002d6edb2e3f0 JavaThread "Signal Dispatcher" daemon [_thread_blocked, id=23600, stack(0x000000f4cf800000,0x000000f4cf900000)]
  0x000002d6f2ecb8e0 JavaThread "Attach Listener" daemon [_thread_blocked, id=24496, stack(0x000000f4cf900000,0x000000f4cfa00000)]
  0x000002d6f2ecc2a0 JavaThread "Service Thread" daemon [_thread_blocked, id=4784, stack(0x000000f4cfa00000,0x000000f4cfb00000)]
  0x000002d6f2eccf60 JavaThread "Monitor Deflation Thread" daemon [_thread_blocked, id=17952, stack(0x000000f4cfb00000,0x000000f4cfc00000)]
=>0x000002d6f2ef9520 JavaThread "C2 CompilerThread0" daemon [_thread_in_native, id=22708, stack(0x000000f4cfc00000,0x000000f4cfd00000)]
  0x000002d6f2efca90 JavaThread "C1 CompilerThread0" daemon [_thread_blocked, id=24144, stack(0x000000f4cfd00000,0x000000f4cfe00000)]
  0x000002d6f2f180a0 JavaThread "Sweeper thread" daemon [_thread_blocked, id=13924, stack(0x000000f4cfe00000,0x000000f4cff00000)]
  0x000002d6f30804c0 JavaThread "Common-Cleaner" daemon [_thread_blocked, id=2944, stack(0x000000f4cff00000,0x000000f4d0000000)]
  0x000002d6f4e66b90 JavaThread "Notification Thread" daemon [_thread_blocked, id=18748, stack(0x000000f4d0000000,0x000000f4d0100000)]
  0x000002d6f57f5c40 JavaThread "Active Thread: Equinox Container: 4a6767f0-950d-4bcf-a0c8-edc9cbe1c0c8" [_thread_blocked, id=15404, stack(0x000000f4d0800000,0x000000f4d0900000)]
  0x000002d6f57e4160 JavaThread "Framework Event Dispatcher: Equinox Container: 4a6767f0-950d-4bcf-a0c8-edc9cbe1c0c8" daemon [_thread_blocked, id=23884, stack(0x000000f4d0900000,0x000000f4d0a00000)]
  0x000002d6f55797c0 JavaThread "Start Level: Equinox Container: 4a6767f0-950d-4bcf-a0c8-edc9cbe1c0c8" daemon [_thread_in_vm, id=10768, stack(0x000000f4d0a00000,0x000000f4d0b00000)]
  0x000002d6f54e39e0 JavaThread "SCR Component Actor" daemon [_thread_blocked, id=13824, stack(0x000000f4d0b00000,0x000000f4d0c00000)]
  0x000002d6f5739350 JavaThread "SCR Component Registry" daemon [_thread_blocked, id=10848, stack(0x000000f4d0d00000,0x000000f4d0e00000)]
  0x000002d6f59bd520 JavaThread "Worker-JM" [_thread_blocked, id=14864, stack(0x000000f4d0e00000,0x000000f4d0f00000)]
  0x000002d6f5b8be60 JavaThread "Worker-0: Updating Maven Dependencies" [_thread_in_Java, id=20380, stack(0x000000f4d1300000,0x000000f4d1400000)]
  0x000002d6f5c1aca0 JavaThread "Worker-1: Repository registry initialization" [_thread_blocked, id=22544, stack(0x000000f4d1400000,0x000000f4d1500000)]
  0x000002d6f5c1b170 JavaThread "Worker-2" [_thread_blocked, id=18756, stack(0x000000f4d1600000,0x000000f4d1700000)]
  0x000002d6f5c1d320 JavaThread "Worker-3" [_thread_blocked, id=19148, stack(0x000000f4d1700000,0x000000f4d1800000)]
  0x000002d6f5c1a7d0 JavaThread "Java indexing" daemon [_thread_blocked, id=22108, stack(0x000000f4d1800000,0x000000f4d1900000)]

Other Threads:
  0x000002d6d9d66a90 VMThread "VM Thread" [stack: 0x000000f4cf500000,0x000000f4cf600000] [id=204]
  0x000002d6f4e67670 WatcherThread [stack: 0x000000f4d0100000,0x000000f4d0200000] [id=12624]
  0x000002d6d9cc7670 GCTaskThread "GC Thread#0" [stack: 0x000000f4cf400000,0x000000f4cf500000] [id=22704]
  0x000002d6f55517f0 GCTaskThread "GC Thread#1" [stack: 0x000000f4d0200000,0x000000f4d0300000] [id=20096]
  0x000002d6f539ebf0 GCTaskThread "GC Thread#2" [stack: 0x000000f4d0300000,0x000000f4d0400000] [id=14468]
  0x000002d6f556cc00 GCTaskThread "GC Thread#3" [stack: 0x000000f4d0400000,0x000000f4d0500000] [id=10800]
  0x000002d6f556d0c0 GCTaskThread "GC Thread#4" [stack: 0x000000f4d0500000,0x000000f4d0600000] [id=18496]
  0x000002d6f556d780 GCTaskThread "GC Thread#5" [stack: 0x000000f4d0600000,0x000000f4d0700000] [id=21232]
  0x000002d6f556da30 GCTaskThread "GC Thread#6" [stack: 0x000000f4d0700000,0x000000f4d0800000] [id=23596]
  0x000002d6f54d0e10 GCTaskThread "GC Thread#7" [stack: 0x000000f4d0c00000,0x000000f4d0d00000] [id=12960]
  0x000002d6f5a62030 GCTaskThread "GC Thread#8" [stack: 0x000000f4d0f00000,0x000000f4d1000000] [id=7552]
  0x000002d6f5a622e0 GCTaskThread "GC Thread#9" [stack: 0x000000f4d1000000,0x000000f4d1100000] [id=24188]
  0x000002d6f5b7f090 GCTaskThread "GC Thread#10" [stack: 0x000000f4d1100000,0x000000f4d1200000] [id=9420]
  0x000002d6f5b7e5d0 GCTaskThread "GC Thread#11" [stack: 0x000000f4d1200000,0x000000f4d1300000] [id=23864]
  0x000002d6f5b7f340 GCTaskThread "GC Thread#12" [stack: 0x000000f4d1500000,0x000000f4d1600000] [id=23712]

Threads with active compile tasks:
C2 CompilerThread0     8380 2809   !   4       org.eclipse.osgi.internal.loader.classpath.ClasspathManager::findClassImpl (308 bytes)

VM state: not at safepoint (normal execution)

VM Mutex/Monitor currently owned by a thread: None

Heap address: 0x00000000c0000000, size: 1024 MB, Compressed Oops mode: 32-bit

CDS archive(s) not mapped
Compressed class space mapped at: 0x0000000100000000-0x0000000140000000, reserved size: 1073741824
Narrow klass base: 0x0000000000000000, Narrow klass shift: 3, Narrow klass range: 0x140000000

GC Precious Log:
 CPUs: 16 total, 16 available
 Memory: 7599M
 Large Page Support: Disabled
 NUMA Support: Disabled
 Compressed Oops: Enabled (32-bit)
 Alignments: Space 512K, Generation 512K, Heap 2M
 Heap Min Capacity: 100M
 Heap Initial Capacity: 100M
 Heap Max Capacity: 1G
 Pre-touch: Disabled
 Parallel Workers: 13

Heap:
 PSYoungGen      total 27136K, used 11487K [0x00000000eab00000, 0x00000000ec880000, 0x0000000100000000)
  eden space 24064K, 35% used [0x00000000eab00000,0x00000000eb3575e0,0x00000000ec280000)
  from space 3072K, 95% used [0x00000000ec400000,0x00000000ec6e0988,0x00000000ec700000)
  to   space 1536K, 0% used [0x00000000ec700000,0x00000000ec700000,0x00000000ec880000)
 ParOldGen       total 68608K, used 7968K [0x00000000c0000000, 0x00000000c4300000, 0x00000000eab00000)
  object space 68608K, 11% used [0x00000000c0000000,0x00000000c07c81d0,0x00000000c4300000)
 Metaspace       used 32052K, committed 32640K, reserved 1114112K
  class space    used 3224K, committed 3520K, reserved 1048576K

Card table byte_map: [0x000002d6d9650000,0x000002d6d9860000] _byte_map_base: 0x000002d6d9050000

Marking Bits: (ParMarkBitMap*) 0x00007ff937be52c0
 Begin Bits: [0x000002d6eb930000, 0x000002d6ec930000)
 End Bits:   [0x000002d6ec930000, 0x000002d6ed930000)

Polling page: 0x000002d6d7c20000

Metaspace:

Usage:
  Non-class:     28.15 MB used.
      Class:      3.15 MB used.
       Both:     31.30 MB used.

Virtual space:
  Non-class space:       64.00 MB reserved,      28.44 MB ( 44%) committed,  1 nodes.
      Class space:        1.00 GB reserved,       3.44 MB ( <1%) committed,  1 nodes.
             Both:        1.06 GB reserved,      31.88 MB (  3%) committed. 

Chunk freelists:
   Non-Class:  2.77 MB
       Class:  12.50 MB
        Both:  15.27 MB

MaxMetaspaceSize: unlimited
CompressedClassSpaceSize: 1.00 GB
Initial GC threshold: 21.00 MB
Current GC threshold: 35.00 MB
CDS: off
MetaspaceReclaimPolicy: balanced
 - commit_granule_bytes: 65536.
 - commit_granule_words: 8192.
 - virtual_space_node_default_size: 8388608.
 - enlarge_chunks_in_place: 1.
 - new_chunks_are_fully_committed: 0.
 - uncommit_free_chunks: 1.
 - use_allocation_guard: 0.
 - handle_deallocations: 1.


Internal statistics:

num_allocs_failed_limit: 3.
num_arena_births: 256.
num_arena_deaths: 14.
num_vsnodes_births: 2.
num_vsnodes_deaths: 0.
num_space_committed: 510.
num_space_uncommitted: 0.
num_chunks_returned_to_freelist: 17.
num_chunks_taken_from_freelist: 1228.
num_chunk_merges: 7.
num_chunk_splits: 785.
num_chunks_enlarged: 512.
num_inconsistent_stats: 0.

CodeHeap 'non-profiled nmethods': size=119168Kb used=1053Kb max_used=1053Kb free=118114Kb
 bounds [0x000002d6e44d0000, 0x000002d6e4740000, 0x000002d6eb930000]
CodeHeap 'profiled nmethods': size=119104Kb used=5865Kb max_used=5865Kb free=113238Kb
 bounds [0x000002d6dc930000, 0x000002d6dcef0000, 0x000002d6e3d80000]
CodeHeap 'non-nmethods': size=7488Kb used=1243Kb max_used=1244Kb free=6245Kb
 bounds [0x000002d6e3d80000, 0x000002d6e3ff0000, 0x000002d6e44d0000]
 total_blobs=3460 nmethods=2899 adapters=474
 compilation: enabled
              stopped_count=0, restarted_count=0
 full_count=0

Compilation events (20 events):
Event: 8.250 Thread 0x000002d6f2efca90 2870       3       sun.nio.fs.WindowsPath::addPrefixIfNeeded (72 bytes)
Event: 8.252 Thread 0x000002d6f2efca90 nmethod 2870 0x000002d6dced2490 code [0x000002d6dced2780, 0x000002d6dced3498]
Event: 8.252 Thread 0x000002d6f2efca90 2871   !   3       sun.nio.fs.WindowsNativeDispatcher::FindFirstFile (38 bytes)
Event: 8.253 Thread 0x000002d6f2efca90 nmethod 2871 0x000002d6dced3990 code [0x000002d6dced3b80, 0x000002d6dced3fb8]
Event: 8.254 Thread 0x000002d6f2efca90 2872       3       sun.nio.fs.WindowsNativeDispatcher$FirstFile::<init> (5 bytes)
Event: 8.254 Thread 0x000002d6f2efca90 nmethod 2872 0x000002d6dced4210 code [0x000002d6dced43a0, 0x000002d6dced44f8]
Event: 8.271 Thread 0x000002d6f2efca90 2875       3       com.sun.org.apache.xerces.internal.impl.XMLDocumentFragmentScannerImpl::getPropertyDefault (36 bytes)
Event: 8.271 Thread 0x000002d6f2efca90 nmethod 2875 0x000002d6dced4590 code [0x000002d6dced4760, 0x000002d6dced4a08]
Event: 8.271 Thread 0x000002d6f2efca90 2876       2       java.util.Arrays::copyOf (40 bytes)
Event: 8.272 Thread 0x000002d6f2efca90 nmethod 2876 0x000002d6dced4b90 code [0x000002d6dced4d60, 0x000002d6dced5128]
Event: 8.272 Thread 0x000002d6f2efca90 2878   !   3       com.sun.org.apache.xerces.internal.parsers.XML11Configuration::setFeature (143 bytes)
Event: 8.273 Thread 0x000002d6f2efca90 nmethod 2878 0x000002d6dced5310 code [0x000002d6dced55c0, 0x000002d6dced6588]
Event: 8.273 Thread 0x000002d6f2efca90 2877       3       com.sun.org.apache.xerces.internal.parsers.XIncludeAwareParserConfiguration::setFeature (27 bytes)
Event: 8.274 Thread 0x000002d6f2efca90 nmethod 2877 0x000002d6dced6990 code [0x000002d6dced6b40, 0x000002d6dced6d58]
Event: 8.274 Thread 0x000002d6f2efca90 2879       3       com.sun.org.apache.xerces.internal.impl.XMLDocumentScannerImpl::setFeature (81 bytes)
Event: 8.275 Thread 0x000002d6f2efca90 nmethod 2879 0x000002d6dced6e90 code [0x000002d6dced7140, 0x000002d6dced7dd8]
Event: 8.276 Thread 0x000002d6f2efca90 2880       3       com.sun.org.apache.xerces.internal.impl.XMLDocumentFragmentScannerImpl::setFeature (43 bytes)
Event: 8.277 Thread 0x000002d6f2efca90 nmethod 2880 0x000002d6dced8290 code [0x000002d6dced84c0, 0x000002d6dced8b88]
Event: 8.277 Thread 0x000002d6f2efca90 2881       3       com.sun.org.apache.xerces.internal.impl.dtd.XMLDTDProcessor::setFeature (1 bytes)
Event: 8.277 Thread 0x000002d6f2efca90 nmethod 2881 0x000002d6dced8e90 code [0x000002d6dced9020, 0x000002d6dced9138]

GC Heap History (16 events):
Event: 1.948 GC heap before
{Heap before GC invocations=1 (full 0):
 PSYoungGen      total 29696K, used 25600K [0x00000000eab00000, 0x00000000ecc00000, 0x0000000100000000)
  eden space 25600K, 100% used [0x00000000eab00000,0x00000000ec400000,0x00000000ec400000)
  from space 4096K, 0% used [0x00000000ec800000,0x00000000ec800000,0x00000000ecc00000)
  to   space 4096K, 0% used [0x00000000ec400000,0x00000000ec400000,0x00000000ec800000)
 ParOldGen       total 68608K, used 0K [0x00000000c0000000, 0x00000000c4300000, 0x00000000eab00000)
  object space 68608K, 0% used [0x00000000c0000000,0x00000000c0000000,0x00000000c4300000)
 Metaspace       used 11200K, committed 11392K, reserved 1114112K
  class space    used 1120K, committed 1216K, reserved 1048576K
}
Event: 1.958 GC heap after
{Heap after GC invocations=1 (full 0):
 PSYoungGen      total 29696K, used 3192K [0x00000000eab00000, 0x00000000ecc00000, 0x0000000100000000)
  eden space 25600K, 0% used [0x00000000eab00000,0x00000000eab00000,0x00000000ec400000)
  from space 4096K, 77% used [0x00000000ec400000,0x00000000ec71e3b8,0x00000000ec800000)
  to   space 4096K, 0% used [0x00000000ec800000,0x00000000ec800000,0x00000000ecc00000)
 ParOldGen       total 68608K, used 16K [0x00000000c0000000, 0x00000000c4300000, 0x00000000eab00000)
  object space 68608K, 0% used [0x00000000c0000000,0x00000000c0004000,0x00000000c4300000)
 Metaspace       used 11200K, committed 11392K, reserved 1114112K
  class space    used 1120K, committed 1216K, reserved 1048576K
}
Event: 3.627 GC heap before
{Heap before GC invocations=2 (full 0):
 PSYoungGen      total 29696K, used 28792K [0x00000000eab00000, 0x00000000ecc00000, 0x0000000100000000)
  eden space 25600K, 100% used [0x00000000eab00000,0x00000000ec400000,0x00000000ec400000)
  from space 4096K, 77% used [0x00000000ec400000,0x00000000ec71e3b8,0x00000000ec800000)
  to   space 4096K, 0% used [0x00000000ec800000,0x00000000ec800000,0x00000000ecc00000)
 ParOldGen       total 68608K, used 16K [0x00000000c0000000, 0x00000000c4300000, 0x00000000eab00000)
  object space 68608K, 0% used [0x00000000c0000000,0x00000000c0004000,0x00000000c4300000)
 Metaspace       used 14939K, committed 15232K, reserved 1114112K
  class space    used 1513K, committed 1664K, reserved 1048576K
}
Event: 3.637 GC heap after
{Heap after GC invocations=2 (full 0):
 PSYoungGen      total 29696K, used 4066K [0x00000000eab00000, 0x00000000ecc00000, 0x0000000100000000)
  eden space 25600K, 0% used [0x00000000eab00000,0x00000000eab00000,0x00000000ec400000)
  from space 4096K, 99% used [0x00000000ec800000,0x00000000ecbf8a00,0x00000000ecc00000)
  to   space 4096K, 0% used [0x00000000ec400000,0x00000000ec400000,0x00000000ec800000)
 ParOldGen       total 68608K, used 1431K [0x00000000c0000000, 0x00000000c4300000, 0x00000000eab00000)
  object space 68608K, 2% used [0x00000000c0000000,0x00000000c0165d08,0x00000000c4300000)
 Metaspace       used 14939K, committed 15232K, reserved 1114112K
  class space    used 1513K, committed 1664K, reserved 1048576K
}
Event: 5.077 GC heap before
{Heap before GC invocations=3 (full 0):
 PSYoungGen      total 29696K, used 29658K [0x00000000eab00000, 0x00000000ecc00000, 0x0000000100000000)
  eden space 25600K, 99% used [0x00000000eab00000,0x00000000ec3fe0d0,0x00000000ec400000)
  from space 4096K, 99% used [0x00000000ec800000,0x00000000ecbf8a00,0x00000000ecc00000)
  to   space 4096K, 0% used [0x00000000ec400000,0x00000000ec400000,0x00000000ec800000)
 ParOldGen       total 68608K, used 1431K [0x00000000c0000000, 0x00000000c4300000, 0x00000000eab00000)
  object space 68608K, 2% used [0x00000000c0000000,0x00000000c0165d08,0x00000000c4300000)
 Metaspace       used 20005K, committed 20352K, reserved 1114112K
  class space    used 2021K, committed 2176K, reserved 1048576K
}
Event: 5.086 GC heap after
{Heap after GC invocations=3 (full 0):
 PSYoungGen      total 29696K, used 4067K [0x00000000eab00000, 0x00000000ecc00000, 0x0000000100000000)
  eden space 25600K, 0% used [0x00000000eab00000,0x00000000eab00000,0x00000000ec400000)
  from space 4096K, 99% used [0x00000000ec400000,0x00000000ec7f8ed8,0x00000000ec800000)
  to   space 4096K, 0% used [0x00000000ec800000,0x00000000ec800000,0x00000000ecc00000)
 ParOldGen       total 68608K, used 3764K [0x00000000c0000000, 0x00000000c4300000, 0x00000000eab00000)
  object space 68608K, 5% used [0x00000000c0000000,0x00000000c03ad180,0x00000000c4300000)
 Metaspace       used 20005K, committed 20352K, reserved 1114112K
  class space    used 2021K, committed 2176K, reserved 1048576K
}
Event: 5.471 GC heap before
{Heap before GC invocations=4 (full 0):
 PSYoungGen      total 29696K, used 10800K [0x00000000eab00000, 0x00000000ecc00000, 0x0000000100000000)
  eden space 25600K, 26% used [0x00000000eab00000,0x00000000eb193410,0x00000000ec400000)
  from space 4096K, 99% used [0x00000000ec400000,0x00000000ec7f8ed8,0x00000000ec800000)
  to   space 4096K, 0% used [0x00000000ec800000,0x00000000ec800000,0x00000000ecc00000)
 ParOldGen       total 68608K, used 3764K [0x00000000c0000000, 0x00000000c4300000, 0x00000000eab00000)
  object space 68608K, 5% used [0x00000000c0000000,0x00000000c03ad180,0x00000000c4300000)
 Metaspace       used 21151K, committed 21504K, reserved 1114112K
  class space    used 2137K, committed 2304K, reserved 1048576K
}
Event: 5.476 GC heap after
{Heap after GC invocations=4 (full 0):
 PSYoungGen      total 29696K, used 4083K [0x00000000eab00000, 0x00000000ecc00000, 0x0000000100000000)
  eden space 25600K, 0% used [0x00000000eab00000,0x00000000eab00000,0x00000000ec400000)
  from space 4096K, 99% used [0x00000000ec800000,0x00000000ecbfcec8,0x00000000ecc00000)
  to   space 4096K, 0% used [0x00000000ec400000,0x00000000ec400000,0x00000000ec800000)
 ParOldGen       total 68608K, used 4044K [0x00000000c0000000, 0x00000000c4300000, 0x00000000eab00000)
  object space 68608K, 5% used [0x00000000c0000000,0x00000000c03f3180,0x00000000c4300000)
 Metaspace       used 21151K, committed 21504K, reserved 1114112K
  class space    used 2137K, committed 2304K, reserved 1048576K
}
Event: 5.476 GC heap before
{Heap before GC invocations=5 (full 1):
 PSYoungGen      total 29696K, used 4083K [0x00000000eab00000, 0x00000000ecc00000, 0x0000000100000000)
  eden space 25600K, 0% used [0x00000000eab00000,0x00000000eab00000,0x00000000ec400000)
  from space 4096K, 99% used [0x00000000ec800000,0x00000000ecbfcec8,0x00000000ecc00000)
  to   space 4096K, 0% used [0x00000000ec400000,0x00000000ec400000,0x00000000ec800000)
 ParOldGen       total 68608K, used 4044K [0x00000000c0000000, 0x00000000c4300000, 0x00000000eab00000)
  object space 68608K, 5% used [0x00000000c0000000,0x00000000c03f3180,0x00000000c4300000)
 Metaspace       used 21151K, committed 21504K, reserved 1114112K
  class space    used 2137K, committed 2304K, reserved 1048576K
}
Event: 5.508 GC heap after
{Heap after GC invocations=5 (full 1):
 PSYoungGen      total 29696K, used 0K [0x00000000eab00000, 0x00000000ecc00000, 0x0000000100000000)
  eden space 25600K, 0% used [0x00000000eab00000,0x00000000eab00000,0x00000000ec400000)
  from space 4096K, 0% used [0x00000000ec800000,0x00000000ec800000,0x00000000ecc00000)
  to   space 4096K, 0% used [0x00000000ec400000,0x00000000ec400000,0x00000000ec800000)
 ParOldGen       total 68608K, used 7944K [0x00000000c0000000, 0x00000000c4300000, 0x00000000eab00000)
  object space 68608K, 11% used [0x00000000c0000000,0x00000000c07c21d0,0x00000000c4300000)
 Metaspace       used 21138K, committed 21504K, reserved 1114112K
  class space    used 2134K, committed 2304K, reserved 1048576K
}
Event: 6.762 GC heap before
{Heap before GC invocations=6 (full 1):
 PSYoungGen      total 29696K, used 25600K [0x00000000eab00000, 0x00000000ecc00000, 0x0000000100000000)
  eden space 25600K, 100% used [0x00000000eab00000,0x00000000ec400000,0x00000000ec400000)
  from space 4096K, 0% used [0x00000000ec800000,0x00000000ec800000,0x00000000ecc00000)
  to   space 4096K, 0% used [0x00000000ec400000,0x00000000ec400000,0x00000000ec800000)
 ParOldGen       total 68608K, used 7944K [0x00000000c0000000, 0x00000000c4300000, 0x00000000eab00000)
  object space 68608K, 11% used [0x00000000c0000000,0x00000000c07c21d0,0x00000000c4300000)
 Metaspace       used 24507K, committed 25088K, reserved 1114112K
  class space    used 2529K, committed 2752K, reserved 1048576K
}
Event: 6.764 GC heap after
{Heap after GC invocations=6 (full 1):
 PSYoungGen      total 27648K, used 2359K [0x00000000eab00000, 0x00000000eca80000, 0x0000000100000000)
  eden space 25088K, 0% used [0x00000000eab00000,0x00000000eab00000,0x00000000ec380000)
  from space 2560K, 92% used [0x00000000ec400000,0x00000000ec64ddb8,0x00000000ec680000)
  to   space 3584K, 0% used [0x00000000ec700000,0x00000000ec700000,0x00000000eca80000)
 ParOldGen       total 68608K, used 7952K [0x00000000c0000000, 0x00000000c4300000, 0x00000000eab00000)
  object space 68608K, 11% used [0x00000000c0000000,0x00000000c07c41d0,0x00000000c4300000)
 Metaspace       used 24507K, committed 25088K, reserved 1114112K
  class space    used 2529K, committed 2752K, reserved 1048576K
}
Event: 7.728 GC heap before
{Heap before GC invocations=7 (full 1):
 PSYoungGen      total 27648K, used 27447K [0x00000000eab00000, 0x00000000eca80000, 0x0000000100000000)
  eden space 25088K, 100% used [0x00000000eab00000,0x00000000ec380000,0x00000000ec380000)
  from space 2560K, 92% used [0x00000000ec400000,0x00000000ec64ddb8,0x00000000ec680000)
  to   space 3584K, 0% used [0x00000000ec700000,0x00000000ec700000,0x00000000eca80000)
 ParOldGen       total 68608K, used 7952K [0x00000000c0000000, 0x00000000c4300000, 0x00000000eab00000)
  object space 68608K, 11% used [0x00000000c0000000,0x00000000c07c41d0,0x00000000c4300000)
 Metaspace       used 28013K, committed 28544K, reserved 1114112K
  class space    used 2764K, committed 3008K, reserved 1048576K
}
Event: 7.730 GC heap after
{Heap after GC invocations=7 (full 1):
 PSYoungGen      total 27648K, used 2653K [0x00000000eab00000, 0x00000000eca00000, 0x0000000100000000)
  eden space 24576K, 0% used [0x00000000eab00000,0x00000000eab00000,0x00000000ec300000)
  from space 3072K, 86% used [0x00000000ec700000,0x00000000ec997528,0x00000000eca00000)
  to   space 3072K, 0% used [0x00000000ec400000,0x00000000ec400000,0x00000000ec700000)
 ParOldGen       total 68608K, used 7960K [0x00000000c0000000, 0x00000000c4300000, 0x00000000eab00000)
  object space 68608K, 11% used [0x00000000c0000000,0x00000000c07c61d0,0x00000000c4300000)
 Metaspace       used 28013K, committed 28544K, reserved 1114112K
  class space    used 2764K, committed 3008K, reserved 1048576K
}
Event: 8.023 GC heap before
{Heap before GC invocations=8 (full 1):
 PSYoungGen      total 27648K, used 27229K [0x00000000eab00000, 0x00000000eca00000, 0x0000000100000000)
  eden space 24576K, 100% used [0x00000000eab00000,0x00000000ec300000,0x00000000ec300000)
  from space 3072K, 86% used [0x00000000ec700000,0x00000000ec997528,0x00000000eca00000)
  to   space 3072K, 0% used [0x00000000ec400000,0x00000000ec400000,0x00000000ec700000)
 ParOldGen       total 68608K, used 7960K [0x00000000c0000000, 0x00000000c4300000, 0x00000000eab00000)
  object space 68608K, 11% used [0x00000000c0000000,0x00000000c07c61d0,0x00000000c4300000)
 Metaspace       used 30387K, committed 30912K, reserved 1114112K
  class space    used 3002K, committed 3264K, reserved 1048576K
}
Event: 8.026 GC heap after
{Heap after GC invocations=8 (full 1):
 PSYoungGen      total 27136K, used 2946K [0x00000000eab00000, 0x00000000ec880000, 0x0000000100000000)
  eden space 24064K, 0% used [0x00000000eab00000,0x00000000eab00000,0x00000000ec280000)
  from space 3072K, 95% used [0x00000000ec400000,0x00000000ec6e0988,0x00000000ec700000)
  to   space 1536K, 0% used [0x00000000ec700000,0x00000000ec700000,0x00000000ec880000)
 ParOldGen       total 68608K, used 7968K [0x00000000c0000000, 0x00000000c4300000, 0x00000000eab00000)
  object space 68608K, 11% used [0x00000000c0000000,0x00000000c07c81d0,0x00000000c4300000)
 Metaspace       used 30387K, committed 30912K, reserved 1114112K
  class space    used 3002K, committed 3264K, reserved 1048576K
}

Dll operation events (9 events):
Event: 0.032 Loaded shared library c:\Users\ADMIN\.vscode\extensions\redhat.java-1.18.0-win32-x64\jre\17.0.7-win32-x86_64\bin\java.dll
Event: 0.500 Loaded shared library c:\Users\ADMIN\.vscode\extensions\redhat.java-1.18.0-win32-x64\jre\17.0.7-win32-x86_64\bin\zip.dll
Event: 0.508 Loaded shared library C:\Users\ADMIN\.vscode\extensions\redhat.java-1.18.0-win32-x64\jre\17.0.7-win32-x86_64\bin\instrument.dll
Event: 0.575 Loaded shared library C:\Users\ADMIN\.vscode\extensions\redhat.java-1.18.0-win32-x64\jre\17.0.7-win32-x86_64\bin\net.dll
Event: 0.606 Loaded shared library C:\Users\ADMIN\.vscode\extensions\redhat.java-1.18.0-win32-x64\jre\17.0.7-win32-x86_64\bin\nio.dll
Event: 0.670 Loaded shared library C:\Users\ADMIN\.vscode\extensions\redhat.java-1.18.0-win32-x64\jre\17.0.7-win32-x86_64\bin\zip.dll
Event: 0.739 Loaded shared library C:\Users\ADMIN\.vscode\extensions\redhat.java-1.18.0-win32-x64\jre\17.0.7-win32-x86_64\bin\jimage.dll
Event: 0.889 Loaded shared library c:\Users\ADMIN\.vscode\extensions\redhat.java-1.18.0-win32-x64\jre\17.0.7-win32-x86_64\bin\verify.dll
Event: 3.140 Loaded shared library C:\Users\ADMIN\AppData\Roaming\Code\User\globalStorage\redhat.java\1.18.0\config_win\org.eclipse.equinox.launcher\org.eclipse.equinox.launcher.win32.win32.x86_64_1.2.700.v20221108-1024\eclipse_11801.dll

Deoptimization events (20 events):
Event: 7.694 Thread 0x000002d6f5b8be60 DEOPT PACKING pc=0x000002d6e45cc530 sp=0x000000f4d13fe680
Event: 7.694 Thread 0x000002d6f5b8be60 DEOPT UNPACKING pc=0x000002d6e3dd66a3 sp=0x000000f4d13fe608 mode 2
Event: 7.694 Thread 0x000002d6f5b8be60 Uncommon trap: trap_request=0xffffffde fr.pc=0x000002d6e45cc530 relative=0x0000000000000090
Event: 7.694 Thread 0x000002d6f5b8be60 Uncommon trap: reason=class_check action=maybe_recompile pc=0x000002d6e45cc530 method=java.lang.Character.codePointAt(Ljava/lang/CharSequence;I)I @ 2 c2
Event: 7.694 Thread 0x000002d6f5b8be60 DEOPT PACKING pc=0x000002d6e45cc530 sp=0x000000f4d13fe680
Event: 7.694 Thread 0x000002d6f5b8be60 DEOPT UNPACKING pc=0x000002d6e3dd66a3 sp=0x000000f4d13fe608 mode 2
Event: 7.694 Thread 0x000002d6f5b8be60 Uncommon trap: trap_request=0xffffffde fr.pc=0x000002d6e45cc530 relative=0x0000000000000090
Event: 7.694 Thread 0x000002d6f5b8be60 Uncommon trap: reason=class_check action=maybe_recompile pc=0x000002d6e45cc530 method=java.lang.Character.codePointAt(Ljava/lang/CharSequence;I)I @ 2 c2
Event: 7.694 Thread 0x000002d6f5b8be60 DEOPT PACKING pc=0x000002d6e45cc530 sp=0x000000f4d13fe680
Event: 7.694 Thread 0x000002d6f5b8be60 DEOPT UNPACKING pc=0x000002d6e3dd66a3 sp=0x000000f4d13fe608 mode 2
Event: 7.694 Thread 0x000002d6f5b8be60 Uncommon trap: trap_request=0xffffffde fr.pc=0x000002d6e45cc530 relative=0x0000000000000090
Event: 7.694 Thread 0x000002d6f5b8be60 Uncommon trap: reason=class_check action=maybe_recompile pc=0x000002d6e45cc530 method=java.lang.Character.codePointAt(Ljava/lang/CharSequence;I)I @ 2 c2
Event: 7.694 Thread 0x000002d6f5b8be60 DEOPT PACKING pc=0x000002d6e45cc530 sp=0x000000f4d13fe680
Event: 7.694 Thread 0x000002d6f5b8be60 DEOPT UNPACKING pc=0x000002d6e3dd66a3 sp=0x000000f4d13fe608 mode 2
Event: 8.230 Thread 0x000002d6f55797c0 DEOPT PACKING pc=0x000002d6dca0af9e sp=0x000000f4d0af8050
Event: 8.230 Thread 0x000002d6f55797c0 DEOPT UNPACKING pc=0x000002d6e3dd6e43 sp=0x000000f4d0af7548 mode 0
Event: 8.231 Thread 0x000002d6f55797c0 DEOPT PACKING pc=0x000002d6dca0af9e sp=0x000000f4d0af8050
Event: 8.231 Thread 0x000002d6f55797c0 DEOPT UNPACKING pc=0x000002d6e3dd6e43 sp=0x000000f4d0af7548 mode 0
Event: 8.233 Thread 0x000002d6f55797c0 DEOPT PACKING pc=0x000002d6dca0af9e sp=0x000000f4d0af8050
Event: 8.233 Thread 0x000002d6f55797c0 DEOPT UNPACKING pc=0x000002d6e3dd6e43 sp=0x000000f4d0af7548 mode 0

Classes unloaded (7 events):
Event: 5.482 Thread 0x000002d6d9d66a90 Unloading class 0x000000010021e400 'java/lang/invoke/LambdaForm$MH+0x000000010021e400'
Event: 5.482 Thread 0x000002d6d9d66a90 Unloading class 0x000000010021e000 'java/lang/invoke/LambdaForm$MH+0x000000010021e000'
Event: 5.482 Thread 0x000002d6d9d66a90 Unloading class 0x000000010021dc00 'java/lang/invoke/LambdaForm$MH+0x000000010021dc00'
Event: 5.482 Thread 0x000002d6d9d66a90 Unloading class 0x000000010021d800 'java/lang/invoke/LambdaForm$MH+0x000000010021d800'
Event: 5.482 Thread 0x000002d6d9d66a90 Unloading class 0x000000010021d000 'java/lang/invoke/LambdaForm$BMH+0x000000010021d000'
Event: 5.482 Thread 0x000002d6d9d66a90 Unloading class 0x000000010021cc00 'java/lang/invoke/LambdaForm$DMH+0x000000010021cc00'
Event: 5.482 Thread 0x000002d6d9d66a90 Unloading class 0x000000010021a000 'java/lang/invoke/LambdaForm$DMH+0x000000010021a000'

Classes redefined (0 events):
No events

Internal exceptions (20 events):
Event: 4.867 Thread 0x000002d6f55797c0 Exception <a 'java/lang/NoSuchMethodError'{0x00000000ec233af0}: 'java.lang.Object java.lang.invoke.DirectMethodHandle$Holder.invokeStatic(java.lang.Object, java.lang.Object, java.lang.Object, java.lang.Object, int)'> (0x00000000ec233af0) 
thrown [s\src\hotspot\share\interpreter\linkResolver.cpp, line 759]
Event: 4.876 Thread 0x000002d6f55797c0 Exception <a 'java/lang/NoSuchMethodError'{0x00000000ec23fd28}: 'java.lang.Object java.lang.invoke.DelegatingMethodHandle$Holder.reinvoke_L(java.lang.Object, java.lang.Object, java.lang.Object, java.lang.Object, int, int)'> (0x00000000ec23fd28) 
thrown [s\src\hotspot\share\interpreter\linkResolver.cpp, line 759]
Event: 4.889 Thread 0x000002d6f55797c0 Exception <a 'java/lang/NoSuchMethodError'{0x00000000ec257a10}: 'java.lang.Object java.lang.invoke.Invokers$Holder.invokeExact_MT(java.lang.Object, java.lang.Object, java.lang.Object, java.lang.Object)'> (0x00000000ec257a10) 
thrown [s\src\hotspot\share\interpreter\linkResolver.cpp, line 759]
Event: 5.278 Thread 0x000002d6f55797c0 Exception <a 'java/lang/NoSuchMethodError'{0x00000000eae31910}: 'java.lang.Object java.lang.invoke.DirectMethodHandle$Holder.newInvokeSpecial(java.lang.Object, java.lang.Object, java.lang.Object, java.lang.Object, java.lang.Object)'> (0x00000000eae31910) 
thrown [s\src\hotspot\share\interpreter\linkResolver.cpp, line 759]
Event: 5.513 Thread 0x000002d6f55797c0 Exception <a 'java/lang/NoSuchMethodError'{0x00000000eab5d3e8}: 'java.lang.Object java.lang.invoke.DirectMethodHandle$Holder.invokeSpecial(java.lang.Object, java.lang.Object, java.lang.Object, long, java.lang.Object)'> (0x00000000eab5d3e8) 
thrown [s\src\hotspot\share\interpreter\linkResolver.cpp, line 759]
Event: 5.515 Thread 0x000002d6f55797c0 Exception <a 'java/lang/NoSuchMethodError'{0x00000000eab655a0}: 'java.lang.Object java.lang.invoke.DirectMethodHandle$Holder.newInvokeSpecial(java.lang.Object, java.lang.Object, java.lang.Object, long)'> (0x00000000eab655a0) 
thrown [s\src\hotspot\share\interpreter\linkResolver.cpp, line 759]
Event: 5.515 Thread 0x000002d6f55797c0 Exception <a 'java/lang/NoSuchMethodError'{0x00000000eab69b40}: 'java.lang.Object java.lang.invoke.DirectMethodHandle$Holder.invokeSpecial(java.lang.Object, java.lang.Object, java.lang.Object, java.lang.Object, long)'> (0x00000000eab69b40) 
thrown [s\src\hotspot\share\interpreter\linkResolver.cpp, line 759]
Event: 5.539 Thread 0x000002d6f55797c0 Exception <a 'java/lang/NoSuchMethodError'{0x00000000eabdbf48}: 'int java.lang.invoke.DirectMethodHandle$Holder.invokeStaticInit(java.lang.Object, java.lang.Object, java.lang.Object)'> (0x00000000eabdbf48) 
thrown [s\src\hotspot\share\interpreter\linkResolver.cpp, line 759]
Event: 5.560 Thread 0x000002d6f55797c0 Exception <a 'java/lang/IncompatibleClassChangeError'{0x00000000eac43ad0}: Found class java.lang.Object, but interface was expected> (0x00000000eac43ad0) 
thrown [s\src\hotspot\share\interpreter\linkResolver.cpp, line 826]
Event: 5.574 Thread 0x000002d6f55797c0 Exception <a 'java/lang/NoSuchMethodError'{0x00000000eac5b138}: 'java.lang.Object java.lang.invoke.DirectMethodHandle$Holder.invokeSpecial(java.lang.Object, java.lang.Object, java.lang.Object, int, java.lang.Object, java.lang.Object)'> (0x00000000eac5b138) 
thrown [s\src\hotspot\share\interpreter\linkResolver.cpp, line 759]
Event: 5.576 Thread 0x000002d6f55797c0 Exception <a 'java/lang/NoSuchMethodError'{0x00000000eac638c0}: 'java.lang.Object java.lang.invoke.DirectMethodHandle$Holder.newInvokeSpecial(java.lang.Object, java.lang.Object, java.lang.Object, int, java.lang.Object)'> (0x00000000eac638c0) 
thrown [s\src\hotspot\share\interpreter\linkResolver.cpp, line 759]
Event: 5.577 Thread 0x000002d6f55797c0 Exception <a 'java/lang/NoSuchMethodError'{0x00000000eac67d18}: 'java.lang.Object java.lang.invoke.DirectMethodHandle$Holder.invokeSpecial(java.lang.Object, java.lang.Object, java.lang.Object, java.lang.Object, int, java.lang.Object)'> (0x00000000eac67d18) 
thrown [s\src\hotspot\share\interpreter\linkResolver.cpp, line 759]
Event: 5.579 Thread 0x000002d6f5b8be60 Exception <a 'java/lang/NoSuchMethodError'{0x00000000eab93230}: 'java.lang.Object java.lang.invoke.DirectMethodHandle$Holder.invokeSpecial(java.lang.Object, java.lang.Object, int, java.lang.Object, java.lang.Object)'> (0x00000000eab93230) 
thrown [s\src\hotspot\share\interpreter\linkResolver.cpp, line 759]
Event: 5.582 Thread 0x000002d6f5b8be60 Exception <a 'java/lang/NoSuchMethodError'{0x00000000eab9a900}: 'java.lang.Object java.lang.invoke.DirectMethodHandle$Holder.newInvokeSpecial(java.lang.Object, java.lang.Object, int, java.lang.Object)'> (0x00000000eab9a900) 
thrown [s\src\hotspot\share\interpreter\linkResolver.cpp, line 759]
Event: 5.584 Thread 0x000002d6f5b8be60 Exception <a 'java/lang/NoSuchMethodError'{0x00000000eab9e410}: 'java.lang.Object java.lang.invoke.DirectMethodHandle$Holder.invokeSpecial(java.lang.Object, java.lang.Object, java.lang.Object, int, java.lang.Object)'> (0x00000000eab9e410) 
thrown [s\src\hotspot\share\interpreter\linkResolver.cpp, line 759]
Event: 6.012 Thread 0x000002d6f55797c0 Exception <a 'java/io/FileNotFoundException'{0x00000000eb716528}> (0x00000000eb716528) 
thrown [s\src\hotspot\share\prims\jni.cpp, line 516]
Event: 6.396 Thread 0x000002d6f55797c0 Exception <a 'java/lang/NoSuchMethodError'{0x00000000ebceded8}: 'void java.lang.invoke.DirectMethodHandle$Holder.invokeSpecial(java.lang.Object, java.lang.Object, java.lang.Object, int)'> (0x00000000ebceded8) 
thrown [s\src\hotspot\share\interpreter\linkResolver.cpp, line 759]
Event: 6.620 Thread 0x000002d6f5b8be60 Exception <a 'java/io/FileNotFoundException'{0x00000000ebfabb78}> (0x00000000ebfabb78) 
thrown [s\src\hotspot\share\prims\jni.cpp, line 516]
Event: 7.608 Thread 0x000002d6f5b8be60 Exception <a 'java/lang/NoSuchMethodError'{0x00000000eab06828}: 'void java.lang.invoke.DirectMethodHandle$Holder.invokeStatic(java.lang.Object, java.lang.Object, java.lang.Object, java.lang.Object)'> (0x00000000eab06828) 
thrown [s\src\hotspot\share\interpreter\linkResolver.cpp, line 759]
Event: 7.756 Thread 0x000002d6f5b8be60 Exception <a 'java/lang/NoSuchMethodError'{0x00000000eac1b910}: 'java.lang.Object java.lang.invoke.DirectMethodHandle$Holder.invokeSpecialIFC(java.lang.Object, java.lang.Object, java.lang.Object, java.lang.Object)'> (0x00000000eac1b910) 
thrown [s\src\hotspot\share\interpreter\linkResolver.cpp, line 759]

VM Operations (20 events):
Event: 4.837 Executing VM operation: Cleanup
Event: 4.837 Executing VM operation: Cleanup done
Event: 5.077 Executing VM operation: ParallelGCFailedAllocation
Event: 5.086 Executing VM operation: ParallelGCFailedAllocation done
Event: 5.471 Executing VM operation: CollectForMetadataAllocation
Event: 5.508 Executing VM operation: CollectForMetadataAllocation done
Event: 5.605 Executing VM operation: HandshakeAllThreads
Event: 5.605 Executing VM operation: HandshakeAllThreads done
Event: 5.899 Executing VM operation: HandshakeAllThreads
Event: 5.899 Executing VM operation: HandshakeAllThreads done
Event: 6.762 Executing VM operation: ParallelGCFailedAllocation
Event: 6.767 Executing VM operation: ParallelGCFailedAllocation done
Event: 7.661 Executing VM operation: HandshakeAllThreads
Event: 7.661 Executing VM operation: HandshakeAllThreads done
Event: 7.728 Executing VM operation: ParallelGCFailedAllocation
Event: 7.730 Executing VM operation: ParallelGCFailedAllocation done
Event: 7.784 Executing VM operation: HandshakeAllThreads
Event: 7.784 Executing VM operation: HandshakeAllThreads done
Event: 8.023 Executing VM operation: ParallelGCFailedAllocation
Event: 8.026 Executing VM operation: ParallelGCFailedAllocation done

Events (20 events):
Event: 8.185 loading class sun/reflect/annotation/AnnotatedTypeFactory$AnnotatedTypeBaseImpl
Event: 8.188 loading class sun/reflect/annotation/AnnotatedTypeFactory$AnnotatedTypeBaseImpl done
Event: 8.188 loading class java/util/stream/Streams$ConcatSpliterator$OfRef
Event: 8.189 loading class java/util/stream/Streams$ConcatSpliterator
Event: 8.189 loading class java/util/stream/Streams$ConcatSpliterator done
Event: 8.189 loading class java/util/stream/Streams$ConcatSpliterator$OfRef done
Event: 8.189 loading class java/util/stream/Streams$2
Event: 8.189 loading class java/util/stream/Streams$2 done
Event: 8.264 loading class javax/xml/parsers/DocumentBuilderFactory
Event: 8.264 loading class javax/xml/parsers/DocumentBuilderFactory done
Event: 8.266 loading class com/sun/org/apache/xerces/internal/jaxp/DocumentBuilderFactoryImpl
Event: 8.266 loading class com/sun/org/apache/xerces/internal/jaxp/DocumentBuilderFactoryImpl done
Event: 8.267 loading class com/sun/org/apache/xerces/internal/jaxp/DocumentBuilderImpl
Event: 8.268 loading class javax/xml/parsers/DocumentBuilder
Event: 8.268 loading class javax/xml/parsers/DocumentBuilder done
Event: 8.268 loading class com/sun/org/apache/xerces/internal/jaxp/DocumentBuilderImpl done
Event: 8.268 loading class com/sun/org/apache/xerces/internal/parsers/DOMParser
Event: 8.269 loading class com/sun/org/apache/xerces/internal/parsers/AbstractDOMParser
Event: 8.270 loading class com/sun/org/apache/xerces/internal/parsers/AbstractDOMParser done
Event: 8.270 loading class com/sun/org/apache/xerces/internal/parsers/DOMParser done


Dynamic libraries:
0x00007ff7be440000 - 0x00007ff7be44e000 	c:\Users\ADMIN\.vscode\extensions\redhat.java-1.18.0-win32-x64\jre\17.0.7-win32-x86_64\bin\java.exe
0x00007ff9adcd0000 - 0x00007ff9adee4000 	C:\WINDOWS\SYSTEM32\ntdll.dll
0x00007ff9abbb0000 - 0x00007ff9abc72000 	C:\WINDOWS\System32\KERNEL32.DLL
0x00007ff9ab470000 - 0x00007ff9ab813000 	C:\WINDOWS\System32\KERNELBASE.dll
0x00007ff9ab940000 - 0x00007ff9aba51000 	C:\WINDOWS\System32\ucrtbase.dll
0x00007ff996ed0000 - 0x00007ff996ee9000 	c:\Users\ADMIN\.vscode\extensions\redhat.java-1.18.0-win32-x64\jre\17.0.7-win32-x86_64\bin\VCRUNTIME140.dll
0x00007ff99c730000 - 0x00007ff99c747000 	c:\Users\ADMIN\.vscode\extensions\redhat.java-1.18.0-win32-x64\jre\17.0.7-win32-x86_64\bin\jli.dll
0x00007ff9acb80000 - 0x00007ff9acd2b000 	C:\WINDOWS\System32\USER32.dll
0x00007ff9973d0000 - 0x00007ff99765e000 	C:\WINDOWS\WinSxS\amd64_microsoft.windows.common-controls_6595b64144ccf1df_6.0.22621.1635_none_270f70857386168e\COMCTL32.dll
0x00007ff9ab0f0000 - 0x00007ff9ab116000 	C:\WINDOWS\System32\win32u.dll
0x00007ff9abb80000 - 0x00007ff9abba9000 	C:\WINDOWS\System32\GDI32.dll
0x00007ff9ad680000 - 0x00007ff9ad727000 	C:\WINDOWS\System32\msvcrt.dll
0x00007ff9ab120000 - 0x00007ff9ab238000 	C:\WINDOWS\System32\gdi32full.dll
0x00007ff9ab820000 - 0x00007ff9ab8ba000 	C:\WINDOWS\System32\msvcp_win.dll
0x00007ff9ad910000 - 0x00007ff9ad941000 	C:\WINDOWS\System32\IMM32.DLL
0x00007ff9a61f0000 - 0x00007ff9a61fc000 	c:\Users\ADMIN\.vscode\extensions\redhat.java-1.18.0-win32-x64\jre\17.0.7-win32-x86_64\bin\vcruntime140_1.dll
0x00007ff97a530000 - 0x00007ff97a5c1000 	c:\Users\ADMIN\.vscode\extensions\redhat.java-1.18.0-win32-x64\jre\17.0.7-win32-x86_64\bin\msvcp140.dll
0x00007ff937060000 - 0x00007ff937ca8000 	c:\Users\ADMIN\.vscode\extensions\redhat.java-1.18.0-win32-x64\jre\17.0.7-win32-x86_64\bin\server\jvm.dll
0x00007ff9ac8e0000 - 0x00007ff9ac98e000 	C:\WINDOWS\System32\ADVAPI32.dll
0x00007ff9ac030000 - 0x00007ff9ac0d4000 	C:\WINDOWS\System32\sechost.dll
0x00007ff9ada80000 - 0x00007ff9adb97000 	C:\WINDOWS\System32\RPCRT4.dll
0x00007ff9a3270000 - 0x00007ff9a32a4000 	C:\WINDOWS\SYSTEM32\WINMM.dll
0x00007ff98b220000 - 0x00007ff98b229000 	C:\WINDOWS\SYSTEM32\WSOCK32.dll
0x00007ff9ad890000 - 0x00007ff9ad901000 	C:\WINDOWS\System32\WS2_32.dll
0x00007ff9a3a90000 - 0x00007ff9a3a9a000 	C:\WINDOWS\SYSTEM32\VERSION.dll
0x00007ff9aa120000 - 0x00007ff9aa138000 	C:\WINDOWS\SYSTEM32\kernel.appcore.dll
0x00007ff9a6170000 - 0x00007ff9a617a000 	c:\Users\ADMIN\.vscode\extensions\redhat.java-1.18.0-win32-x64\jre\17.0.7-win32-x86_64\bin\jimage.dll
0x00007ff9a8850000 - 0x00007ff9a8a7e000 	C:\WINDOWS\SYSTEM32\DBGHELP.DLL
0x00007ff9abc80000 - 0x00007ff9ac009000 	C:\WINDOWS\System32\combase.dll
0x00007ff9acfd0000 - 0x00007ff9ad0a7000 	C:\WINDOWS\System32\OLEAUT32.dll
0x00007ff9a0980000 - 0x00007ff9a09b2000 	C:\WINDOWS\SYSTEM32\dbgcore.DLL
0x00007ff9ab8c0000 - 0x00007ff9ab93b000 	C:\WINDOWS\System32\bcryptPrimitives.dll
0x00007ff99e6a0000 - 0x00007ff99e6ae000 	c:\Users\ADMIN\.vscode\extensions\redhat.java-1.18.0-win32-x64\jre\17.0.7-win32-x86_64\bin\instrument.dll
0x00007ff996930000 - 0x00007ff996955000 	c:\Users\ADMIN\.vscode\extensions\redhat.java-1.18.0-win32-x64\jre\17.0.7-win32-x86_64\bin\java.dll
0x00007ff996d90000 - 0x00007ff996da8000 	c:\Users\ADMIN\.vscode\extensions\redhat.java-1.18.0-win32-x64\jre\17.0.7-win32-x86_64\bin\zip.dll
0x00007ff9ac0e0000 - 0x00007ff9ac8da000 	C:\WINDOWS\System32\SHELL32.dll
0x00007ff9a90a0000 - 0x00007ff9a996e000 	C:\WINDOWS\SYSTEM32\windows.storage.dll
0x00007ff9a8f60000 - 0x00007ff9a909e000 	C:\WINDOWS\SYSTEM32\wintypes.dll
0x00007ff9aced0000 - 0x00007ff9acfc1000 	C:\WINDOWS\System32\SHCORE.dll
0x00007ff9abb20000 - 0x00007ff9abb7e000 	C:\WINDOWS\System32\shlwapi.dll
0x00007ff9ab020000 - 0x00007ff9ab041000 	C:\WINDOWS\SYSTEM32\profapi.dll
0x00007ff992880000 - 0x00007ff992899000 	C:\Users\ADMIN\.vscode\extensions\redhat.java-1.18.0-win32-x64\jre\17.0.7-win32-x86_64\bin\net.dll
0x00007ff9a5200000 - 0x00007ff9a5337000 	C:\WINDOWS\SYSTEM32\WINHTTP.dll
0x00007ff9aa5b0000 - 0x00007ff9aa619000 	C:\WINDOWS\system32\mswsock.dll
0x00007ff98c8c0000 - 0x00007ff98c8d5000 	C:\Users\ADMIN\.vscode\extensions\redhat.java-1.18.0-win32-x64\jre\17.0.7-win32-x86_64\bin\nio.dll
0x00007ff99d8d0000 - 0x00007ff99d8e0000 	c:\Users\ADMIN\.vscode\extensions\redhat.java-1.18.0-win32-x64\jre\17.0.7-win32-x86_64\bin\verify.dll
0x00007ff976980000 - 0x00007ff9769be000 	C:\Users\ADMIN\AppData\Roaming\Code\User\globalStorage\redhat.java\1.18.0\config_win\org.eclipse.equinox.launcher\org.eclipse.equinox.launcher.win32.win32.x86_64_1.2.700.v20221108-1024\eclipse_11801.dll
0x00007ff9acd30000 - 0x00007ff9acecc000 	C:\WINDOWS\System32\ole32.dll

dbghelp: loaded successfully - version: 4.0.5 - missing functions: none
symbol engine: initialized successfully - sym options: 0x614 - pdb path: .;c:\Users\ADMIN\.vscode\extensions\redhat.java-1.18.0-win32-x64\jre\17.0.7-win32-x86_64\bin;C:\WINDOWS\SYSTEM32;C:\WINDOWS\WinSxS\amd64_microsoft.windows.common-controls_6595b64144ccf1df_6.0.22621.1635_none_270f70857386168e;c:\Users\ADMIN\.vscode\extensions\redhat.java-1.18.0-win32-x64\jre\17.0.7-win32-x86_64\bin\server;C:\Users\ADMIN\AppData\Roaming\Code\User\globalStorage\redhat.java\1.18.0\config_win\org.eclipse.equinox.launcher\org.eclipse.equinox.launcher.win32.win32.x86_64_1.2.700.v20221108-1024

VM Arguments:
jvm_args: --add-modules=ALL-SYSTEM --add-opens=java.base/java.util=ALL-UNNAMED --add-opens=java.base/java.lang=ALL-UNNAMED --add-opens=java.base/sun.nio.fs=ALL-UNNAMED -Declipse.application=org.eclipse.jdt.ls.core.id1 -Dosgi.bundles.defaultStartLevel=4 -Declipse.product=org.eclipse.jdt.ls.core.product -Djava.import.generatesMetadataFilesAtProjectRoot=false -Dfile.encoding=utf8 -XX:+UseParallelGC -XX:GCTimeRatio=4 -XX:AdaptiveSizePolicyWeight=90 -Dsun.zip.disableMemoryMapping=true -Xmx1G -Xms100m -Xlog:disable -javaagent:c:\Users\ADMIN\.vscode\extensions\redhat.java-1.18.0-win32-x64\lombok\lombok-1.18.27.jar -XX:+HeapDumpOnOutOfMemoryError -XX:HeapDumpPath=c:\Users\ADMIN\AppData\Roaming\Code\User\workspaceStorage\4c1ab381de116513bcdb067e4a9c71b1\redhat.java -Daether.dependencyCollector.impl=bf 
java_command: c:\Users\ADMIN\.vscode\extensions\redhat.java-1.18.0-win32-x64\server\plugins\org.eclipse.equinox.launcher_1.6.400.v20210924-0641.jar -configuration c:\Users\ADMIN\AppData\Roaming\Code\User\globalStorage\redhat.java\1.18.0\config_win -data c:\Users\ADMIN\AppData\Roaming\Code\User\workspaceStorage\4c1ab381de116513bcdb067e4a9c71b1\redhat.java\jdt_ws
java_class_path (initial): c:\Users\ADMIN\.vscode\extensions\redhat.java-1.18.0-win32-x64\server\plugins\org.eclipse.equinox.launcher_1.6.400.v20210924-0641.jar
Launcher Type: SUN_STANDARD

[Global flags]
    uintx AdaptiveSizePolicyWeight                 = 90                                        {product} {command line}
     intx CICompilerCount                          = 12                                        {product} {ergonomic}
    uintx GCTimeRatio                              = 4                                         {product} {command line}
     bool HeapDumpOnOutOfMemoryError               = true                                   {manageable} {command line}
    ccstr HeapDumpPath                             = c:\Users\ADMIN\AppData\Roaming\Code\User\workspaceStorage\4c1ab381de116513bcdb067e4a9c71b1\redhat.java         {manageable} {command line}
   size_t InitialHeapSize                          = 104857600                                 {product} {command line}
   size_t MaxHeapSize                              = 1073741824                                {product} {command line}
   size_t MaxNewSize                               = 357564416                                 {product} {ergonomic}
   size_t MinHeapDeltaBytes                        = 524288                                    {product} {ergonomic}
   size_t MinHeapSize                              = 104857600                                 {product} {command line}
   size_t NewSize                                  = 34603008                                  {product} {ergonomic}
    uintx NonNMethodCodeHeapSize                   = 7602480                                {pd product} {ergonomic}
    uintx NonProfiledCodeHeapSize                  = 122027880                              {pd product} {ergonomic}
   size_t OldSize                                  = 70254592                                  {product} {ergonomic}
    uintx ProfiledCodeHeapSize                     = 122027880                              {pd product} {ergonomic}
    uintx ReservedCodeCacheSize                    = 251658240                              {pd product} {ergonomic}
     bool SegmentedCodeCache                       = true                                      {product} {ergonomic}
   size_t SoftMaxHeapSize                          = 1073741824                             {manageable} {ergonomic}
     bool UseCompressedClassPointers               = true                           {product lp64_product} {ergonomic}
     bool UseCompressedOops                        = true                           {product lp64_product} {ergonomic}
     bool UseLargePagesIndividualAllocation        = false                                  {pd product} {ergonomic}
     bool UseParallelGC                            = true                                      {product} {command line}

Logging:
Log output configuration:
 #0: stdout all=off uptime,level,tags
 #1: stderr all=off uptime,level,tags

Environment Variables:
PATH=C:\Program Files\Common Files\Oracle\Java\javapath;C:\Program Files (x86)\Common Files\Intel\Shared Libraries\redist\intel64\compiler;C:\Windows\system32;C:\Windows;C:\Windows\System32\Wbem;C:\Windows\System32\WindowsPowerShell\v1.0\;C:\Windows\System32\OpenSSH\;C:\Program Files (x86)\NVIDIA Corporation\PhysX\Common;C:\Program Files\NVIDIA Corporation\NVIDIA NvDLISR;C:\Program Files\Git\cmd;C:\WINDOWS\system32;C:\WINDOWS;C:\WINDOWS\System32\Wbem;C:\WINDOWS\System32\WindowsPowerShell\v1.0\;C:\WINDOWS\System32\OpenSSH\;C:\Users\ADMIN\AppData\Local\Microsoft\WindowsApps;C:\Users\ADMIN\AppData\Local\Programs\Microsoft VS Code\bin;C:\msys64\mingw64\bin;C:\msys64\usr\bin;
USERNAME=ADMIN
OS=Windows_NT
PROCESSOR_IDENTIFIER=AMD64 Family 23 Model 96 Stepping 1, AuthenticAMD
TMP=C:\Users\ADMIN\AppData\Local\Temp
TEMP=C:\Users\ADMIN\AppData\Local\Temp



---------------  S Y S T E M  ---------------

OS:
 Windows 11 , 64 bit Build 22621 (10.0.22621.1635)
OS uptime: 0 days 1:22 hours
Hyper-V role detected

CPU: total 16 (initial active 16) (16 cores per cpu, 2 threads per core) family 23 model 96 stepping 1 microcode 0x0, cx8, cmov, fxsr, ht, mmx, 3dnowpref, sse, sse2, sse3, ssse3, sse4a, sse4.1, sse4.2, popcnt, lzcnt, tsc, tscinvbit, avx, avx2, aes, clmul, bmi1, bmi2, adx, sha, fma, vzeroupper, clflush, clflushopt, hv

Memory: 4k page, system-wide physical 7599M (220M free)
TotalPageFile size 15791M (AvailPageFile size 7M)
current process WorkingSet (physical memory assigned to process): 133M, peak: 133M
current process commit charge ("private bytes"): 257M, peak: 257M

vm_info: OpenJDK 64-Bit Server VM (17.0.7+7) for windows-amd64 JRE (17.0.7+7), built on Apr 18 2023 22:10:42 by "temurin" with MS VC++ 16.7 (VS2019)

END.
