#
# There is insufficient memory for the Java Runtime Environment to continue.
# Native memory allocation (mmap) failed to map 65536 bytes for Failed to commit metaspace.
# Possible reasons:
#   The system is out of physical RAM or swap space
#   The process is running with CompressedOops enabled, and the Java Heap may be blocking the growth of the native heap
# Possible solutions:
#   Reduce memory load on the system
#   Increase physical memory or swap space
#   Check if swap backing store is full
#   Decrease Java heap size (-Xmx/-Xms)
#   Decrease number of Java threads
#   Decrease Java thread stack sizes (-Xss)
#   Set larger code cache with -XX:ReservedCodeCacheSize=
#   JVM is running with Unscaled Compressed Oops mode in which the Java heap is
#     placed in the first 4GB address space. The Java Heap base address is the
#     maximum limit for the native heap growth. Please use -XX:HeapBaseMinAddress
#     to set the Java Heap base and to place the Java Heap above 4GB virtual address.
# This output file may be truncated or incomplete.
#
#  Out of Memory Error (virtualSpaceNode.cpp:110), pid=14844, tid=12364
#
# JRE version: OpenJDK Runtime Environment Temurin-17.0.7+7 (17.0.7+7) (build 17.0.7+7)
# Java VM: OpenJDK 64-Bit Server VM Temurin-17.0.7+7 (17.0.7+7, mixed mode, tiered, compressed oops, compressed class ptrs, parallel gc, windows-amd64)
# No core dump will be written. Minidumps are not enabled by default on client versions of Windows
#

---------------  S U M M A R Y ------------

Command Line: --add-modules=ALL-SYSTEM --add-opens=java.base/java.util=ALL-UNNAMED --add-opens=java.base/java.lang=ALL-UNNAMED --add-opens=java.base/sun.nio.fs=ALL-UNNAMED -Declipse.application=org.eclipse.jdt.ls.core.id1 -Dosgi.bundles.defaultStartLevel=4 -Declipse.product=org.eclipse.jdt.ls.core.product -Djava.import.generatesMetadataFilesAtProjectRoot=false -Dfile.encoding=utf8 -XX:+UseParallelGC -XX:GCTimeRatio=4 -XX:AdaptiveSizePolicyWeight=90 -Dsun.zip.disableMemoryMapping=true -Xmx1G -Xms100m -Xlog:disable -javaagent:c:\Users\ADMIN\.vscode\extensions\redhat.java-1.18.0-win32-x64\lombok\lombok-1.18.27.jar c:\Users\ADMIN\.vscode\extensions\redhat.java-1.18.0-win32-x64\server\plugins\org.eclipse.equinox.launcher_1.6.400.v20210924-0641.jar -configuration c:\Users\ADMIN\AppData\Roaming\Code\User\globalStorage\redhat.java\1.18.0\config_ss_win -data c:\Users\ADMIN\AppData\Roaming\Code\User\workspaceStorage\4c1ab381de116513bcdb067e4a9c71b1\redhat.java\ss_ws

Host: AMD Ryzen 7 4800H with Radeon Graphics         , 16 cores, 7G,  Windows 11 , 64 bit Build 22621 (10.0.22621.1635)
Time: Sat May 13 21:10:20 2023 SE Asia Standard Time elapsed time: 11.839584 seconds (0d 0h 0m 11s)

---------------  T H R E A D  ---------------

Current thread (0x00000194b1a1a980):  JavaThread "Worker-1: Initialize Workspace" [_thread_in_vm, id=12364, stack(0x00000021f7200000,0x00000021f7300000)]

Stack: [0x00000021f7200000,0x00000021f7300000]
Native frames: (J=compiled Java code, j=interpreted, Vv=VM code, C=native code)
V  [jvm.dll+0x67754a]
V  [jvm.dll+0x834304]
V  [jvm.dll+0x835aae]
V  [jvm.dll+0x836113]
V  [jvm.dll+0x24696f]
V  [jvm.dll+0x83039b]
V  [jvm.dll+0x61c006]
V  [jvm.dll+0x1c169e]
V  [jvm.dll+0x61e961]
V  [jvm.dll+0x61c9a6]
V  [jvm.dll+0x36cff2]
V  [jvm.dll+0x1e311b]
V  [jvm.dll+0x53ea79]
V  [jvm.dll+0x7afc28]
V  [jvm.dll+0x7afd14]
V  [jvm.dll+0x40de05]
V  [jvm.dll+0x413f58]
C  [java.dll+0x17ec]

Java frames: (J=compiled Java code, j=interpreted, Vv=VM code)
J 1108  java.lang.ClassLoader.defineClass1(Ljava/lang/ClassLoader;Ljava/lang/String;[BIILjava/security/ProtectionDomain;Ljava/lang/String;)Ljava/lang/Class; java.base@17.0.7 (0 bytes) @ 0x00000194a06ccd5b [0x00000194a06ccca0+0x00000000000000bb]
J 1718 c1 java.lang.ClassLoader.defineClass(Ljava/lang/String;[BIILjava/security/ProtectionDomain;)Ljava/lang/Class; java.base@17.0.7 (43 bytes) @ 0x0000019498debdd4 [0x0000019498deba80+0x0000000000000354]
J 1788 c1 org.eclipse.osgi.internal.loader.ModuleClassLoader.defineClass(Ljava/lang/String;[BLorg/eclipse/osgi/internal/loader/classpath/ClasspathEntry;)Lorg/eclipse/osgi/internal/loader/ModuleClassLoader$DefineClassResult; (138 bytes) @ 0x0000019498e2742c [0x0000019498e271c0+0x000000000000026c]
J 2025 c1 org.eclipse.osgi.internal.loader.classpath.ClasspathManager.defineClass(Ljava/lang/String;[BLorg/eclipse/osgi/internal/loader/classpath/ClasspathEntry;Lorg/eclipse/osgi/storage/bundlefile/BundleEntry;Ljava/util/List;)Ljava/lang/Class; (636 bytes) @ 0x0000019498eabeb4 [0x0000019498eaa4e0+0x00000000000019d4]
J 2846 c1 org.eclipse.osgi.internal.loader.classpath.ClasspathManager.findClassImpl(Ljava/lang/String;Lorg/eclipse/osgi/internal/loader/classpath/ClasspathEntry;Ljava/util/List;)Ljava/lang/Class; (308 bytes) @ 0x000001949906a464 [0x00000194990679a0+0x0000000000002ac4]
J 1757 c1 org.eclipse.osgi.internal.loader.classpath.ClasspathManager.findLocalClassImpl(Ljava/lang/String;[Lorg/eclipse/osgi/internal/loader/classpath/ClasspathEntry;Ljava/util/List;)Ljava/lang/Class; (55 bytes) @ 0x0000019498e0cd4c [0x0000019498e0cbc0+0x000000000000018c]
J 2018 c1 org.eclipse.osgi.internal.loader.classpath.ClasspathManager.findLocalClassImpl(Ljava/lang/String;Ljava/util/List;)Ljava/lang/Class; (132 bytes) @ 0x0000019498ea59d4 [0x0000019498ea54c0+0x0000000000000514]
J 1747 c1 org.eclipse.osgi.internal.loader.classpath.ClasspathManager.findLocalClass(Ljava/lang/String;)Ljava/lang/Class; (210 bytes) @ 0x0000019498dffcbc [0x0000019498dff020+0x0000000000000c9c]
J 1745 c1 org.eclipse.osgi.internal.loader.BundleLoader.findLocalClass(Ljava/lang/String;)Ljava/lang/Class; (152 bytes) @ 0x0000019498e01fec [0x0000019498e017a0+0x000000000000084c]
J 1682 c1 org.eclipse.osgi.internal.loader.BundleLoader.findClass0(Ljava/lang/String;ZZ)Ljava/lang/Class; (466 bytes) @ 0x0000019498ddae94 [0x0000019498dd87a0+0x00000000000026f4]
J 1681 c1 org.eclipse.osgi.internal.loader.BundleLoader.findClass(Ljava/lang/String;)Ljava/lang/Class; (8 bytes) @ 0x0000019498dd629c [0x0000019498dd6220+0x000000000000007c]
J 1683 c1 org.eclipse.osgi.internal.loader.ModuleClassLoader.loadClass(Ljava/lang/String;Z)Ljava/lang/Class; (36 bytes) @ 0x0000019498dd6cbc [0x0000019498dd6aa0+0x000000000000021c]
J 2887 c2 java.lang.ClassLoader.loadClass(Ljava/lang/String;)Ljava/lang/Class; java.base@17.0.7 (7 bytes) @ 0x00000194a07881c0 [0x00000194a0788180+0x0000000000000040]
v  ~StubRoutines::call_stub
j  org.eclipse.jdt.internal.core.ModularClassFile.<clinit>()V+0
v  ~StubRoutines::call_stub
j  org.eclipse.jdt.internal.core.PackageFragment.getModularClassFile()Lorg/eclipse/jdt/core/IModularClassFile;+0
j  org.eclipse.jdt.internal.core.PackageFragmentRoot.getSourceModuleDescription()Lorg/eclipse/jdt/core/IModuleDescription;+100
j  org.eclipse.jdt.internal.core.PackageFragmentRoot.getModuleDescription()Lorg/eclipse/jdt/core/IModuleDescription;+8
j  org.eclipse.jdt.internal.core.JarPackageFragmentRoot.getModuleDescription()Lorg/eclipse/jdt/core/IModuleDescription;+10
j  org.eclipse.jdt.internal.core.JrtPackageFragmentRoot.getModule()Lorg/eclipse/jdt/internal/compiler/env/IModule;+1
j  org.eclipse.jdt.internal.core.JavaProject.lambda$1(Lorg/eclipse/jdt/core/IPackageFragmentRoot;)Lorg/eclipse/jdt/internal/compiler/env/IModule;+11
j  org.eclipse.jdt.internal.core.JavaProject$$Lambda$197+0x00000001003a8000.apply(Ljava/lang/Object;)Ljava/lang/Object;+4
j  org.eclipse.jdt.internal.core.JavaProject.internalDefaultRootModules(Ljava/lang/Iterable;Ljava/util/function/Function;Ljava/util/function/Function;)Ljava/util/List;+161
j  org.eclipse.jdt.internal.core.JavaProject.defaultRootModules(Ljava/lang/Iterable;)Ljava/util/List;+11
j  org.eclipse.jdt.internal.core.JavaProject.computePackageFragmentRoots(Lorg/eclipse/jdt/core/IClasspathEntry;Lorg/eclipse/jdt/internal/compiler/util/ObjectVector;Ljava/util/HashSet;Lorg/eclipse/jdt/core/IClasspathEntry;ZZLjava/util/Map;Z)V+376
j  org.eclipse.jdt.internal.core.JavaProject.computePackageFragmentRoots([Lorg/eclipse/jdt/core/IClasspathEntry;Lorg/eclipse/jdt/internal/compiler/util/ObjectVector;Ljava/util/HashSet;Lorg/eclipse/jdt/core/IClasspathEntry;ZZLjava/util/Map;Z)V+41
j  org.eclipse.jdt.internal.core.JavaProject.computePackageFragmentRoots([Lorg/eclipse/jdt/core/IClasspathEntry;ZZLjava/util/Map;Z)[Lorg/eclipse/jdt/core/IPackageFragmentRoot;+28
j  org.eclipse.jdt.internal.core.JavaProject.computePackageFragmentRoots([Lorg/eclipse/jdt/core/IClasspathEntry;ZZLjava/util/Map;)[Lorg/eclipse/jdt/core/IPackageFragmentRoot;+7
j  org.eclipse.jdt.internal.core.JavaProject.buildStructure(Lorg/eclipse/jdt/internal/core/OpenableElementInfo;Lorg/eclipse/core/runtime/IProgressMonitor;Ljava/util/Map;Lorg/eclipse/core/resources/IResource;)Z+12
j  org.eclipse.jdt.internal.core.Openable.generateInfos(Ljava/lang/Object;Ljava/util/HashMap;Lorg/eclipse/core/runtime/IProgressMonitor;)V+222
j  org.eclipse.jdt.internal.core.JavaElement.openWhenClosed(Ljava/lang/Object;ZLorg/eclipse/core/runtime/IProgressMonitor;)Ljava/lang/Object;+24
j  org.eclipse.jdt.internal.core.JavaElement.getElementInfo(Lorg/eclipse/core/runtime/IProgressMonitor;)Ljava/lang/Object;+23
j  org.eclipse.jdt.internal.core.JavaElement.getElementInfo()Ljava/lang/Object;+2
j  org.eclipse.jdt.internal.core.JavaElement.getChildren()[Lorg/eclipse/jdt/core/IJavaElement;+1
j  org.eclipse.jdt.internal.core.JavaProject.getPackageFragmentRoots()[Lorg/eclipse/jdt/core/IPackageFragmentRoot;+1
j  org.eclipse.jdt.internal.core.JavaProject.getPackageFragments()[Lorg/eclipse/jdt/core/IPackageFragment;+1
j  org.eclipse.jdt.ls.core.internal.managers.ProjectsManager.cleanupResources(Lorg/eclipse/core/resources/IProject;)V+11
j  org.eclipse.jdt.ls.core.internal.managers.ProjectsManager.initializeProjects(Ljava/util/Collection;Lorg/eclipse/core/runtime/IProgressMonitor;)V+48
j  org.eclipse.jdt.ls.core.internal.syntaxserver.SyntaxInitHandler$1.runInWorkspace(Lorg/eclipse/core/runtime/IProgressMonitor;)Lorg/eclipse/core/runtime/IStatus;+16
j  org.eclipse.core.internal.resources.InternalWorkspaceJob.run(Lorg/eclipse/core/runtime/IProgressMonitor;)Lorg/eclipse/core/runtime/IStatus;+39
j  org.eclipse.core.internal.jobs.Worker.run()V+32
v  ~StubRoutines::call_stub

---------------  P R O C E S S  ---------------

Threads class SMR info:
_java_thread_list=0x00000194b2396580, length=25, elements={
0x0000019495e4abb0, 0x0000019495f09f80, 0x0000019495f0b6f0, 0x00000194a9cca0c0,
0x00000194a9ccab80, 0x00000194a9ccbed0, 0x00000194a9ccd220, 0x00000194a9cce1b0,
0x00000194af0f3680, 0x00000194af11ffa0, 0x00000194af20e030, 0x00000194af27f860,
0x00000194af298bb0, 0x00000194b0ec33d0, 0x00000194b19225d0, 0x00000194b1b0a420,
0x00000194b1596be0, 0x00000194b195e4f0, 0x00000194b1bcaa50, 0x00000194b1af6a60,
0x00000194b1a1a980, 0x00000194b1a16fc0, 0x00000194b1a17490, 0x00000194b1a18300,
0x00000194b1a17960
}

Java Threads: ( => current thread )
  0x0000019495e4abb0 JavaThread "main" [_thread_blocked, id=6788, stack(0x00000021f4f00000,0x00000021f5000000)]
  0x0000019495f09f80 JavaThread "Reference Handler" daemon [_thread_blocked, id=20176, stack(0x00000021f5200000,0x00000021f5300000)]
  0x0000019495f0b6f0 JavaThread "Finalizer" daemon [_thread_blocked, id=23976, stack(0x00000021f5300000,0x00000021f5400000)]
  0x00000194a9cca0c0 JavaThread "Signal Dispatcher" daemon [_thread_blocked, id=2784, stack(0x00000021f5400000,0x00000021f5500000)]
  0x00000194a9ccab80 JavaThread "Attach Listener" daemon [_thread_blocked, id=24500, stack(0x00000021f5500000,0x00000021f5600000)]
  0x00000194a9ccbed0 JavaThread "Service Thread" daemon [_thread_blocked, id=2948, stack(0x00000021f5600000,0x00000021f5700000)]
  0x00000194a9ccd220 JavaThread "Monitor Deflation Thread" daemon [_thread_blocked, id=23912, stack(0x00000021f5700000,0x00000021f5800000)]
  0x00000194a9cce1b0 JavaThread "C2 CompilerThread0" daemon [_thread_blocked, id=2452, stack(0x00000021f5800000,0x00000021f5900000)]
  0x00000194af0f3680 JavaThread "C1 CompilerThread0" daemon [_thread_blocked, id=19256, stack(0x00000021f5900000,0x00000021f5a00000)]
  0x00000194af11ffa0 JavaThread "Sweeper thread" daemon [_thread_blocked, id=3612, stack(0x00000021f5a00000,0x00000021f5b00000)]
  0x00000194af20e030 JavaThread "Common-Cleaner" daemon [_thread_blocked, id=3716, stack(0x00000021f5b00000,0x00000021f5c00000)]
  0x00000194af27f860 JavaThread "C1 CompilerThread1" daemon [_thread_blocked, id=1872, stack(0x00000021f5c00000,0x00000021f5d00000)]
  0x00000194af298bb0 JavaThread "C1 CompilerThread2" daemon [_thread_blocked, id=23948, stack(0x00000021f5d00000,0x00000021f5e00000)]
  0x00000194b0ec33d0 JavaThread "Notification Thread" daemon [_thread_blocked, id=23876, stack(0x00000021f5e00000,0x00000021f5f00000)]
  0x00000194b19225d0 JavaThread "Active Thread: Equinox Container: 2cb8b8a1-5a79-4d34-9d9e-66557b643e3c" [_thread_blocked, id=6928, stack(0x00000021f6600000,0x00000021f6700000)]
  0x00000194b1b0a420 JavaThread "Framework Event Dispatcher: Equinox Container: 2cb8b8a1-5a79-4d34-9d9e-66557b643e3c" daemon [_thread_blocked, id=22044, stack(0x00000021f6700000,0x00000021f6800000)]
  0x00000194b1596be0 JavaThread "Start Level: Equinox Container: 2cb8b8a1-5a79-4d34-9d9e-66557b643e3c" daemon [_thread_blocked, id=11320, stack(0x00000021f6800000,0x00000021f6900000)]
  0x00000194b195e4f0 JavaThread "SCR Component Actor" daemon [_thread_blocked, id=13796, stack(0x00000021f6900000,0x00000021f6a00000)]
  0x00000194b1bcaa50 JavaThread "Worker-JM" [_thread_blocked, id=19268, stack(0x00000021f6c00000,0x00000021f6d00000)]
  0x00000194b1af6a60 JavaThread "Worker-0" [_thread_blocked, id=16828, stack(0x00000021f7100000,0x00000021f7200000)]
=>0x00000194b1a1a980 JavaThread "Worker-1: Initialize Workspace" [_thread_in_vm, id=12364, stack(0x00000021f7200000,0x00000021f7300000)]
  0x00000194b1a16fc0 JavaThread "Worker-2" [_thread_blocked, id=17928, stack(0x00000021f7300000,0x00000021f7400000)]
  0x00000194b1a17490 JavaThread "JNA Cleaner" daemon [_thread_blocked, id=23660, stack(0x00000021f7500000,0x00000021f7600000)]
  0x00000194b1a18300 JavaThread "pool-2-thread-1" [_thread_blocked, id=20792, stack(0x00000021f7600000,0x00000021f7700000)]
  0x00000194b1a17960 JavaThread "pool-1-thread-1" [_thread_blocked, id=19692, stack(0x00000021f7700000,0x00000021f7800000)]

Other Threads:
  0x0000019495f06a70 VMThread "VM Thread" [stack: 0x00000021f5100000,0x00000021f5200000] [id=14968]
  0x00000194b0ec38a0 WatcherThread [stack: 0x00000021f5f00000,0x00000021f6000000] [id=6104]
  0x0000019495e5f700 GCTaskThread "GC Thread#0" [stack: 0x00000021f5000000,0x00000021f5100000] [id=12860]
  0x00000194b126e3f0 GCTaskThread "GC Thread#1" [stack: 0x00000021f6000000,0x00000021f6100000] [id=5420]
  0x00000194b126ecb0 GCTaskThread "GC Thread#2" [stack: 0x00000021f6100000,0x00000021f6200000] [id=18996]
  0x00000194b126ef60 GCTaskThread "GC Thread#3" [stack: 0x00000021f6200000,0x00000021f6300000] [id=6780]
  0x00000194b127fde0 GCTaskThread "GC Thread#4" [stack: 0x00000021f6300000,0x00000021f6400000] [id=8896]
  0x00000194b1280090 GCTaskThread "GC Thread#5" [stack: 0x00000021f6400000,0x00000021f6500000] [id=23828]
  0x00000194b1280950 GCTaskThread "GC Thread#6" [stack: 0x00000021f6500000,0x00000021f6600000] [id=16200]
  0x00000194b15c93d0 GCTaskThread "GC Thread#7" [stack: 0x00000021f6a00000,0x00000021f6b00000] [id=8904]
  0x00000194b15c83b0 GCTaskThread "GC Thread#8" [stack: 0x00000021f6d00000,0x00000021f6e00000] [id=19216]
  0x00000194b15c78f0 GCTaskThread "GC Thread#9" [stack: 0x00000021f6e00000,0x00000021f6f00000] [id=22672]
  0x00000194b15c8660 GCTaskThread "GC Thread#10" [stack: 0x00000021f6f00000,0x00000021f7000000] [id=11248]
  0x00000194b15c8910 GCTaskThread "GC Thread#11" [stack: 0x00000021f7000000,0x00000021f7100000] [id=13556]
  0x00000194b1158330 GCTaskThread "GC Thread#12" [stack: 0x00000021f7400000,0x00000021f7500000] [id=17288]

Threads with active compile tasks:

VM state: not at safepoint (normal execution)

VM Mutex/Monitor currently owned by a thread:  ([mutex/lock_event])
[0x0000019495e457b0] Metaspace_lock - owner thread: 0x00000194b1a1a980

Heap address: 0x00000000c0000000, size: 1024 MB, Compressed Oops mode: 32-bit

CDS archive(s) not mapped
Compressed class space mapped at: 0x0000000100000000-0x0000000140000000, reserved size: 1073741824
Narrow klass base: 0x0000000000000000, Narrow klass shift: 3, Narrow klass range: 0x140000000

GC Precious Log:
 CPUs: 16 total, 16 available
 Memory: 7599M
 Large Page Support: Disabled
 NUMA Support: Disabled
 Compressed Oops: Enabled (32-bit)
 Alignments: Space 512K, Generation 512K, Heap 2M
 Heap Min Capacity: 100M
 Heap Initial Capacity: 100M
 Heap Max Capacity: 1G
 Pre-touch: Disabled
 Parallel Workers: 13

Heap:
 PSYoungGen      total 26624K, used 401K [0x00000000eab00000, 0x00000000ec880000, 0x0000000100000000)
  eden space 24064K, 1% used [0x00000000eab00000,0x00000000eab644b0,0x00000000ec280000)
  from space 2560K, 0% used [0x00000000ec600000,0x00000000ec600000,0x00000000ec880000)
  to   space 1536K, 0% used [0x00000000ec480000,0x00000000ec480000,0x00000000ec600000)
 ParOldGen       total 68608K, used 10867K [0x00000000c0000000, 0x00000000c4300000, 0x00000000eab00000)
  object space 68608K, 15% used [0x00000000c0000000,0x00000000c0a9ced8,0x00000000c4300000)
 Metaspace       used 35221K, committed 35904K, reserved 1114112K
  class space    used 3537K, committed 3840K, reserved 1048576K

Card table byte_map: [0x00000194957f0000,0x0000019495a00000] _byte_map_base: 0x00000194951f0000

Marking Bits: (ParMarkBitMap*) 0x00007ff937be52c0
 Begin Bits: [0x00000194a7ad0000, 0x00000194a8ad0000)
 End Bits:   [0x00000194a8ad0000, 0x00000194a9ad0000)

Polling page: 0x0000019493d80000

Metaspace:

Usage:
  Non-class:     30.94 MB used.
      Class:      3.45 MB used.
       Both:     34.40 MB used.

Virtual space:
  Non-class space:       64.00 MB reserved,      31.31 MB ( 49%) committed,  1 nodes.
      Class space:        1.00 GB reserved,       3.75 MB ( <1%) committed,  1 nodes.
             Both:        1.06 GB reserved,      35.06 MB (  3%) committed. 

Chunk freelists:
   Non-Class:  15.75 MB
       Class:  12.05 MB
        Both:  27.80 MB

MaxMetaspaceSize: unlimited
CompressedClassSpaceSize: 1.00 GB
Initial GC threshold: 21.00 MB
Current GC threshold: 58.38 MB
CDS: off
MetaspaceReclaimPolicy: balanced
 - commit_granule_bytes: 65536.
 - commit_granule_words: 8192.
 - virtual_space_node_default_size: 8388608.
 - enlarge_chunks_in_place: 1.
 - new_chunks_are_fully_committed: 0.
 - uncommit_free_chunks: 1.
 - use_allocation_guard: 0.
 - handle_deallocations: 1.


Internal statistics:

num_allocs_failed_limit: 6.
num_arena_births: 292.
num_arena_deaths: 14.
num_vsnodes_births: 2.
num_vsnodes_deaths: 0.
num_space_committed: 561.
num_space_uncommitted: 0.
num_chunks_returned_to_freelist: 20.
num_chunks_taken_from_freelist: 1357.
num_chunk_merges: 10.
num_chunk_splits: 899.
num_chunks_enlarged: 592.
num_inconsistent_stats: 0.

CodeHeap 'non-profiled nmethods': size=119168Kb used=1279Kb max_used=1279Kb free=117888Kb
 bounds [0x00000194a0670000, 0x00000194a08e0000, 0x00000194a7ad0000]
CodeHeap 'profiled nmethods': size=119104Kb used=7172Kb max_used=7172Kb free=111932Kb
 bounds [0x0000019498ad0000, 0x00000194991e0000, 0x000001949ff20000]
CodeHeap 'non-nmethods': size=7488Kb used=2386Kb max_used=2417Kb free=5101Kb
 bounds [0x000001949ff20000, 0x00000194a0190000, 0x00000194a0670000]
 total_blobs=4006 nmethods=3429 adapters=489
 compilation: enabled
              stopped_count=0, restarted_count=0
 full_count=0

Compilation events (20 events):
Event: 11.735 Thread 0x00000194af298bb0 3424       1       jdk.internal.jimage.ImageReader$Resource::isCompleted (2 bytes)
Event: 11.735 Thread 0x00000194af298bb0 nmethod 3424 0x00000194a07ad290 code [0x00000194a07ad420, 0x00000194a07ad4f8]
Event: 11.735 Thread 0x00000194af0f3680 nmethod 3421 0x00000194991cba10 code [0x00000194991cbbc0, 0x00000194991cbf28]
Event: 11.735 Thread 0x00000194af0f3680 3426       3       jdk.internal.jrtfs.JrtPath::getNameCount (10 bytes)
Event: 11.736 Thread 0x00000194af298bb0 3427       3       jdk.internal.jrtfs.JrtPath::getName (6 bytes)
Event: 11.736 Thread 0x00000194af0f3680 nmethod 3426 0x00000194991cc110 code [0x00000194991cc2c0, 0x00000194991cc408]
Event: 11.736 Thread 0x00000194af0f3680 3428       3       jdk.internal.jrtfs.JrtPath::getName (116 bytes)
Event: 11.736 Thread 0x00000194af298bb0 nmethod 3427 0x00000194991cc510 code [0x00000194991cc6a0, 0x00000194991cc7e8]
Event: 11.736 Thread 0x00000194af298bb0 3429       3       org.eclipse.jdt.internal.core.JavaModelManager::getJavaModelManager (4 bytes)
Event: 11.736 Thread 0x00000194af27f860 nmethod 3422 0x00000194991cc890 code [0x00000194991ccb80, 0x00000194991cdf18]
Event: 11.736 Thread 0x00000194af298bb0 nmethod 3429 0x00000194991ce710 code [0x00000194991ce8a0, 0x00000194991ce998]
Event: 11.737 Thread 0x00000194af298bb0 3430       3       org.eclipse.jdt.internal.core.util.Util::equalArrays (64 bytes)
Event: 11.738 Thread 0x00000194af27f860 3431       3       org.eclipse.jdt.internal.core.util.Util::equalArraysOrNull (72 bytes)
Event: 11.738 Thread 0x00000194af0f3680 nmethod 3428 0x00000194991cea10 code [0x00000194991cece0, 0x00000194991cf8c8]
Event: 11.738 Thread 0x00000194af27f860 nmethod 3431 0x00000194991cfe90 code [0x00000194991d0080, 0x00000194991d05c8]
Event: 11.739 Thread 0x00000194af298bb0 nmethod 3430 0x00000194991d0710 code [0x00000194991d0900, 0x00000194991d0e28]
Event: 11.778 Thread 0x00000194a9cce1b0 nmethod 3420 0x00000194a07ad590 code [0x00000194a07ad780, 0x00000194a07ae400]
Event: 11.778 Thread 0x00000194a9cce1b0 3432       4       jdk.internal.jrtfs.JrtPath::normalize (97 bytes)
Event: 11.830 Thread 0x00000194a9cce1b0 nmethod 3432 0x00000194a07aec90 code [0x00000194a07aee40, 0x00000194a07af3e8]
Event: 11.830 Thread 0x00000194a9cce1b0 3423       4       java.lang.String::indexOf (64 bytes)

GC Heap History (20 events):
Event: 1.774 GC heap before
{Heap before GC invocations=1 (full 0):
 PSYoungGen      total 29696K, used 25600K [0x00000000eab00000, 0x00000000ecc00000, 0x0000000100000000)
  eden space 25600K, 100% used [0x00000000eab00000,0x00000000ec400000,0x00000000ec400000)
  from space 4096K, 0% used [0x00000000ec800000,0x00000000ec800000,0x00000000ecc00000)
  to   space 4096K, 0% used [0x00000000ec400000,0x00000000ec400000,0x00000000ec800000)
 ParOldGen       total 68608K, used 0K [0x00000000c0000000, 0x00000000c4300000, 0x00000000eab00000)
  object space 68608K, 0% used [0x00000000c0000000,0x00000000c0000000,0x00000000c4300000)
 Metaspace       used 10919K, committed 11136K, reserved 1114112K
  class space    used 1085K, committed 1216K, reserved 1048576K
}
Event: 1.781 GC heap after
{Heap after GC invocations=1 (full 0):
 PSYoungGen      total 29696K, used 3112K [0x00000000eab00000, 0x00000000ecc00000, 0x0000000100000000)
  eden space 25600K, 0% used [0x00000000eab00000,0x00000000eab00000,0x00000000ec400000)
  from space 4096K, 75% used [0x00000000ec400000,0x00000000ec70a3c8,0x00000000ec800000)
  to   space 4096K, 0% used [0x00000000ec800000,0x00000000ec800000,0x00000000ecc00000)
 ParOldGen       total 68608K, used 16K [0x00000000c0000000, 0x00000000c4300000, 0x00000000eab00000)
  object space 68608K, 0% used [0x00000000c0000000,0x00000000c0004000,0x00000000c4300000)
 Metaspace       used 10919K, committed 11136K, reserved 1114112K
  class space    used 1085K, committed 1216K, reserved 1048576K
}
Event: 3.450 GC heap before
{Heap before GC invocations=2 (full 0):
 PSYoungGen      total 29696K, used 28712K [0x00000000eab00000, 0x00000000ecc00000, 0x0000000100000000)
  eden space 25600K, 100% used [0x00000000eab00000,0x00000000ec400000,0x00000000ec400000)
  from space 4096K, 75% used [0x00000000ec400000,0x00000000ec70a3c8,0x00000000ec800000)
  to   space 4096K, 0% used [0x00000000ec800000,0x00000000ec800000,0x00000000ecc00000)
 ParOldGen       total 68608K, used 16K [0x00000000c0000000, 0x00000000c4300000, 0x00000000eab00000)
  object space 68608K, 0% used [0x00000000c0000000,0x00000000c0004000,0x00000000c4300000)
 Metaspace       used 15144K, committed 15424K, reserved 1114112K
  class space    used 1533K, committed 1664K, reserved 1048576K
}
Event: 3.459 GC heap after
{Heap after GC invocations=2 (full 0):
 PSYoungGen      total 29696K, used 4088K [0x00000000eab00000, 0x00000000ecc00000, 0x0000000100000000)
  eden space 25600K, 0% used [0x00000000eab00000,0x00000000eab00000,0x00000000ec400000)
  from space 4096K, 99% used [0x00000000ec800000,0x00000000ecbfe3b8,0x00000000ecc00000)
  to   space 4096K, 0% used [0x00000000ec400000,0x00000000ec400000,0x00000000ec800000)
 ParOldGen       total 68608K, used 686K [0x00000000c0000000, 0x00000000c4300000, 0x00000000eab00000)
  object space 68608K, 0% used [0x00000000c0000000,0x00000000c00ab820,0x00000000c4300000)
 Metaspace       used 15144K, committed 15424K, reserved 1114112K
  class space    used 1533K, committed 1664K, reserved 1048576K
}
Event: 5.361 GC heap before
{Heap before GC invocations=3 (full 0):
 PSYoungGen      total 29696K, used 29688K [0x00000000eab00000, 0x00000000ecc00000, 0x0000000100000000)
  eden space 25600K, 100% used [0x00000000eab00000,0x00000000ec400000,0x00000000ec400000)
  from space 4096K, 99% used [0x00000000ec800000,0x00000000ecbfe3b8,0x00000000ecc00000)
  to   space 4096K, 0% used [0x00000000ec400000,0x00000000ec400000,0x00000000ec800000)
 ParOldGen       total 68608K, used 686K [0x00000000c0000000, 0x00000000c4300000, 0x00000000eab00000)
  object space 68608K, 0% used [0x00000000c0000000,0x00000000c00ab820,0x00000000c4300000)
 Metaspace       used 20299K, committed 20736K, reserved 1114112K
  class space    used 2053K, committed 2240K, reserved 1048576K
}
Event: 5.370 GC heap after
{Heap after GC invocations=3 (full 0):
 PSYoungGen      total 29696K, used 4082K [0x00000000eab00000, 0x00000000ecc00000, 0x0000000100000000)
  eden space 25600K, 0% used [0x00000000eab00000,0x00000000eab00000,0x00000000ec400000)
  from space 4096K, 99% used [0x00000000ec400000,0x00000000ec7fc810,0x00000000ec800000)
  to   space 4096K, 0% used [0x00000000ec800000,0x00000000ec800000,0x00000000ecc00000)
 ParOldGen       total 68608K, used 2859K [0x00000000c0000000, 0x00000000c4300000, 0x00000000eab00000)
  object space 68608K, 4% used [0x00000000c0000000,0x00000000c02cae20,0x00000000c4300000)
 Metaspace       used 20299K, committed 20736K, reserved 1114112K
  class space    used 2053K, committed 2240K, reserved 1048576K
}
Event: 5.640 GC heap before
{Heap before GC invocations=4 (full 0):
 PSYoungGen      total 29696K, used 9889K [0x00000000eab00000, 0x00000000ecc00000, 0x0000000100000000)
  eden space 25600K, 22% used [0x00000000eab00000,0x00000000eb0abc20,0x00000000ec400000)
  from space 4096K, 99% used [0x00000000ec400000,0x00000000ec7fc810,0x00000000ec800000)
  to   space 4096K, 0% used [0x00000000ec800000,0x00000000ec800000,0x00000000ecc00000)
 ParOldGen       total 68608K, used 2859K [0x00000000c0000000, 0x00000000c4300000, 0x00000000eab00000)
  object space 68608K, 4% used [0x00000000c0000000,0x00000000c02cae20,0x00000000c4300000)
 Metaspace       used 21131K, committed 21504K, reserved 1114112K
  class space    used 2147K, committed 2304K, reserved 1048576K
}
Event: 5.644 GC heap after
{Heap after GC invocations=4 (full 0):
 PSYoungGen      total 29696K, used 4075K [0x00000000eab00000, 0x00000000ecc00000, 0x0000000100000000)
  eden space 25600K, 0% used [0x00000000eab00000,0x00000000eab00000,0x00000000ec400000)
  from space 4096K, 99% used [0x00000000ec800000,0x00000000ecbfac78,0x00000000ecc00000)
  to   space 4096K, 0% used [0x00000000ec400000,0x00000000ec400000,0x00000000ec800000)
 ParOldGen       total 68608K, used 3144K [0x00000000c0000000, 0x00000000c4300000, 0x00000000eab00000)
  object space 68608K, 4% used [0x00000000c0000000,0x00000000c0312028,0x00000000c4300000)
 Metaspace       used 21131K, committed 21504K, reserved 1114112K
  class space    used 2147K, committed 2304K, reserved 1048576K
}
Event: 5.644 GC heap before
{Heap before GC invocations=5 (full 1):
 PSYoungGen      total 29696K, used 4075K [0x00000000eab00000, 0x00000000ecc00000, 0x0000000100000000)
  eden space 25600K, 0% used [0x00000000eab00000,0x00000000eab00000,0x00000000ec400000)
  from space 4096K, 99% used [0x00000000ec800000,0x00000000ecbfac78,0x00000000ecc00000)
  to   space 4096K, 0% used [0x00000000ec400000,0x00000000ec400000,0x00000000ec800000)
 ParOldGen       total 68608K, used 3144K [0x00000000c0000000, 0x00000000c4300000, 0x00000000eab00000)
  object space 68608K, 4% used [0x00000000c0000000,0x00000000c0312028,0x00000000c4300000)
 Metaspace       used 21131K, committed 21504K, reserved 1114112K
  class space    used 2147K, committed 2304K, reserved 1048576K
}
Event: 5.679 GC heap after
{Heap after GC invocations=5 (full 1):
 PSYoungGen      total 29696K, used 0K [0x00000000eab00000, 0x00000000ecc00000, 0x0000000100000000)
  eden space 25600K, 0% used [0x00000000eab00000,0x00000000eab00000,0x00000000ec400000)
  from space 4096K, 0% used [0x00000000ec800000,0x00000000ec800000,0x00000000ecc00000)
  to   space 4096K, 0% used [0x00000000ec400000,0x00000000ec400000,0x00000000ec800000)
 ParOldGen       total 68608K, used 6918K [0x00000000c0000000, 0x00000000c4300000, 0x00000000eab00000)
  object space 68608K, 10% used [0x00000000c0000000,0x00000000c06c1ba0,0x00000000c4300000)
 Metaspace       used 21118K, committed 21504K, reserved 1114112K
  class space    used 2144K, committed 2304K, reserved 1048576K
}
Event: 6.636 GC heap before
{Heap before GC invocations=6 (full 1):
 PSYoungGen      total 29696K, used 25600K [0x00000000eab00000, 0x00000000ecc00000, 0x0000000100000000)
  eden space 25600K, 100% used [0x00000000eab00000,0x00000000ec400000,0x00000000ec400000)
  from space 4096K, 0% used [0x00000000ec800000,0x00000000ec800000,0x00000000ecc00000)
  to   space 4096K, 0% used [0x00000000ec400000,0x00000000ec400000,0x00000000ec800000)
 ParOldGen       total 68608K, used 6918K [0x00000000c0000000, 0x00000000c4300000, 0x00000000eab00000)
  object space 68608K, 10% used [0x00000000c0000000,0x00000000c06c1ba0,0x00000000c4300000)
 Metaspace       used 24526K, committed 25024K, reserved 1114112K
  class space    used 2389K, committed 2560K, reserved 1048576K
}
Event: 6.638 GC heap after
{Heap after GC invocations=6 (full 1):
 PSYoungGen      total 26112K, used 872K [0x00000000eab00000, 0x00000000ec880000, 0x0000000100000000)
  eden space 25088K, 0% used [0x00000000eab00000,0x00000000eab00000,0x00000000ec380000)
  from space 1024K, 85% used [0x00000000ec400000,0x00000000ec4da3c8,0x00000000ec500000)
  to   space 2560K, 0% used [0x00000000ec600000,0x00000000ec600000,0x00000000ec880000)
 ParOldGen       total 68608K, used 6926K [0x00000000c0000000, 0x00000000c4300000, 0x00000000eab00000)
  object space 68608K, 10% used [0x00000000c0000000,0x00000000c06c3ba0,0x00000000c4300000)
 Metaspace       used 24526K, committed 25024K, reserved 1114112K
  class space    used 2389K, committed 2560K, reserved 1048576K
}
Event: 7.595 GC heap before
{Heap before GC invocations=7 (full 1):
 PSYoungGen      total 26112K, used 25960K [0x00000000eab00000, 0x00000000ec880000, 0x0000000100000000)
  eden space 25088K, 100% used [0x00000000eab00000,0x00000000ec380000,0x00000000ec380000)
  from space 1024K, 85% used [0x00000000ec400000,0x00000000ec4da3c8,0x00000000ec500000)
  to   space 2560K, 0% used [0x00000000ec600000,0x00000000ec600000,0x00000000ec880000)
 ParOldGen       total 68608K, used 6926K [0x00000000c0000000, 0x00000000c4300000, 0x00000000eab00000)
  object space 68608K, 10% used [0x00000000c0000000,0x00000000c06c3ba0,0x00000000c4300000)
 Metaspace       used 27535K, committed 27968K, reserved 1114112K
  class space    used 2640K, committed 2816K, reserved 1048576K
}
Event: 7.598 GC heap after
{Heap after GC invocations=7 (full 1):
 PSYoungGen      total 26112K, used 1256K [0x00000000eab00000, 0x00000000ec780000, 0x0000000100000000)
  eden space 24576K, 0% used [0x00000000eab00000,0x00000000eab00000,0x00000000ec300000)
  from space 1536K, 81% used [0x00000000ec600000,0x00000000ec73a3c8,0x00000000ec780000)
  to   space 1536K, 0% used [0x00000000ec480000,0x00000000ec480000,0x00000000ec600000)
 ParOldGen       total 68608K, used 6934K [0x00000000c0000000, 0x00000000c4300000, 0x00000000eab00000)
  object space 68608K, 10% used [0x00000000c0000000,0x00000000c06c5ba0,0x00000000c4300000)
 Metaspace       used 27535K, committed 27968K, reserved 1114112K
  class space    used 2640K, committed 2816K, reserved 1048576K
}
Event: 10.234 GC heap before
{Heap before GC invocations=8 (full 1):
 PSYoungGen      total 26112K, used 25832K [0x00000000eab00000, 0x00000000ec780000, 0x0000000100000000)
  eden space 24576K, 100% used [0x00000000eab00000,0x00000000ec300000,0x00000000ec300000)
  from space 1536K, 81% used [0x00000000ec600000,0x00000000ec73a3c8,0x00000000ec780000)
  to   space 1536K, 0% used [0x00000000ec480000,0x00000000ec480000,0x00000000ec600000)
 ParOldGen       total 68608K, used 6934K [0x00000000c0000000, 0x00000000c4300000, 0x00000000eab00000)
  object space 68608K, 10% used [0x00000000c0000000,0x00000000c06c5ba0,0x00000000c4300000)
 Metaspace       used 31905K, committed 32512K, reserved 1114112K
  class space    used 3170K, committed 3392K, reserved 1048576K
}
Event: 10.236 GC heap after
{Heap after GC invocations=8 (full 1):
 PSYoungGen      total 25600K, used 1528K [0x00000000eab00000, 0x00000000ec880000, 0x0000000100000000)
  eden space 24064K, 0% used [0x00000000eab00000,0x00000000eab00000,0x00000000ec280000)
  from space 1536K, 99% used [0x00000000ec480000,0x00000000ec5fe3a8,0x00000000ec600000)
  to   space 2560K, 0% used [0x00000000ec600000,0x00000000ec600000,0x00000000ec880000)
 ParOldGen       total 68608K, used 7842K [0x00000000c0000000, 0x00000000c4300000, 0x00000000eab00000)
  object space 68608K, 11% used [0x00000000c0000000,0x00000000c07a8a68,0x00000000c4300000)
 Metaspace       used 31905K, committed 32512K, reserved 1114112K
  class space    used 3170K, committed 3392K, reserved 1048576K
}
Event: 11.783 GC heap before
{Heap before GC invocations=9 (full 1):
 PSYoungGen      total 25600K, used 25368K [0x00000000eab00000, 0x00000000ec880000, 0x0000000100000000)
  eden space 24064K, 99% used [0x00000000eab00000,0x00000000ec247fb0,0x00000000ec280000)
  from space 1536K, 99% used [0x00000000ec480000,0x00000000ec5fe3a8,0x00000000ec600000)
  to   space 2560K, 0% used [0x00000000ec600000,0x00000000ec600000,0x00000000ec880000)
 ParOldGen       total 68608K, used 7842K [0x00000000c0000000, 0x00000000c4300000, 0x00000000eab00000)
  object space 68608K, 11% used [0x00000000c0000000,0x00000000c07a8a68,0x00000000c4300000)
 Metaspace       used 35158K, committed 35840K, reserved 1114112K
  class space    used 3533K, committed 3840K, reserved 1048576K
}
Event: 11.787 GC heap after
{Heap after GC invocations=9 (full 1):
 PSYoungGen      total 26624K, used 2556K [0x00000000eab00000, 0x00000000ec880000, 0x0000000100000000)
  eden space 24064K, 0% used [0x00000000eab00000,0x00000000eab00000,0x00000000ec280000)
  from space 2560K, 99% used [0x00000000ec600000,0x00000000ec87f130,0x00000000ec880000)
  to   space 1536K, 0% used [0x00000000ec480000,0x00000000ec480000,0x00000000ec600000)
 ParOldGen       total 68608K, used 8538K [0x00000000c0000000, 0x00000000c4300000, 0x00000000eab00000)
  object space 68608K, 12% used [0x00000000c0000000,0x00000000c0856a78,0x00000000c4300000)
 Metaspace       used 35158K, committed 35840K, reserved 1114112K
  class space    used 3533K, committed 3840K, reserved 1048576K
}
Event: 11.787 GC heap before
{Heap before GC invocations=10 (full 2):
 PSYoungGen      total 26624K, used 2556K [0x00000000eab00000, 0x00000000ec880000, 0x0000000100000000)
  eden space 24064K, 0% used [0x00000000eab00000,0x00000000eab00000,0x00000000ec280000)
  from space 2560K, 99% used [0x00000000ec600000,0x00000000ec87f130,0x00000000ec880000)
  to   space 1536K, 0% used [0x00000000ec480000,0x00000000ec480000,0x00000000ec600000)
 ParOldGen       total 68608K, used 8538K [0x00000000c0000000, 0x00000000c4300000, 0x00000000eab00000)
  object space 68608K, 12% used [0x00000000c0000000,0x00000000c0856a78,0x00000000c4300000)
 Metaspace       used 35158K, committed 35840K, reserved 1114112K
  class space    used 3533K, committed 3840K, reserved 1048576K
}
Event: 11.821 GC heap after
{Heap after GC invocations=10 (full 2):
 PSYoungGen      total 26624K, used 0K [0x00000000eab00000, 0x00000000ec880000, 0x0000000100000000)
  eden space 24064K, 0% used [0x00000000eab00000,0x00000000eab00000,0x00000000ec280000)
  from space 2560K, 0% used [0x00000000ec600000,0x00000000ec600000,0x00000000ec880000)
  to   space 1536K, 0% used [0x00000000ec480000,0x00000000ec480000,0x00000000ec600000)
 ParOldGen       total 68608K, used 10867K [0x00000000c0000000, 0x00000000c4300000, 0x00000000eab00000)
  object space 68608K, 15% used [0x00000000c0000000,0x00000000c0a9ced8,0x00000000c4300000)
 Metaspace       used 35158K, committed 35840K, reserved 1114112K
  class space    used 3533K, committed 3840K, reserved 1048576K
}

Dll operation events (10 events):
Event: 0.011 Loaded shared library c:\Users\ADMIN\.vscode\extensions\redhat.java-1.18.0-win32-x64\jre\17.0.7-win32-x86_64\bin\java.dll
Event: 0.264 Loaded shared library c:\Users\ADMIN\.vscode\extensions\redhat.java-1.18.0-win32-x64\jre\17.0.7-win32-x86_64\bin\zip.dll
Event: 0.272 Loaded shared library C:\Users\ADMIN\.vscode\extensions\redhat.java-1.18.0-win32-x64\jre\17.0.7-win32-x86_64\bin\instrument.dll
Event: 0.295 Loaded shared library C:\Users\ADMIN\.vscode\extensions\redhat.java-1.18.0-win32-x64\jre\17.0.7-win32-x86_64\bin\net.dll
Event: 0.299 Loaded shared library C:\Users\ADMIN\.vscode\extensions\redhat.java-1.18.0-win32-x64\jre\17.0.7-win32-x86_64\bin\nio.dll
Event: 0.312 Loaded shared library C:\Users\ADMIN\.vscode\extensions\redhat.java-1.18.0-win32-x64\jre\17.0.7-win32-x86_64\bin\zip.dll
Event: 0.338 Loaded shared library C:\Users\ADMIN\.vscode\extensions\redhat.java-1.18.0-win32-x64\jre\17.0.7-win32-x86_64\bin\jimage.dll
Event: 0.424 Loaded shared library c:\Users\ADMIN\.vscode\extensions\redhat.java-1.18.0-win32-x64\jre\17.0.7-win32-x86_64\bin\verify.dll
Event: 2.986 Loaded shared library C:\Users\ADMIN\AppData\Roaming\Code\User\globalStorage\redhat.java\1.18.0\config_ss_win\org.eclipse.equinox.launcher\org.eclipse.equinox.launcher.win32.win32.x86_64_1.2.700.v20221108-1024\eclipse_11801.dll
Event: 9.339 Loaded shared library C:\Users\ADMIN\AppData\Local\Temp\jna-62130991\jna18408310488226641440.dll

Deoptimization events (20 events):
Event: 11.682 Thread 0x00000194b1a1a980 Uncommon trap: trap_request=0xffffff45 fr.pc=0x00000194a07a9558 relative=0x0000000000000138
Event: 11.682 Thread 0x00000194b1a1a980 Uncommon trap: reason=unstable_if action=reinterpret pc=0x00000194a07a9558 method=jdk.internal.jrtfs.JrtPath.normalize(Ljava/lang/String;)Ljava/lang/String; @ 78 c2
Event: 11.682 Thread 0x00000194b1a1a980 DEOPT PACKING pc=0x00000194a07a9558 sp=0x00000021f72fdb30
Event: 11.682 Thread 0x00000194b1a1a980 DEOPT UNPACKING pc=0x000001949ff766a3 sp=0x00000021f72fdab0 mode 2
Event: 11.730 Thread 0x00000194b1a1a980 Uncommon trap: trap_request=0xffffffc6 fr.pc=0x00000194a07abe3c relative=0x000000000000069c
Event: 11.731 Thread 0x00000194b1a1a980 Uncommon trap: reason=bimorphic_or_optimized_type_check action=maybe_recompile pc=0x00000194a07abe3c method=jdk.internal.jimage.ImageReader$SharedImageReader.findNode(Ljava/lang/String;)Ljdk/internal/jimage/ImageReader$Node; @ 22 c2
Event: 11.731 Thread 0x00000194b1a1a980 DEOPT PACKING pc=0x00000194a07abe3c sp=0x00000021f72fd840
Event: 11.731 Thread 0x00000194b1a1a980 DEOPT UNPACKING pc=0x000001949ff766a3 sp=0x00000021f72fd818 mode 2
Event: 11.731 Thread 0x00000194b1a1a980 Uncommon trap: trap_request=0xffffffc6 fr.pc=0x00000194a07abe3c relative=0x000000000000069c
Event: 11.731 Thread 0x00000194b1a1a980 Uncommon trap: reason=bimorphic_or_optimized_type_check action=maybe_recompile pc=0x00000194a07abe3c method=jdk.internal.jimage.ImageReader$SharedImageReader.findNode(Ljava/lang/String;)Ljdk/internal/jimage/ImageReader$Node; @ 22 c2
Event: 11.731 Thread 0x00000194b1a1a980 DEOPT PACKING pc=0x00000194a07abe3c sp=0x00000021f72fd840
Event: 11.731 Thread 0x00000194b1a1a980 DEOPT UNPACKING pc=0x000001949ff766a3 sp=0x00000021f72fd818 mode 2
Event: 11.731 Thread 0x00000194b1a1a980 Uncommon trap: trap_request=0xffffffc6 fr.pc=0x00000194a07abe3c relative=0x000000000000069c
Event: 11.731 Thread 0x00000194b1a1a980 Uncommon trap: reason=bimorphic_or_optimized_type_check action=maybe_recompile pc=0x00000194a07abe3c method=jdk.internal.jimage.ImageReader$SharedImageReader.findNode(Ljava/lang/String;)Ljdk/internal/jimage/ImageReader$Node; @ 22 c2
Event: 11.731 Thread 0x00000194b1a1a980 DEOPT PACKING pc=0x00000194a07abe3c sp=0x00000021f72fd840
Event: 11.731 Thread 0x00000194b1a1a980 DEOPT UNPACKING pc=0x000001949ff766a3 sp=0x00000021f72fd818 mode 2
Event: 11.731 Thread 0x00000194b1a1a980 Uncommon trap: trap_request=0xffffffc6 fr.pc=0x00000194a07abe3c relative=0x000000000000069c
Event: 11.731 Thread 0x00000194b1a1a980 Uncommon trap: reason=bimorphic_or_optimized_type_check action=maybe_recompile pc=0x00000194a07abe3c method=jdk.internal.jimage.ImageReader$SharedImageReader.findNode(Ljava/lang/String;)Ljdk/internal/jimage/ImageReader$Node; @ 22 c2
Event: 11.731 Thread 0x00000194b1a1a980 DEOPT PACKING pc=0x00000194a07abe3c sp=0x00000021f72fd840
Event: 11.731 Thread 0x00000194b1a1a980 DEOPT UNPACKING pc=0x000001949ff766a3 sp=0x00000021f72fd818 mode 2

Classes unloaded (7 events):
Event: 5.650 Thread 0x0000019495f06a70 Unloading class 0x0000000100212400 'java/lang/invoke/LambdaForm$MH+0x0000000100212400'
Event: 5.650 Thread 0x0000019495f06a70 Unloading class 0x0000000100212000 'java/lang/invoke/LambdaForm$MH+0x0000000100212000'
Event: 5.650 Thread 0x0000019495f06a70 Unloading class 0x0000000100211c00 'java/lang/invoke/LambdaForm$MH+0x0000000100211c00'
Event: 5.650 Thread 0x0000019495f06a70 Unloading class 0x0000000100211400 'java/lang/invoke/LambdaForm$MH+0x0000000100211400'
Event: 5.650 Thread 0x0000019495f06a70 Unloading class 0x0000000100211000 'java/lang/invoke/LambdaForm$BMH+0x0000000100211000'
Event: 5.650 Thread 0x0000019495f06a70 Unloading class 0x0000000100210c00 'java/lang/invoke/LambdaForm$DMH+0x0000000100210c00'
Event: 5.650 Thread 0x0000019495f06a70 Unloading class 0x000000010020e000 'java/lang/invoke/LambdaForm$DMH+0x000000010020e000'

Classes redefined (0 events):
No events

Internal exceptions (20 events):
Event: 7.538 Thread 0x00000194b1596be0 Exception <a 'java/lang/ClassNotFoundException'{0x00000000ec2d2d48}: com/sun/org/apache/xerces/internal/impl/msg/spi/XMLMessagesProvider> (0x00000000ec2d2d48) 
thrown [s\src\hotspot\share\classfile\systemDictionary.cpp, line 256]
Event: 7.602 Thread 0x00000194b1596be0 Exception <a 'java/lang/NoSuchMethodError'{0x00000000eab16398}: 'void java.lang.invoke.DirectMethodHandle$Holder.invokeVirtual(java.lang.Object, java.lang.Object)'> (0x00000000eab16398) 
thrown [s\src\hotspot\share\interpreter\linkResolver.cpp, line 759]
Event: 8.185 Thread 0x00000194b1596be0 Exception <a 'java/lang/NoSuchMethodError'{0x00000000eacecee0}: 'java.lang.Object java.lang.invoke.DirectMethodHandle$Holder.invokeStaticInit(java.lang.Object, int, int, int, int)'> (0x00000000eacecee0) 
thrown [s\src\hotspot\share\interpreter\linkResolver.cpp, line 759]
Event: 8.516 Thread 0x00000194b1596be0 Exception <a 'java/lang/NoSuchMethodError'{0x00000000eae208d0}: 'java.lang.Object java.lang.invoke.DirectMethodHandle$Holder.invokeStaticInit(java.lang.Object, java.lang.Object, int, int, int, int)'> (0x00000000eae208d0) 
thrown [s\src\hotspot\share\interpreter\linkResolver.cpp, line 759]
Event: 8.837 Thread 0x00000194b1596be0 Exception <a 'java/lang/ClassNotFoundException'{0x00000000eb199730}: com/sun/org/apache/xml/internal/serializer/spi/XMLEntitiesProvider> (0x00000000eb199730) 
thrown [s\src\hotspot\share\classfile\systemDictionary.cpp, line 256]
Event: 9.027 Thread 0x00000194b1596be0 Exception <a 'java/io/FileNotFoundException'{0x00000000eb50e080}> (0x00000000eb50e080) 
thrown [s\src\hotspot\share\prims\jni.cpp, line 516]
Event: 9.426 Thread 0x00000194b1596be0 Exception <a 'java/lang/UnsatisfiedLinkError'{0x00000000eb84bfa8}: The specified procedure could not be found.
> (0x00000000eb84bfa8) 
thrown [s\src\hotspot\share\prims\jni.cpp, line 535]
Event: 9.446 Thread 0x00000194b1596be0 Exception <a 'java/io/FileNotFoundException'{0x00000000eb86f460}> (0x00000000eb86f460) 
thrown [s\src\hotspot\share\prims\jni.cpp, line 516]
Event: 9.469 Thread 0x00000194b1596be0 Exception <a 'java/io/FileNotFoundException'{0x00000000eb8e2260}> (0x00000000eb8e2260) 
thrown [s\src\hotspot\share\prims\jni.cpp, line 516]
Event: 9.501 Thread 0x00000194b1596be0 Exception <a 'java/lang/UnsatisfiedLinkError'{0x00000000eb96e620}: The specified procedure could not be found.
> (0x00000000eb96e620) 
thrown [s\src\hotspot\share\prims\jni.cpp, line 535]
Event: 9.580 Thread 0x0000019495e4abb0 Exception <a 'java/lang/NoSuchMethodError'{0x00000000ebb2a800}: 'java.lang.Object java.lang.invoke.DirectMethodHandle$Holder.invokeStatic(java.lang.Object, java.lang.Object, long, java.lang.Object)'> (0x00000000ebb2a800) 
thrown [s\src\hotspot\share\interpreter\linkResolver.cpp, line 759]
Event: 9.580 Thread 0x0000019495e4abb0 Exception <a 'java/lang/NoSuchMethodError'{0x00000000ebb2e298}: 'java.lang.Object java.lang.invoke.DirectMethodHandle$Holder.invokeStaticInit(java.lang.Object, java.lang.Object, long, java.lang.Object)'> (0x00000000ebb2e298) 
thrown [s\src\hotspot\share\interpreter\linkResolver.cpp, line 759]
Event: 9.581 Thread 0x0000019495e4abb0 Exception <a 'java/lang/NoSuchMethodError'{0x00000000ebb348a8}: 'java.lang.Object java.lang.invoke.DirectMethodHandle$Holder.newInvokeSpecial(java.lang.Object, java.lang.Object, long)'> (0x00000000ebb348a8) 
thrown [s\src\hotspot\share\interpreter\linkResolver.cpp, line 759]
Event: 9.582 Thread 0x0000019495e4abb0 Exception <a 'java/lang/NoSuchMethodError'{0x00000000ebb382e8}: 'java.lang.Object java.lang.invoke.Invokers$Holder.linkToTargetMethod(java.lang.Object, long, java.lang.Object)'> (0x00000000ebb382e8) 
thrown [s\src\hotspot\share\interpreter\linkResolver.cpp, line 759]
Event: 9.686 Thread 0x0000019495e4abb0 Exception <a 'java/lang/NoSuchMethodError'{0x00000000ebcd0750}: 'void java.lang.invoke.DirectMethodHandle$Holder.invokeStatic(java.lang.Object, java.lang.Object, java.lang.Object, java.lang.Object)'> (0x00000000ebcd0750) 
thrown [s\src\hotspot\share\interpreter\linkResolver.cpp, line 759]
Event: 10.344 Thread 0x0000019495e4abb0 Exception <a 'java/lang/NoSuchMethodError'{0x00000000eacde8f8}: 'void java.lang.invoke.DirectMethodHandle$Holder.invokeSpecial(java.lang.Object, java.lang.Object, java.lang.Object, java.lang.Object, java.lang.Object, java.lang.Object)'> (0x00000000eacde8f8) 
thrown [s\src\hotspot\share\interpreter\linkResolver.cpp, line 759]
Event: 10.349 Thread 0x0000019495e4abb0 Exception <a 'java/lang/IncompatibleClassChangeError'{0x00000000eace7520}: Found class java.lang.Object, but interface was expected> (0x00000000eace7520) 
thrown [s\src\hotspot\share\interpreter\linkResolver.cpp, line 826]
Event: 10.967 Thread 0x00000194b1a17960 Exception <a 'java/io/FileNotFoundException'{0x00000000eb1fe078}> (0x00000000eb1fe078) 
thrown [s\src\hotspot\share\prims\jni.cpp, line 516]
Event: 11.330 Thread 0x00000194b1a17960 Exception <a 'java/lang/NoSuchMethodError'{0x00000000eb807118}: 'int java.lang.invoke.DirectMethodHandle$Holder.invokeVirtual(java.lang.Object, java.lang.Object)'> (0x00000000eb807118) 
thrown [s\src\hotspot\share\interpreter\linkResolver.cpp, line 759]
Event: 11.482 Thread 0x00000194b1a1a980 Exception <a 'java/lang/NoSuchMethodError'{0x00000000eba77b58}: 'java.lang.Object java.lang.invoke.Invokers$Holder.invoke_MT(java.lang.Object, java.lang.Object, java.lang.Object)'> (0x00000000eba77b58) 
thrown [s\src\hotspot\share\interpreter\linkResolver.cpp, line 759]

VM Operations (20 events):
Event: 8.647 Executing VM operation: Cleanup
Event: 8.654 Executing VM operation: Cleanup done
Event: 8.900 Executing VM operation: HandshakeAllThreads
Event: 8.901 Executing VM operation: HandshakeAllThreads done
Event: 9.389 Executing VM operation: HandshakeAllThreads
Event: 9.389 Executing VM operation: HandshakeAllThreads done
Event: 9.534 Executing VM operation: HandshakeAllThreads
Event: 9.534 Executing VM operation: HandshakeAllThreads done
Event: 10.233 Executing VM operation: ParallelGCFailedAllocation
Event: 10.236 Executing VM operation: ParallelGCFailedAllocation done
Event: 10.948 Executing VM operation: HandshakeAllThreads
Event: 10.948 Executing VM operation: HandshakeAllThreads done
Event: 11.423 Executing VM operation: HandshakeAllThreads
Event: 11.423 Executing VM operation: HandshakeAllThreads done
Event: 11.423 Executing VM operation: Cleanup
Event: 11.423 Executing VM operation: Cleanup done
Event: 11.528 Executing VM operation: HandshakeAllThreads
Event: 11.528 Executing VM operation: HandshakeAllThreads done
Event: 11.783 Executing VM operation: CollectForMetadataAllocation
Event: 11.821 Executing VM operation: CollectForMetadataAllocation done

Events (20 events):
Event: 11.513 loading class java/util/RegularEnumSet$EnumSetIterator
Event: 11.513 loading class java/util/RegularEnumSet$EnumSetIterator done
Event: 11.526 loading class java/nio/ByteBufferAsIntBufferL
Event: 11.527 loading class java/nio/ByteBufferAsIntBufferL done
Event: 11.532 loading class jdk/internal/jimage/ImageReader$Directory
Event: 11.532 loading class jdk/internal/jimage/ImageReader$Directory done
Event: 11.595 loading class java/nio/file/FileTreeWalker$DirectoryNode
Event: 11.595 loading class java/nio/file/FileTreeWalker$DirectoryNode done
Event: 11.595 loading class java/nio/file/FileTreeWalker$Event
Event: 11.596 loading class java/nio/file/FileTreeWalker$Event done
Event: 11.596 loading class java/nio/file/FileTreeWalker$EventType
Event: 11.596 loading class java/nio/file/FileTreeWalker$EventType done
Event: 11.596 loading class java/nio/file/Files$3
Event: 11.596 loading class java/nio/file/Files$3 done
Event: 11.596 loading class java/nio/file/FileVisitResult
Event: 11.596 loading class java/nio/file/FileVisitResult done
Event: 11.685 loading class java/util/regex/Pattern$BackRef
Event: 11.685 loading class java/util/regex/Pattern$BackRef done
Event: 11.698 loading class java/lang/ThreadLocal$SuppliedThreadLocal
Event: 11.698 loading class java/lang/ThreadLocal$SuppliedThreadLocal done


Dynamic libraries:
0x00007ff7be440000 - 0x00007ff7be44e000 	c:\Users\ADMIN\.vscode\extensions\redhat.java-1.18.0-win32-x64\jre\17.0.7-win32-x86_64\bin\java.exe
0x00007ff9adcd0000 - 0x00007ff9adee4000 	C:\WINDOWS\SYSTEM32\ntdll.dll
0x00007ff9abbb0000 - 0x00007ff9abc72000 	C:\WINDOWS\System32\KERNEL32.DLL
0x00007ff9ab470000 - 0x00007ff9ab813000 	C:\WINDOWS\System32\KERNELBASE.dll
0x00007ff9ab940000 - 0x00007ff9aba51000 	C:\WINDOWS\System32\ucrtbase.dll
0x00007ff996ed0000 - 0x00007ff996ee9000 	c:\Users\ADMIN\.vscode\extensions\redhat.java-1.18.0-win32-x64\jre\17.0.7-win32-x86_64\bin\VCRUNTIME140.dll
0x00007ff99c730000 - 0x00007ff99c747000 	c:\Users\ADMIN\.vscode\extensions\redhat.java-1.18.0-win32-x64\jre\17.0.7-win32-x86_64\bin\jli.dll
0x00007ff9acb80000 - 0x00007ff9acd2b000 	C:\WINDOWS\System32\USER32.dll
0x00007ff9973d0000 - 0x00007ff99765e000 	C:\WINDOWS\WinSxS\amd64_microsoft.windows.common-controls_6595b64144ccf1df_6.0.22621.1635_none_270f70857386168e\COMCTL32.dll
0x00007ff9ab0f0000 - 0x00007ff9ab116000 	C:\WINDOWS\System32\win32u.dll
0x00007ff9ad680000 - 0x00007ff9ad727000 	C:\WINDOWS\System32\msvcrt.dll
0x00007ff9abb80000 - 0x00007ff9abba9000 	C:\WINDOWS\System32\GDI32.dll
0x00007ff9ab120000 - 0x00007ff9ab238000 	C:\WINDOWS\System32\gdi32full.dll
0x00007ff9ab820000 - 0x00007ff9ab8ba000 	C:\WINDOWS\System32\msvcp_win.dll
0x00007ff9ad910000 - 0x00007ff9ad941000 	C:\WINDOWS\System32\IMM32.DLL
0x00007ff9a61f0000 - 0x00007ff9a61fc000 	c:\Users\ADMIN\.vscode\extensions\redhat.java-1.18.0-win32-x64\jre\17.0.7-win32-x86_64\bin\vcruntime140_1.dll
0x00007ff97a530000 - 0x00007ff97a5c1000 	c:\Users\ADMIN\.vscode\extensions\redhat.java-1.18.0-win32-x64\jre\17.0.7-win32-x86_64\bin\msvcp140.dll
0x00007ff937060000 - 0x00007ff937ca8000 	c:\Users\ADMIN\.vscode\extensions\redhat.java-1.18.0-win32-x64\jre\17.0.7-win32-x86_64\bin\server\jvm.dll
0x00007ff9ac8e0000 - 0x00007ff9ac98e000 	C:\WINDOWS\System32\ADVAPI32.dll
0x00007ff9ac030000 - 0x00007ff9ac0d4000 	C:\WINDOWS\System32\sechost.dll
0x00007ff9ada80000 - 0x00007ff9adb97000 	C:\WINDOWS\System32\RPCRT4.dll
0x00007ff9a3270000 - 0x00007ff9a32a4000 	C:\WINDOWS\SYSTEM32\WINMM.dll
0x00007ff98b220000 - 0x00007ff98b229000 	C:\WINDOWS\SYSTEM32\WSOCK32.dll
0x00007ff9a3a90000 - 0x00007ff9a3a9a000 	C:\WINDOWS\SYSTEM32\VERSION.dll
0x00007ff9ad890000 - 0x00007ff9ad901000 	C:\WINDOWS\System32\WS2_32.dll
0x00007ff9aa120000 - 0x00007ff9aa138000 	C:\WINDOWS\SYSTEM32\kernel.appcore.dll
0x00007ff9a6170000 - 0x00007ff9a617a000 	c:\Users\ADMIN\.vscode\extensions\redhat.java-1.18.0-win32-x64\jre\17.0.7-win32-x86_64\bin\jimage.dll
0x00007ff9a8850000 - 0x00007ff9a8a7e000 	C:\WINDOWS\SYSTEM32\DBGHELP.DLL
0x00007ff9abc80000 - 0x00007ff9ac009000 	C:\WINDOWS\System32\combase.dll
0x00007ff9acfd0000 - 0x00007ff9ad0a7000 	C:\WINDOWS\System32\OLEAUT32.dll
0x00007ff9a0980000 - 0x00007ff9a09b2000 	C:\WINDOWS\SYSTEM32\dbgcore.DLL
0x00007ff9ab8c0000 - 0x00007ff9ab93b000 	C:\WINDOWS\System32\bcryptPrimitives.dll
0x00007ff99e6a0000 - 0x00007ff99e6ae000 	c:\Users\ADMIN\.vscode\extensions\redhat.java-1.18.0-win32-x64\jre\17.0.7-win32-x86_64\bin\instrument.dll
0x00007ff996930000 - 0x00007ff996955000 	c:\Users\ADMIN\.vscode\extensions\redhat.java-1.18.0-win32-x64\jre\17.0.7-win32-x86_64\bin\java.dll
0x00007ff996d90000 - 0x00007ff996da8000 	c:\Users\ADMIN\.vscode\extensions\redhat.java-1.18.0-win32-x64\jre\17.0.7-win32-x86_64\bin\zip.dll
0x00007ff9ac0e0000 - 0x00007ff9ac8da000 	C:\WINDOWS\System32\SHELL32.dll
0x00007ff9a90a0000 - 0x00007ff9a996e000 	C:\WINDOWS\SYSTEM32\windows.storage.dll
0x00007ff9a8f60000 - 0x00007ff9a909e000 	C:\WINDOWS\SYSTEM32\wintypes.dll
0x00007ff9aced0000 - 0x00007ff9acfc1000 	C:\WINDOWS\System32\SHCORE.dll
0x00007ff9abb20000 - 0x00007ff9abb7e000 	C:\WINDOWS\System32\shlwapi.dll
0x00007ff9ab020000 - 0x00007ff9ab041000 	C:\WINDOWS\SYSTEM32\profapi.dll
0x00007ff992880000 - 0x00007ff992899000 	C:\Users\ADMIN\.vscode\extensions\redhat.java-1.18.0-win32-x64\jre\17.0.7-win32-x86_64\bin\net.dll
0x00007ff9a5200000 - 0x00007ff9a5337000 	C:\WINDOWS\SYSTEM32\WINHTTP.dll
0x00007ff9aa5b0000 - 0x00007ff9aa619000 	C:\WINDOWS\system32\mswsock.dll
0x00007ff98c8c0000 - 0x00007ff98c8d5000 	C:\Users\ADMIN\.vscode\extensions\redhat.java-1.18.0-win32-x64\jre\17.0.7-win32-x86_64\bin\nio.dll
0x00007ff99d8d0000 - 0x00007ff99d8e0000 	c:\Users\ADMIN\.vscode\extensions\redhat.java-1.18.0-win32-x64\jre\17.0.7-win32-x86_64\bin\verify.dll
0x00007ff97ef70000 - 0x00007ff97efae000 	C:\Users\ADMIN\AppData\Roaming\Code\User\globalStorage\redhat.java\1.18.0\config_ss_win\org.eclipse.equinox.launcher\org.eclipse.equinox.launcher.win32.win32.x86_64_1.2.700.v20221108-1024\eclipse_11801.dll
0x00007ff9acd30000 - 0x00007ff9acecc000 	C:\WINDOWS\System32\ole32.dll
0x00007ff9aa880000 - 0x00007ff9aa89b000 	C:\WINDOWS\SYSTEM32\CRYPTSP.dll
0x00007ff9aa090000 - 0x00007ff9aa0c5000 	C:\WINDOWS\system32\rsaenh.dll
0x00007ff9aa6b0000 - 0x00007ff9aa6d8000 	C:\WINDOWS\SYSTEM32\USERENV.dll
0x00007ff9aaa20000 - 0x00007ff9aaa48000 	C:\WINDOWS\SYSTEM32\bcrypt.dll
0x00007ff9aa8a0000 - 0x00007ff9aa8ac000 	C:\WINDOWS\SYSTEM32\CRYPTBASE.dll
0x00007ff9a9bc0000 - 0x00007ff9a9bed000 	C:\WINDOWS\SYSTEM32\IPHLPAPI.DLL
0x00007ff9ad0b0000 - 0x00007ff9ad0b9000 	C:\WINDOWS\System32\NSI.dll
0x00007ff9a3e20000 - 0x00007ff9a3e39000 	C:\WINDOWS\SYSTEM32\dhcpcsvc6.DLL
0x00007ff9a3e00000 - 0x00007ff9a3e1f000 	C:\WINDOWS\SYSTEM32\dhcpcsvc.DLL
0x00007ff9a9bf0000 - 0x00007ff9a9ce3000 	C:\WINDOWS\SYSTEM32\DNSAPI.dll
0x00007ff979410000 - 0x00007ff979455000 	C:\Users\ADMIN\AppData\Local\Temp\jna-62130991\jna18408310488226641440.dll
0x00007ff9ad540000 - 0x00007ff9ad548000 	C:\WINDOWS\System32\PSAPI.DLL

dbghelp: loaded successfully - version: 4.0.5 - missing functions: none
symbol engine: initialized successfully - sym options: 0x614 - pdb path: .;c:\Users\ADMIN\.vscode\extensions\redhat.java-1.18.0-win32-x64\jre\17.0.7-win32-x86_64\bin;C:\WINDOWS\SYSTEM32;C:\WINDOWS\WinSxS\amd64_microsoft.windows.common-controls_6595b64144ccf1df_6.0.22621.1635_none_270f70857386168e;c:\Users\ADMIN\.vscode\extensions\redhat.java-1.18.0-win32-x64\jre\17.0.7-win32-x86_64\bin\server;C:\Users\ADMIN\AppData\Roaming\Code\User\globalStorage\redhat.java\1.18.0\config_ss_win\org.eclipse.equinox.launcher\org.eclipse.equinox.launcher.win32.win32.x86_64_1.2.700.v20221108-1024;C:\Users\ADMIN\AppData\Local\Temp\jna-62130991

VM Arguments:
jvm_args: --add-modules=ALL-SYSTEM --add-opens=java.base/java.util=ALL-UNNAMED --add-opens=java.base/java.lang=ALL-UNNAMED --add-opens=java.base/sun.nio.fs=ALL-UNNAMED -Declipse.application=org.eclipse.jdt.ls.core.id1 -Dosgi.bundles.defaultStartLevel=4 -Declipse.product=org.eclipse.jdt.ls.core.product -Djava.import.generatesMetadataFilesAtProjectRoot=false -Dfile.encoding=utf8 -XX:+UseParallelGC -XX:GCTimeRatio=4 -XX:AdaptiveSizePolicyWeight=90 -Dsun.zip.disableMemoryMapping=true -Xmx1G -Xms100m -Xlog:disable -javaagent:c:\Users\ADMIN\.vscode\extensions\redhat.java-1.18.0-win32-x64\lombok\lombok-1.18.27.jar 
java_command: c:\Users\ADMIN\.vscode\extensions\redhat.java-1.18.0-win32-x64\server\plugins\org.eclipse.equinox.launcher_1.6.400.v20210924-0641.jar -configuration c:\Users\ADMIN\AppData\Roaming\Code\User\globalStorage\redhat.java\1.18.0\config_ss_win -data c:\Users\ADMIN\AppData\Roaming\Code\User\workspaceStorage\4c1ab381de116513bcdb067e4a9c71b1\redhat.java\ss_ws
java_class_path (initial): c:\Users\ADMIN\.vscode\extensions\redhat.java-1.18.0-win32-x64\server\plugins\org.eclipse.equinox.launcher_1.6.400.v20210924-0641.jar
Launcher Type: SUN_STANDARD

[Global flags]
    uintx AdaptiveSizePolicyWeight                 = 90                                        {product} {command line}
     intx CICompilerCount                          = 12                                        {product} {ergonomic}
    uintx GCTimeRatio                              = 4                                         {product} {command line}
   size_t InitialHeapSize                          = 104857600                                 {product} {command line}
   size_t MaxHeapSize                              = 1073741824                                {product} {command line}
   size_t MaxNewSize                               = 357564416                                 {product} {ergonomic}
   size_t MinHeapDeltaBytes                        = 524288                                    {product} {ergonomic}
   size_t MinHeapSize                              = 104857600                                 {product} {command line}
   size_t NewSize                                  = 34603008                                  {product} {ergonomic}
    uintx NonNMethodCodeHeapSize                   = 7602480                                {pd product} {ergonomic}
    uintx NonProfiledCodeHeapSize                  = 122027880                              {pd product} {ergonomic}
   size_t OldSize                                  = 70254592                                  {product} {ergonomic}
    uintx ProfiledCodeHeapSize                     = 122027880                              {pd product} {ergonomic}
    uintx ReservedCodeCacheSize                    = 251658240                              {pd product} {ergonomic}
     bool SegmentedCodeCache                       = true                                      {product} {ergonomic}
   size_t SoftMaxHeapSize                          = 1073741824                             {manageable} {ergonomic}
     bool UseCompressedClassPointers               = true                           {product lp64_product} {ergonomic}
     bool UseCompressedOops                        = true                           {product lp64_product} {ergonomic}
     bool UseLargePagesIndividualAllocation        = false                                  {pd product} {ergonomic}
     bool UseParallelGC                            = true                                      {product} {command line}

Logging:
Log output configuration:
 #0: stdout all=off uptime,level,tags
 #1: stderr all=off uptime,level,tags

Environment Variables:
PATH=C:\Program Files\Common Files\Oracle\Java\javapath;C:\Program Files (x86)\Common Files\Intel\Shared Libraries\redist\intel64\compiler;C:\Windows\system32;C:\Windows;C:\Windows\System32\Wbem;C:\Windows\System32\WindowsPowerShell\v1.0\;C:\Windows\System32\OpenSSH\;C:\Program Files (x86)\NVIDIA Corporation\PhysX\Common;C:\Program Files\NVIDIA Corporation\NVIDIA NvDLISR;C:\Program Files\Git\cmd;C:\WINDOWS\system32;C:\WINDOWS;C:\WINDOWS\System32\Wbem;C:\WINDOWS\System32\WindowsPowerShell\v1.0\;C:\WINDOWS\System32\OpenSSH\;C:\Users\ADMIN\AppData\Local\Microsoft\WindowsApps;C:\Users\ADMIN\AppData\Local\Programs\Microsoft VS Code\bin;C:\msys64\mingw64\bin;C:\msys64\usr\bin;
USERNAME=ADMIN
OS=Windows_NT
PROCESSOR_IDENTIFIER=AMD64 Family 23 Model 96 Stepping 1, AuthenticAMD
TMP=C:\Users\ADMIN\AppData\Local\Temp
TEMP=C:\Users\ADMIN\AppData\Local\Temp



---------------  S Y S T E M  ---------------

OS:
 Windows 11 , 64 bit Build 22621 (10.0.22621.1635)
OS uptime: 0 days 1:22 hours
Hyper-V role detected

CPU: total 16 (initial active 16) (16 cores per cpu, 2 threads per core) family 23 model 96 stepping 1 microcode 0x0, cx8, cmov, fxsr, ht, mmx, 3dnowpref, sse, sse2, sse3, ssse3, sse4a, sse4.1, sse4.2, popcnt, lzcnt, tsc, tscinvbit, avx, avx2, aes, clmul, bmi1, bmi2, adx, sha, fma, vzeroupper, clflush, clflushopt, hv

Memory: 4k page, system-wide physical 7599M (220M free)
TotalPageFile size 15791M (AvailPageFile size 7M)
current process WorkingSet (physical memory assigned to process): 144M, peak: 150M
current process commit charge ("private bytes"): 261M, peak: 273M

vm_info: OpenJDK 64-Bit Server VM (17.0.7+7) for windows-amd64 JRE (17.0.7+7), built on Apr 18 2023 22:10:42 by "temurin" with MS VC++ 16.7 (VS2019)

END.
