#
# There is insufficient memory for the Java Runtime Environment to continue.
# Native memory allocation (malloc) failed to allocate 238736 bytes for Chunk::new
# Possible reasons:
#   The system is out of physical RAM or swap space
#   The process is running with CompressedOops enabled, and the Java Heap may be blocking the growth of the native heap
# Possible solutions:
#   Reduce memory load on the system
#   Increase physical memory or swap space
#   Check if swap backing store is full
#   Decrease Java heap size (-Xmx/-Xms)
#   Decrease number of Java threads
#   Decrease Java thread stack sizes (-Xss)
#   Set larger code cache with -XX:ReservedCodeCacheSize=
#   JVM is running with Unscaled Compressed Oops mode in which the Java heap is
#     placed in the first 4GB address space. The Java Heap base address is the
#     maximum limit for the native heap growth. Please use -XX:HeapBaseMinAddress
#     to set the Java Heap base and to place the Java Heap above 4GB virtual address.
# This output file may be truncated or incomplete.
#
#  Out of Memory Error (arena.cpp:189), pid=17620, tid=2440
#
# JRE version: OpenJDK Runtime Environment Temurin-17.0.7+7 (17.0.7+7) (build 17.0.7+7)
# Java VM: OpenJDK 64-Bit Server VM Temurin-17.0.7+7 (17.0.7+7, mixed mode, tiered, compressed oops, compressed class ptrs, parallel gc, windows-amd64)
# No core dump will be written. Minidumps are not enabled by default on client versions of Windows
#

---------------  S U M M A R Y ------------

Command Line: --add-modules=ALL-SYSTEM --add-opens=java.base/java.util=ALL-UNNAMED --add-opens=java.base/java.lang=ALL-UNNAMED --add-opens=java.base/sun.nio.fs=ALL-UNNAMED -Declipse.application=org.eclipse.jdt.ls.core.id1 -Dosgi.bundles.defaultStartLevel=4 -Declipse.product=org.eclipse.jdt.ls.core.product -Djava.import.generatesMetadataFilesAtProjectRoot=false -Dfile.encoding=utf8 -XX:+UseParallelGC -XX:GCTimeRatio=4 -XX:AdaptiveSizePolicyWeight=90 -Dsun.zip.disableMemoryMapping=true -Xmx1G -Xms100m -Xlog:disable -javaagent:c:\Users\ADMIN\.vscode\extensions\redhat.java-1.18.0-win32-x64\lombok\lombok-1.18.27.jar c:\Users\ADMIN\.vscode\extensions\redhat.java-1.18.0-win32-x64\server\plugins\org.eclipse.equinox.launcher_1.6.400.v20210924-0641.jar -configuration c:\Users\ADMIN\AppData\Roaming\Code\User\globalStorage\redhat.java\1.18.0\config_ss_win -data c:\Users\ADMIN\AppData\Roaming\Code\User\workspaceStorage\4c1ab381de116513bcdb067e4a9c71b1\redhat.java\ss_ws

Host: AMD Ryzen 7 4800H with Radeon Graphics         , 16 cores, 7G,  Windows 11 , 64 bit Build 22621 (10.0.22621.1635)
Time: Sat May 13 21:10:23 2023 SE Asia Standard Time elapsed time: 2.855680 seconds (0d 0h 0m 2s)

---------------  T H R E A D  ---------------

Current thread (0x0000014b364bea60):  JavaThread "C2 CompilerThread0" daemon [_thread_in_native, id=2440, stack(0x0000000c0bb00000,0x0000000c0bc00000)]


Current CompileTask:
C2:   2855 1913       4       java.io.DataInputStream::readUTF (501 bytes)

Stack: [0x0000000c0bb00000,0x0000000c0bc00000]
Native frames: (J=compiled Java code, j=interpreted, Vv=VM code, C=native code)
V  [jvm.dll+0x67754a]
V  [jvm.dll+0x834304]
V  [jvm.dll+0x835aae]
V  [jvm.dll+0x836113]
V  [jvm.dll+0x24696f]
V  [jvm.dll+0xac0ac]
V  [jvm.dll+0xac67c]
V  [jvm.dll+0x2adbef]
V  [jvm.dll+0x580067]
V  [jvm.dll+0x221e72]
V  [jvm.dll+0x21ad0f]
V  [jvm.dll+0x21895b]
V  [jvm.dll+0x1a4d8d]
V  [jvm.dll+0x2284da]
V  [jvm.dll+0x226615]
V  [jvm.dll+0x7ea90b]
V  [jvm.dll+0x7e4e7a]
V  [jvm.dll+0x676395]
C  [ucrtbase.dll+0x29363]
C  [KERNEL32.DLL+0x126ad]
C  [ntdll.dll+0x5a9f8]


---------------  P R O C E S S  ---------------

Threads class SMR info:
_java_thread_list=0x0000014b3e3bbb30, length=20, elements={
0x0000014b206cfa00, 0x0000014b2078de20, 0x0000014b3b848010, 0x0000014b364b9c30,
0x0000014b364ba4f0, 0x0000014b3b86d120, 0x0000014b3b86b910, 0x0000014b364bea60,
0x0000014b3b874080, 0x0000014b3b8780b0, 0x0000014b3b86dac0, 0x0000014b3ba26e10,
0x0000014b3ba281b0, 0x0000014b3ba2b3a0, 0x0000014b3b86e930, 0x0000014b3b86c2b0,
0x0000014b3b86c780, 0x0000014b3b86d5f0, 0x0000014b3b86cc50, 0x0000014b3b86bde0
}

Java Threads: ( => current thread )
  0x0000014b206cfa00 JavaThread "main" [_thread_blocked, id=13560, stack(0x0000000c0b200000,0x0000000c0b300000)]
  0x0000014b2078de20 JavaThread "Reference Handler" daemon [_thread_blocked, id=22932, stack(0x0000000c0b500000,0x0000000c0b600000)]
  0x0000014b3b848010 JavaThread "Finalizer" daemon [_thread_blocked, id=11184, stack(0x0000000c0b600000,0x0000000c0b700000)]
  0x0000014b364b9c30 JavaThread "Signal Dispatcher" daemon [_thread_blocked, id=22172, stack(0x0000000c0b700000,0x0000000c0b800000)]
  0x0000014b364ba4f0 JavaThread "Attach Listener" daemon [_thread_blocked, id=23952, stack(0x0000000c0b800000,0x0000000c0b900000)]
  0x0000014b3b86d120 JavaThread "Service Thread" daemon [_thread_blocked, id=13676, stack(0x0000000c0b900000,0x0000000c0ba00000)]
  0x0000014b3b86b910 JavaThread "Monitor Deflation Thread" daemon [_thread_blocked, id=19644, stack(0x0000000c0ba00000,0x0000000c0bb00000)]
=>0x0000014b364bea60 JavaThread "C2 CompilerThread0" daemon [_thread_in_native, id=2440, stack(0x0000000c0bb00000,0x0000000c0bc00000)]
  0x0000014b3b874080 JavaThread "C1 CompilerThread0" daemon [_thread_blocked, id=8292, stack(0x0000000c0bc00000,0x0000000c0bd00000)]
  0x0000014b3b8780b0 JavaThread "Sweeper thread" daemon [_thread_blocked, id=23804, stack(0x0000000c0bd00000,0x0000000c0be00000)]
  0x0000014b3b86dac0 JavaThread "Common-Cleaner" daemon [_thread_blocked, id=21128, stack(0x0000000c0be00000,0x0000000c0bf00000)]
  0x0000014b3ba26e10 JavaThread "C1 CompilerThread1" daemon [_thread_blocked, id=21088, stack(0x0000000c0bf00000,0x0000000c0c000000)]
  0x0000014b3ba281b0 JavaThread "C1 CompilerThread2" daemon [_thread_blocked, id=23312, stack(0x0000000c0c000000,0x0000000c0c100000)]
  0x0000014b3ba2b3a0 JavaThread "C1 CompilerThread3" daemon [_thread_in_vm, id=3900, stack(0x0000000c0c100000,0x0000000c0c200000)]
  0x0000014b3b86e930 JavaThread "Notification Thread" daemon [_thread_blocked, id=6368, stack(0x0000000c0c300000,0x0000000c0c400000)]
  0x0000014b3b86c2b0 JavaThread "Active Thread: Equinox Container: 4fa1714a-9e30-4618-9828-27a1d574e0b1" [_thread_blocked, id=24328, stack(0x0000000c0ca00000,0x0000000c0cb00000)]
  0x0000014b3b86c780 JavaThread "Framework Event Dispatcher: Equinox Container: 4fa1714a-9e30-4618-9828-27a1d574e0b1" daemon [_thread_blocked, id=19812, stack(0x0000000c0cb00000,0x0000000c0cc00000)]
  0x0000014b3b86d5f0 JavaThread "Start Level: Equinox Container: 4fa1714a-9e30-4618-9828-27a1d574e0b1" daemon [_thread_in_native, id=23732, stack(0x0000000c0cc00000,0x0000000c0cd00000)]
  0x0000014b3b86cc50 JavaThread "SCR Component Actor" daemon [_thread_blocked, id=21344, stack(0x0000000c0cd00000,0x0000000c0ce00000)]
  0x0000014b3b86bde0 JavaThread "SCR Component Registry" daemon [_thread_blocked, id=17928, stack(0x0000000c0cf00000,0x0000000c0d000000)]

Other Threads:
  0x0000014b207881c0 VMThread "VM Thread" [stack: 0x0000000c0b400000,0x0000000c0b500000] [id=11840]
  0x0000014b3d7d20b0 WatcherThread [stack: 0x0000000c0c400000,0x0000000c0c500000] [id=7528]
  0x0000014b206e84d0 GCTaskThread "GC Thread#0" [stack: 0x0000000c0b300000,0x0000000c0b400000] [id=20932]
  0x0000014b3e296c90 GCTaskThread "GC Thread#1" [stack: 0x0000000c0c500000,0x0000000c0c600000] [id=9092]
  0x0000014b3dec5ef0 GCTaskThread "GC Thread#2" [stack: 0x0000000c0c600000,0x0000000c0c700000] [id=7900]
  0x0000014b3dec61a0 GCTaskThread "GC Thread#3" [stack: 0x0000000c0c700000,0x0000000c0c800000] [id=23900]
  0x0000014b3dec6450 GCTaskThread "GC Thread#4" [stack: 0x0000000c0c800000,0x0000000c0c900000] [id=24140]
  0x0000014b3d8b75b0 GCTaskThread "GC Thread#5" [stack: 0x0000000c0c900000,0x0000000c0ca00000] [id=13760]
  0x0000014b3e133690 GCTaskThread "GC Thread#6" [stack: 0x0000000c0c200000,0x0000000c0c300000] [id=13556]
  0x0000014b3e133940 GCTaskThread "GC Thread#7" [stack: 0x0000000c0ce00000,0x0000000c0cf00000] [id=17288]

Threads with active compile tasks:
C2 CompilerThread0     2873 1913       4       java.io.DataInputStream::readUTF (501 bytes)

VM state: not at safepoint (normal execution)

VM Mutex/Monitor currently owned by a thread: None

Heap address: 0x00000000c0000000, size: 1024 MB, Compressed Oops mode: 32-bit

CDS archive(s) not mapped
Compressed class space mapped at: 0x0000000100000000-0x0000000140000000, reserved size: 1073741824
Narrow klass base: 0x0000000000000000, Narrow klass shift: 3, Narrow klass range: 0x140000000

GC Precious Log:
 CPUs: 16 total, 16 available
 Memory: 7599M
 Large Page Support: Disabled
 NUMA Support: Disabled
 Compressed Oops: Enabled (32-bit)
 Alignments: Space 512K, Generation 512K, Heap 2M
 Heap Min Capacity: 100M
 Heap Initial Capacity: 100M
 Heap Max Capacity: 1G
 Pre-touch: Disabled
 Parallel Workers: 13

Heap:
 PSYoungGen      total 29696K, used 16635K [0x00000000eab00000, 0x00000000ecc00000, 0x0000000100000000)
  eden space 25600K, 49% used [0x00000000eab00000,0x00000000eb742668,0x00000000ec400000)
  from space 4096K, 99% used [0x00000000ec800000,0x00000000ecbfc820,0x00000000ecc00000)
  to   space 4096K, 0% used [0x00000000ec400000,0x00000000ec400000,0x00000000ec800000)
 ParOldGen       total 68608K, used 678K [0x00000000c0000000, 0x00000000c4300000, 0x00000000eab00000)
  object space 68608K, 0% used [0x00000000c0000000,0x00000000c00a9820,0x00000000c4300000)
 Metaspace       used 17246K, committed 17536K, reserved 1114112K
  class space    used 1764K, committed 1920K, reserved 1048576K

Card table byte_map: [0x0000014b33d50000,0x0000014b33f60000] _byte_map_base: 0x0000014b33750000

Marking Bits: (ParMarkBitMap*) 0x00007ff937be52c0
 Begin Bits: [0x0000014b340c0000, 0x0000014b350c0000)
 End Bits:   [0x0000014b350c0000, 0x0000014b360c0000)

Polling page: 0x0000014b20790000

Metaspace:

Usage:
  Non-class:     15.12 MB used.
      Class:      1.72 MB used.
       Both:     16.84 MB used.

Virtual space:
  Non-class space:       64.00 MB reserved,      15.25 MB ( 24%) committed,  1 nodes.
      Class space:        1.00 GB reserved,       1.88 MB ( <1%) committed,  1 nodes.
             Both:        1.06 GB reserved,      17.12 MB (  2%) committed. 

Chunk freelists:
   Non-Class:  768.00 KB
       Class:  14.17 MB
        Both:  14.92 MB

MaxMetaspaceSize: unlimited
CompressedClassSpaceSize: 1.00 GB
Initial GC threshold: 21.00 MB
Current GC threshold: 21.00 MB
CDS: off
MetaspaceReclaimPolicy: balanced
 - commit_granule_bytes: 65536.
 - commit_granule_words: 8192.
 - virtual_space_node_default_size: 8388608.
 - enlarge_chunks_in_place: 1.
 - new_chunks_are_fully_committed: 0.
 - uncommit_free_chunks: 1.
 - use_allocation_guard: 0.
 - handle_deallocations: 1.


Internal statistics:

num_allocs_failed_limit: 0.
num_arena_births: 106.
num_arena_deaths: 0.
num_vsnodes_births: 2.
num_vsnodes_deaths: 0.
num_space_committed: 274.
num_space_uncommitted: 0.
num_chunks_returned_to_freelist: 0.
num_chunks_taken_from_freelist: 417.
num_chunk_merges: 0.
num_chunk_splits: 282.
num_chunks_enlarged: 209.
num_inconsistent_stats: 0.

CodeHeap 'non-profiled nmethods': size=119168Kb used=722Kb max_used=722Kb free=118445Kb
 bounds [0x0000014b2c710000, 0x0000014b2c980000, 0x0000014b33b70000]
CodeHeap 'profiled nmethods': size=119104Kb used=3687Kb max_used=3687Kb free=115416Kb
 bounds [0x0000014b24b70000, 0x0000014b24f10000, 0x0000014b2bfc0000]
CodeHeap 'non-nmethods': size=7488Kb used=2858Kb max_used=2876Kb free=4629Kb
 bounds [0x0000014b2bfc0000, 0x0000014b2c290000, 0x0000014b2c710000]
 total_blobs=2404 nmethods=1935 adapters=380
 compilation: enabled
              stopped_count=0, restarted_count=0
 full_count=0

Compilation events (20 events):
Event: 2.828 Thread 0x0000014b364bea60 1906       4       java.util.Collections::emptyList (4 bytes)
Event: 2.828 Thread 0x0000014b3ba2b3a0 nmethod 1905 0x0000014b24ef4490 code [0x0000014b24ef4620, 0x0000014b24ef4798]
Event: 2.828 Thread 0x0000014b364bea60 nmethod 1906 0x0000014b2c7c3790 code [0x0000014b2c7c3900, 0x0000014b2c7c3958]
Event: 2.830 Thread 0x0000014b3ba2b3a0 1907       3       jdk.internal.loader.ClassLoaders::bootLoader (4 bytes)
Event: 2.830 Thread 0x0000014b3ba26e10 1909       3       java.lang.AbstractStringBuilder::append (60 bytes)
Event: 2.830 Thread 0x0000014b3b874080 1908       3       java.lang.StringBuilder::append (8 bytes)
Event: 2.830 Thread 0x0000014b3ba2b3a0 nmethod 1907 0x0000014b24ef4890 code [0x0000014b24ef4a20, 0x0000014b24ef4b18]
Event: 2.830 Thread 0x0000014b3b874080 nmethod 1908 0x0000014b24ef4b90 code [0x0000014b24ef4d20, 0x0000014b24ef4e68]
Event: 2.830 Thread 0x0000014b3ba26e10 nmethod 1909 0x0000014b24ef4f10 code [0x0000014b24ef50e0, 0x0000014b24ef5418]
Event: 2.831 Thread 0x0000014b3b874080 1910       1       org.eclipse.osgi.internal.serviceregistry.ServiceReferenceImpl::getRegistration (5 bytes)
Event: 2.832 Thread 0x0000014b3b874080 nmethod 1910 0x0000014b2c7c3a90 code [0x0000014b2c7c3c20, 0x0000014b2c7c3cf8]
Event: 2.835 Thread 0x0000014b3b874080 1911       1       java.util.LinkedList::size (5 bytes)
Event: 2.835 Thread 0x0000014b3b874080 nmethod 1911 0x0000014b2c7c3d90 code [0x0000014b2c7c3f20, 0x0000014b2c7c3ff8]
Event: 2.838 Thread 0x0000014b3ba2b3a0 1912       3       java.net.URLStreamHandler::setURL (159 bytes)
Event: 2.841 Thread 0x0000014b3ba2b3a0 nmethod 1912 0x0000014b24ef5590 code [0x0000014b24ef5920, 0x0000014b24ef6e88]
Event: 2.844 Thread 0x0000014b364bea60 1913       4       java.io.DataInputStream::readUTF (501 bytes)
Event: 2.844 Thread 0x0000014b3b874080 1914       3       org.eclipse.osgi.internal.framework.BundleContextImpl::getProperty (25 bytes)
Event: 2.845 Thread 0x0000014b3b874080 nmethod 1914 0x0000014b24ef7710 code [0x0000014b24ef7920, 0x0000014b24ef7fd8]
Event: 2.846 Thread 0x0000014b3ba2b3a0 1915       1       org.eclipse.osgi.internal.loader.sources.NullPackageSource::isNullSource (2 bytes)
Event: 2.847 Thread 0x0000014b3ba2b3a0 nmethod 1915 0x0000014b2c7c4090 code [0x0000014b2c7c4220, 0x0000014b2c7c42f8]

GC Heap History (4 events):
Event: 1.090 GC heap before
{Heap before GC invocations=1 (full 0):
 PSYoungGen      total 29696K, used 25600K [0x00000000eab00000, 0x00000000ecc00000, 0x0000000100000000)
  eden space 25600K, 100% used [0x00000000eab00000,0x00000000ec400000,0x00000000ec400000)
  from space 4096K, 0% used [0x00000000ec800000,0x00000000ec800000,0x00000000ecc00000)
  to   space 4096K, 0% used [0x00000000ec400000,0x00000000ec400000,0x00000000ec800000)
 ParOldGen       total 68608K, used 0K [0x00000000c0000000, 0x00000000c4300000, 0x00000000eab00000)
  object space 68608K, 0% used [0x00000000c0000000,0x00000000c0000000,0x00000000c4300000)
 Metaspace       used 10769K, committed 10816K, reserved 1114112K
  class space    used 1068K, committed 1088K, reserved 1048576K
}
Event: 1.097 GC heap after
{Heap after GC invocations=1 (full 0):
 PSYoungGen      total 29696K, used 3058K [0x00000000eab00000, 0x00000000ecc00000, 0x0000000100000000)
  eden space 25600K, 0% used [0x00000000eab00000,0x00000000eab00000,0x00000000ec400000)
  from space 4096K, 74% used [0x00000000ec400000,0x00000000ec6fc840,0x00000000ec800000)
  to   space 4096K, 0% used [0x00000000ec800000,0x00000000ec800000,0x00000000ecc00000)
 ParOldGen       total 68608K, used 16K [0x00000000c0000000, 0x00000000c4300000, 0x00000000eab00000)
  object space 68608K, 0% used [0x00000000c0000000,0x00000000c0004000,0x00000000c4300000)
 Metaspace       used 10769K, committed 10816K, reserved 1114112K
  class space    used 1068K, committed 1088K, reserved 1048576K
}
Event: 2.419 GC heap before
{Heap before GC invocations=2 (full 0):
 PSYoungGen      total 29696K, used 28658K [0x00000000eab00000, 0x00000000ecc00000, 0x0000000100000000)
  eden space 25600K, 100% used [0x00000000eab00000,0x00000000ec400000,0x00000000ec400000)
  from space 4096K, 74% used [0x00000000ec400000,0x00000000ec6fc840,0x00000000ec800000)
  to   space 4096K, 0% used [0x00000000ec800000,0x00000000ec800000,0x00000000ecc00000)
 ParOldGen       total 68608K, used 16K [0x00000000c0000000, 0x00000000c4300000, 0x00000000eab00000)
  object space 68608K, 0% used [0x00000000c0000000,0x00000000c0004000,0x00000000c4300000)
 Metaspace       used 14841K, committed 15104K, reserved 1114112K
  class space    used 1505K, committed 1664K, reserved 1048576K
}
Event: 2.428 GC heap after
{Heap after GC invocations=2 (full 0):
 PSYoungGen      total 29696K, used 4082K [0x00000000eab00000, 0x00000000ecc00000, 0x0000000100000000)
  eden space 25600K, 0% used [0x00000000eab00000,0x00000000eab00000,0x00000000ec400000)
  from space 4096K, 99% used [0x00000000ec800000,0x00000000ecbfc820,0x00000000ecc00000)
  to   space 4096K, 0% used [0x00000000ec400000,0x00000000ec400000,0x00000000ec800000)
 ParOldGen       total 68608K, used 678K [0x00000000c0000000, 0x00000000c4300000, 0x00000000eab00000)
  object space 68608K, 0% used [0x00000000c0000000,0x00000000c00a9820,0x00000000c4300000)
 Metaspace       used 14841K, committed 15104K, reserved 1114112K
  class space    used 1505K, committed 1664K, reserved 1048576K
}

Dll operation events (9 events):
Event: 0.020 Loaded shared library c:\Users\ADMIN\.vscode\extensions\redhat.java-1.18.0-win32-x64\jre\17.0.7-win32-x86_64\bin\java.dll
Event: 0.354 Loaded shared library c:\Users\ADMIN\.vscode\extensions\redhat.java-1.18.0-win32-x64\jre\17.0.7-win32-x86_64\bin\zip.dll
Event: 0.362 Loaded shared library C:\Users\ADMIN\.vscode\extensions\redhat.java-1.18.0-win32-x64\jre\17.0.7-win32-x86_64\bin\instrument.dll
Event: 0.384 Loaded shared library C:\Users\ADMIN\.vscode\extensions\redhat.java-1.18.0-win32-x64\jre\17.0.7-win32-x86_64\bin\net.dll
Event: 0.388 Loaded shared library C:\Users\ADMIN\.vscode\extensions\redhat.java-1.18.0-win32-x64\jre\17.0.7-win32-x86_64\bin\nio.dll
Event: 0.398 Loaded shared library C:\Users\ADMIN\.vscode\extensions\redhat.java-1.18.0-win32-x64\jre\17.0.7-win32-x86_64\bin\zip.dll
Event: 0.421 Loaded shared library C:\Users\ADMIN\.vscode\extensions\redhat.java-1.18.0-win32-x64\jre\17.0.7-win32-x86_64\bin\jimage.dll
Event: 0.493 Loaded shared library c:\Users\ADMIN\.vscode\extensions\redhat.java-1.18.0-win32-x64\jre\17.0.7-win32-x86_64\bin\verify.dll
Event: 2.125 Loaded shared library C:\Users\ADMIN\AppData\Roaming\Code\User\globalStorage\redhat.java\1.18.0\config_ss_win\org.eclipse.equinox.launcher\org.eclipse.equinox.launcher.win32.win32.x86_64_1.2.700.v20221108-1024\eclipse_11801.dll

Deoptimization events (20 events):
Event: 2.735 Thread 0x0000014b3b86d5f0 DEOPT PACKING pc=0x0000014b2c772cb4 sp=0x0000000c0ccfb5a0
Event: 2.735 Thread 0x0000014b3b86d5f0 DEOPT UNPACKING pc=0x0000014b2c0166a3 sp=0x0000000c0ccfb558 mode 2
Event: 2.735 Thread 0x0000014b3b86d5f0 Uncommon trap: trap_request=0xffffffde fr.pc=0x0000014b2c772cb4 relative=0x0000000000000294
Event: 2.735 Thread 0x0000014b3b86d5f0 Uncommon trap: reason=class_check action=maybe_recompile pc=0x0000014b2c772cb4 method=java.io.DataInputStream.readByte()B @ 4 c2
Event: 2.735 Thread 0x0000014b3b86d5f0 DEOPT PACKING pc=0x0000014b2c772cb4 sp=0x0000000c0ccfb5a0
Event: 2.735 Thread 0x0000014b3b86d5f0 DEOPT UNPACKING pc=0x0000014b2c0166a3 sp=0x0000000c0ccfb558 mode 2
Event: 2.735 Thread 0x0000014b3b86d5f0 Uncommon trap: trap_request=0xffffffde fr.pc=0x0000014b2c7789fc relative=0x000000000000111c
Event: 2.735 Thread 0x0000014b3b86d5f0 Uncommon trap: reason=class_check action=maybe_recompile pc=0x0000014b2c7789fc method=java.io.DataInputStream.readFully([BII)V @ 30 c2
Event: 2.735 Thread 0x0000014b3b86d5f0 DEOPT PACKING pc=0x0000014b2c7789fc sp=0x0000000c0ccfb460
Event: 2.735 Thread 0x0000014b3b86d5f0 DEOPT UNPACKING pc=0x0000014b2c0166a3 sp=0x0000000c0ccfb3a8 mode 2
Event: 2.735 Thread 0x0000014b3b86d5f0 Uncommon trap: trap_request=0xffffffde fr.pc=0x0000014b2c7789fc relative=0x000000000000111c
Event: 2.735 Thread 0x0000014b3b86d5f0 Uncommon trap: reason=class_check action=maybe_recompile pc=0x0000014b2c7789fc method=java.io.DataInputStream.readFully([BII)V @ 30 c2
Event: 2.735 Thread 0x0000014b3b86d5f0 DEOPT PACKING pc=0x0000014b2c7789fc sp=0x0000000c0ccfb460
Event: 2.735 Thread 0x0000014b3b86d5f0 DEOPT UNPACKING pc=0x0000014b2c0166a3 sp=0x0000000c0ccfb3a8 mode 2
Event: 2.812 Thread 0x0000014b3b86d5f0 DEOPT PACKING pc=0x0000014b24ccc6be sp=0x0000000c0ccfe180
Event: 2.812 Thread 0x0000014b3b86d5f0 DEOPT UNPACKING pc=0x0000014b2c016e43 sp=0x0000000c0ccfd5f8 mode 0
Event: 2.827 Thread 0x0000014b3b86d5f0 Uncommon trap: trap_request=0xffffff45 fr.pc=0x0000014b2c7b2d24 relative=0x0000000000000b84
Event: 2.827 Thread 0x0000014b3b86d5f0 Uncommon trap: reason=unstable_if action=reinterpret pc=0x0000014b2c7b2d24 method=java.util.concurrent.ConcurrentHashMap.putVal(Ljava/lang/Object;Ljava/lang/Object;Z)Ljava/lang/Object; @ 148 c2
Event: 2.827 Thread 0x0000014b3b86d5f0 DEOPT PACKING pc=0x0000014b2c7b2d24 sp=0x0000000c0ccfc960
Event: 2.827 Thread 0x0000014b3b86d5f0 DEOPT UNPACKING pc=0x0000014b2c0166a3 sp=0x0000000c0ccfc8e0 mode 2

Classes unloaded (0 events):
No events

Classes redefined (0 events):
No events

Internal exceptions (20 events):
Event: 0.962 Thread 0x0000014b206cfa00 Exception <a 'java/lang/ClassNotFoundException'{0x00000000ec188418}: sun/net/www/protocol/c/Handler> (0x00000000ec188418) 
thrown [s\src\hotspot\share\classfile\systemDictionary.cpp, line 256]
Event: 0.973 Thread 0x0000014b206cfa00 Exception <a 'java/io/FileNotFoundException'{0x00000000ec1a71a0}> (0x00000000ec1a71a0) 
thrown [s\src\hotspot\share\prims\jni.cpp, line 516]
Event: 1.029 Thread 0x0000014b206cfa00 Implicit null exception at 0x0000014b2c75583b to 0x0000014b2c75617c
Event: 1.030 Thread 0x0000014b206cfa00 Implicit null exception at 0x0000014b2c758771 to 0x0000014b2c758950
Event: 1.030 Thread 0x0000014b206cfa00 Implicit null exception at 0x0000014b2c7580f1 to 0x0000014b2c7582c4
Event: 1.030 Thread 0x0000014b206cfa00 Implicit null exception at 0x0000014b2c74b78f to 0x0000014b2c74b805
Event: 1.117 Thread 0x0000014b206cfa00 Exception <a 'java/lang/NoSuchMethodError'{0x00000000eab72098}: 'int java.lang.invoke.DirectMethodHandle$Holder.invokeStaticInit(java.lang.Object, java.lang.Object, java.lang.Object, java.lang.Object)'> (0x00000000eab72098) 
thrown [s\src\hotspot\share\interpreter\linkResolver.cpp, line 759]
Event: 1.119 Thread 0x0000014b206cfa00 Exception <a 'java/lang/NoSuchMethodError'{0x00000000eab7c810}: 'java.lang.Object java.lang.invoke.DirectMethodHandle$Holder.invokeInterface(java.lang.Object, java.lang.Object)'> (0x00000000eab7c810) 
thrown [s\src\hotspot\share\interpreter\linkResolver.cpp, line 759]
Event: 1.120 Thread 0x0000014b206cfa00 Exception <a 'java/lang/IncompatibleClassChangeError'{0x00000000eab80378}: Found class java.lang.Object, but interface was expected> (0x00000000eab80378) 
thrown [s\src\hotspot\share\interpreter\linkResolver.cpp, line 826]
Event: 1.120 Thread 0x0000014b206cfa00 Exception <a 'java/lang/NoSuchMethodError'{0x00000000eab84870}: 'void java.lang.invoke.DirectMethodHandle$Holder.invokeStatic(java.lang.Object, java.lang.Object)'> (0x00000000eab84870) 
thrown [s\src\hotspot\share\interpreter\linkResolver.cpp, line 759]
Event: 1.121 Thread 0x0000014b206cfa00 Exception <a 'java/lang/NoSuchMethodError'{0x00000000eab88070}: 'void java.lang.invoke.DirectMethodHandle$Holder.invokeStaticInit(java.lang.Object, java.lang.Object)'> (0x00000000eab88070) 
thrown [s\src\hotspot\share\interpreter\linkResolver.cpp, line 759]
Event: 1.124 Thread 0x0000014b206cfa00 Exception <a 'java/lang/NoSuchMethodError'{0x00000000eab8f768}: 'int java.lang.invoke.DirectMethodHandle$Holder.invokeStaticInit(java.lang.Object, java.lang.Object)'> (0x00000000eab8f768) 
thrown [s\src\hotspot\share\interpreter\linkResolver.cpp, line 759]
Event: 1.170 Thread 0x0000014b206cfa00 Exception <a 'java/lang/NoSuchMethodError'{0x00000000ead36728}: 'void java.lang.invoke.DirectMethodHandle$Holder.invokeSpecial(java.lang.Object, java.lang.Object, java.lang.Object)'> (0x00000000ead36728) 
thrown [s\src\hotspot\share\interpreter\linkResolver.cpp, line 759]
Event: 1.722 Thread 0x0000014b206cfa00 Exception <a 'java/lang/NoSuchMethodError'{0x00000000eb957e70}: 'java.lang.Object java.lang.invoke.DirectMethodHandle$Holder.newInvokeSpecial(java.lang.Object, int, java.lang.Object)'> (0x00000000eb957e70) 
thrown [s\src\hotspot\share\interpreter\linkResolver.cpp, line 759]
Event: 2.118 Thread 0x0000014b206cfa00 Exception <a 'java/lang/UnsatisfiedLinkError'{0x00000000ebe8a110}: 'void org.eclipse.equinox.launcher.JNIBridge._update_splash()'> (0x00000000ebe8a110) 
thrown [s\src\hotspot\share\prims\nativeLookup.cpp, line 543]
Event: 2.276 Thread 0x0000014b3b86d5f0 Exception <a 'java/lang/NoSuchMethodError'{0x00000000ec12f030}: 'java.lang.Object java.lang.invoke.DirectMethodHandle$Holder.invokeStaticInit(java.lang.Object)'> (0x00000000ec12f030) 
thrown [s\src\hotspot\share\interpreter\linkResolver.cpp, line 759]
Event: 2.724 Thread 0x0000014b3b86d5f0 Exception <a 'java/io/FileNotFoundException'{0x00000000eb4487c0}> (0x00000000eb4487c0) 
thrown [s\src\hotspot\share\prims\jni.cpp, line 516]
Event: 2.743 Thread 0x0000014b3b86d5f0 Exception <a 'java/lang/NullPointerException'{0x00000000eb4c4720}> (0x00000000eb4c4720) 
thrown [s\src\hotspot\share\interpreter\linkResolver.cpp, line 1350]
Event: 2.743 Thread 0x0000014b3b86d5f0 Exception <a 'java/lang/NullPointerException'{0x00000000eb4c4f48}> (0x00000000eb4c4f48) 
thrown [s\src\hotspot\share\interpreter\linkResolver.cpp, line 1350]
Event: 2.805 Thread 0x0000014b3b86d5f0 Exception <a 'java/lang/NoSuchMethodError'{0x00000000eb606048}: 'java.lang.Object java.lang.invoke.Invokers$Holder.invokeExact_MT(java.lang.Object, java.lang.Object, java.lang.Object, java.lang.Object, java.lang.Object, java.lang.Object)'> (0x00000000eb606048) 
thrown [s\src\hotspot\share\interpreter\linkResolver.cpp, line 759]

VM Operations (20 events):
Event: 0.935 Executing VM operation: HandshakeAllThreads
Event: 0.935 Executing VM operation: HandshakeAllThreads done
Event: 1.033 Executing VM operation: ICBufferFull
Event: 1.033 Executing VM operation: ICBufferFull done
Event: 1.090 Executing VM operation: ParallelGCFailedAllocation
Event: 1.097 Executing VM operation: ParallelGCFailedAllocation done
Event: 1.605 Executing VM operation: HandshakeAllThreads
Event: 1.605 Executing VM operation: HandshakeAllThreads done
Event: 1.609 Executing VM operation: HandshakeAllThreads
Event: 1.609 Executing VM operation: HandshakeAllThreads done
Event: 1.632 Executing VM operation: HandshakeAllThreads
Event: 1.632 Executing VM operation: HandshakeAllThreads done
Event: 1.701 Executing VM operation: HandshakeAllThreads
Event: 1.701 Executing VM operation: HandshakeAllThreads done
Event: 2.336 Executing VM operation: HandshakeAllThreads
Event: 2.336 Executing VM operation: HandshakeAllThreads done
Event: 2.336 Executing VM operation: Cleanup
Event: 2.336 Executing VM operation: Cleanup done
Event: 2.419 Executing VM operation: ParallelGCFailedAllocation
Event: 2.428 Executing VM operation: ParallelGCFailedAllocation done

Events (20 events):
Event: 2.613 loading class javax/xml/parsers/ParserConfigurationException
Event: 2.613 loading class javax/xml/parsers/ParserConfigurationException done
Event: 2.650 loading class java/lang/CloneNotSupportedException
Event: 2.650 loading class java/lang/CloneNotSupportedException done
Event: 2.679 loading class java/util/TreeMap$Values
Event: 2.680 loading class java/util/TreeMap$Values done
Event: 2.680 loading class java/util/TreeMap$ValueIterator
Event: 2.680 loading class java/util/TreeMap$ValueIterator done
Event: 2.725 loading class java/util/function/IntFunction
Event: 2.725 loading class java/util/function/IntFunction done
Event: 2.742 loading class java/util/ImmutableCollections$Map1
Event: 2.743 loading class java/util/ImmutableCollections$Map1 done
Event: 2.743 loading class java/util/AbstractMap$1
Event: 2.744 loading class java/util/AbstractMap$1 done
Event: 2.744 loading class java/util/AbstractMap$1$1
Event: 2.744 loading class java/util/AbstractMap$1$1 done
Event: 2.810 loading class java/util/Comparators$NaturalOrderComparator
Event: 2.811 loading class java/util/Comparators$NaturalOrderComparator done
Event: 2.811 loading class java/util/Collections$ReverseComparator2
Event: 2.811 loading class java/util/Collections$ReverseComparator2 done


Dynamic libraries:
0x00007ff7be440000 - 0x00007ff7be44e000 	c:\Users\ADMIN\.vscode\extensions\redhat.java-1.18.0-win32-x64\jre\17.0.7-win32-x86_64\bin\java.exe
0x00007ff9adcd0000 - 0x00007ff9adee4000 	C:\WINDOWS\SYSTEM32\ntdll.dll
0x00007ff9abbb0000 - 0x00007ff9abc72000 	C:\WINDOWS\System32\KERNEL32.DLL
0x00007ff9ab470000 - 0x00007ff9ab813000 	C:\WINDOWS\System32\KERNELBASE.dll
0x00007ff9ab940000 - 0x00007ff9aba51000 	C:\WINDOWS\System32\ucrtbase.dll
0x00007ff99c730000 - 0x00007ff99c747000 	c:\Users\ADMIN\.vscode\extensions\redhat.java-1.18.0-win32-x64\jre\17.0.7-win32-x86_64\bin\jli.dll
0x00007ff9acb80000 - 0x00007ff9acd2b000 	C:\WINDOWS\System32\USER32.dll
0x00007ff9ab0f0000 - 0x00007ff9ab116000 	C:\WINDOWS\System32\win32u.dll
0x00007ff996ed0000 - 0x00007ff996ee9000 	c:\Users\ADMIN\.vscode\extensions\redhat.java-1.18.0-win32-x64\jre\17.0.7-win32-x86_64\bin\VCRUNTIME140.dll
0x00007ff9abb80000 - 0x00007ff9abba9000 	C:\WINDOWS\System32\GDI32.dll
0x00007ff9ab120000 - 0x00007ff9ab238000 	C:\WINDOWS\System32\gdi32full.dll
0x00007ff9ab820000 - 0x00007ff9ab8ba000 	C:\WINDOWS\System32\msvcp_win.dll
0x00007ff9973d0000 - 0x00007ff99765e000 	C:\WINDOWS\WinSxS\amd64_microsoft.windows.common-controls_6595b64144ccf1df_6.0.22621.1635_none_270f70857386168e\COMCTL32.dll
0x00007ff9ad680000 - 0x00007ff9ad727000 	C:\WINDOWS\System32\msvcrt.dll
0x00007ff9ad910000 - 0x00007ff9ad941000 	C:\WINDOWS\System32\IMM32.DLL
0x00007ff9a61f0000 - 0x00007ff9a61fc000 	c:\Users\ADMIN\.vscode\extensions\redhat.java-1.18.0-win32-x64\jre\17.0.7-win32-x86_64\bin\vcruntime140_1.dll
0x00007ff97a530000 - 0x00007ff97a5c1000 	c:\Users\ADMIN\.vscode\extensions\redhat.java-1.18.0-win32-x64\jre\17.0.7-win32-x86_64\bin\msvcp140.dll
0x00007ff937060000 - 0x00007ff937ca8000 	c:\Users\ADMIN\.vscode\extensions\redhat.java-1.18.0-win32-x64\jre\17.0.7-win32-x86_64\bin\server\jvm.dll
0x00007ff9ac8e0000 - 0x00007ff9ac98e000 	C:\WINDOWS\System32\ADVAPI32.dll
0x00007ff9ac030000 - 0x00007ff9ac0d4000 	C:\WINDOWS\System32\sechost.dll
0x00007ff9ada80000 - 0x00007ff9adb97000 	C:\WINDOWS\System32\RPCRT4.dll
0x00007ff98b220000 - 0x00007ff98b229000 	C:\WINDOWS\SYSTEM32\WSOCK32.dll
0x00007ff9ad890000 - 0x00007ff9ad901000 	C:\WINDOWS\System32\WS2_32.dll
0x00007ff9a3a90000 - 0x00007ff9a3a9a000 	C:\WINDOWS\SYSTEM32\VERSION.dll
0x00007ff9a3270000 - 0x00007ff9a32a4000 	C:\WINDOWS\SYSTEM32\WINMM.dll
0x00007ff9aa120000 - 0x00007ff9aa138000 	C:\WINDOWS\SYSTEM32\kernel.appcore.dll
0x00007ff9a6170000 - 0x00007ff9a617a000 	c:\Users\ADMIN\.vscode\extensions\redhat.java-1.18.0-win32-x64\jre\17.0.7-win32-x86_64\bin\jimage.dll
0x00007ff9a8850000 - 0x00007ff9a8a7e000 	C:\WINDOWS\SYSTEM32\DBGHELP.DLL
0x00007ff9abc80000 - 0x00007ff9ac009000 	C:\WINDOWS\System32\combase.dll
0x00007ff9acfd0000 - 0x00007ff9ad0a7000 	C:\WINDOWS\System32\OLEAUT32.dll
0x00007ff9a0980000 - 0x00007ff9a09b2000 	C:\WINDOWS\SYSTEM32\dbgcore.DLL
0x00007ff9ab8c0000 - 0x00007ff9ab93b000 	C:\WINDOWS\System32\bcryptPrimitives.dll
0x00007ff99e6a0000 - 0x00007ff99e6ae000 	c:\Users\ADMIN\.vscode\extensions\redhat.java-1.18.0-win32-x64\jre\17.0.7-win32-x86_64\bin\instrument.dll
0x00007ff996930000 - 0x00007ff996955000 	c:\Users\ADMIN\.vscode\extensions\redhat.java-1.18.0-win32-x64\jre\17.0.7-win32-x86_64\bin\java.dll
0x00007ff996d90000 - 0x00007ff996da8000 	c:\Users\ADMIN\.vscode\extensions\redhat.java-1.18.0-win32-x64\jre\17.0.7-win32-x86_64\bin\zip.dll
0x00007ff9ac0e0000 - 0x00007ff9ac8da000 	C:\WINDOWS\System32\SHELL32.dll
0x00007ff9a90a0000 - 0x00007ff9a996e000 	C:\WINDOWS\SYSTEM32\windows.storage.dll
0x00007ff9a8f60000 - 0x00007ff9a909e000 	C:\WINDOWS\SYSTEM32\wintypes.dll
0x00007ff9aced0000 - 0x00007ff9acfc1000 	C:\WINDOWS\System32\SHCORE.dll
0x00007ff9abb20000 - 0x00007ff9abb7e000 	C:\WINDOWS\System32\shlwapi.dll
0x00007ff9ab020000 - 0x00007ff9ab041000 	C:\WINDOWS\SYSTEM32\profapi.dll
0x00007ff992880000 - 0x00007ff992899000 	C:\Users\ADMIN\.vscode\extensions\redhat.java-1.18.0-win32-x64\jre\17.0.7-win32-x86_64\bin\net.dll
0x00007ff9a5200000 - 0x00007ff9a5337000 	C:\WINDOWS\SYSTEM32\WINHTTP.dll
0x00007ff9aa5b0000 - 0x00007ff9aa619000 	C:\WINDOWS\system32\mswsock.dll
0x00007ff98c8c0000 - 0x00007ff98c8d5000 	C:\Users\ADMIN\.vscode\extensions\redhat.java-1.18.0-win32-x64\jre\17.0.7-win32-x86_64\bin\nio.dll
0x00007ff99d8d0000 - 0x00007ff99d8e0000 	c:\Users\ADMIN\.vscode\extensions\redhat.java-1.18.0-win32-x64\jre\17.0.7-win32-x86_64\bin\verify.dll
0x00007ff97ef70000 - 0x00007ff97efae000 	C:\Users\ADMIN\AppData\Roaming\Code\User\globalStorage\redhat.java\1.18.0\config_ss_win\org.eclipse.equinox.launcher\org.eclipse.equinox.launcher.win32.win32.x86_64_1.2.700.v20221108-1024\eclipse_11801.dll
0x00007ff9acd30000 - 0x00007ff9acecc000 	C:\WINDOWS\System32\ole32.dll

dbghelp: loaded successfully - version: 4.0.5 - missing functions: none
symbol engine: initialized successfully - sym options: 0x614 - pdb path: .;c:\Users\ADMIN\.vscode\extensions\redhat.java-1.18.0-win32-x64\jre\17.0.7-win32-x86_64\bin;C:\WINDOWS\SYSTEM32;C:\WINDOWS\WinSxS\amd64_microsoft.windows.common-controls_6595b64144ccf1df_6.0.22621.1635_none_270f70857386168e;c:\Users\ADMIN\.vscode\extensions\redhat.java-1.18.0-win32-x64\jre\17.0.7-win32-x86_64\bin\server;C:\Users\ADMIN\AppData\Roaming\Code\User\globalStorage\redhat.java\1.18.0\config_ss_win\org.eclipse.equinox.launcher\org.eclipse.equinox.launcher.win32.win32.x86_64_1.2.700.v20221108-1024

VM Arguments:
jvm_args: --add-modules=ALL-SYSTEM --add-opens=java.base/java.util=ALL-UNNAMED --add-opens=java.base/java.lang=ALL-UNNAMED --add-opens=java.base/sun.nio.fs=ALL-UNNAMED -Declipse.application=org.eclipse.jdt.ls.core.id1 -Dosgi.bundles.defaultStartLevel=4 -Declipse.product=org.eclipse.jdt.ls.core.product -Djava.import.generatesMetadataFilesAtProjectRoot=false -Dfile.encoding=utf8 -XX:+UseParallelGC -XX:GCTimeRatio=4 -XX:AdaptiveSizePolicyWeight=90 -Dsun.zip.disableMemoryMapping=true -Xmx1G -Xms100m -Xlog:disable -javaagent:c:\Users\ADMIN\.vscode\extensions\redhat.java-1.18.0-win32-x64\lombok\lombok-1.18.27.jar 
java_command: c:\Users\ADMIN\.vscode\extensions\redhat.java-1.18.0-win32-x64\server\plugins\org.eclipse.equinox.launcher_1.6.400.v20210924-0641.jar -configuration c:\Users\ADMIN\AppData\Roaming\Code\User\globalStorage\redhat.java\1.18.0\config_ss_win -data c:\Users\ADMIN\AppData\Roaming\Code\User\workspaceStorage\4c1ab381de116513bcdb067e4a9c71b1\redhat.java\ss_ws
java_class_path (initial): c:\Users\ADMIN\.vscode\extensions\redhat.java-1.18.0-win32-x64\server\plugins\org.eclipse.equinox.launcher_1.6.400.v20210924-0641.jar
Launcher Type: SUN_STANDARD

[Global flags]
    uintx AdaptiveSizePolicyWeight                 = 90                                        {product} {command line}
     intx CICompilerCount                          = 12                                        {product} {ergonomic}
    uintx GCTimeRatio                              = 4                                         {product} {command line}
   size_t InitialHeapSize                          = 104857600                                 {product} {command line}
   size_t MaxHeapSize                              = 1073741824                                {product} {command line}
   size_t MaxNewSize                               = 357564416                                 {product} {ergonomic}
   size_t MinHeapDeltaBytes                        = 524288                                    {product} {ergonomic}
   size_t MinHeapSize                              = 104857600                                 {product} {command line}
   size_t NewSize                                  = 34603008                                  {product} {ergonomic}
    uintx NonNMethodCodeHeapSize                   = 7602480                                {pd product} {ergonomic}
    uintx NonProfiledCodeHeapSize                  = 122027880                              {pd product} {ergonomic}
   size_t OldSize                                  = 70254592                                  {product} {ergonomic}
    uintx ProfiledCodeHeapSize                     = 122027880                              {pd product} {ergonomic}
    uintx ReservedCodeCacheSize                    = 251658240                              {pd product} {ergonomic}
     bool SegmentedCodeCache                       = true                                      {product} {ergonomic}
   size_t SoftMaxHeapSize                          = 1073741824                             {manageable} {ergonomic}
     bool UseCompressedClassPointers               = true                           {product lp64_product} {ergonomic}
     bool UseCompressedOops                        = true                           {product lp64_product} {ergonomic}
     bool UseLargePagesIndividualAllocation        = false                                  {pd product} {ergonomic}
     bool UseParallelGC                            = true                                      {product} {command line}

Logging:
Log output configuration:
 #0: stdout all=off uptime,level,tags
 #1: stderr all=off uptime,level,tags

Environment Variables:
PATH=C:\Program Files\Common Files\Oracle\Java\javapath;C:\Program Files (x86)\Common Files\Intel\Shared Libraries\redist\intel64\compiler;C:\Windows\system32;C:\Windows;C:\Windows\System32\Wbem;C:\Windows\System32\WindowsPowerShell\v1.0\;C:\Windows\System32\OpenSSH\;C:\Program Files (x86)\NVIDIA Corporation\PhysX\Common;C:\Program Files\NVIDIA Corporation\NVIDIA NvDLISR;C:\Program Files\Git\cmd;C:\WINDOWS\system32;C:\WINDOWS;C:\WINDOWS\System32\Wbem;C:\WINDOWS\System32\WindowsPowerShell\v1.0\;C:\WINDOWS\System32\OpenSSH\;C:\Users\ADMIN\AppData\Local\Microsoft\WindowsApps;C:\Users\ADMIN\AppData\Local\Programs\Microsoft VS Code\bin;C:\msys64\mingw64\bin;C:\msys64\usr\bin;
USERNAME=ADMIN
OS=Windows_NT
PROCESSOR_IDENTIFIER=AMD64 Family 23 Model 96 Stepping 1, AuthenticAMD
TMP=C:\Users\ADMIN\AppData\Local\Temp
TEMP=C:\Users\ADMIN\AppData\Local\Temp



---------------  S Y S T E M  ---------------

OS:
 Windows 11 , 64 bit Build 22621 (10.0.22621.1635)
OS uptime: 0 days 1:22 hours
Hyper-V role detected

CPU: total 16 (initial active 16) (16 cores per cpu, 2 threads per core) family 23 model 96 stepping 1 microcode 0x0, cx8, cmov, fxsr, ht, mmx, 3dnowpref, sse, sse2, sse3, ssse3, sse4a, sse4.1, sse4.2, popcnt, lzcnt, tsc, tscinvbit, avx, avx2, aes, clmul, bmi1, bmi2, adx, sha, fma, vzeroupper, clflush, clflushopt, hv

Memory: 4k page, system-wide physical 7599M (361M free)
TotalPageFile size 15791M (AvailPageFile size 6M)
current process WorkingSet (physical memory assigned to process): 95M, peak: 95M
current process commit charge ("private bytes"): 226M, peak: 227M

vm_info: OpenJDK 64-Bit Server VM (17.0.7+7) for windows-amd64 JRE (17.0.7+7), built on Apr 18 2023 22:10:42 by "temurin" with MS VC++ 16.7 (VS2019)

END.
