#
# There is insufficient memory for the Java Runtime Environment to continue.
# Native memory allocation (mmap) failed to map 65536 bytes for Failed to commit metaspace.
# Possible reasons:
#   The system is out of physical RAM or swap space
#   The process is running with CompressedOops enabled, and the Java Heap may be blocking the growth of the native heap
# Possible solutions:
#   Reduce memory load on the system
#   Increase physical memory or swap space
#   Check if swap backing store is full
#   Decrease Java heap size (-Xmx/-Xms)
#   Decrease number of Java threads
#   Decrease Java thread stack sizes (-Xss)
#   Set larger code cache with -XX:ReservedCodeCacheSize=
#   JVM is running with Unscaled Compressed Oops mode in which the Java heap is
#     placed in the first 4GB address space. The Java Heap base address is the
#     maximum limit for the native heap growth. Please use -XX:HeapBaseMinAddress
#     to set the Java Heap base and to place the Java Heap above 4GB virtual address.
# This output file may be truncated or incomplete.
#
#  Out of Memory Error (virtualSpaceNode.cpp:110), pid=22596, tid=22284
#
# JRE version: Java(TM) SE Runtime Environment (19.0.2+7) (build 19.0.2+7-44)
# Java VM: Java HotSpot(TM) 64-Bit Server VM (19.0.2+7-44, mixed mode, sharing, tiered, compressed oops, compressed class ptrs, g1 gc, windows-amd64)
# No core dump will be written. Minidumps are not enabled by default on client versions of Windows
#

---------------  S U M M A R Y ------------

Command Line: -agentlib:jdwp=transport=dt_socket,server=n,suspend=y,address=localhost:49221 --enable-preview -XX:+ShowCodeDetailsInExceptionMessages Control.Main

Host: AMD Ryzen 7 4800H with Radeon Graphics         , 16 cores, 7G,  Windows 11 , 64 bit Build 22621 (10.0.22621.1485)
Time: Wed Apr 19 22:15:02 2023 SE Asia Standard Time elapsed time: 0.362700 seconds (0d 0h 0m 0s)

---------------  T H R E A D  ---------------

Current thread (0x0000021854807fb0):  JavaThread "C1 CompilerThread1" daemon [_thread_in_vm, id=22284, stack(0x0000003965700000,0x0000003965800000)]


Current CompileTask:
C1:    362  315       3       java.lang.invoke.LambdaForm::uncustomize (57 bytes)

Stack: [0x0000003965700000,0x0000003965800000]
Native frames: (J=compiled Java code, j=interpreted, Vv=VM code, C=native code)
V  [jvm.dll+0x6ee21a]
V  [jvm.dll+0x85765e]
V  [jvm.dll+0x85904e]
V  [jvm.dll+0x859703]
V  [jvm.dll+0x28298f]
V  [jvm.dll+0x8532db]
V  [jvm.dll+0x692cb6]
V  [jvm.dll+0x692d1a]
V  [jvm.dll+0x695613]
V  [jvm.dll+0x6954de]
V  [jvm.dll+0x6936de]
V  [jvm.dll+0x6a4f0a]
V  [jvm.dll+0x69df0a]
V  [jvm.dll+0x2002b0]
V  [jvm.dll+0x200498]
V  [jvm.dll+0x173571]
V  [jvm.dll+0x1733b5]
V  [jvm.dll+0x16ade5]
V  [jvm.dll+0x16d067]
V  [jvm.dll+0x16b675]
V  [jvm.dll+0x165590]
V  [jvm.dll+0x174ff6]
V  [jvm.dll+0x160bb0]
V  [jvm.dll+0x160f23]
V  [jvm.dll+0x161208]
V  [jvm.dll+0x160666]
V  [jvm.dll+0x16235d]
V  [jvm.dll+0x25b25a]
V  [jvm.dll+0x2596e8]
V  [jvm.dll+0x807588]
V  [jvm.dll+0x80125a]
V  [jvm.dll+0x6ecf0b]
C  [ucrtbase.dll+0x29363]
C  [KERNEL32.DLL+0x1269d]
C  [ntdll.dll+0x5a9f8]


---------------  P R O C E S S  ---------------

Threads class SMR info:
_java_thread_list=0x0000021858d68da0, length=17, elements={
0x00000218359dccc0, 0x00000218547f9b80, 0x00000218547fa4b0, 0x00000218547fcdf0,
0x00000218547fd720, 0x00000218547fe050, 0x00000218547fe980, 0x0000021854803600,
0x0000021854805330, 0x0000021854813310, 0x0000021854807fb0, 0x00000218548058c0,
0x0000021858d75a80, 0x0000021858d7d420, 0x0000021858d7f8f0, 0x0000021858d83da0,
0x0000021858d899b0
}

Java Threads: ( => current thread )
  0x00000218359dccc0 JavaThread "main" [_thread_in_vm, id=21992, stack(0x0000003964700000,0x0000003964800000)]
  0x00000218547f9b80 JavaThread "Reference Handler" daemon [_thread_blocked, id=6240, stack(0x0000003964e00000,0x0000003964f00000)]
  0x00000218547fa4b0 JavaThread "Finalizer" daemon [_thread_blocked, id=23916, stack(0x0000003964f00000,0x0000003965000000)]
  0x00000218547fcdf0 JavaThread "Signal Dispatcher" daemon [_thread_blocked, id=5508, stack(0x0000003965000000,0x0000003965100000)]
  0x00000218547fd720 JavaThread "Attach Listener" daemon [_thread_blocked, id=11692, stack(0x0000003965100000,0x0000003965200000)]
  0x00000218547fe050 JavaThread "Service Thread" daemon [_thread_blocked, id=22024, stack(0x0000003965200000,0x0000003965300000)]
  0x00000218547fe980 JavaThread "Monitor Deflation Thread" daemon [_thread_blocked, id=3188, stack(0x0000003965300000,0x0000003965400000)]
  0x0000021854803600 JavaThread "C2 CompilerThread0" daemon [_thread_blocked, id=7948, stack(0x0000003965400000,0x0000003965500000)]
  0x0000021854805330 JavaThread "C1 CompilerThread0" daemon [_thread_blocked, id=14856, stack(0x0000003965500000,0x0000003965600000)]
  0x0000021854813310 JavaThread "Sweeper thread" daemon [_thread_blocked, id=24220, stack(0x0000003965600000,0x0000003965700000)]
=>0x0000021854807fb0 JavaThread "C1 CompilerThread1" daemon [_thread_in_vm, id=22284, stack(0x0000003965700000,0x0000003965800000)]
  0x00000218548058c0 JavaThread "C1 CompilerThread2" daemon [_thread_blocked, id=19804, stack(0x0000003965800000,0x0000003965900000)]
  0x0000021858d75a80 JavaThread "JDWP Transport Listener: dt_socket" daemon [_thread_blocked, id=24056, stack(0x0000003965900000,0x0000003965a00000)]
  0x0000021858d7d420 JavaThread "JDWP Event Helper Thread" daemon [_thread_blocked, id=4364, stack(0x0000003965a00000,0x0000003965b00000)]
  0x0000021858d7f8f0 JavaThread "JDWP Command Reader" daemon [_thread_in_native, id=3836, stack(0x0000003965b00000,0x0000003965c00000)]
  0x0000021858d83da0 JavaThread "Notification Thread" daemon [_thread_blocked, id=22616, stack(0x0000003965c00000,0x0000003965d00000)]
  0x0000021858d899b0 JavaThread "Common-Cleaner" daemon [_thread_blocked, id=20252, stack(0x0000003965e00000,0x0000003965f00000)]

Other Threads:
  0x00000218547dc610 VMThread "VM Thread" [stack: 0x0000003964d00000,0x0000003964e00000] [id=14760]
  0x0000021858d89700 WatcherThread "VM Periodic Task Thread" [stack: 0x0000003965d00000,0x0000003965e00000] [id=17912]
  0x0000021835a38c30 WorkerThread "GC Thread#0" [stack: 0x0000003964800000,0x0000003964900000] [id=3320]
  0x0000021835a48910 ConcurrentGCThread "G1 Main Marker" [stack: 0x0000003964900000,0x0000003964a00000] [id=7336]
  0x0000021835a49640 WorkerThread "G1 Conc#0" [stack: 0x0000003964a00000,0x0000003964b00000] [id=7016]
  0x0000021835a9eb10 ConcurrentGCThread "G1 Refine#0" [stack: 0x0000003964b00000,0x0000003964c00000] [id=19624]
  0x000002185469ab50 ConcurrentGCThread "G1 Service" [stack: 0x0000003964c00000,0x0000003964d00000] [id=17528]

Threads with active compile tasks:
C1 CompilerThread1      415  315       3       java.lang.invoke.LambdaForm::uncustomize (57 bytes)
C1 CompilerThread2      415  314       3       java.lang.Class::getPackageName (81 bytes)

VM state: not at safepoint (normal execution)

VM Mutex/Monitor currently owned by a thread:  ([mutex/lock_event])
[0x00000218359d59c0] Metaspace_lock - owner thread: 0x0000021854807fb0
[0x00000218359d7120] MethodData_lock - owner thread: 0x0000021854807fb0

Heap address: 0x0000000089400000, size: 1900 MB, Compressed Oops mode: 32-bit

CDS archive(s) mapped at: [0x0000000800000000-0x0000000800c40000-0x0000000800c40000), size 12845056, SharedBaseAddress: 0x0000000800000000, ArchiveRelocationMode: 0.
Compressed class space mapped at: 0x0000000801000000-0x0000000841000000, reserved size: 1073741824
Narrow klass base: 0x0000000800000000, Narrow klass shift: 0, Narrow klass range: 0x100000000

GC Precious Log:
 CardTable entry size: 512
 Card Set container configuration: InlinePtr #cards 5 size 8 Array Of Cards #cards 12 size 40 Howl #buckets 4 coarsen threshold 1843 Howl Bitmap #cards 512 size 80 coarsen threshold 460 Card regions per heap region 1 cards per card region 2048
 CPUs: 16 total, 16 available
 Memory: 7599M
 Large Page Support: Disabled
 NUMA Support: Disabled
 Compressed Oops: Enabled (32-bit)
 Heap Region Size: 1M
 Heap Min Capacity: 8M
 Heap Initial Capacity: 120M
 Heap Max Capacity: 1900M
 Pre-touch: Disabled
 Parallel Workers: 13
 Concurrent Workers: 3
 Concurrent Refinement Workers: 13
 Periodic GC: Disabled

Heap:
 garbage-first heap   total 122880K, used 3072K [0x0000000089400000, 0x0000000100000000)
  region size 1024K, 4 young (4096K), 0 survivors (0K)
 Metaspace       used 2452K, committed 2624K, reserved 1114112K
  class space    used 224K, committed 320K, reserved 1048576K

Heap Regions: E=young(eden), S=young(survivor), O=old, HS=humongous(starts), HC=humongous(continues), CS=collection set, F=free, OA=open archive, CA=closed archive, TAMS=top-at-mark-start (previous, next)
|   0|0x0000000089400000, 0x0000000089400000, 0x0000000089500000|  0%| F|  |TAMS 0x0000000089400000, 0x0000000089400000| Untracked 
|   1|0x0000000089500000, 0x0000000089500000, 0x0000000089600000|  0%| F|  |TAMS 0x0000000089500000, 0x0000000089500000| Untracked 
|   2|0x0000000089600000, 0x0000000089600000, 0x0000000089700000|  0%| F|  |TAMS 0x0000000089600000, 0x0000000089600000| Untracked 
|   3|0x0000000089700000, 0x0000000089700000, 0x0000000089800000|  0%| F|  |TAMS 0x0000000089700000, 0x0000000089700000| Untracked 
|   4|0x0000000089800000, 0x0000000089800000, 0x0000000089900000|  0%| F|  |TAMS 0x0000000089800000, 0x0000000089800000| Untracked 
|   5|0x0000000089900000, 0x0000000089900000, 0x0000000089a00000|  0%| F|  |TAMS 0x0000000089900000, 0x0000000089900000| Untracked 
|   6|0x0000000089a00000, 0x0000000089a00000, 0x0000000089b00000|  0%| F|  |TAMS 0x0000000089a00000, 0x0000000089a00000| Untracked 
|   7|0x0000000089b00000, 0x0000000089b00000, 0x0000000089c00000|  0%| F|  |TAMS 0x0000000089b00000, 0x0000000089b00000| Untracked 
|   8|0x0000000089c00000, 0x0000000089c00000, 0x0000000089d00000|  0%| F|  |TAMS 0x0000000089c00000, 0x0000000089c00000| Untracked 
|   9|0x0000000089d00000, 0x0000000089d00000, 0x0000000089e00000|  0%| F|  |TAMS 0x0000000089d00000, 0x0000000089d00000| Untracked 
|  10|0x0000000089e00000, 0x0000000089e00000, 0x0000000089f00000|  0%| F|  |TAMS 0x0000000089e00000, 0x0000000089e00000| Untracked 
|  11|0x0000000089f00000, 0x0000000089f00000, 0x000000008a000000|  0%| F|  |TAMS 0x0000000089f00000, 0x0000000089f00000| Untracked 
|  12|0x000000008a000000, 0x000000008a000000, 0x000000008a100000|  0%| F|  |TAMS 0x000000008a000000, 0x000000008a000000| Untracked 
|  13|0x000000008a100000, 0x000000008a100000, 0x000000008a200000|  0%| F|  |TAMS 0x000000008a100000, 0x000000008a100000| Untracked 
|  14|0x000000008a200000, 0x000000008a200000, 0x000000008a300000|  0%| F|  |TAMS 0x000000008a200000, 0x000000008a200000| Untracked 
|  15|0x000000008a300000, 0x000000008a300000, 0x000000008a400000|  0%| F|  |TAMS 0x000000008a300000, 0x000000008a300000| Untracked 
|  16|0x000000008a400000, 0x000000008a400000, 0x000000008a500000|  0%| F|  |TAMS 0x000000008a400000, 0x000000008a400000| Untracked 
|  17|0x000000008a500000, 0x000000008a500000, 0x000000008a600000|  0%| F|  |TAMS 0x000000008a500000, 0x000000008a500000| Untracked 
|  18|0x000000008a600000, 0x000000008a600000, 0x000000008a700000|  0%| F|  |TAMS 0x000000008a600000, 0x000000008a600000| Untracked 
|  19|0x000000008a700000, 0x000000008a700000, 0x000000008a800000|  0%| F|  |TAMS 0x000000008a700000, 0x000000008a700000| Untracked 
|  20|0x000000008a800000, 0x000000008a800000, 0x000000008a900000|  0%| F|  |TAMS 0x000000008a800000, 0x000000008a800000| Untracked 
|  21|0x000000008a900000, 0x000000008a900000, 0x000000008aa00000|  0%| F|  |TAMS 0x000000008a900000, 0x000000008a900000| Untracked 
|  22|0x000000008aa00000, 0x000000008aa00000, 0x000000008ab00000|  0%| F|  |TAMS 0x000000008aa00000, 0x000000008aa00000| Untracked 
|  23|0x000000008ab00000, 0x000000008ab00000, 0x000000008ac00000|  0%| F|  |TAMS 0x000000008ab00000, 0x000000008ab00000| Untracked 
|  24|0x000000008ac00000, 0x000000008ac00000, 0x000000008ad00000|  0%| F|  |TAMS 0x000000008ac00000, 0x000000008ac00000| Untracked 
|  25|0x000000008ad00000, 0x000000008ad00000, 0x000000008ae00000|  0%| F|  |TAMS 0x000000008ad00000, 0x000000008ad00000| Untracked 
|  26|0x000000008ae00000, 0x000000008ae00000, 0x000000008af00000|  0%| F|  |TAMS 0x000000008ae00000, 0x000000008ae00000| Untracked 
|  27|0x000000008af00000, 0x000000008af00000, 0x000000008b000000|  0%| F|  |TAMS 0x000000008af00000, 0x000000008af00000| Untracked 
|  28|0x000000008b000000, 0x000000008b000000, 0x000000008b100000|  0%| F|  |TAMS 0x000000008b000000, 0x000000008b000000| Untracked 
|  29|0x000000008b100000, 0x000000008b100000, 0x000000008b200000|  0%| F|  |TAMS 0x000000008b100000, 0x000000008b100000| Untracked 
|  30|0x000000008b200000, 0x000000008b200000, 0x000000008b300000|  0%| F|  |TAMS 0x000000008b200000, 0x000000008b200000| Untracked 
|  31|0x000000008b300000, 0x000000008b300000, 0x000000008b400000|  0%| F|  |TAMS 0x000000008b300000, 0x000000008b300000| Untracked 
|  32|0x000000008b400000, 0x000000008b400000, 0x000000008b500000|  0%| F|  |TAMS 0x000000008b400000, 0x000000008b400000| Untracked 
|  33|0x000000008b500000, 0x000000008b500000, 0x000000008b600000|  0%| F|  |TAMS 0x000000008b500000, 0x000000008b500000| Untracked 
|  34|0x000000008b600000, 0x000000008b600000, 0x000000008b700000|  0%| F|  |TAMS 0x000000008b600000, 0x000000008b600000| Untracked 
|  35|0x000000008b700000, 0x000000008b700000, 0x000000008b800000|  0%| F|  |TAMS 0x000000008b700000, 0x000000008b700000| Untracked 
|  36|0x000000008b800000, 0x000000008b800000, 0x000000008b900000|  0%| F|  |TAMS 0x000000008b800000, 0x000000008b800000| Untracked 
|  37|0x000000008b900000, 0x000000008b900000, 0x000000008ba00000|  0%| F|  |TAMS 0x000000008b900000, 0x000000008b900000| Untracked 
|  38|0x000000008ba00000, 0x000000008ba00000, 0x000000008bb00000|  0%| F|  |TAMS 0x000000008ba00000, 0x000000008ba00000| Untracked 
|  39|0x000000008bb00000, 0x000000008bb00000, 0x000000008bc00000|  0%| F|  |TAMS 0x000000008bb00000, 0x000000008bb00000| Untracked 
|  40|0x000000008bc00000, 0x000000008bc00000, 0x000000008bd00000|  0%| F|  |TAMS 0x000000008bc00000, 0x000000008bc00000| Untracked 
|  41|0x000000008bd00000, 0x000000008bd00000, 0x000000008be00000|  0%| F|  |TAMS 0x000000008bd00000, 0x000000008bd00000| Untracked 
|  42|0x000000008be00000, 0x000000008be00000, 0x000000008bf00000|  0%| F|  |TAMS 0x000000008be00000, 0x000000008be00000| Untracked 
|  43|0x000000008bf00000, 0x000000008bf00000, 0x000000008c000000|  0%| F|  |TAMS 0x000000008bf00000, 0x000000008bf00000| Untracked 
|  44|0x000000008c000000, 0x000000008c000000, 0x000000008c100000|  0%| F|  |TAMS 0x000000008c000000, 0x000000008c000000| Untracked 
|  45|0x000000008c100000, 0x000000008c100000, 0x000000008c200000|  0%| F|  |TAMS 0x000000008c100000, 0x000000008c100000| Untracked 
|  46|0x000000008c200000, 0x000000008c200000, 0x000000008c300000|  0%| F|  |TAMS 0x000000008c200000, 0x000000008c200000| Untracked 
|  47|0x000000008c300000, 0x000000008c300000, 0x000000008c400000|  0%| F|  |TAMS 0x000000008c300000, 0x000000008c300000| Untracked 
|  48|0x000000008c400000, 0x000000008c400000, 0x000000008c500000|  0%| F|  |TAMS 0x000000008c400000, 0x000000008c400000| Untracked 
|  49|0x000000008c500000, 0x000000008c500000, 0x000000008c600000|  0%| F|  |TAMS 0x000000008c500000, 0x000000008c500000| Untracked 
|  50|0x000000008c600000, 0x000000008c600000, 0x000000008c700000|  0%| F|  |TAMS 0x000000008c600000, 0x000000008c600000| Untracked 
|  51|0x000000008c700000, 0x000000008c700000, 0x000000008c800000|  0%| F|  |TAMS 0x000000008c700000, 0x000000008c700000| Untracked 
|  52|0x000000008c800000, 0x000000008c800000, 0x000000008c900000|  0%| F|  |TAMS 0x000000008c800000, 0x000000008c800000| Untracked 
|  53|0x000000008c900000, 0x000000008c900000, 0x000000008ca00000|  0%| F|  |TAMS 0x000000008c900000, 0x000000008c900000| Untracked 
|  54|0x000000008ca00000, 0x000000008ca00000, 0x000000008cb00000|  0%| F|  |TAMS 0x000000008ca00000, 0x000000008ca00000| Untracked 
|  55|0x000000008cb00000, 0x000000008cb00000, 0x000000008cc00000|  0%| F|  |TAMS 0x000000008cb00000, 0x000000008cb00000| Untracked 
|  56|0x000000008cc00000, 0x000000008cc00000, 0x000000008cd00000|  0%| F|  |TAMS 0x000000008cc00000, 0x000000008cc00000| Untracked 
|  57|0x000000008cd00000, 0x000000008cd00000, 0x000000008ce00000|  0%| F|  |TAMS 0x000000008cd00000, 0x000000008cd00000| Untracked 
|  58|0x000000008ce00000, 0x000000008ce00000, 0x000000008cf00000|  0%| F|  |TAMS 0x000000008ce00000, 0x000000008ce00000| Untracked 
|  59|0x000000008cf00000, 0x000000008cf00000, 0x000000008d000000|  0%| F|  |TAMS 0x000000008cf00000, 0x000000008cf00000| Untracked 
|  60|0x000000008d000000, 0x000000008d000000, 0x000000008d100000|  0%| F|  |TAMS 0x000000008d000000, 0x000000008d000000| Untracked 
|  61|0x000000008d100000, 0x000000008d100000, 0x000000008d200000|  0%| F|  |TAMS 0x000000008d100000, 0x000000008d100000| Untracked 
|  62|0x000000008d200000, 0x000000008d200000, 0x000000008d300000|  0%| F|  |TAMS 0x000000008d200000, 0x000000008d200000| Untracked 
|  63|0x000000008d300000, 0x000000008d300000, 0x000000008d400000|  0%| F|  |TAMS 0x000000008d300000, 0x000000008d300000| Untracked 
|  64|0x000000008d400000, 0x000000008d400000, 0x000000008d500000|  0%| F|  |TAMS 0x000000008d400000, 0x000000008d400000| Untracked 
|  65|0x000000008d500000, 0x000000008d500000, 0x000000008d600000|  0%| F|  |TAMS 0x000000008d500000, 0x000000008d500000| Untracked 
|  66|0x000000008d600000, 0x000000008d600000, 0x000000008d700000|  0%| F|  |TAMS 0x000000008d600000, 0x000000008d600000| Untracked 
|  67|0x000000008d700000, 0x000000008d700000, 0x000000008d800000|  0%| F|  |TAMS 0x000000008d700000, 0x000000008d700000| Untracked 
|  68|0x000000008d800000, 0x000000008d800000, 0x000000008d900000|  0%| F|  |TAMS 0x000000008d800000, 0x000000008d800000| Untracked 
|  69|0x000000008d900000, 0x000000008d900000, 0x000000008da00000|  0%| F|  |TAMS 0x000000008d900000, 0x000000008d900000| Untracked 
|  70|0x000000008da00000, 0x000000008da00000, 0x000000008db00000|  0%| F|  |TAMS 0x000000008da00000, 0x000000008da00000| Untracked 
|  71|0x000000008db00000, 0x000000008db00000, 0x000000008dc00000|  0%| F|  |TAMS 0x000000008db00000, 0x000000008db00000| Untracked 
|  72|0x000000008dc00000, 0x000000008dc00000, 0x000000008dd00000|  0%| F|  |TAMS 0x000000008dc00000, 0x000000008dc00000| Untracked 
|  73|0x000000008dd00000, 0x000000008dd00000, 0x000000008de00000|  0%| F|  |TAMS 0x000000008dd00000, 0x000000008dd00000| Untracked 
|  74|0x000000008de00000, 0x000000008de00000, 0x000000008df00000|  0%| F|  |TAMS 0x000000008de00000, 0x000000008de00000| Untracked 
|  75|0x000000008df00000, 0x000000008df00000, 0x000000008e000000|  0%| F|  |TAMS 0x000000008df00000, 0x000000008df00000| Untracked 
|  76|0x000000008e000000, 0x000000008e000000, 0x000000008e100000|  0%| F|  |TAMS 0x000000008e000000, 0x000000008e000000| Untracked 
|  77|0x000000008e100000, 0x000000008e100000, 0x000000008e200000|  0%| F|  |TAMS 0x000000008e100000, 0x000000008e100000| Untracked 
|  78|0x000000008e200000, 0x000000008e200000, 0x000000008e300000|  0%| F|  |TAMS 0x000000008e200000, 0x000000008e200000| Untracked 
|  79|0x000000008e300000, 0x000000008e300000, 0x000000008e400000|  0%| F|  |TAMS 0x000000008e300000, 0x000000008e300000| Untracked 
|  80|0x000000008e400000, 0x000000008e400000, 0x000000008e500000|  0%| F|  |TAMS 0x000000008e400000, 0x000000008e400000| Untracked 
|  81|0x000000008e500000, 0x000000008e500000, 0x000000008e600000|  0%| F|  |TAMS 0x000000008e500000, 0x000000008e500000| Untracked 
|  82|0x000000008e600000, 0x000000008e600000, 0x000000008e700000|  0%| F|  |TAMS 0x000000008e600000, 0x000000008e600000| Untracked 
|  83|0x000000008e700000, 0x000000008e700000, 0x000000008e800000|  0%| F|  |TAMS 0x000000008e700000, 0x000000008e700000| Untracked 
|  84|0x000000008e800000, 0x000000008e800000, 0x000000008e900000|  0%| F|  |TAMS 0x000000008e800000, 0x000000008e800000| Untracked 
|  85|0x000000008e900000, 0x000000008e900000, 0x000000008ea00000|  0%| F|  |TAMS 0x000000008e900000, 0x000000008e900000| Untracked 
|  86|0x000000008ea00000, 0x000000008ea00000, 0x000000008eb00000|  0%| F|  |TAMS 0x000000008ea00000, 0x000000008ea00000| Untracked 
|  87|0x000000008eb00000, 0x000000008eb00000, 0x000000008ec00000|  0%| F|  |TAMS 0x000000008eb00000, 0x000000008eb00000| Untracked 
|  88|0x000000008ec00000, 0x000000008ec00000, 0x000000008ed00000|  0%| F|  |TAMS 0x000000008ec00000, 0x000000008ec00000| Untracked 
|  89|0x000000008ed00000, 0x000000008ed00000, 0x000000008ee00000|  0%| F|  |TAMS 0x000000008ed00000, 0x000000008ed00000| Untracked 
|  90|0x000000008ee00000, 0x000000008ee00000, 0x000000008ef00000|  0%| F|  |TAMS 0x000000008ee00000, 0x000000008ee00000| Untracked 
|  91|0x000000008ef00000, 0x000000008ef00000, 0x000000008f000000|  0%| F|  |TAMS 0x000000008ef00000, 0x000000008ef00000| Untracked 
|  92|0x000000008f000000, 0x000000008f000000, 0x000000008f100000|  0%| F|  |TAMS 0x000000008f000000, 0x000000008f000000| Untracked 
|  93|0x000000008f100000, 0x000000008f100000, 0x000000008f200000|  0%| F|  |TAMS 0x000000008f100000, 0x000000008f100000| Untracked 
|  94|0x000000008f200000, 0x000000008f200000, 0x000000008f300000|  0%| F|  |TAMS 0x000000008f200000, 0x000000008f200000| Untracked 
|  95|0x000000008f300000, 0x000000008f300000, 0x000000008f400000|  0%| F|  |TAMS 0x000000008f300000, 0x000000008f300000| Untracked 
|  96|0x000000008f400000, 0x000000008f400000, 0x000000008f500000|  0%| F|  |TAMS 0x000000008f400000, 0x000000008f400000| Untracked 
|  97|0x000000008f500000, 0x000000008f500000, 0x000000008f600000|  0%| F|  |TAMS 0x000000008f500000, 0x000000008f500000| Untracked 
|  98|0x000000008f600000, 0x000000008f600000, 0x000000008f700000|  0%| F|  |TAMS 0x000000008f600000, 0x000000008f600000| Untracked 
|  99|0x000000008f700000, 0x000000008f700000, 0x000000008f800000|  0%| F|  |TAMS 0x000000008f700000, 0x000000008f700000| Untracked 
| 100|0x000000008f800000, 0x000000008f800000, 0x000000008f900000|  0%| F|  |TAMS 0x000000008f800000, 0x000000008f800000| Untracked 
| 101|0x000000008f900000, 0x000000008f900000, 0x000000008fa00000|  0%| F|  |TAMS 0x000000008f900000, 0x000000008f900000| Untracked 
| 102|0x000000008fa00000, 0x000000008fa00000, 0x000000008fb00000|  0%| F|  |TAMS 0x000000008fa00000, 0x000000008fa00000| Untracked 
| 103|0x000000008fb00000, 0x000000008fb00000, 0x000000008fc00000|  0%| F|  |TAMS 0x000000008fb00000, 0x000000008fb00000| Untracked 
| 104|0x000000008fc00000, 0x000000008fc00000, 0x000000008fd00000|  0%| F|  |TAMS 0x000000008fc00000, 0x000000008fc00000| Untracked 
| 105|0x000000008fd00000, 0x000000008fd00000, 0x000000008fe00000|  0%| F|  |TAMS 0x000000008fd00000, 0x000000008fd00000| Untracked 
| 106|0x000000008fe00000, 0x000000008fe00000, 0x000000008ff00000|  0%| F|  |TAMS 0x000000008fe00000, 0x000000008fe00000| Untracked 
| 107|0x000000008ff00000, 0x000000008ff00000, 0x0000000090000000|  0%| F|  |TAMS 0x000000008ff00000, 0x000000008ff00000| Untracked 
| 108|0x0000000090000000, 0x0000000090000000, 0x0000000090100000|  0%| F|  |TAMS 0x0000000090000000, 0x0000000090000000| Untracked 
| 109|0x0000000090100000, 0x0000000090100000, 0x0000000090200000|  0%| F|  |TAMS 0x0000000090100000, 0x0000000090100000| Untracked 
| 110|0x0000000090200000, 0x0000000090200000, 0x0000000090300000|  0%| F|  |TAMS 0x0000000090200000, 0x0000000090200000| Untracked 
| 111|0x0000000090300000, 0x0000000090300000, 0x0000000090400000|  0%| F|  |TAMS 0x0000000090300000, 0x0000000090300000| Untracked 
| 112|0x0000000090400000, 0x0000000090400000, 0x0000000090500000|  0%| F|  |TAMS 0x0000000090400000, 0x0000000090400000| Untracked 
| 113|0x0000000090500000, 0x0000000090500000, 0x0000000090600000|  0%| F|  |TAMS 0x0000000090500000, 0x0000000090500000| Untracked 
| 114|0x0000000090600000, 0x0000000090600000, 0x0000000090700000|  0%| F|  |TAMS 0x0000000090600000, 0x0000000090600000| Untracked 
| 115|0x0000000090700000, 0x0000000090700000, 0x0000000090800000|  0%| F|  |TAMS 0x0000000090700000, 0x0000000090700000| Untracked 
| 116|0x0000000090800000, 0x0000000090876440, 0x0000000090900000| 46%| E|  |TAMS 0x0000000090800000, 0x0000000090800000| Complete 
| 117|0x0000000090900000, 0x0000000090a00000, 0x0000000090a00000|100%| E|CS|TAMS 0x0000000090900000, 0x0000000090900000| Complete 
| 118|0x0000000090a00000, 0x0000000090b00000, 0x0000000090b00000|100%| E|CS|TAMS 0x0000000090a00000, 0x0000000090a00000| Complete 
| 119|0x0000000090b00000, 0x0000000090c00000, 0x0000000090c00000|100%| E|CS|TAMS 0x0000000090b00000, 0x0000000090b00000| Complete 

Card table byte_map: [0x000002184d590000,0x000002184d950000] _byte_map_base: 0x000002184d146000

Marking Bits (Prev, Next): (CMBitMap*) 0x0000021835a39260, (CMBitMap*) 0x0000021835a392a0
 Prev Bits: [0x000002184dd10000, 0x000002184fac0000)
 Next Bits: [0x000002184fac0000, 0x0000021851870000)

Polling page: 0x0000021833970000

Metaspace:

Usage:
  Non-class:      2.18 MB used.
      Class:    224.09 KB used.
       Both:      2.40 MB used.

Virtual space:
  Non-class space:       64.00 MB reserved,       2.25 MB (  4%) committed,  1 nodes.
      Class space:        1.00 GB reserved,     320.00 KB ( <1%) committed,  1 nodes.
             Both:        1.06 GB reserved,       2.56 MB ( <1%) committed. 

Chunk freelists:
   Non-Class:  3.93 MB
       Class:  3.70 MB
        Both:  7.62 MB

MaxMetaspaceSize: unlimited
CompressedClassSpaceSize: 1.00 GB
Initial GC threshold: 21.00 MB
Current GC threshold: 21.00 MB
CDS: on
MetaspaceReclaimPolicy: balanced
 - commit_granule_bytes: 65536.
 - commit_granule_words: 8192.
 - virtual_space_node_default_size: 8388608.
 - enlarge_chunks_in_place: 1.
 - new_chunks_are_fully_committed: 0.
 - uncommit_free_chunks: 1.
 - use_allocation_guard: 0.


Internal statistics:

num_allocs_failed_limit: 0.
num_arena_births: 72.
num_arena_deaths: 0.
num_vsnodes_births: 2.
num_vsnodes_deaths: 0.
num_space_committed: 41.
num_space_uncommitted: 0.
num_chunks_returned_to_freelist: 0.
num_chunks_taken_from_freelist: 75.
num_chunk_merges: 0.
num_chunk_splits: 54.
num_chunks_enlarged: 35.
num_inconsistent_stats: 0.

CodeHeap 'non-profiled nmethods': size=119168Kb used=96Kb max_used=96Kb free=119071Kb
 bounds [0x00000218454e0000, 0x0000021845750000, 0x000002184c940000]
CodeHeap 'profiled nmethods': size=119104Kb used=450Kb max_used=450Kb free=118653Kb
 bounds [0x000002183d940000, 0x000002183dbb0000, 0x0000021844d90000]
CodeHeap 'non-nmethods': size=7488Kb used=2620Kb max_used=2620Kb free=4867Kb
 bounds [0x0000021844d90000, 0x0000021845030000, 0x00000218454e0000]
 total_blobs=769 nmethods=313 adapters=364
 compilation: enabled
              stopped_count=0, restarted_count=0
 full_count=0

Compilation events (20 events):
Event: 0.338 Thread 0x00000218548058c0  302       3       jdk.internal.org.objectweb.asm.SymbolTable::addConstantMemberReference (147 bytes)
Event: 0.338 Thread 0x0000021854807fb0  303       3       jdk.internal.org.objectweb.asm.SymbolTable::hash (20 bytes)
Event: 0.338 Thread 0x0000021854805330  304       3       jdk.internal.org.objectweb.asm.Type::getArgumentsAndReturnSizes (140 bytes)
Event: 0.339 Thread 0x0000021854807fb0 nmethod 303 0x000002183d9a7990 code [0x000002183d9a7b60, 0x000002183d9a7d68]
Event: 0.339 Thread 0x0000021854807fb0  305   !   3       java.lang.invoke.MemberName$Factory::resolve (159 bytes)
Event: 0.339 Thread 0x00000218548058c0 nmethod 302 0x000002183d9a7f10 code [0x000002183d9a81a0, 0x000002183d9a8ae8]
Event: 0.339 Thread 0x00000218548058c0  307       3       java.lang.invoke.MemberName::checkForTypeAlias (172 bytes)
Event: 0.339 Thread 0x0000021854807fb0 nmethod 305 0x000002183d9a9090 code [0x000002183d9a92e0, 0x000002183d9a9a48]
Event: 0.340 Thread 0x00000218548058c0 nmethod 307 0x000002183d9a9e10 code [0x000002183d9aa2a0, 0x000002183d9ac158]
Event: 0.340 Thread 0x0000021854805330 nmethod 304 0x000002183d9acb10 code [0x000002183d9acf00, 0x000002183d9aed78]
Event: 0.344 Thread 0x0000021854805330  310       3       java.lang.StringUTF16::compress (50 bytes)
Event: 0.345 Thread 0x0000021854805330 nmethod 310 0x000002183d9af910 code [0x000002183d9afac0, 0x000002183d9afd18]
Event: 0.348 Thread 0x0000021854805330  311       3       java.lang.invoke.MemberName::isResolved (13 bytes)
Event: 0.349 Thread 0x0000021854805330 nmethod 311 0x000002183d9afe90 code [0x000002183d9b0020, 0x000002183d9b0198]
Event: 0.355 Thread 0x0000021854805330  312       1       java.lang.Class::getModule (5 bytes)
Event: 0.356 Thread 0x0000021854805330 nmethod 312 0x00000218454f7f90 code [0x00000218454f8120, 0x00000218454f81f8]
Event: 0.359 Thread 0x0000021854805330  313       3       java.lang.StringLatin1::lastIndexOf (40 bytes)
Event: 0.359 Thread 0x00000218548058c0  314       3       java.lang.Class::getPackageName (81 bytes)
Event: 0.359 Thread 0x0000021854807fb0  315       3       java.lang.invoke.LambdaForm::uncustomize (57 bytes)
Event: 0.359 Thread 0x0000021854805330 nmethod 313 0x000002183d9b0210 code [0x000002183d9b03e0, 0x000002183d9b07f8]

GC Heap History (0 events):
No events

Dll operation events (4 events):
Event: 0.007 Loaded shared library C:\Program Files\Java\jdk-19\bin\java.dll
Event: 0.015 Loaded shared library C:\Program Files\Java\jdk-19\bin\jsvml.dll
Event: 0.287 Loaded shared library C:\Program Files\Java\jdk-19\bin\jimage.dll
Event: 0.301 Loaded shared library C:\Program Files\Java\jdk-19\bin\awt.dll

Deoptimization events (0 events):
No events

Classes loaded (20 events):
Event: 0.357 Loading class java/beans/PropertyChangeSupport$PropertyChangeListenerMap done
Event: 0.357 Loading class java/beans/PropertyChangeListener
Event: 0.357 Loading class java/beans/PropertyChangeListener done
Event: 0.357 Loading class sun/awt/SunToolkit$ModalityListenerList
Event: 0.357 Loading class sun/awt/ModalityListener
Event: 0.357 Loading class sun/awt/ModalityListener done
Event: 0.357 Loading class sun/awt/SunToolkit$ModalityListenerList done
Event: 0.357 Loading class sun/awt/util/PerformanceLogger
Event: 0.357 Loading class sun/awt/util/PerformanceLogger done
Event: 0.358 Loading class sun/awt/util/PerformanceLogger$TimeData
Event: 0.358 Loading class sun/awt/util/PerformanceLogger$TimeData done
Event: 0.358 Loading class sun/awt/windows/WToolkit$ToolkitDisposer
Event: 0.358 Loading class sun/java2d/DisposerRecord
Event: 0.358 Loading class sun/java2d/DisposerRecord done
Event: 0.358 Loading class sun/awt/windows/WToolkit$ToolkitDisposer done
Event: 0.358 Loading class sun/java2d/Disposer
Event: 0.358 Loading class sun/java2d/Disposer done
Event: 0.358 Loading class sun/java2d/Disposer$1
Event: 0.358 Loading class sun/java2d/Disposer$1 done
Event: 0.359 Loading class sun/awt/util/ThreadGroupUtils

Classes unloaded (0 events):
No events

Classes redefined (0 events):
No events

Internal exceptions (4 events):
Event: 0.293 Thread 0x00000218359dccc0 Exception <a 'java/lang/ClassNotFoundException'{0x0000000090a4fcd8}: sun/awt/resources/spi/awtProvider> (0x0000000090a4fcd8) 
thrown [s\open\src\hotspot\share\classfile\systemDictionary.cpp, line 255]
Event: 0.314 Thread 0x00000218359dccc0 Exception <a 'java/io/FileNotFoundException'{0x00000000909a9018}> (0x00000000909a9018) 
thrown [s\open\src\hotspot\share\prims\jni.cpp, line 517]
Event: 0.320 Thread 0x00000218359dccc0 Exception <a 'java/io/FileNotFoundException'{0x00000000909d5540}> (0x00000000909d5540) 
thrown [s\open\src\hotspot\share\prims\jni.cpp, line 517]
Event: 0.359 Thread 0x00000218359dccc0 Exception <a 'java/lang/NoSuchMethodError'{0x00000000908201c0}: 'java.lang.Object java.lang.invoke.DirectMethodHandle$Holder.invokeStaticInit(java.lang.Object)'> (0x00000000908201c0) 
thrown [s\open\src\hotspot\share\interpreter\linkResolver.cpp, line 774]

VM Operations (4 events):
Event: 0.047 Executing VM operation: ChangeBreakpoints
Event: 0.047 Executing VM operation: ChangeBreakpoints done
Event: 0.327 Executing VM operation: HandshakeAllThreads
Event: 0.327 Executing VM operation: HandshakeAllThreads done

Events (17 events):
Event: 0.015 Thread 0x00000218359dccc0 Thread added: 0x00000218359dccc0
Event: 0.025 Thread 0x00000218547f9b80 Thread added: 0x00000218547f9b80
Event: 0.025 Thread 0x00000218547fa4b0 Thread added: 0x00000218547fa4b0
Event: 0.025 Thread 0x00000218547fcdf0 Thread added: 0x00000218547fcdf0
Event: 0.025 Thread 0x00000218547fd720 Thread added: 0x00000218547fd720
Event: 0.025 Thread 0x00000218547fe050 Thread added: 0x00000218547fe050
Event: 0.025 Thread 0x00000218547fe980 Thread added: 0x00000218547fe980
Event: 0.025 Thread 0x0000021854803600 Thread added: 0x0000021854803600
Event: 0.025 Thread 0x0000021854805330 Thread added: 0x0000021854805330
Event: 0.025 Thread 0x0000021854813310 Thread added: 0x0000021854813310
Event: 0.037 Thread 0x0000021854807fb0 Thread added: 0x0000021854807fb0
Event: 0.037 Thread 0x00000218548058c0 Thread added: 0x00000218548058c0
Event: 0.046 Thread 0x0000021858d75a80 Thread added: 0x0000021858d75a80
Event: 0.047 Thread 0x0000021858d7d420 Thread added: 0x0000021858d7d420
Event: 0.047 Thread 0x0000021858d7f8f0 Thread added: 0x0000021858d7f8f0
Event: 0.265 Thread 0x0000021858d83da0 Thread added: 0x0000021858d83da0
Event: 0.271 Thread 0x0000021858d899b0 Thread added: 0x0000021858d899b0


Dynamic libraries:
0x00007ff6f2470000 - 0x00007ff6f2480000 	C:\Program Files\Java\jdk-19\bin\java.exe
0x00007ffe487b0000 - 0x00007ffe489c4000 	C:\WINDOWS\SYSTEM32\ntdll.dll
0x00007ffe47050000 - 0x00007ffe47112000 	C:\WINDOWS\System32\KERNEL32.DLL
0x00007ffe45fc0000 - 0x00007ffe4635c000 	C:\WINDOWS\System32\KERNELBASE.dll
0x00007ffe45c70000 - 0x00007ffe45d81000 	C:\WINDOWS\System32\ucrtbase.dll
0x00007ffe40d30000 - 0x00007ffe40d48000 	C:\Program Files\Java\jdk-19\bin\jli.dll
0x00007ffe40580000 - 0x00007ffe4059b000 	C:\Program Files\Java\jdk-19\bin\VCRUNTIME140.dll
0x00007ffe47ca0000 - 0x00007ffe47d4e000 	C:\WINDOWS\System32\ADVAPI32.dll
0x00007ffe48660000 - 0x00007ffe48707000 	C:\WINDOWS\System32\msvcrt.dll
0x00007ffe47ba0000 - 0x00007ffe47c44000 	C:\WINDOWS\System32\sechost.dll
0x00007ffe482b0000 - 0x00007ffe483c7000 	C:\WINDOWS\System32\RPCRT4.dll
0x00007ffe48450000 - 0x00007ffe485fb000 	C:\WINDOWS\System32\USER32.dll
0x00007ffe46590000 - 0x00007ffe465b6000 	C:\WINDOWS\System32\win32u.dll
0x00007ffe30bb0000 - 0x00007ffe30e3e000 	C:\WINDOWS\WinSxS\amd64_microsoft.windows.common-controls_6595b64144ccf1df_6.0.22621.608_none_a9444ca7c10bb01d\COMCTL32.dll
0x00007ffe48100000 - 0x00007ffe48129000 	C:\WINDOWS\System32\GDI32.dll
0x00007ffe463d0000 - 0x00007ffe464e3000 	C:\WINDOWS\System32\gdi32full.dll
0x00007ffe464f0000 - 0x00007ffe4658a000 	C:\WINDOWS\System32\msvcp_win.dll
0x00007ffe3ec80000 - 0x00007ffe3ec8a000 	C:\WINDOWS\SYSTEM32\VERSION.dll
0x00007ffe47c50000 - 0x00007ffe47c81000 	C:\WINDOWS\System32\IMM32.DLL
0x00007ffe41240000 - 0x00007ffe4124c000 	C:\Program Files\Java\jdk-19\bin\vcruntime140_1.dll
0x00007ffe36110000 - 0x00007ffe3619e000 	C:\Program Files\Java\jdk-19\bin\msvcp140.dll
0x00007ffdce600000 - 0x00007ffdcf2c0000 	C:\Program Files\Java\jdk-19\bin\server\jvm.dll
0x00007ffe2ab90000 - 0x00007ffe2ab99000 	C:\WINDOWS\SYSTEM32\WSOCK32.dll
0x00007ffe3d3d0000 - 0x00007ffe3d404000 	C:\WINDOWS\SYSTEM32\WINMM.dll
0x00007ffe483d0000 - 0x00007ffe48441000 	C:\WINDOWS\System32\WS2_32.dll
0x00007ffe44c20000 - 0x00007ffe44c38000 	C:\WINDOWS\SYSTEM32\kernel.appcore.dll
0x00007ffe40ea0000 - 0x00007ffe40eaa000 	C:\Program Files\Java\jdk-19\bin\jimage.dll
0x00007ffe435e0000 - 0x00007ffe4380e000 	C:\WINDOWS\SYSTEM32\DBGHELP.DLL
0x00007ffe47130000 - 0x00007ffe474b9000 	C:\WINDOWS\System32\combase.dll
0x00007ffe47d60000 - 0x00007ffe47e37000 	C:\WINDOWS\System32\OLEAUT32.dll
0x00007ffe3a9f0000 - 0x00007ffe3aa22000 	C:\WINDOWS\SYSTEM32\dbgcore.DLL
0x00007ffe45bf0000 - 0x00007ffe45c6b000 	C:\WINDOWS\System32\bcryptPrimitives.dll
0x00007ffe38110000 - 0x00007ffe3814c000 	C:\Program Files\Java\jdk-19\bin\jdwp.dll
0x00007ffe37a60000 - 0x00007ffe37a86000 	C:\Program Files\Java\jdk-19\bin\java.dll
0x00007ffe16920000 - 0x00007ffe169f7000 	C:\Program Files\Java\jdk-19\bin\jsvml.dll
0x00007ffe46620000 - 0x00007ffe46e10000 	C:\WINDOWS\System32\SHELL32.dll
0x00007ffe43bb0000 - 0x00007ffe4447d000 	C:\WINDOWS\SYSTEM32\windows.storage.dll
0x00007ffe43a70000 - 0x00007ffe43bae000 	C:\WINDOWS\SYSTEM32\wintypes.dll
0x00007ffe46f50000 - 0x00007ffe47041000 	C:\WINDOWS\System32\SHCORE.dll
0x00007ffe48600000 - 0x00007ffe4865e000 	C:\WINDOWS\System32\shlwapi.dll
0x00007ffe45b20000 - 0x00007ffe45b41000 	C:\WINDOWS\SYSTEM32\profapi.dll
0x00007ffe40d20000 - 0x00007ffe40d2c000 	C:\Program Files\Java\jdk-19\bin\dt_socket.dll
0x00007ffe446d0000 - 0x00007ffe446fd000 	C:\WINDOWS\SYSTEM32\IPHLPAPI.DLL
0x00007ffe450b0000 - 0x00007ffe45119000 	C:\WINDOWS\system32\mswsock.dll
0x00007ffe44700000 - 0x00007ffe447f3000 	C:\WINDOWS\SYSTEM32\DNSAPI.dll
0x00007ffe47c90000 - 0x00007ffe47c99000 	C:\WINDOWS\System32\NSI.dll
0x0000000063560000 - 0x0000000063569000 	C:\Program Files\National Instruments\Shared\mDNS Responder\nimdnsNSP.dll
0x0000000063550000 - 0x000000006355e000 	C:\WINDOWS\SYSTEM32\nimdnsResponder.dll
0x00000000718a0000 - 0x0000000071943000 	C:\WINDOWS\WinSxS\amd64_microsoft.vc90.crt_1fc8b3b9a1e18e3b_9.0.30729.9635_none_08e2c157a83ed5da\MSVCR90.dll
0x00007ffe3ed50000 - 0x00007ffe3ed5a000 	C:\Windows\System32\rasadhlp.dll
0x00007ffe3e570000 - 0x00007ffe3e5f3000 	C:\WINDOWS\System32\fwpuclnt.dll
0x00007ffe0dcf0000 - 0x00007ffe0de81000 	C:\Program Files\Java\jdk-19\bin\awt.dll
0x00007ffe42c70000 - 0x00007ffe42d06000 	C:\WINDOWS\SYSTEM32\apphelp.dll
0x00007ffe43090000 - 0x00007ffe430bb000 	C:\WINDOWS\system32\DWMAPI.DLL
0x00007ffe42e10000 - 0x00007ffe42ebb000 	C:\WINDOWS\system32\uxtheme.dll

dbghelp: loaded successfully - version: 4.0.5 - missing functions: none
symbol engine: initialized successfully - sym options: 0x614 - pdb path: .;C:\Program Files\Java\jdk-19\bin;C:\WINDOWS\SYSTEM32;C:\WINDOWS\WinSxS\amd64_microsoft.windows.common-controls_6595b64144ccf1df_6.0.22621.608_none_a9444ca7c10bb01d;C:\Program Files\Java\jdk-19\bin\server;C:\Program Files\National Instruments\Shared\mDNS Responder;C:\WINDOWS\WinSxS\amd64_microsoft.vc90.crt_1fc8b3b9a1e18e3b_9.0.30729.9635_none_08e2c157a83ed5da

VM Arguments:
jvm_args: -agentlib:jdwp=transport=dt_socket,server=n,suspend=y,address=localhost:49221 --enable-preview -XX:+ShowCodeDetailsInExceptionMessages 
java_command: Control.Main
java_class_path (initial): C:\Users\ADMIN\AppData\Roaming\Code\User\workspaceStorage\25a3d6cf644b5c5d23efcdf9371a6d34\redhat.java\jdt_ws\PlantsVsZombies_fe470f63\bin
Launcher Type: SUN_STANDARD

[Global flags]
     intx CICompilerCount                          = 12                                        {product} {ergonomic}
     uint ConcGCThreads                            = 3                                         {product} {ergonomic}
     uint G1ConcRefinementThreads                  = 13                                        {product} {ergonomic}
   size_t G1HeapRegionSize                         = 1048576                                   {product} {ergonomic}
    uintx GCDrainStackTargetSize                   = 64                                        {product} {ergonomic}
   size_t InitialHeapSize                          = 125829120                                 {product} {ergonomic}
   size_t MarkStackSize                            = 4194304                                   {product} {ergonomic}
   size_t MaxHeapSize                              = 1992294400                                {product} {ergonomic}
   size_t MaxNewSize                               = 1195376640                                {product} {ergonomic}
   size_t MinHeapDeltaBytes                        = 1048576                                   {product} {ergonomic}
   size_t MinHeapSize                              = 8388608                                   {product} {ergonomic}
    uintx NonNMethodCodeHeapSize                   = 7602480                                {pd product} {ergonomic}
    uintx NonProfiledCodeHeapSize                  = 122027880                              {pd product} {ergonomic}
    uintx ProfiledCodeHeapSize                     = 122027880                              {pd product} {ergonomic}
    uintx ReservedCodeCacheSize                    = 251658240                              {pd product} {ergonomic}
     bool SegmentedCodeCache                       = true                                      {product} {ergonomic}
     bool ShowCodeDetailsInExceptionMessages       = true                                   {manageable} {command line}
   size_t SoftMaxHeapSize                          = 1992294400                             {manageable} {ergonomic}
     bool UseCompressedClassPointers               = true                           {product lp64_product} {ergonomic}
     bool UseCompressedOops                        = true                           {product lp64_product} {ergonomic}
     bool UseG1GC                                  = true                                      {product} {ergonomic}
     bool UseLargePagesIndividualAllocation        = false                                  {pd product} {ergonomic}

Logging:
Log output configuration:
 #0: stdout all=warning uptime,level,tags foldmultilines=false
 #1: stderr all=off uptime,level,tags foldmultilines=false

Environment Variables:
PATH=C:\Program Files\Common Files\Oracle\Java\javapath;C:\Program Files (x86)\Common Files\Intel\Shared Libraries\redist\intel64\compiler;C:\Windows\system32;C:\Windows;C:\Windows\System32\Wbem;C:\Windows\System32\WindowsPowerShell\v1.0\;C:\Windows\System32\OpenSSH\;C:\Program Files (x86)\NVIDIA Corporation\PhysX\Common;C:\Program Files\NVIDIA Corporation\NVIDIA NvDLISR;C:\Program Files\Git\cmd;C:\WINDOWS\system32;C:\WINDOWS;C:\WINDOWS\System32\Wbem;C:\WINDOWS\System32\WindowsPowerShell\v1.0\;C:\WINDOWS\System32\OpenSSH\;C:\Users\ADMIN\AppData\Local\Microsoft\WindowsApps;C:\Users\ADMIN\AppData\Local\Programs\Microsoft VS Code\bin;C:\msys64\mingw64\bin;C:\msys64\usr\bin;
USERNAME=ADMIN
LANG=en_US.UTF-8
OS=Windows_NT
PROCESSOR_IDENTIFIER=AMD64 Family 23 Model 96 Stepping 1, AuthenticAMD
TMP=C:\Users\ADMIN\AppData\Local\Temp
TEMP=C:\Users\ADMIN\AppData\Local\Temp



---------------  S Y S T E M  ---------------

OS:
 Windows 11 , 64 bit Build 22621 (10.0.22621.1485)
OS uptime: 0 days 8:34 hours
Hyper-V role detected

CPU: total 16 (initial active 16) (16 cores per cpu, 2 threads per core) family 23 model 96 stepping 1 microcode 0x0, cx8, cmov, fxsr, ht, mmx, 3dnowpref, sse, sse2, sse3, ssse3, sse4a, sse4.1, sse4.2, popcnt, lzcnt, tsc, tscinvbit, avx, avx2, aes, clmul, bmi1, bmi2, adx, sha, fma, vzeroupper, clflush, clflushopt, hv, rdtscp, rdpid

Memory: 4k page, system-wide physical 7599M (689M free)
TotalPageFile size 15791M (AvailPageFile size 0M)
current process WorkingSet (physical memory assigned to process): 41M, peak: 41M
current process commit charge ("private bytes"): 218M, peak: 218M

vm_info: Java HotSpot(TM) 64-Bit Server VM (19.0.2+7-44) for windows-amd64 JRE (19.0.2+7-44), built on 2022-11-30T18:02:09Z by "mach5one" with MS VC++ 17.1 (VS2022)

END.
