#
# There is insufficient memory for the Java Runtime Environment to continue.
# Native memory allocation (malloc) failed to allocate 423120 bytes for Chunk::new
# Possible reasons:
#   The system is out of physical RAM or swap space
#   The process is running with CompressedOops enabled, and the Java Heap may be blocking the growth of the native heap
# Possible solutions:
#   Reduce memory load on the system
#   Increase physical memory or swap space
#   Check if swap backing store is full
#   Decrease Java heap size (-Xmx/-Xms)
#   Decrease number of Java threads
#   Decrease Java thread stack sizes (-Xss)
#   Set larger code cache with -XX:ReservedCodeCacheSize=
#   JVM is running with Unscaled Compressed Oops mode in which the Java heap is
#     placed in the first 4GB address space. The Java Heap base address is the
#     maximum limit for the native heap growth. Please use -XX:HeapBaseMinAddress
#     to set the Java Heap base and to place the Java Heap above 4GB virtual address.
# This output file may be truncated or incomplete.
#
#  Out of Memory Error (arena.cpp:189), pid=8032, tid=27364
#
# JRE version: OpenJDK Runtime Environment Temurin-17.0.7+7 (17.0.7+7) (build 17.0.7+7)
# Java VM: OpenJDK 64-Bit Server VM Temurin-17.0.7+7 (17.0.7+7, mixed mode, tiered, compressed oops, compressed class ptrs, parallel gc, windows-amd64)
# No core dump will be written. Minidumps are not enabled by default on client versions of Windows
#

---------------  S U M M A R Y ------------

Command Line: --add-modules=ALL-SYSTEM --add-opens=java.base/java.util=ALL-UNNAMED --add-opens=java.base/java.lang=ALL-UNNAMED --add-opens=java.base/sun.nio.fs=ALL-UNNAMED -Declipse.application=org.eclipse.jdt.ls.core.id1 -Dosgi.bundles.defaultStartLevel=4 -Declipse.product=org.eclipse.jdt.ls.core.product -Djava.import.generatesMetadataFilesAtProjectRoot=false -Dfile.encoding=utf8 -XX:+UseParallelGC -XX:GCTimeRatio=4 -XX:AdaptiveSizePolicyWeight=90 -Dsun.zip.disableMemoryMapping=true -Xmx1G -Xms100m -Xlog:disable -javaagent:c:\Users\ADMIN\.vscode\extensions\redhat.java-1.18.0-win32-x64\lombok\lombok-1.18.27.jar -XX:+HeapDumpOnOutOfMemoryError -XX:HeapDumpPath=c:\Users\ADMIN\AppData\Roaming\Code\User\workspaceStorage\4c1ab381de116513bcdb067e4a9c71b1\redhat.java -Daether.dependencyCollector.impl=bf c:\Users\ADMIN\.vscode\extensions\redhat.java-1.18.0-win32-x64\server\plugins\org.eclipse.equinox.launcher_1.6.400.v20210924-0641.jar -configuration c:\Users\ADMIN\AppData\Roaming\Code\User\globalStorage\redhat.java\1.18.0\config_win -data c:\Users\ADMIN\AppData\Roaming\Code\User\workspaceStorage\4c1ab381de116513bcdb067e4a9c71b1\redhat.java\jdt_ws

Host: AMD Ryzen 7 4800H with Radeon Graphics         , 16 cores, 7G,  Windows 11 , 64 bit Build 22621 (10.0.22621.1485)
Time: Thu May  4 01:01:32 2023 SE Asia Standard Time elapsed time: 11.640628 seconds (0d 0h 0m 11s)

---------------  T H R E A D  ---------------

Current thread (0x00000279572d2d70):  JavaThread "C2 CompilerThread1" daemon [_thread_in_native, id=27364, stack(0x000000cb76100000,0x000000cb76200000)]


Current CompileTask:
C2:  11640 5782       4       jdk.internal.jimage.ImageLocation::verify (218 bytes)

Stack: [0x000000cb76100000,0x000000cb76200000]
Native frames: (J=compiled Java code, j=interpreted, Vv=VM code, C=native code)
V  [jvm.dll+0x67754a]
V  [jvm.dll+0x834304]
V  [jvm.dll+0x835aae]
V  [jvm.dll+0x836113]
V  [jvm.dll+0x24696f]
V  [jvm.dll+0xac0ac]
V  [jvm.dll+0xac67c]
V  [jvm.dll+0x364e37]
V  [jvm.dll+0x32f6b1]
V  [jvm.dll+0x32eb5a]
V  [jvm.dll+0x219641]
V  [jvm.dll+0x218a61]
V  [jvm.dll+0x1a4d8d]
V  [jvm.dll+0x2284da]
V  [jvm.dll+0x226615]
V  [jvm.dll+0x7ea90b]
V  [jvm.dll+0x7e4e7a]
V  [jvm.dll+0x676395]
C  [ucrtbase.dll+0x29363]
C  [KERNEL32.DLL+0x1269d]
C  [ntdll.dll+0x5a9f8]


---------------  P R O C E S S  ---------------

Threads class SMR info:
_java_thread_list=0x00000279595e9fe0, length=29, elements={
0x000002793ae4c990, 0x0000027953fb8370, 0x000002794ecbd260, 0x000002794eccde70,
0x000002794ecce820, 0x0000027953fd7650, 0x0000027953fd7f10, 0x0000027953fdff30,
0x0000027953fe20d0, 0x0000027953fee800, 0x000002793aeae180, 0x000002795416ff30,
0x000002795429bfd0, 0x000002795429c4e0, 0x0000027955efc350, 0x000002795627fa10,
0x0000027956907760, 0x0000027956a79890, 0x0000027956b77070, 0x0000027956ae4380,
0x0000027956f35510, 0x0000027956f35eb0, 0x00000279572d2d70, 0x0000027956f36850,
0x0000027956f35040, 0x0000027956f359e0, 0x0000027956f36380, 0x0000027959054550,
0x00000279590570a0
}

Java Threads: ( => current thread )
  0x000002793ae4c990 JavaThread "main" [_thread_blocked, id=2796, stack(0x000000cb73b00000,0x000000cb73c00000)]
  0x0000027953fb8370 JavaThread "Reference Handler" daemon [_thread_blocked, id=11868, stack(0x000000cb73e00000,0x000000cb73f00000)]
  0x000002794ecbd260 JavaThread "Finalizer" daemon [_thread_blocked, id=23264, stack(0x000000cb73f00000,0x000000cb74000000)]
  0x000002794eccde70 JavaThread "Signal Dispatcher" daemon [_thread_blocked, id=8080, stack(0x000000cb74000000,0x000000cb74100000)]
  0x000002794ecce820 JavaThread "Attach Listener" daemon [_thread_blocked, id=23660, stack(0x000000cb74100000,0x000000cb74200000)]
  0x0000027953fd7650 JavaThread "Service Thread" daemon [_thread_blocked, id=22744, stack(0x000000cb74200000,0x000000cb74300000)]
  0x0000027953fd7f10 JavaThread "Monitor Deflation Thread" daemon [_thread_blocked, id=14608, stack(0x000000cb74300000,0x000000cb74400000)]
  0x0000027953fdff30 JavaThread "C2 CompilerThread0" daemon [_thread_in_native, id=21932, stack(0x000000cb74400000,0x000000cb74500000)]
  0x0000027953fe20d0 JavaThread "C1 CompilerThread0" daemon [_thread_in_native, id=16092, stack(0x000000cb74500000,0x000000cb74600000)]
  0x0000027953fee800 JavaThread "Sweeper thread" daemon [_thread_blocked, id=14420, stack(0x000000cb74600000,0x000000cb74700000)]
  0x000002793aeae180 JavaThread "Common-Cleaner" daemon [_thread_blocked, id=25168, stack(0x000000cb74700000,0x000000cb74800000)]
  0x000002795416ff30 JavaThread "C1 CompilerThread1" daemon [_thread_blocked, id=24928, stack(0x000000cb74800000,0x000000cb74900000)]
  0x000002795429bfd0 JavaThread "C1 CompilerThread2" daemon [_thread_blocked, id=25800, stack(0x000000cb74a00000,0x000000cb74b00000)]
  0x000002795429c4e0 JavaThread "C1 CompilerThread3" daemon [_thread_blocked, id=27008, stack(0x000000cb74b00000,0x000000cb74c00000)]
  0x0000027955efc350 JavaThread "Notification Thread" daemon [_thread_blocked, id=15112, stack(0x000000cb74c00000,0x000000cb74d00000)]
  0x000002795627fa10 JavaThread "Active Thread: Equinox Container: e0b3d4dd-cea4-448a-ba63-a57b74bf5117" [_thread_blocked, id=14036, stack(0x000000cb75300000,0x000000cb75400000)]
  0x0000027956907760 JavaThread "Framework Event Dispatcher: Equinox Container: e0b3d4dd-cea4-448a-ba63-a57b74bf5117" daemon [_thread_blocked, id=15020, stack(0x000000cb75400000,0x000000cb75500000)]
  0x0000027956a79890 JavaThread "Start Level: Equinox Container: e0b3d4dd-cea4-448a-ba63-a57b74bf5117" daemon [_thread_blocked, id=4436, stack(0x000000cb75500000,0x000000cb75600000)]
  0x0000027956b77070 JavaThread "SCR Component Actor" daemon [_thread_blocked, id=12568, stack(0x000000cb75600000,0x000000cb75700000)]
  0x0000027956ae4380 JavaThread "Worker-JM" [_thread_blocked, id=1620, stack(0x000000cb74900000,0x000000cb74a00000)]
  0x0000027956f35510 JavaThread "Worker-0" [_thread_blocked, id=2508, stack(0x000000cb75f00000,0x000000cb76000000)]
  0x0000027956f35eb0 JavaThread "Worker-1" [_thread_blocked, id=17604, stack(0x000000cb76000000,0x000000cb76100000)]
=>0x00000279572d2d70 JavaThread "C2 CompilerThread1" daemon [_thread_in_native, id=27364, stack(0x000000cb76100000,0x000000cb76200000)]
  0x0000027956f36850 JavaThread "Java indexing" daemon [_thread_blocked, id=24836, stack(0x000000cb76200000,0x000000cb76300000)]
  0x0000027956f35040 JavaThread "Worker-2: Initialize Workspace" [_thread_in_native, id=3720, stack(0x000000cb76300000,0x000000cb76400000)]
  0x0000027956f359e0 JavaThread "Worker-3" [_thread_blocked, id=15536, stack(0x000000cb76400000,0x000000cb76500000)]
  0x0000027956f36380 JavaThread "JNA Cleaner" daemon [_thread_blocked, id=25484, stack(0x000000cb76500000,0x000000cb76600000)]
  0x0000027959054550 JavaThread "pool-2-thread-1" [_thread_blocked, id=2832, stack(0x000000cb76600000,0x000000cb76700000)]
  0x00000279590570a0 JavaThread "pool-1-thread-1" [_thread_blocked, id=10648, stack(0x000000cb76700000,0x000000cb76800000)]

Other Threads:
  0x000002793aed3a10 VMThread "VM Thread" [stack: 0x000000cb73d00000,0x000000cb73e00000] [id=23932]
  0x0000027955ef0770 WatcherThread [stack: 0x000000cb74d00000,0x000000cb74e00000] [id=27516]
  0x000002793ae610d0 GCTaskThread "GC Thread#0" [stack: 0x000000cb73c00000,0x000000cb73d00000] [id=24336]
  0x0000027956597d60 GCTaskThread "GC Thread#1" [stack: 0x000000cb74e00000,0x000000cb74f00000] [id=26372]
  0x0000027956418580 GCTaskThread "GC Thread#2" [stack: 0x000000cb74f00000,0x000000cb75000000] [id=25848]
  0x00000279564cb750 GCTaskThread "GC Thread#3" [stack: 0x000000cb75000000,0x000000cb75100000] [id=22440]
  0x00000279564c5e00 GCTaskThread "GC Thread#4" [stack: 0x000000cb75100000,0x000000cb75200000] [id=16536]
  0x00000279564c68c0 GCTaskThread "GC Thread#5" [stack: 0x000000cb75200000,0x000000cb75300000] [id=27608]
  0x0000027938df93b0 GCTaskThread "GC Thread#6" [stack: 0x000000cb75700000,0x000000cb75800000] [id=24160]
  0x0000027956864190 GCTaskThread "GC Thread#7" [stack: 0x000000cb75800000,0x000000cb75900000] [id=14144]
  0x0000027956addc40 GCTaskThread "GC Thread#8" [stack: 0x000000cb75b00000,0x000000cb75c00000] [id=10192]
  0x0000027956977fe0 GCTaskThread "GC Thread#9" [stack: 0x000000cb75c00000,0x000000cb75d00000] [id=2940]
  0x00000279569a2870 GCTaskThread "GC Thread#10" [stack: 0x000000cb75d00000,0x000000cb75e00000] [id=27320]
  0x00000279569a35e0 GCTaskThread "GC Thread#11" [stack: 0x000000cb75e00000,0x000000cb75f00000] [id=10304]
  0x00000279569a25c0 GCTaskThread "GC Thread#12" [stack: 0x000000cb75a00000,0x000000cb75b00000] [id=8000]

Threads with active compile tasks:
C2 CompilerThread0    11660 5797       4       jdk.internal.jimage.ImageStringsReader::hashCode (33 bytes)
C2 CompilerThread1    11660 5782       4       jdk.internal.jimage.ImageLocation::verify (218 bytes)

VM state: not at safepoint (normal execution)

VM Mutex/Monitor currently owned by a thread: None

Heap address: 0x00000000c0000000, size: 1024 MB, Compressed Oops mode: 32-bit

CDS archive(s) not mapped
Compressed class space mapped at: 0x0000000100000000-0x0000000140000000, reserved size: 1073741824
Narrow klass base: 0x0000000000000000, Narrow klass shift: 3, Narrow klass range: 0x140000000

GC Precious Log:
 CPUs: 16 total, 16 available
 Memory: 7599M
 Large Page Support: Disabled
 NUMA Support: Disabled
 Compressed Oops: Enabled (32-bit)
 Alignments: Space 512K, Generation 512K, Heap 2M
 Heap Min Capacity: 100M
 Heap Initial Capacity: 100M
 Heap Max Capacity: 1G
 Pre-touch: Disabled
 Parallel Workers: 13

Heap:
 PSYoungGen      total 22016K, used 15494K [0x00000000eab00000, 0x00000000ec280000, 0x0000000100000000)
  eden space 19968K, 68% used [0x00000000eab00000,0x00000000eb873768,0x00000000ebe80000)
  from space 2048K, 83% used [0x00000000ebf80000,0x00000000ec12e0d8,0x00000000ec180000)
  to   space 1024K, 0% used [0x00000000ec180000,0x00000000ec180000,0x00000000ec280000)
 ParOldGen       total 68608K, used 29900K [0x00000000c0000000, 0x00000000c4300000, 0x00000000eab00000)
  object space 68608K, 43% used [0x00000000c0000000,0x00000000c1d33360,0x00000000c4300000)
 Metaspace       used 51368K, committed 52224K, reserved 1114112K
  class space    used 5580K, committed 5952K, reserved 1048576K

Card table byte_map: [0x000002793a820000,0x000002793aa30000] _byte_map_base: 0x000002793a220000

Marking Bits: (ParMarkBitMap*) 0x00007ffe1c1852c0
 Begin Bits: [0x000002794cad0000, 0x000002794dad0000)
 End Bits:   [0x000002794dad0000, 0x000002794ead0000)

Polling page: 0x000002793a610000

Metaspace:

Usage:
  Non-class:     44.72 MB used.
      Class:      5.45 MB used.
       Both:     50.16 MB used.

Virtual space:
  Non-class space:       64.00 MB reserved,      45.19 MB ( 71%) committed,  1 nodes.
      Class space:        1.00 GB reserved,       5.81 MB ( <1%) committed,  1 nodes.
             Both:        1.06 GB reserved,      51.00 MB (  5%) committed. 

Chunk freelists:
   Non-Class:  2.55 MB
       Class:  10.14 MB
        Both:  12.69 MB

MaxMetaspaceSize: unlimited
CompressedClassSpaceSize: 1.00 GB
Initial GC threshold: 21.00 MB
Current GC threshold: 58.38 MB
CDS: off
MetaspaceReclaimPolicy: balanced
 - commit_granule_bytes: 65536.
 - commit_granule_words: 8192.
 - virtual_space_node_default_size: 8388608.
 - enlarge_chunks_in_place: 1.
 - new_chunks_are_fully_committed: 0.
 - uncommit_free_chunks: 1.
 - use_allocation_guard: 0.
 - handle_deallocations: 1.


Internal statistics:

num_allocs_failed_limit: 6.
num_arena_births: 362.
num_arena_deaths: 14.
num_vsnodes_births: 2.
num_vsnodes_deaths: 0.
num_space_committed: 816.
num_space_uncommitted: 0.
num_chunks_returned_to_freelist: 20.
num_chunks_taken_from_freelist: 2229.
num_chunk_merges: 10.
num_chunk_splits: 1434.
num_chunks_enlarged: 898.
num_inconsistent_stats: 0.

CodeHeap 'non-profiled nmethods': size=119168Kb used=2871Kb max_used=2871Kb free=116296Kb
 bounds [0x0000027945670000, 0x0000027945940000, 0x000002794cad0000]
CodeHeap 'profiled nmethods': size=119104Kb used=12412Kb max_used=12412Kb free=106691Kb
 bounds [0x000002793dad0000, 0x000002793e6f0000, 0x0000027944f20000]
CodeHeap 'non-nmethods': size=7488Kb used=2983Kb max_used=3026Kb free=4504Kb
 bounds [0x0000027944f20000, 0x0000027945220000, 0x0000027945670000]
 total_blobs=6421 nmethods=5795 adapters=536
 compilation: enabled
              stopped_count=0, restarted_count=0
 full_count=0

Compilation events (20 events):
Event: 11.622 Thread 0x000002795416ff30 5786   !   3       lombok.launch.ShadowClassLoader::getResource_ (242 bytes)
Event: 11.623 Thread 0x0000027953fe20d0 5788   !   3       lombok.launch.ShadowClassLoader::loadClass (242 bytes)
Event: 11.624 Thread 0x0000027953fdff30 nmethod 5775% 0x0000027945939510 code [0x0000027945939740, 0x000002794593af78]
Event: 11.624 Thread 0x000002795429bfd0 nmethod 5784 0x000002793e6dac90 code [0x000002793e6db3e0, 0x000002793e6dec88]
Event: 11.624 Thread 0x000002795416ff30 nmethod 5786 0x000002793e6e0310 code [0x000002793e6e0740, 0x000002793e6e2188]
Event: 11.624 Thread 0x0000027953fdff30 5787       4       java.net.URI$Parser::scan (41 bytes)
Event: 11.626 Thread 0x0000027953fe20d0 nmethod 5788 0x000002793e6e2a90 code [0x000002793e6e2ec0, 0x000002793e6e4858]
Event: 11.627 Thread 0x0000027953fdff30 nmethod 5787 0x000002794593bf90 code [0x000002794593c120, 0x000002794593c428]
Event: 11.627 Thread 0x0000027953fdff30 5789       4       jdk.internal.jimage.ImageStringsReader::stringFromByteBufferMatches (138 bytes)
Event: 11.630 Thread 0x000002795416ff30 5792   !   3       org.eclipse.osgi.internal.loader.classpath.ClasspathManager::findLocalResource (180 bytes)
Event: 11.630 Thread 0x000002795429c4e0 5793       3       org.eclipse.osgi.internal.loader.classpath.ClasspathManager::findLocalResourceImpl (174 bytes)
Event: 11.630 Thread 0x000002795429bfd0 5790       3       org.eclipse.osgi.internal.loader.BundleLoader::findLocalResource (9 bytes)
Event: 11.630 Thread 0x0000027953fe20d0 5791       3       org.eclipse.osgi.internal.loader.ModuleClassLoader::findLocalResource (9 bytes)
Event: 11.631 Thread 0x0000027953fe20d0 nmethod 5791 0x000002793e6e5190 code [0x000002793e6e5340, 0x000002793e6e54a8]
Event: 11.631 Thread 0x0000027953fdff30 nmethod 5789 0x000002794593c690 code [0x000002794593c820, 0x000002794593cb88]
Event: 11.631 Thread 0x000002795429bfd0 nmethod 5790 0x000002793e6e5590 code [0x000002793e6e5740, 0x000002793e6e5a58]
Event: 11.631 Thread 0x0000027953fdff30 5783   !   4       java.nio.DirectIntBufferU::get (34 bytes)
Event: 11.631 Thread 0x000002795416ff30 nmethod 5792 0x000002793e6e5b90 code [0x000002793e6e5e40, 0x000002793e6e6fb8]
Event: 11.631 Thread 0x000002795429c4e0 nmethod 5793 0x000002793e6e7490 code [0x000002793e6e76e0, 0x000002793e6e8248]
Event: 11.632 Thread 0x0000027953fdff30 nmethod 5783 0x000002794593cf90 code [0x000002794593d100, 0x000002794593d1d8]

GC Heap History (20 events):
Event: 8.093 GC heap before
{Heap before GC invocations=14 (full 2):
 PSYoungGen      total 24064K, used 23616K [0x00000000eab00000, 0x00000000ec500000, 0x0000000100000000)
  eden space 22528K, 100% used [0x00000000eab00000,0x00000000ec100000,0x00000000ec100000)
  from space 1536K, 70% used [0x00000000ec280000,0x00000000ec390000,0x00000000ec400000)
  to   space 1024K, 0% used [0x00000000ec400000,0x00000000ec400000,0x00000000ec500000)
 ParOldGen       total 68608K, used 12945K [0x00000000c0000000, 0x00000000c4300000, 0x00000000eab00000)
  object space 68608K, 18% used [0x00000000c0000000,0x00000000c0ca4550,0x00000000c4300000)
 Metaspace       used 43405K, committed 44096K, reserved 1114112K
  class space    used 4647K, committed 4928K, reserved 1048576K
}
Event: 8.096 GC heap after
{Heap after GC invocations=14 (full 2):
 PSYoungGen      total 23040K, used 1008K [0x00000000eab00000, 0x00000000ec580000, 0x0000000100000000)
  eden space 22016K, 0% used [0x00000000eab00000,0x00000000eab00000,0x00000000ec080000)
  from space 1024K, 98% used [0x00000000ec400000,0x00000000ec4fc010,0x00000000ec500000)
  to   space 2560K, 0% used [0x00000000ec080000,0x00000000ec080000,0x00000000ec300000)
 ParOldGen       total 68608K, used 14102K [0x00000000c0000000, 0x00000000c4300000, 0x00000000eab00000)
  object space 68608K, 20% used [0x00000000c0000000,0x00000000c0dc59c0,0x00000000c4300000)
 Metaspace       used 43405K, committed 44096K, reserved 1114112K
  class space    used 4647K, committed 4928K, reserved 1048576K
}
Event: 8.881 GC heap before
{Heap before GC invocations=15 (full 2):
 PSYoungGen      total 23040K, used 23024K [0x00000000eab00000, 0x00000000ec580000, 0x0000000100000000)
  eden space 22016K, 100% used [0x00000000eab00000,0x00000000ec080000,0x00000000ec080000)
  from space 1024K, 98% used [0x00000000ec400000,0x00000000ec4fc010,0x00000000ec500000)
  to   space 2560K, 0% used [0x00000000ec080000,0x00000000ec080000,0x00000000ec300000)
 ParOldGen       total 68608K, used 14102K [0x00000000c0000000, 0x00000000c4300000, 0x00000000eab00000)
  object space 68608K, 20% used [0x00000000c0000000,0x00000000c0dc59c0,0x00000000c4300000)
 Metaspace       used 46227K, committed 47040K, reserved 1114112K
  class space    used 5007K, committed 5312K, reserved 1048576K
}
Event: 8.884 GC heap after
{Heap after GC invocations=15 (full 2):
 PSYoungGen      total 24064K, used 1688K [0x00000000eab00000, 0x00000000ec480000, 0x0000000100000000)
  eden space 22016K, 0% used [0x00000000eab00000,0x00000000eab00000,0x00000000ec080000)
  from space 2048K, 82% used [0x00000000ec080000,0x00000000ec2262b0,0x00000000ec280000)
  to   space 2048K, 0% used [0x00000000ec280000,0x00000000ec280000,0x00000000ec480000)
 ParOldGen       total 68608K, used 15093K [0x00000000c0000000, 0x00000000c4300000, 0x00000000eab00000)
  object space 68608K, 21% used [0x00000000c0000000,0x00000000c0ebd6d0,0x00000000c4300000)
 Metaspace       used 46227K, committed 47040K, reserved 1114112K
  class space    used 5007K, committed 5312K, reserved 1048576K
}
Event: 9.285 GC heap before
{Heap before GC invocations=16 (full 2):
 PSYoungGen      total 24064K, used 23704K [0x00000000eab00000, 0x00000000ec480000, 0x0000000100000000)
  eden space 22016K, 100% used [0x00000000eab00000,0x00000000ec080000,0x00000000ec080000)
  from space 2048K, 82% used [0x00000000ec080000,0x00000000ec2262b0,0x00000000ec280000)
  to   space 2048K, 0% used [0x00000000ec280000,0x00000000ec280000,0x00000000ec480000)
 ParOldGen       total 68608K, used 15093K [0x00000000c0000000, 0x00000000c4300000, 0x00000000eab00000)
  object space 68608K, 21% used [0x00000000c0000000,0x00000000c0ebd6d0,0x00000000c4300000)
 Metaspace       used 48184K, committed 49024K, reserved 1114112K
  class space    used 5230K, committed 5632K, reserved 1048576K
}
Event: 9.288 GC heap after
{Heap after GC invocations=16 (full 2):
 PSYoungGen      total 22016K, used 2016K [0x00000000eab00000, 0x00000000ec880000, 0x0000000100000000)
  eden space 19968K, 0% used [0x00000000eab00000,0x00000000eab00000,0x00000000ebe80000)
  from space 2048K, 98% used [0x00000000ec280000,0x00000000ec478020,0x00000000ec480000)
  to   space 4096K, 0% used [0x00000000ebe80000,0x00000000ebe80000,0x00000000ec280000)
 ParOldGen       total 68608K, used 16766K [0x00000000c0000000, 0x00000000c4300000, 0x00000000eab00000)
  object space 68608K, 24% used [0x00000000c0000000,0x00000000c105f848,0x00000000c4300000)
 Metaspace       used 48184K, committed 49024K, reserved 1114112K
  class space    used 5230K, committed 5632K, reserved 1048576K
}
Event: 9.423 GC heap before
{Heap before GC invocations=17 (full 2):
 PSYoungGen      total 22016K, used 21984K [0x00000000eab00000, 0x00000000ec880000, 0x0000000100000000)
  eden space 19968K, 100% used [0x00000000eab00000,0x00000000ebe80000,0x00000000ebe80000)
  from space 2048K, 98% used [0x00000000ec280000,0x00000000ec478020,0x00000000ec480000)
  to   space 4096K, 0% used [0x00000000ebe80000,0x00000000ebe80000,0x00000000ec280000)
 ParOldGen       total 68608K, used 16766K [0x00000000c0000000, 0x00000000c4300000, 0x00000000eab00000)
  object space 68608K, 24% used [0x00000000c0000000,0x00000000c105f848,0x00000000c4300000)
 Metaspace       used 48352K, committed 49216K, reserved 1114112K
  class space    used 5247K, committed 5632K, reserved 1048576K
}
Event: 9.427 GC heap after
{Heap after GC invocations=17 (full 2):
 PSYoungGen      total 22016K, used 1856K [0x00000000eab00000, 0x00000000ec380000, 0x0000000100000000)
  eden space 19968K, 0% used [0x00000000eab00000,0x00000000eab00000,0x00000000ebe80000)
  from space 2048K, 90% used [0x00000000ebe80000,0x00000000ec050010,0x00000000ec080000)
  to   space 2560K, 0% used [0x00000000ec100000,0x00000000ec100000,0x00000000ec380000)
 ParOldGen       total 68608K, used 18810K [0x00000000c0000000, 0x00000000c4300000, 0x00000000eab00000)
  object space 68608K, 27% used [0x00000000c0000000,0x00000000c125e898,0x00000000c4300000)
 Metaspace       used 48352K, committed 49216K, reserved 1114112K
  class space    used 5247K, committed 5632K, reserved 1048576K
}
Event: 9.557 GC heap before
{Heap before GC invocations=18 (full 2):
 PSYoungGen      total 22016K, used 21824K [0x00000000eab00000, 0x00000000ec380000, 0x0000000100000000)
  eden space 19968K, 100% used [0x00000000eab00000,0x00000000ebe80000,0x00000000ebe80000)
  from space 2048K, 90% used [0x00000000ebe80000,0x00000000ec050010,0x00000000ec080000)
  to   space 2560K, 0% used [0x00000000ec100000,0x00000000ec100000,0x00000000ec380000)
 ParOldGen       total 68608K, used 18810K [0x00000000c0000000, 0x00000000c4300000, 0x00000000eab00000)
  object space 68608K, 27% used [0x00000000c0000000,0x00000000c125e898,0x00000000c4300000)
 Metaspace       used 48387K, committed 49280K, reserved 1114112K
  class space    used 5247K, committed 5632K, reserved 1048576K
}
Event: 9.560 GC heap after
{Heap after GC invocations=18 (full 2):
 PSYoungGen      total 22016K, used 1760K [0x00000000eab00000, 0x00000000ec300000, 0x0000000100000000)
  eden space 19968K, 0% used [0x00000000eab00000,0x00000000eab00000,0x00000000ebe80000)
  from space 2048K, 85% used [0x00000000ec100000,0x00000000ec2b8000,0x00000000ec300000)
  to   space 2048K, 0% used [0x00000000ebe80000,0x00000000ebe80000,0x00000000ec080000)
 ParOldGen       total 68608K, used 20518K [0x00000000c0000000, 0x00000000c4300000, 0x00000000eab00000)
  object space 68608K, 29% used [0x00000000c0000000,0x00000000c14098b8,0x00000000c4300000)
 Metaspace       used 48387K, committed 49280K, reserved 1114112K
  class space    used 5247K, committed 5632K, reserved 1048576K
}
Event: 9.655 GC heap before
{Heap before GC invocations=19 (full 2):
 PSYoungGen      total 22016K, used 21728K [0x00000000eab00000, 0x00000000ec300000, 0x0000000100000000)
  eden space 19968K, 100% used [0x00000000eab00000,0x00000000ebe80000,0x00000000ebe80000)
  from space 2048K, 85% used [0x00000000ec100000,0x00000000ec2b8000,0x00000000ec300000)
  to   space 2048K, 0% used [0x00000000ebe80000,0x00000000ebe80000,0x00000000ec080000)
 ParOldGen       total 68608K, used 20518K [0x00000000c0000000, 0x00000000c4300000, 0x00000000eab00000)
  object space 68608K, 29% used [0x00000000c0000000,0x00000000c14098b8,0x00000000c4300000)
 Metaspace       used 48436K, committed 49344K, reserved 1114112K
  class space    used 5259K, committed 5632K, reserved 1048576K
}
Event: 9.658 GC heap after
{Heap after GC invocations=19 (full 2):
 PSYoungGen      total 22016K, used 2016K [0x00000000eab00000, 0x00000000ec780000, 0x0000000100000000)
  eden space 19968K, 0% used [0x00000000eab00000,0x00000000eab00000,0x00000000ebe80000)
  from space 2048K, 98% used [0x00000000ebe80000,0x00000000ec078020,0x00000000ec080000)
  to   space 4608K, 0% used [0x00000000ec300000,0x00000000ec300000,0x00000000ec780000)
 ParOldGen       total 68608K, used 22296K [0x00000000c0000000, 0x00000000c4300000, 0x00000000eab00000)
  object space 68608K, 32% used [0x00000000c0000000,0x00000000c15c60a8,0x00000000c4300000)
 Metaspace       used 48436K, committed 49344K, reserved 1114112K
  class space    used 5259K, committed 5632K, reserved 1048576K
}
Event: 9.715 GC heap before
{Heap before GC invocations=20 (full 2):
 PSYoungGen      total 22016K, used 21984K [0x00000000eab00000, 0x00000000ec780000, 0x0000000100000000)
  eden space 19968K, 100% used [0x00000000eab00000,0x00000000ebe80000,0x00000000ebe80000)
  from space 2048K, 98% used [0x00000000ebe80000,0x00000000ec078020,0x00000000ec080000)
  to   space 4608K, 0% used [0x00000000ec300000,0x00000000ec300000,0x00000000ec780000)
 ParOldGen       total 68608K, used 22296K [0x00000000c0000000, 0x00000000c4300000, 0x00000000eab00000)
  object space 68608K, 32% used [0x00000000c0000000,0x00000000c15c60a8,0x00000000c4300000)
 Metaspace       used 48436K, committed 49344K, reserved 1114112K
  class space    used 5259K, committed 5632K, reserved 1048576K
}
Event: 9.718 GC heap after
{Heap after GC invocations=20 (full 2):
 PSYoungGen      total 22016K, used 2016K [0x00000000eab00000, 0x00000000ec500000, 0x0000000100000000)
  eden space 19968K, 0% used [0x00000000eab00000,0x00000000eab00000,0x00000000ebe80000)
  from space 2048K, 98% used [0x00000000ec300000,0x00000000ec4f8000,0x00000000ec500000)
  to   space 3072K, 0% used [0x00000000ebf00000,0x00000000ebf00000,0x00000000ec200000)
 ParOldGen       total 68608K, used 24369K [0x00000000c0000000, 0x00000000c4300000, 0x00000000eab00000)
  object space 68608K, 35% used [0x00000000c0000000,0x00000000c17cc778,0x00000000c4300000)
 Metaspace       used 48436K, committed 49344K, reserved 1114112K
  class space    used 5259K, committed 5632K, reserved 1048576K
}
Event: 9.780 GC heap before
{Heap before GC invocations=21 (full 2):
 PSYoungGen      total 22016K, used 21984K [0x00000000eab00000, 0x00000000ec500000, 0x0000000100000000)
  eden space 19968K, 100% used [0x00000000eab00000,0x00000000ebe80000,0x00000000ebe80000)
  from space 2048K, 98% used [0x00000000ec300000,0x00000000ec4f8000,0x00000000ec500000)
  to   space 3072K, 0% used [0x00000000ebf00000,0x00000000ebf00000,0x00000000ec200000)
 ParOldGen       total 68608K, used 24369K [0x00000000c0000000, 0x00000000c4300000, 0x00000000eab00000)
  object space 68608K, 35% used [0x00000000c0000000,0x00000000c17cc778,0x00000000c4300000)
 Metaspace       used 48436K, committed 49344K, reserved 1114112K
  class space    used 5259K, committed 5632K, reserved 1048576K
}
Event: 9.783 GC heap after
{Heap after GC invocations=21 (full 2):
 PSYoungGen      total 22528K, used 2144K [0x00000000eab00000, 0x00000000ec380000, 0x0000000100000000)
  eden space 19968K, 0% used [0x00000000eab00000,0x00000000eab00000,0x00000000ebe80000)
  from space 2560K, 83% used [0x00000000ebf00000,0x00000000ec118010,0x00000000ec180000)
  to   space 2048K, 0% used [0x00000000ec180000,0x00000000ec180000,0x00000000ec380000)
 ParOldGen       total 68608K, used 26185K [0x00000000c0000000, 0x00000000c4300000, 0x00000000eab00000)
  object space 68608K, 38% used [0x00000000c0000000,0x00000000c1992778,0x00000000c4300000)
 Metaspace       used 48436K, committed 49344K, reserved 1114112K
  class space    used 5259K, committed 5632K, reserved 1048576K
}
Event: 9.836 GC heap before
{Heap before GC invocations=22 (full 2):
 PSYoungGen      total 22528K, used 22112K [0x00000000eab00000, 0x00000000ec380000, 0x0000000100000000)
  eden space 19968K, 100% used [0x00000000eab00000,0x00000000ebe80000,0x00000000ebe80000)
  from space 2560K, 83% used [0x00000000ebf00000,0x00000000ec118010,0x00000000ec180000)
  to   space 2048K, 0% used [0x00000000ec180000,0x00000000ec180000,0x00000000ec380000)
 ParOldGen       total 68608K, used 26185K [0x00000000c0000000, 0x00000000c4300000, 0x00000000eab00000)
  object space 68608K, 38% used [0x00000000c0000000,0x00000000c1992778,0x00000000c4300000)
 Metaspace       used 48436K, committed 49344K, reserved 1114112K
  class space    used 5259K, committed 5632K, reserved 1048576K
}
Event: 9.839 GC heap after
{Heap after GC invocations=22 (full 2):
 PSYoungGen      total 22016K, used 1792K [0x00000000eab00000, 0x00000000ec380000, 0x0000000100000000)
  eden space 19968K, 0% used [0x00000000eab00000,0x00000000eab00000,0x00000000ebe80000)
  from space 2048K, 87% used [0x00000000ec180000,0x00000000ec340000,0x00000000ec380000)
  to   space 2048K, 0% used [0x00000000ebf80000,0x00000000ebf80000,0x00000000ec180000)
 ParOldGen       total 68608K, used 28273K [0x00000000c0000000, 0x00000000c4300000, 0x00000000eab00000)
  object space 68608K, 41% used [0x00000000c0000000,0x00000000c1b9c788,0x00000000c4300000)
 Metaspace       used 48436K, committed 49344K, reserved 1114112K
  class space    used 5259K, committed 5632K, reserved 1048576K
}
Event: 10.713 GC heap before
{Heap before GC invocations=23 (full 2):
 PSYoungGen      total 22016K, used 21760K [0x00000000eab00000, 0x00000000ec380000, 0x0000000100000000)
  eden space 19968K, 100% used [0x00000000eab00000,0x00000000ebe80000,0x00000000ebe80000)
  from space 2048K, 87% used [0x00000000ec180000,0x00000000ec340000,0x00000000ec380000)
  to   space 2048K, 0% used [0x00000000ebf80000,0x00000000ebf80000,0x00000000ec180000)
 ParOldGen       total 68608K, used 28273K [0x00000000c0000000, 0x00000000c4300000, 0x00000000eab00000)
  object space 68608K, 41% used [0x00000000c0000000,0x00000000c1b9c788,0x00000000c4300000)
 Metaspace       used 50737K, committed 51584K, reserved 1114112K
  class space    used 5490K, committed 5888K, reserved 1048576K
}
Event: 10.716 GC heap after
{Heap after GC invocations=23 (full 2):
 PSYoungGen      total 22016K, used 1720K [0x00000000eab00000, 0x00000000ec280000, 0x0000000100000000)
  eden space 19968K, 0% used [0x00000000eab00000,0x00000000eab00000,0x00000000ebe80000)
  from space 2048K, 83% used [0x00000000ebf80000,0x00000000ec12e0d8,0x00000000ec180000)
  to   space 1024K, 0% used [0x00000000ec180000,0x00000000ec180000,0x00000000ec280000)
 ParOldGen       total 68608K, used 29900K [0x00000000c0000000, 0x00000000c4300000, 0x00000000eab00000)
  object space 68608K, 43% used [0x00000000c0000000,0x00000000c1d33360,0x00000000c4300000)
 Metaspace       used 50737K, committed 51584K, reserved 1114112K
  class space    used 5490K, committed 5888K, reserved 1048576K
}

Dll operation events (10 events):
Event: 0.009 Loaded shared library c:\Users\ADMIN\.vscode\extensions\redhat.java-1.18.0-win32-x64\jre\17.0.7-win32-x86_64\bin\java.dll
Event: 0.250 Loaded shared library c:\Users\ADMIN\.vscode\extensions\redhat.java-1.18.0-win32-x64\jre\17.0.7-win32-x86_64\bin\zip.dll
Event: 0.254 Loaded shared library C:\Users\ADMIN\.vscode\extensions\redhat.java-1.18.0-win32-x64\jre\17.0.7-win32-x86_64\bin\instrument.dll
Event: 0.275 Loaded shared library C:\Users\ADMIN\.vscode\extensions\redhat.java-1.18.0-win32-x64\jre\17.0.7-win32-x86_64\bin\net.dll
Event: 0.279 Loaded shared library C:\Users\ADMIN\.vscode\extensions\redhat.java-1.18.0-win32-x64\jre\17.0.7-win32-x86_64\bin\nio.dll
Event: 0.290 Loaded shared library C:\Users\ADMIN\.vscode\extensions\redhat.java-1.18.0-win32-x64\jre\17.0.7-win32-x86_64\bin\zip.dll
Event: 0.308 Loaded shared library C:\Users\ADMIN\.vscode\extensions\redhat.java-1.18.0-win32-x64\jre\17.0.7-win32-x86_64\bin\jimage.dll
Event: 0.367 Loaded shared library c:\Users\ADMIN\.vscode\extensions\redhat.java-1.18.0-win32-x64\jre\17.0.7-win32-x86_64\bin\verify.dll
Event: 1.958 Loaded shared library C:\Users\ADMIN\AppData\Roaming\Code\User\globalStorage\redhat.java\1.18.0\config_win\org.eclipse.equinox.launcher\org.eclipse.equinox.launcher.win32.win32.x86_64_1.2.700.v20221108-1024\eclipse_11801.dll
Event: 5.696 Loaded shared library C:\Users\ADMIN\AppData\Local\Temp\jna-62130991\jna7160384693134924539.dll

Deoptimization events (20 events):
Event: 10.131 Thread 0x0000027956f35040 DEOPT PACKING pc=0x000002793e62387d sp=0x000000cb763fecd0
Event: 10.131 Thread 0x0000027956f35040 DEOPT UNPACKING pc=0x0000027944f76e43 sp=0x000000cb763fe1b0 mode 0
Event: 10.141 Thread 0x0000027956f35040 DEOPT PACKING pc=0x000002793e62542a sp=0x000000cb763fed90
Event: 10.141 Thread 0x0000027956f35040 DEOPT UNPACKING pc=0x0000027944f76e43 sp=0x000000cb763fe2b0 mode 0
Event: 10.191 Thread 0x0000027956f35040 DEOPT PACKING pc=0x000002793e620c0f sp=0x000000cb763feb20
Event: 10.191 Thread 0x0000027956f35040 DEOPT UNPACKING pc=0x0000027944f76e43 sp=0x000000cb763fe000 mode 0
Event: 10.197 Thread 0x0000027956f35040 DEOPT PACKING pc=0x000002793e61fb31 sp=0x000000cb763fea50
Event: 10.197 Thread 0x0000027956f35040 DEOPT UNPACKING pc=0x0000027944f76e43 sp=0x000000cb763fdf58 mode 0
Event: 10.203 Thread 0x0000027956f35040 DEOPT PACKING pc=0x000002793e62c8f7 sp=0x000000cb763fed70
Event: 10.203 Thread 0x0000027956f35040 DEOPT UNPACKING pc=0x0000027944f76e43 sp=0x000000cb763fe350 mode 0
Event: 10.203 Thread 0x0000027956f35040 DEOPT PACKING pc=0x000002793e04c90d sp=0x000000cb763fee50
Event: 10.203 Thread 0x0000027956f35040 DEOPT UNPACKING pc=0x0000027944f76e43 sp=0x000000cb763fe300 mode 0
Event: 10.217 Thread 0x0000027956f35040 DEOPT PACKING pc=0x000002793e63d610 sp=0x000000cb763fecf0
Event: 10.217 Thread 0x0000027956f35040 DEOPT UNPACKING pc=0x0000027944f76e43 sp=0x000000cb763fe1f8 mode 0
Event: 10.228 Thread 0x0000027956f35040 DEOPT PACKING pc=0x000002793e04c90d sp=0x000000cb763fee50
Event: 10.228 Thread 0x0000027956f35040 DEOPT UNPACKING pc=0x0000027944f76e43 sp=0x000000cb763fe300 mode 0
Event: 10.239 Thread 0x0000027956f35040 DEOPT PACKING pc=0x000002793e04c90d sp=0x000000cb763fee50
Event: 10.239 Thread 0x0000027956f35040 DEOPT UNPACKING pc=0x0000027944f76e43 sp=0x000000cb763fe300 mode 0
Event: 11.623 Thread 0x0000027956f35040 DEOPT PACKING pc=0x000002793db36d89 sp=0x000000cb763f95b0
Event: 11.623 Thread 0x0000027956f35040 DEOPT UNPACKING pc=0x0000027944f76e43 sp=0x000000cb763f8aa8 mode 0

Classes unloaded (7 events):
Event: 3.571 Thread 0x000002793aed3a10 Unloading class 0x000000010021a400 'java/lang/invoke/LambdaForm$MH+0x000000010021a400'
Event: 3.572 Thread 0x000002793aed3a10 Unloading class 0x000000010021a000 'java/lang/invoke/LambdaForm$MH+0x000000010021a000'
Event: 3.572 Thread 0x000002793aed3a10 Unloading class 0x0000000100219c00 'java/lang/invoke/LambdaForm$MH+0x0000000100219c00'
Event: 3.572 Thread 0x000002793aed3a10 Unloading class 0x0000000100219800 'java/lang/invoke/LambdaForm$MH+0x0000000100219800'
Event: 3.572 Thread 0x000002793aed3a10 Unloading class 0x0000000100219000 'java/lang/invoke/LambdaForm$BMH+0x0000000100219000'
Event: 3.572 Thread 0x000002793aed3a10 Unloading class 0x0000000100218c00 'java/lang/invoke/LambdaForm$DMH+0x0000000100218c00'
Event: 3.572 Thread 0x000002793aed3a10 Unloading class 0x0000000100216000 'java/lang/invoke/LambdaForm$DMH+0x0000000100216000'

Classes redefined (0 events):
No events

Internal exceptions (20 events):
Event: 10.220 Thread 0x0000027956f35040 Exception <a 'sun/nio/fs/WindowsException'{0x00000000eb0e92c8}> (0x00000000eb0e92c8) 
thrown [s\src\hotspot\share\prims\jni.cpp, line 516]
Event: 10.221 Thread 0x0000027956f35040 Exception <a 'sun/nio/fs/WindowsException'{0x00000000eb0ee290}> (0x00000000eb0ee290) 
thrown [s\src\hotspot\share\prims\jni.cpp, line 516]
Event: 10.223 Thread 0x0000027956f35040 Exception <a 'sun/nio/fs/WindowsException'{0x00000000eb0f5380}> (0x00000000eb0f5380) 
thrown [s\src\hotspot\share\prims\jni.cpp, line 516]
Event: 10.224 Thread 0x0000027956f35040 Exception <a 'sun/nio/fs/WindowsException'{0x00000000eb0f8a98}> (0x00000000eb0f8a98) 
thrown [s\src\hotspot\share\prims\jni.cpp, line 516]
Event: 10.226 Thread 0x0000027956f35040 Exception <a 'sun/nio/fs/WindowsException'{0x00000000eb0ff340}> (0x00000000eb0ff340) 
thrown [s\src\hotspot\share\prims\jni.cpp, line 516]
Event: 10.228 Thread 0x0000027956f35040 Exception <a 'sun/nio/fs/WindowsException'{0x00000000eb102d90}> (0x00000000eb102d90) 
thrown [s\src\hotspot\share\prims\jni.cpp, line 516]
Event: 10.230 Thread 0x0000027956f35040 Exception <a 'sun/nio/fs/WindowsException'{0x00000000eb107258}> (0x00000000eb107258) 
thrown [s\src\hotspot\share\prims\jni.cpp, line 516]
Event: 10.231 Thread 0x0000027956f35040 Exception <a 'sun/nio/fs/WindowsException'{0x00000000eb10b3c8}> (0x00000000eb10b3c8) 
thrown [s\src\hotspot\share\prims\jni.cpp, line 516]
Event: 10.233 Thread 0x0000027956f35040 Exception <a 'sun/nio/fs/WindowsException'{0x00000000eb10ef38}> (0x00000000eb10ef38) 
thrown [s\src\hotspot\share\prims\jni.cpp, line 516]
Event: 10.235 Thread 0x0000027956f35040 Exception <a 'sun/nio/fs/WindowsException'{0x00000000eb112a10}> (0x00000000eb112a10) 
thrown [s\src\hotspot\share\prims\jni.cpp, line 516]
Event: 10.238 Thread 0x0000027956f35040 Exception <a 'sun/nio/fs/WindowsException'{0x00000000eb1164d0}> (0x00000000eb1164d0) 
thrown [s\src\hotspot\share\prims\jni.cpp, line 516]
Event: 10.240 Thread 0x0000027956f35040 Exception <a 'sun/nio/fs/WindowsException'{0x00000000eb11a028}> (0x00000000eb11a028) 
thrown [s\src\hotspot\share\prims\jni.cpp, line 516]
Event: 10.244 Thread 0x0000027956f35040 Exception <a 'sun/nio/fs/WindowsException'{0x00000000eb11e4d8}> (0x00000000eb11e4d8) 
thrown [s\src\hotspot\share\prims\jni.cpp, line 516]
Event: 10.245 Thread 0x0000027956f35040 Exception <a 'sun/nio/fs/WindowsException'{0x00000000eb1237f8}> (0x00000000eb1237f8) 
thrown [s\src\hotspot\share\prims\jni.cpp, line 516]
Event: 10.246 Thread 0x0000027956f35040 Exception <a 'sun/nio/fs/WindowsException'{0x00000000eb129ec8}> (0x00000000eb129ec8) 
thrown [s\src\hotspot\share\prims\jni.cpp, line 516]
Event: 10.250 Thread 0x0000027956f35040 Exception <a 'sun/nio/fs/WindowsException'{0x00000000eb12e068}> (0x00000000eb12e068) 
thrown [s\src\hotspot\share\prims\jni.cpp, line 516]
Event: 10.808 Thread 0x0000027956f35040 Exception <a 'java/lang/NoClassDefFoundError'{0x00000000eabbf988}: org/eclipse/jdt/core/dom/Name> (0x00000000eabbf988) 
thrown [s\src\hotspot\share\classfile\systemDictionary.cpp, line 245]
Event: 10.808 Thread 0x0000027956f35040 Exception <a 'java/lang/NullPointerException'{0x00000000eabbff18}> (0x00000000eabbff18) 
thrown [s\src\hotspot\share\interpreter\linkResolver.cpp, line 1350]
Event: 10.816 Thread 0x0000027956f35040 Exception <a 'java/lang/NullPointerException'{0x00000000eabc1be8}> (0x00000000eabc1be8) 
thrown [s\src\hotspot\share\interpreter\linkResolver.cpp, line 1350]
Event: 10.816 Thread 0x0000027956f35040 Exception <a 'java/lang/NullPointerException'{0x00000000eabc2118}> (0x00000000eabc2118) 
thrown [s\src\hotspot\share\interpreter\linkResolver.cpp, line 1350]

VM Operations (20 events):
Event: 9.108 Executing VM operation: HandshakeAllThreads
Event: 9.108 Executing VM operation: HandshakeAllThreads done
Event: 9.285 Executing VM operation: ParallelGCFailedAllocation
Event: 9.288 Executing VM operation: ParallelGCFailedAllocation done
Event: 9.423 Executing VM operation: ParallelGCFailedAllocation
Event: 9.427 Executing VM operation: ParallelGCFailedAllocation done
Event: 9.557 Executing VM operation: ParallelGCFailedAllocation
Event: 9.560 Executing VM operation: ParallelGCFailedAllocation done
Event: 9.655 Executing VM operation: ParallelGCFailedAllocation
Event: 9.658 Executing VM operation: ParallelGCFailedAllocation done
Event: 9.715 Executing VM operation: ParallelGCFailedAllocation
Event: 9.718 Executing VM operation: ParallelGCFailedAllocation done
Event: 9.780 Executing VM operation: ParallelGCFailedAllocation
Event: 9.783 Executing VM operation: ParallelGCFailedAllocation done
Event: 9.836 Executing VM operation: ParallelGCFailedAllocation
Event: 9.839 Executing VM operation: ParallelGCFailedAllocation done
Event: 10.328 Executing VM operation: HandshakeAllThreads
Event: 10.328 Executing VM operation: HandshakeAllThreads done
Event: 10.712 Executing VM operation: ParallelGCFailedAllocation
Event: 10.716 Executing VM operation: ParallelGCFailedAllocation done

Events (20 events):
Event: 9.245 loading class java/nio/channels/Channels$ReadableByteChannelImpl done
Event: 9.246 loading class java/nio/channels/NonWritableChannelException
Event: 9.247 loading class java/nio/channels/NonWritableChannelException done
Event: 9.247 loading class sun/nio/ch/ChannelInputStream
Event: 9.247 loading class sun/nio/ch/ChannelInputStream done
Event: 9.290 Thread 0x00000279568efc20 Thread exited: 0x00000279568efc20
Event: 9.904 loading class java/nio/file/SimpleFileVisitor
Event: 9.904 loading class java/nio/file/SimpleFileVisitor done
Event: 9.904 loading class java/nio/file/FileTreeWalker$1
Event: 9.904 loading class java/nio/file/FileTreeWalker$1 done
Event: 9.905 loading class sun/nio/fs/Globs
Event: 9.905 loading class sun/nio/fs/Globs done
Event: 9.905 loading class java/util/regex/Pattern$SliceU
Event: 9.906 loading class java/util/regex/Pattern$SliceU done
Event: 9.906 loading class sun/nio/fs/WindowsFileSystem$2
Event: 9.906 loading class java/nio/file/PathMatcher
Event: 9.906 loading class java/nio/file/PathMatcher done
Event: 9.906 loading class sun/nio/fs/WindowsFileSystem$2 done
Event: 11.578 loading class java/util/Vector$1
Event: 11.578 loading class java/util/Vector$1 done


Dynamic libraries:
0x00007ff686400000 - 0x00007ff68640e000 	c:\Users\ADMIN\.vscode\extensions\redhat.java-1.18.0-win32-x64\jre\17.0.7-win32-x86_64\bin\java.exe
0x00007ffe877f0000 - 0x00007ffe87a04000 	C:\WINDOWS\SYSTEM32\ntdll.dll
0x00007ffe86850000 - 0x00007ffe86912000 	C:\WINDOWS\System32\KERNEL32.DLL
0x00007ffe84f50000 - 0x00007ffe852ec000 	C:\WINDOWS\System32\KERNELBASE.dll
0x00007ffe85370000 - 0x00007ffe85481000 	C:\WINDOWS\System32\ucrtbase.dll
0x00007ffe80230000 - 0x00007ffe80249000 	c:\Users\ADMIN\.vscode\extensions\redhat.java-1.18.0-win32-x64\jre\17.0.7-win32-x86_64\bin\VCRUNTIME140.dll
0x00007ffe7b540000 - 0x00007ffe7b557000 	c:\Users\ADMIN\.vscode\extensions\redhat.java-1.18.0-win32-x64\jre\17.0.7-win32-x86_64\bin\jli.dll
0x00007ffe85a80000 - 0x00007ffe85c2b000 	C:\WINDOWS\System32\USER32.dll
0x00007ffe73c20000 - 0x00007ffe73eae000 	C:\WINDOWS\WinSxS\amd64_microsoft.windows.common-controls_6595b64144ccf1df_6.0.22621.608_none_a9444ca7c10bb01d\COMCTL32.dll
0x00007ffe84c30000 - 0x00007ffe84c56000 	C:\WINDOWS\System32\win32u.dll
0x00007ffe86f40000 - 0x00007ffe86fe7000 	C:\WINDOWS\System32\msvcrt.dll
0x00007ffe85e70000 - 0x00007ffe85e99000 	C:\WINDOWS\System32\GDI32.dll
0x00007ffe84c60000 - 0x00007ffe84d73000 	C:\WINDOWS\System32\gdi32full.dll
0x00007ffe84d80000 - 0x00007ffe84e1a000 	C:\WINDOWS\System32\msvcp_win.dll
0x00007ffe86c20000 - 0x00007ffe86c51000 	C:\WINDOWS\System32\IMM32.DLL
0x00007ffe80210000 - 0x00007ffe8021c000 	c:\Users\ADMIN\.vscode\extensions\redhat.java-1.18.0-win32-x64\jre\17.0.7-win32-x86_64\bin\vcruntime140_1.dll
0x00007ffe617b0000 - 0x00007ffe61841000 	c:\Users\ADMIN\.vscode\extensions\redhat.java-1.18.0-win32-x64\jre\17.0.7-win32-x86_64\bin\msvcp140.dll
0x00007ffe1b600000 - 0x00007ffe1c248000 	c:\Users\ADMIN\.vscode\extensions\redhat.java-1.18.0-win32-x64\jre\17.0.7-win32-x86_64\bin\server\jvm.dll
0x00007ffe86c60000 - 0x00007ffe86d0e000 	C:\WINDOWS\System32\ADVAPI32.dll
0x00007ffe86ae0000 - 0x00007ffe86b84000 	C:\WINDOWS\System32\sechost.dll
0x00007ffe86e20000 - 0x00007ffe86f37000 	C:\WINDOWS\System32\RPCRT4.dll
0x00007ffe7d090000 - 0x00007ffe7d0c4000 	C:\WINDOWS\SYSTEM32\WINMM.dll
0x00007ffe7d7c0000 - 0x00007ffe7d7ca000 	C:\WINDOWS\SYSTEM32\VERSION.dll
0x00007ffe62db0000 - 0x00007ffe62db9000 	C:\WINDOWS\SYSTEM32\WSOCK32.dll
0x00007ffe85c30000 - 0x00007ffe85ca1000 	C:\WINDOWS\System32\WS2_32.dll
0x00007ffe83c60000 - 0x00007ffe83c78000 	C:\WINDOWS\SYSTEM32\kernel.appcore.dll
0x00007ffe801f0000 - 0x00007ffe801fa000 	c:\Users\ADMIN\.vscode\extensions\redhat.java-1.18.0-win32-x64\jre\17.0.7-win32-x86_64\bin\jimage.dll
0x00007ffe82620000 - 0x00007ffe8284e000 	C:\WINDOWS\SYSTEM32\DBGHELP.DLL
0x00007ffe87420000 - 0x00007ffe877a9000 	C:\WINDOWS\System32\combase.dll
0x00007ffe87230000 - 0x00007ffe87307000 	C:\WINDOWS\System32\OLEAUT32.dll
0x00007ffe7d050000 - 0x00007ffe7d082000 	C:\WINDOWS\SYSTEM32\dbgcore.DLL
0x00007ffe852f0000 - 0x00007ffe8536b000 	C:\WINDOWS\System32\bcryptPrimitives.dll
0x00007ffe7fdb0000 - 0x00007ffe7fdbe000 	c:\Users\ADMIN\.vscode\extensions\redhat.java-1.18.0-win32-x64\jre\17.0.7-win32-x86_64\bin\instrument.dll
0x00007ffe7a180000 - 0x00007ffe7a1a5000 	c:\Users\ADMIN\.vscode\extensions\redhat.java-1.18.0-win32-x64\jre\17.0.7-win32-x86_64\bin\java.dll
0x00007ffe768e0000 - 0x00007ffe768f8000 	c:\Users\ADMIN\.vscode\extensions\redhat.java-1.18.0-win32-x64\jre\17.0.7-win32-x86_64\bin\zip.dll
0x00007ffe85ea0000 - 0x00007ffe86690000 	C:\WINDOWS\System32\SHELL32.dll
0x00007ffe82bf0000 - 0x00007ffe834bd000 	C:\WINDOWS\SYSTEM32\windows.storage.dll
0x00007ffe82ab0000 - 0x00007ffe82bee000 	C:\WINDOWS\SYSTEM32\wintypes.dll
0x00007ffe85d70000 - 0x00007ffe85e61000 	C:\WINDOWS\System32\SHCORE.dll
0x00007ffe86dc0000 - 0x00007ffe86e1e000 	C:\WINDOWS\System32\shlwapi.dll
0x00007ffe84b60000 - 0x00007ffe84b81000 	C:\WINDOWS\SYSTEM32\profapi.dll
0x00007ffe6edd0000 - 0x00007ffe6ede9000 	C:\Users\ADMIN\.vscode\extensions\redhat.java-1.18.0-win32-x64\jre\17.0.7-win32-x86_64\bin\net.dll
0x00007ffe7f560000 - 0x00007ffe7f697000 	C:\WINDOWS\SYSTEM32\WINHTTP.dll
0x00007ffe840f0000 - 0x00007ffe84159000 	C:\WINDOWS\system32\mswsock.dll
0x00007ffe6e5f0000 - 0x00007ffe6e605000 	C:\Users\ADMIN\.vscode\extensions\redhat.java-1.18.0-win32-x64\jre\17.0.7-win32-x86_64\bin\nio.dll
0x00007ffe7fcb0000 - 0x00007ffe7fcc0000 	c:\Users\ADMIN\.vscode\extensions\redhat.java-1.18.0-win32-x64\jre\17.0.7-win32-x86_64\bin\verify.dll
0x00007ffe6e280000 - 0x00007ffe6e2be000 	C:\Users\ADMIN\AppData\Roaming\Code\User\globalStorage\redhat.java\1.18.0\config_win\org.eclipse.equinox.launcher\org.eclipse.equinox.launcher.win32.win32.x86_64_1.2.700.v20221108-1024\eclipse_11801.dll
0x00007ffe86ff0000 - 0x00007ffe8718c000 	C:\WINDOWS\System32\ole32.dll
0x00007ffe843c0000 - 0x00007ffe843db000 	C:\WINDOWS\SYSTEM32\CRYPTSP.dll
0x00007ffe83bd0000 - 0x00007ffe83c05000 	C:\WINDOWS\system32\rsaenh.dll
0x00007ffe84260000 - 0x00007ffe84288000 	C:\WINDOWS\SYSTEM32\USERENV.dll
0x00007ffe84560000 - 0x00007ffe84588000 	C:\WINDOWS\SYSTEM32\bcrypt.dll
0x00007ffe843e0000 - 0x00007ffe843ec000 	C:\WINDOWS\SYSTEM32\CRYPTBASE.dll
0x00007ffe83750000 - 0x00007ffe8377d000 	C:\WINDOWS\SYSTEM32\IPHLPAPI.DLL
0x00007ffe87190000 - 0x00007ffe87199000 	C:\WINDOWS\System32\NSI.dll
0x00007ffe7d8a0000 - 0x00007ffe7d8b9000 	C:\WINDOWS\SYSTEM32\dhcpcsvc6.DLL
0x00007ffe7d7a0000 - 0x00007ffe7d7bf000 	C:\WINDOWS\SYSTEM32\dhcpcsvc.DLL
0x00007ffe83780000 - 0x00007ffe83873000 	C:\WINDOWS\SYSTEM32\DNSAPI.dll
0x00007ffe656c0000 - 0x00007ffe65705000 	C:\Users\ADMIN\AppData\Local\Temp\jna-62130991\jna7160384693134924539.dll
0x00007ffe85d60000 - 0x00007ffe85d68000 	C:\WINDOWS\System32\PSAPI.DLL

dbghelp: loaded successfully - version: 4.0.5 - missing functions: none
symbol engine: initialized successfully - sym options: 0x614 - pdb path: .;c:\Users\ADMIN\.vscode\extensions\redhat.java-1.18.0-win32-x64\jre\17.0.7-win32-x86_64\bin;C:\WINDOWS\SYSTEM32;C:\WINDOWS\WinSxS\amd64_microsoft.windows.common-controls_6595b64144ccf1df_6.0.22621.608_none_a9444ca7c10bb01d;c:\Users\ADMIN\.vscode\extensions\redhat.java-1.18.0-win32-x64\jre\17.0.7-win32-x86_64\bin\server;C:\Users\ADMIN\AppData\Roaming\Code\User\globalStorage\redhat.java\1.18.0\config_win\org.eclipse.equinox.launcher\org.eclipse.equinox.launcher.win32.win32.x86_64_1.2.700.v20221108-1024;C:\Users\ADMIN\AppData\Local\Temp\jna-62130991

VM Arguments:
jvm_args: --add-modules=ALL-SYSTEM --add-opens=java.base/java.util=ALL-UNNAMED --add-opens=java.base/java.lang=ALL-UNNAMED --add-opens=java.base/sun.nio.fs=ALL-UNNAMED -Declipse.application=org.eclipse.jdt.ls.core.id1 -Dosgi.bundles.defaultStartLevel=4 -Declipse.product=org.eclipse.jdt.ls.core.product -Djava.import.generatesMetadataFilesAtProjectRoot=false -Dfile.encoding=utf8 -XX:+UseParallelGC -XX:GCTimeRatio=4 -XX:AdaptiveSizePolicyWeight=90 -Dsun.zip.disableMemoryMapping=true -Xmx1G -Xms100m -Xlog:disable -javaagent:c:\Users\ADMIN\.vscode\extensions\redhat.java-1.18.0-win32-x64\lombok\lombok-1.18.27.jar -XX:+HeapDumpOnOutOfMemoryError -XX:HeapDumpPath=c:\Users\ADMIN\AppData\Roaming\Code\User\workspaceStorage\4c1ab381de116513bcdb067e4a9c71b1\redhat.java -Daether.dependencyCollector.impl=bf 
java_command: c:\Users\ADMIN\.vscode\extensions\redhat.java-1.18.0-win32-x64\server\plugins\org.eclipse.equinox.launcher_1.6.400.v20210924-0641.jar -configuration c:\Users\ADMIN\AppData\Roaming\Code\User\globalStorage\redhat.java\1.18.0\config_win -data c:\Users\ADMIN\AppData\Roaming\Code\User\workspaceStorage\4c1ab381de116513bcdb067e4a9c71b1\redhat.java\jdt_ws
java_class_path (initial): c:\Users\ADMIN\.vscode\extensions\redhat.java-1.18.0-win32-x64\server\plugins\org.eclipse.equinox.launcher_1.6.400.v20210924-0641.jar
Launcher Type: SUN_STANDARD

[Global flags]
    uintx AdaptiveSizePolicyWeight                 = 90                                        {product} {command line}
     intx CICompilerCount                          = 12                                        {product} {ergonomic}
    uintx GCTimeRatio                              = 4                                         {product} {command line}
     bool HeapDumpOnOutOfMemoryError               = true                                   {manageable} {command line}
    ccstr HeapDumpPath                             = c:\Users\ADMIN\AppData\Roaming\Code\User\workspaceStorage\4c1ab381de116513bcdb067e4a9c71b1\redhat.java         {manageable} {command line}
   size_t InitialHeapSize                          = 104857600                                 {product} {command line}
   size_t MaxHeapSize                              = 1073741824                                {product} {command line}
   size_t MaxNewSize                               = 357564416                                 {product} {ergonomic}
   size_t MinHeapDeltaBytes                        = 524288                                    {product} {ergonomic}
   size_t MinHeapSize                              = 104857600                                 {product} {command line}
   size_t NewSize                                  = 34603008                                  {product} {ergonomic}
    uintx NonNMethodCodeHeapSize                   = 7602480                                {pd product} {ergonomic}
    uintx NonProfiledCodeHeapSize                  = 122027880                              {pd product} {ergonomic}
   size_t OldSize                                  = 70254592                                  {product} {ergonomic}
    uintx ProfiledCodeHeapSize                     = 122027880                              {pd product} {ergonomic}
    uintx ReservedCodeCacheSize                    = 251658240                              {pd product} {ergonomic}
     bool SegmentedCodeCache                       = true                                      {product} {ergonomic}
   size_t SoftMaxHeapSize                          = 1073741824                             {manageable} {ergonomic}
     bool UseCompressedClassPointers               = true                           {product lp64_product} {ergonomic}
     bool UseCompressedOops                        = true                           {product lp64_product} {ergonomic}
     bool UseLargePagesIndividualAllocation        = false                                  {pd product} {ergonomic}
     bool UseParallelGC                            = true                                      {product} {command line}

Logging:
Log output configuration:
 #0: stdout all=off uptime,level,tags
 #1: stderr all=off uptime,level,tags

Environment Variables:
PATH=C:\Program Files\Common Files\Oracle\Java\javapath;C:\Program Files (x86)\Common Files\Intel\Shared Libraries\redist\intel64\compiler;C:\Windows\system32;C:\Windows;C:\Windows\System32\Wbem;C:\Windows\System32\WindowsPowerShell\v1.0\;C:\Windows\System32\OpenSSH\;C:\Program Files (x86)\NVIDIA Corporation\PhysX\Common;C:\Program Files\NVIDIA Corporation\NVIDIA NvDLISR;C:\Program Files\Git\cmd;C:\WINDOWS\system32;C:\WINDOWS;C:\WINDOWS\System32\Wbem;C:\WINDOWS\System32\WindowsPowerShell\v1.0\;C:\WINDOWS\System32\OpenSSH\;C:\Users\ADMIN\AppData\Local\Microsoft\WindowsApps;C:\Users\ADMIN\AppData\Local\Programs\Microsoft VS Code\bin;C:\msys64\mingw64\bin;C:\msys64\usr\bin;
USERNAME=ADMIN
OS=Windows_NT
PROCESSOR_IDENTIFIER=AMD64 Family 23 Model 96 Stepping 1, AuthenticAMD
TMP=C:\Users\ADMIN\AppData\Local\Temp
TEMP=C:\Users\ADMIN\AppData\Local\Temp



---------------  S Y S T E M  ---------------

OS:
 Windows 11 , 64 bit Build 22621 (10.0.22621.1485)
OS uptime: 0 days 11:09 hours
Hyper-V role detected

CPU: total 16 (initial active 16) (16 cores per cpu, 2 threads per core) family 23 model 96 stepping 1 microcode 0x0, cx8, cmov, fxsr, ht, mmx, 3dnowpref, sse, sse2, sse3, ssse3, sse4a, sse4.1, sse4.2, popcnt, lzcnt, tsc, tscinvbit, avx, avx2, aes, clmul, bmi1, bmi2, adx, sha, fma, vzeroupper, clflush, clflushopt, hv

Memory: 4k page, system-wide physical 7599M (355M free)
TotalPageFile size 15791M (AvailPageFile size 0M)
current process WorkingSet (physical memory assigned to process): 203M, peak: 223M
current process commit charge ("private bytes"): 300M, peak: 324M

vm_info: OpenJDK 64-Bit Server VM (17.0.7+7) for windows-amd64 JRE (17.0.7+7), built on Apr 18 2023 22:10:42 by "temurin" with MS VC++ 16.7 (VS2019)

END.
