#
# There is insufficient memory for the Java Runtime Environment to continue.
# Native memory allocation (mmap) failed to map 65536 bytes for Failed to commit metaspace.
# Possible reasons:
#   The system is out of physical RAM or swap space
#   The process is running with CompressedOops enabled, and the Java Heap may be blocking the growth of the native heap
# Possible solutions:
#   Reduce memory load on the system
#   Increase physical memory or swap space
#   Check if swap backing store is full
#   Decrease Java heap size (-Xmx/-Xms)
#   Decrease number of Java threads
#   Decrease Java thread stack sizes (-Xss)
#   Set larger code cache with -XX:ReservedCodeCacheSize=
#   JVM is running with Unscaled Compressed Oops mode in which the Java heap is
#     placed in the first 4GB address space. The Java Heap base address is the
#     maximum limit for the native heap growth. Please use -XX:HeapBaseMinAddress
#     to set the Java Heap base and to place the Java Heap above 4GB virtual address.
# This output file may be truncated or incomplete.
#
#  Out of Memory Error (virtualSpaceNode.cpp:110), pid=6968, tid=18340
#
# JRE version: OpenJDK Runtime Environment Temurin-17.0.6+10 (17.0.6+10) (build 17.0.6+10)
# Java VM: OpenJDK 64-Bit Server VM Temurin-17.0.6+10 (17.0.6+10, mixed mode, tiered, compressed oops, compressed class ptrs, parallel gc, windows-amd64)
# No core dump will be written. Minidumps are not enabled by default on client versions of Windows
#

---------------  S U M M A R Y ------------

Command Line: --add-modules=ALL-SYSTEM --add-opens=java.base/java.util=ALL-UNNAMED --add-opens=java.base/java.lang=ALL-UNNAMED --add-opens=java.base/sun.nio.fs=ALL-UNNAMED -Declipse.application=org.eclipse.jdt.ls.core.id1 -Dosgi.bundles.defaultStartLevel=4 -Declipse.product=org.eclipse.jdt.ls.core.product -Djava.import.generatesMetadataFilesAtProjectRoot=false -Dfile.encoding=utf8 -XX:+UseParallelGC -XX:GCTimeRatio=4 -XX:AdaptiveSizePolicyWeight=90 -Dsun.zip.disableMemoryMapping=true -Xmx1G -Xms100m -Xlog:disable -javaagent:c:\Users\ADMIN\.vscode\extensions\redhat.java-1.17.0-win32-x64\lombok\lombok-1.18.24.jar -XX:+HeapDumpOnOutOfMemoryError -XX:HeapDumpPath=c:\Users\ADMIN\AppData\Roaming\Code\User\workspaceStorage\25a3d6cf644b5c5d23efcdf9371a6d34\redhat.java -Daether.dependencyCollector.impl=bf c:\Users\ADMIN\.vscode\extensions\redhat.java-1.17.0-win32-x64\server\plugins\org.eclipse.equinox.launcher_1.6.400.v20210924-0641.jar -configuration c:\Users\ADMIN\AppData\Roaming\Code\User\globalStorage\redhat.java\1.17.0\config_win -data c:\Users\ADMIN\AppData\Roaming\Code\User\workspaceStorage\25a3d6cf644b5c5d23efcdf9371a6d34\redhat.java\jdt_ws

Host: AMD Ryzen 7 4800H with Radeon Graphics         , 16 cores, 7G,  Windows 11 , 64 bit Build 22621 (10.0.22621.1485)
Time: Wed Apr 19 22:15:03 2023 SE Asia Standard Time elapsed time: 584.614929 seconds (0d 0h 9m 44s)

---------------  T H R E A D  ---------------

Current thread (0x0000022c17a09610):  JavaThread "Packet Receive Manager" daemon [_thread_in_vm, id=18340, stack(0x00000055d1e00000,0x00000055d1f00000)]

Stack: [0x00000055d1e00000,0x00000055d1f00000]
Native frames: (J=compiled Java code, j=interpreted, Vv=VM code, C=native code)
V  [jvm.dll+0x67741a]
V  [jvm.dll+0x834434]
V  [jvm.dll+0x835bde]
V  [jvm.dll+0x836243]
V  [jvm.dll+0x2457b5]
V  [jvm.dll+0x8304cb]
V  [jvm.dll+0x61bca6]
V  [jvm.dll+0x61bd0a]
V  [jvm.dll+0x61e52a]
V  [jvm.dll+0x61c646]
V  [jvm.dll+0x239e4f]
V  [jvm.dll+0x626445]
V  [jvm.dll+0x1ea42b]
V  [jvm.dll+0x1ea965]
V  [jvm.dll+0x1eb39f]
V  [jvm.dll+0x1e0841]
V  [jvm.dll+0x53c6d0]
V  [jvm.dll+0x1f1017]
V  [jvm.dll+0x7aea1b]
V  [jvm.dll+0x7afdc2]
V  [jvm.dll+0x7b00f8]
V  [jvm.dll+0x23dbbe]
V  [jvm.dll+0x37ecce]
C  0x0000022c0746ae05

Java frames: (J=compiled Java code, j=interpreted, Vv=VM code)
j  java.net.StandardSocketOptions.<clinit>()V+0 java.base@17.0.6
v  ~StubRoutines::call_stub
j  sun.nio.ch.NioSocketImpl.close()V+37 java.base@17.0.6
j  java.net.Socket.close()V+28 java.base@17.0.6
j  org.eclipse.jdi.internal.connect.SocketConnection.close()V+12
j  org.eclipse.jdi.internal.connect.PacketManager.disconnectVM()V+4
j  org.eclipse.jdi.internal.connect.PacketReceiveManager.disconnectVM()V+1
j  org.eclipse.jdi.internal.connect.PacketManager.disconnectVM(Ljava/io/IOException;)V+6
j  org.eclipse.jdi.internal.connect.PacketReceiveManager.run()V+29
j  java.lang.Thread.run()V+11 java.base@17.0.6
v  ~StubRoutines::call_stub

---------------  P R O C E S S  ---------------

Threads class SMR info:
_java_thread_list=0x0000022c19440d40, length=53, elements={
0x0000022c7c38b2a0, 0x0000022c7c44e470, 0x0000022c7f205190, 0x0000022c11ec49e0,
0x0000022c11ec74a0, 0x0000022c11ec7e50, 0x0000022c11ec8800, 0x0000022c11ec94e0,
0x0000022c11eccc90, 0x0000022c11eceda0, 0x0000022c11fb2570, 0x0000022c1219af30,
0x0000022c13ed6410, 0x0000022c15181730, 0x0000022c144ae620, 0x0000022c15091240,
0x0000022c1525bb10, 0x0000022c140f5400, 0x0000022c140f4a60, 0x0000022c140f5da0,
0x0000022c140f3250, 0x0000022c140f3720, 0x0000022c140f58d0, 0x0000022c140f4590,
0x0000022c19164a70, 0x0000022c19162d90, 0x0000022c191645a0, 0x0000022c19163c00,
0x0000022c191640d0, 0x0000022c19165410, 0x0000022c191658e0, 0x0000022c19163730,
0x0000022c19164f40, 0x0000022c15be5880, 0x0000022c15be2390, 0x0000022c15be1050,
0x0000022c15be6bc0, 0x0000022c15be7a30, 0x0000022c15be83d0, 0x0000022c15be2860,
0x0000022c15be19f0, 0x0000022c140f4f30, 0x0000022c17a09fb0, 0x0000022c17a09140,
0x0000022c18b7d6c0, 0x0000022c17a03aa0, 0x0000022c17a06ac0, 0x0000022c17a087a0,
0x0000022c17a04de0, 0x0000022c17a08c70, 0x0000022c17a09610, 0x0000022c17a0a950,
0x0000022c17a035d0
}

Java Threads: ( => current thread )
  0x0000022c7c38b2a0 JavaThread "main" [_thread_blocked, id=15888, stack(0x00000055ce100000,0x00000055ce200000)]
  0x0000022c7c44e470 JavaThread "Reference Handler" daemon [_thread_blocked, id=1924, stack(0x00000055ce400000,0x00000055ce500000)]
  0x0000022c7f205190 JavaThread "Finalizer" daemon [_thread_blocked, id=13896, stack(0x00000055ce500000,0x00000055ce600000)]
  0x0000022c11ec49e0 JavaThread "Signal Dispatcher" daemon [_thread_blocked, id=4416, stack(0x00000055ce600000,0x00000055ce700000)]
  0x0000022c11ec74a0 JavaThread "Attach Listener" daemon [_thread_blocked, id=1072, stack(0x00000055ce700000,0x00000055ce800000)]
  0x0000022c11ec7e50 JavaThread "Service Thread" daemon [_thread_blocked, id=1120, stack(0x00000055ce800000,0x00000055ce900000)]
  0x0000022c11ec8800 JavaThread "Monitor Deflation Thread" daemon [_thread_blocked, id=8172, stack(0x00000055ce900000,0x00000055cea00000)]
  0x0000022c11ec94e0 JavaThread "C2 CompilerThread0" daemon [_thread_blocked, id=5816, stack(0x00000055cea00000,0x00000055ceb00000)]
  0x0000022c11eccc90 JavaThread "C1 CompilerThread0" daemon [_thread_blocked, id=14400, stack(0x00000055ceb00000,0x00000055cec00000)]
  0x0000022c11eceda0 JavaThread "Sweeper thread" daemon [_thread_blocked, id=7044, stack(0x00000055cec00000,0x00000055ced00000)]
  0x0000022c11fb2570 JavaThread "Common-Cleaner" daemon [_thread_blocked, id=22592, stack(0x00000055ced00000,0x00000055cee00000)]
  0x0000022c1219af30 JavaThread "Notification Thread" daemon [_thread_blocked, id=3752, stack(0x00000055cee00000,0x00000055cef00000)]
  0x0000022c13ed6410 JavaThread "Active Thread: Equinox Container: b04f7742-71e3-4d70-bb4e-135320c1f805" [_thread_blocked, id=10632, stack(0x00000055cf600000,0x00000055cf700000)]
  0x0000022c15181730 JavaThread "Framework Event Dispatcher: Equinox Container: b04f7742-71e3-4d70-bb4e-135320c1f805" daemon [_thread_blocked, id=2632, stack(0x00000055cf800000,0x00000055cf900000)]
  0x0000022c144ae620 JavaThread "Start Level: Equinox Container: b04f7742-71e3-4d70-bb4e-135320c1f805" daemon [_thread_blocked, id=19668, stack(0x00000055cf900000,0x00000055cfa00000)]
  0x0000022c15091240 JavaThread "SCR Component Actor" daemon [_thread_blocked, id=20564, stack(0x00000055cfa00000,0x00000055cfb00000)]
  0x0000022c1525bb10 JavaThread "Worker-JM" [_thread_blocked, id=15908, stack(0x00000055cfd00000,0x00000055cfe00000)]
  0x0000022c140f5400 JavaThread "Java indexing" daemon [_thread_blocked, id=23932, stack(0x00000055d0600000,0x00000055d0700000)]
  0x0000022c140f4a60 JavaThread "JNA Cleaner" daemon [_thread_blocked, id=24256, stack(0x00000055d0700000,0x00000055d0800000)]
  0x0000022c140f5da0 JavaThread "pool-2-thread-1" [_thread_blocked, id=15852, stack(0x00000055d0800000,0x00000055d0900000)]
  0x0000022c140f3250 JavaThread "Worker-2" [_thread_blocked, id=22608, stack(0x00000055d0900000,0x00000055d0a00000)]
  0x0000022c140f3720 JavaThread "pool-1-thread-1" [_thread_in_native, id=10168, stack(0x00000055d0a00000,0x00000055d0b00000)]
  0x0000022c140f58d0 JavaThread "Worker-3" [_thread_blocked, id=9276, stack(0x00000055d0b00000,0x00000055d0c00000)]
  0x0000022c140f4590 JavaThread "ForkJoinPool.commonPool-worker-1" daemon [_thread_blocked, id=14956, stack(0x00000055d0c00000,0x00000055d0d00000)]
  0x0000022c19164a70 JavaThread "ForkJoinPool.commonPool-worker-2" daemon [_thread_blocked, id=20624, stack(0x00000055d0d00000,0x00000055d0e00000)]
  0x0000022c19162d90 JavaThread "ForkJoinPool.commonPool-worker-3" daemon [_thread_blocked, id=24512, stack(0x00000055d0e00000,0x00000055d0f00000)]
  0x0000022c191645a0 JavaThread "ForkJoinPool.commonPool-worker-4" daemon [_thread_blocked, id=16036, stack(0x00000055d0f00000,0x00000055d1000000)]
  0x0000022c19163c00 JavaThread "ForkJoinPool.commonPool-worker-5" daemon [_thread_blocked, id=10744, stack(0x00000055d1000000,0x00000055d1100000)]
  0x0000022c191640d0 JavaThread "ForkJoinPool.commonPool-worker-6" daemon [_thread_blocked, id=18924, stack(0x00000055d1100000,0x00000055d1200000)]
  0x0000022c19165410 JavaThread "ForkJoinPool.commonPool-worker-7" daemon [_thread_blocked, id=17136, stack(0x00000055d1200000,0x00000055d1300000)]
  0x0000022c191658e0 JavaThread "ForkJoinPool.commonPool-worker-8" daemon [_thread_blocked, id=21592, stack(0x00000055d1300000,0x00000055d1400000)]
  0x0000022c19163730 JavaThread "ForkJoinPool.commonPool-worker-9" daemon [_thread_blocked, id=10680, stack(0x00000055d1400000,0x00000055d1500000)]
  0x0000022c19164f40 JavaThread "ForkJoinPool.commonPool-worker-10" daemon [_thread_blocked, id=23788, stack(0x00000055d1500000,0x00000055d1600000)]
  0x0000022c15be5880 JavaThread "ForkJoinPool.commonPool-worker-11" daemon [_thread_blocked, id=10936, stack(0x00000055cf700000,0x00000055cf800000)]
  0x0000022c15be2390 JavaThread "Bundle File Closer" daemon [_thread_blocked, id=6272, stack(0x00000055d1700000,0x00000055d1800000)]
  0x0000022c15be1050 JavaThread "ForkJoinPool.commonPool-worker-12" daemon [_thread_blocked, id=21268, stack(0x00000055cfc00000,0x00000055cfd00000)]
  0x0000022c15be6bc0 JavaThread "ForkJoinPool.commonPool-worker-13" daemon [_thread_blocked, id=22188, stack(0x00000055d1900000,0x00000055d1a00000)]
  0x0000022c15be7a30 JavaThread "ForkJoinPool.commonPool-worker-14" daemon [_thread_blocked, id=2944, stack(0x00000055d1b00000,0x00000055d1c00000)]
  0x0000022c15be83d0 JavaThread "ForkJoinPool.commonPool-worker-15" daemon [_thread_blocked, id=13796, stack(0x00000055d1c00000,0x00000055d1d00000)]
  0x0000022c15be2860 JavaThread "Worker-4" [_thread_blocked, id=23284, stack(0x00000055d1f00000,0x00000055d2000000)]
  0x0000022c15be19f0 JavaThread "Worker-6" [_thread_blocked, id=15580, stack(0x00000055d0300000,0x00000055d0400000)]
  0x0000022c140f4f30 JavaThread "Worker-7" [_thread_blocked, id=17024, stack(0x00000055cde00000,0x00000055cdf00000)]
  0x0000022c17a09fb0 JavaThread "pool-1-thread-5" [_thread_blocked, id=21804, stack(0x00000055ce000000,0x00000055ce100000)]
  0x0000022c17a09140 JavaThread "Worker-8" [_thread_blocked, id=6956, stack(0x00000055cdf00000,0x00000055ce000000)]
  0x0000022c18b7d6c0 JavaThread "C1 CompilerThread1" daemon [_thread_blocked, id=2740, stack(0x00000055d0400000,0x00000055d0500000)]
  0x0000022c17a03aa0 JavaThread "Java Debug Server" daemon [_thread_in_native, id=12272, stack(0x00000055d1600000,0x00000055d1700000)]
  0x0000022c17a06ac0 JavaThread "pool-3-thread-1" [_thread_in_native, id=1020, stack(0x00000055d1800000,0x00000055d1900000)]
  0x0000022c17a087a0 JavaThread "RxSchedulerPurge-1" daemon [_thread_blocked, id=11996, stack(0x00000055d0200000,0x00000055d0300000)]
  0x0000022c17a04de0 JavaThread "RxCachedWorkerPoolEvictor-1" daemon [_thread_blocked, id=15988, stack(0x00000055d1a00000,0x00000055d1b00000)]
  0x0000022c17a08c70 JavaThread "RxNewThreadScheduler-1" daemon [_thread_blocked, id=4908, stack(0x00000055d1d00000,0x00000055d1e00000)]
=>0x0000022c17a09610 JavaThread "Packet Receive Manager" daemon [_thread_in_vm, id=18340, stack(0x00000055d1e00000,0x00000055d1f00000)]
  0x0000022c17a0a950 JavaThread "Packet Send Manager" daemon [_thread_blocked, id=12612, stack(0x00000055d2100000,0x00000055d2200000)]
  0x0000022c17a035d0 JavaThread "Event Hub" daemon [_thread_blocked, id=20300, stack(0x00000055d2000000,0x00000055d2100000)]

Other Threads:
  0x0000022c7c414270 VMThread "VM Thread" [stack: 0x00000055ce300000,0x00000055ce400000] [id=21320]
  0x0000022c1219b400 WatcherThread [stack: 0x00000055cef00000,0x00000055cf000000] [id=19288]
  0x0000022c7c3a09f0 GCTaskThread "GC Thread#0" [stack: 0x00000055ce200000,0x00000055ce300000] [id=364]
  0x0000022c14437040 GCTaskThread "GC Thread#1" [stack: 0x00000055cf000000,0x00000055cf100000] [id=7136]
  0x0000022c1406c480 GCTaskThread "GC Thread#2" [stack: 0x00000055cf100000,0x00000055cf200000] [id=18740]
  0x0000022c1406c730 GCTaskThread "GC Thread#3" [stack: 0x00000055cf200000,0x00000055cf300000] [id=10332]
  0x0000022c1406c9e0 GCTaskThread "GC Thread#4" [stack: 0x00000055cf300000,0x00000055cf400000] [id=328]
  0x0000022c141a0e50 GCTaskThread "GC Thread#5" [stack: 0x00000055cf400000,0x00000055cf500000] [id=10600]
  0x0000022c141a1100 GCTaskThread "GC Thread#6" [stack: 0x00000055cf500000,0x00000055cf600000] [id=12672]
  0x0000022c150cc990 GCTaskThread "GC Thread#7" [stack: 0x00000055cfb00000,0x00000055cfc00000] [id=5316]
  0x0000022c1458dfb0 GCTaskThread "GC Thread#8" [stack: 0x00000055cfe00000,0x00000055cff00000] [id=9384]
  0x0000022c1458e260 GCTaskThread "GC Thread#9" [stack: 0x00000055cff00000,0x00000055d0000000] [id=21476]
  0x0000022c142f6400 GCTaskThread "GC Thread#10" [stack: 0x00000055d0000000,0x00000055d0100000] [id=23644]
  0x0000022c142f7170 GCTaskThread "GC Thread#11" [stack: 0x00000055d0100000,0x00000055d0200000] [id=13628]
  0x0000022c142f6150 GCTaskThread "GC Thread#12" [stack: 0x00000055d0500000,0x00000055d0600000] [id=8380]

Threads with active compile tasks:

VM state: not at safepoint (normal execution)

VM Mutex/Monitor currently owned by a thread:  ([mutex/lock_event])
[0x0000022c7c3860e0] Metaspace_lock - owner thread: 0x0000022c17a09610

Heap address: 0x00000000c0000000, size: 1024 MB, Compressed Oops mode: 32-bit

CDS archive(s) not mapped
Compressed class space mapped at: 0x0000000100000000-0x0000000140000000, reserved size: 1073741824
Narrow klass base: 0x0000000000000000, Narrow klass shift: 3, Narrow klass range: 0x140000000

GC Precious Log:
 CPUs: 16 total, 16 available
 Memory: 7599M
 Large Page Support: Disabled
 NUMA Support: Disabled
 Compressed Oops: Enabled (32-bit)
 Alignments: Space 512K, Generation 512K, Heap 2M
 Heap Min Capacity: 100M
 Heap Initial Capacity: 100M
 Heap Max Capacity: 1G
 Pre-touch: Disabled
 Parallel Workers: 13

Heap:
 PSYoungGen      total 3072K, used 2697K [0x00000000eab00000, 0x00000000eaf00000, 0x0000000100000000)
  eden space 2048K, 98% used [0x00000000eab00000,0x00000000eacfa640,0x00000000ead00000)
  from space 1024K, 65% used [0x00000000ead00000,0x00000000eada8000,0x00000000eae00000)
  to   space 1024K, 0% used [0x00000000eae00000,0x00000000eae00000,0x00000000eaf00000)
 ParOldGen       total 98816K, used 90808K [0x00000000c0000000, 0x00000000c6080000, 0x00000000eab00000)
  object space 98816K, 91% used [0x00000000c0000000,0x00000000c58ae098,0x00000000c6080000)
 Metaspace       used 83732K, committed 84864K, reserved 1130496K
  class space    used 8536K, committed 9088K, reserved 1048576K

Card table byte_map: [0x0000022c7bd40000,0x0000022c7bf50000] _byte_map_base: 0x0000022c7b740000

Marking Bits: (ParMarkBitMap*) 0x00007ffdd7623e70
 Begin Bits: [0x0000022c0f000000, 0x0000022c10000000)
 End Bits:   [0x0000022c10000000, 0x0000022c11000000)

Polling page: 0x0000022c7a380000

Metaspace:

Usage:
  Non-class:     73.43 MB used.
      Class:      8.34 MB used.
       Both:     81.77 MB used.

Virtual space:
  Non-class space:       80.00 MB reserved,      74.00 MB ( 92%) committed,  10 nodes.
      Class space:        1.00 GB reserved,       8.88 MB ( <1%) committed,  1 nodes.
             Both:        1.08 GB reserved,      82.88 MB (  8%) committed. 

Chunk freelists:
   Non-Class:  1.32 MB
       Class:  3.06 MB
        Both:  4.38 MB

MaxMetaspaceSize: unlimited
CompressedClassSpaceSize: 1.00 GB
Initial GC threshold: 21.00 MB
Current GC threshold: 130.62 MB
CDS: off
MetaspaceReclaimPolicy: balanced
 - commit_granule_bytes: 65536.
 - commit_granule_words: 8192.
 - virtual_space_node_default_size: 1048576.
 - enlarge_chunks_in_place: 1.
 - new_chunks_are_fully_committed: 0.
 - uncommit_free_chunks: 1.
 - use_allocation_guard: 0.
 - handle_deallocations: 1.


Internal statistics:

num_allocs_failed_limit: 9.
num_arena_births: 652.
num_arena_deaths: 14.
num_vsnodes_births: 11.
num_vsnodes_deaths: 0.
num_space_committed: 1326.
num_space_uncommitted: 0.
num_chunks_returned_to_freelist: 23.
num_chunks_taken_from_freelist: 4149.
num_chunk_merges: 13.
num_chunk_splits: 2594.
num_chunks_enlarged: 1523.
num_purges: 2.
num_inconsistent_stats: 0.

CodeHeap 'non-profiled nmethods': size=119168Kb used=14926Kb max_used=15735Kb free=104241Kb
 bounds [0x0000022c07ba0000, 0x0000022c08b00000, 0x0000022c0f000000]
CodeHeap 'profiled nmethods': size=119104Kb used=29995Kb max_used=31288Kb free=89108Kb
 bounds [0x0000022c00000000, 0x0000022c01eb0000, 0x0000022c07450000]
CodeHeap 'non-nmethods': size=7488Kb used=1966Kb max_used=3130Kb free=5521Kb
 bounds [0x0000022c07450000, 0x0000022c07770000, 0x0000022c07ba0000]
 total_blobs=15095 nmethods=14344 adapters=660
 compilation: enabled
              stopped_count=0, restarted_count=0
 full_count=0

Compilation events (20 events):
Event: 584.282 Thread 0x0000022c11ec94e0 19736   !   4       com.google.gson.internal.bind.ReflectiveTypeAdapterFactory$Adapter::read (112 bytes)
Event: 584.317 Thread 0x0000022c11ec94e0 nmethod 19736 0x0000022c088d7190 code [0x0000022c088d7660, 0x0000022c088d97c0]
Event: 584.317 Thread 0x0000022c11ec94e0 19744       4       jdk.internal.org.objectweb.asm.ClassReader::<init> (371 bytes)
Event: 584.320 Thread 0x0000022c11ec94e0 nmethod 19744 0x0000022c08544d90 code [0x0000022c08544f20, 0x0000022c085454d8]
Event: 584.320 Thread 0x0000022c11ec94e0 19742       4       com.google.gson.reflect.TypeToken::get (9 bytes)
Event: 584.323 Thread 0x0000022c11ec94e0 nmethod 19742 0x0000022c08068210 code [0x0000022c08068400, 0x0000022c08068808]
Event: 584.426 Thread 0x0000022c11ec94e0 19745       4       java.nio.MappedByteBuffer::limit (8 bytes)
Event: 584.427 Thread 0x0000022c11ec94e0 nmethod 19745 0x0000022c088cde90 code [0x0000022c088ce000, 0x0000022c088ce0f8]
Event: 584.440 Thread 0x0000022c11eccc90 19746       1       sun.nio.ch.NativeThread::current (2 bytes)
Event: 584.440 Thread 0x0000022c11eccc90 nmethod 19746 0x0000022c08544a90 code [0x0000022c08544c20, 0x0000022c08544cd8]
Event: 584.441 Thread 0x0000022c11eccc90 19747       3       com.microsoft.java.debug.core.protocol.Requests$Command$$Lambda$793/0x00000001008b78a8::test (12 bytes)
Event: 584.441 Thread 0x0000022c18b7d6c0 19748       3       com.microsoft.java.debug.core.protocol.Requests$Command::lambda$parse$0 (9 bytes)
Event: 584.441 Thread 0x0000022c18b7d6c0 nmethod 19748 0x0000022c00afdf90 code [0x0000022c00afe140, 0x0000022c00afe288]
Event: 584.441 Thread 0x0000022c11eccc90 nmethod 19747 0x0000022c00104c90 code [0x0000022c00104e40, 0x0000022c00105108]
Event: 584.442 Thread 0x0000022c11eccc90 19749       3       java.nio.MappedByteBuffer::limit (6 bytes)
Event: 584.442 Thread 0x0000022c11eccc90 nmethod 19749 0x0000022c01227510 code [0x0000022c012276c0, 0x0000022c012278c8]
Event: 584.444 Thread 0x0000022c11eccc90 19750       3       java.io.DataOutputStream::incCount (20 bytes)
Event: 584.444 Thread 0x0000022c11eccc90 nmethod 19750 0x0000022c00ad8090 code [0x0000022c00ad8220, 0x0000022c00ad8378]
Event: 584.444 Thread 0x0000022c11eccc90 19751       3       sun.nio.ch.Util::isBufferTooLarge (15 bytes)
Event: 584.445 Thread 0x0000022c11eccc90 nmethod 19751 0x0000022c00b3b390 code [0x0000022c00b3b520, 0x0000022c00b3b678]

GC Heap History (20 events):
Event: 582.190 GC heap before
{Heap before GC invocations=2621 (full 90):
 PSYoungGen      total 2560K, used 2464K [0x00000000eab00000, 0x00000000eae80000, 0x0000000100000000)
  eden space 2048K, 100% used [0x00000000eab00000,0x00000000ead00000,0x00000000ead00000)
  from space 512K, 81% used [0x00000000ead80000,0x00000000eade8000,0x00000000eae00000)
  to   space 512K, 0% used [0x00000000eae00000,0x00000000eae00000,0x00000000eae80000)
 ParOldGen       total 98816K, used 90536K [0x00000000c0000000, 0x00000000c6080000, 0x00000000eab00000)
  object space 98816K, 91% used [0x00000000c0000000,0x00000000c586a058,0x00000000c6080000)
 Metaspace       used 81247K, committed 82368K, reserved 1130496K
  class space    used 8089K, committed 8576K, reserved 1048576K
}
Event: 582.191 GC heap after
{Heap after GC invocations=2621 (full 90):
 PSYoungGen      total 2560K, used 416K [0x00000000eab00000, 0x00000000eae80000, 0x0000000100000000)
  eden space 2048K, 0% used [0x00000000eab00000,0x00000000eab00000,0x00000000ead00000)
  from space 512K, 81% used [0x00000000eae00000,0x00000000eae68000,0x00000000eae80000)
  to   space 512K, 0% used [0x00000000ead80000,0x00000000ead80000,0x00000000eae00000)
 ParOldGen       total 98816K, used 90536K [0x00000000c0000000, 0x00000000c6080000, 0x00000000eab00000)
  object space 98816K, 91% used [0x00000000c0000000,0x00000000c586a058,0x00000000c6080000)
 Metaspace       used 81247K, committed 82368K, reserved 1130496K
  class space    used 8089K, committed 8576K, reserved 1048576K
}
Event: 582.225 GC heap before
{Heap before GC invocations=2622 (full 90):
 PSYoungGen      total 2560K, used 2464K [0x00000000eab00000, 0x00000000eae80000, 0x0000000100000000)
  eden space 2048K, 100% used [0x00000000eab00000,0x00000000ead00000,0x00000000ead00000)
  from space 512K, 81% used [0x00000000eae00000,0x00000000eae68000,0x00000000eae80000)
  to   space 512K, 0% used [0x00000000ead80000,0x00000000ead80000,0x00000000eae00000)
 ParOldGen       total 98816K, used 90536K [0x00000000c0000000, 0x00000000c6080000, 0x00000000eab00000)
  object space 98816K, 91% used [0x00000000c0000000,0x00000000c586a058,0x00000000c6080000)
 Metaspace       used 81474K, committed 82624K, reserved 1130496K
  class space    used 8134K, committed 8640K, reserved 1048576K
}
Event: 582.226 GC heap after
{Heap after GC invocations=2622 (full 90):
 PSYoungGen      total 2560K, used 416K [0x00000000eab00000, 0x00000000eae80000, 0x0000000100000000)
  eden space 2048K, 0% used [0x00000000eab00000,0x00000000eab00000,0x00000000ead00000)
  from space 512K, 81% used [0x00000000ead80000,0x00000000eade8000,0x00000000eae00000)
  to   space 512K, 0% used [0x00000000eae00000,0x00000000eae00000,0x00000000eae80000)
 ParOldGen       total 98816K, used 90536K [0x00000000c0000000, 0x00000000c6080000, 0x00000000eab00000)
  object space 98816K, 91% used [0x00000000c0000000,0x00000000c586a058,0x00000000c6080000)
 Metaspace       used 81474K, committed 82624K, reserved 1130496K
  class space    used 8134K, committed 8640K, reserved 1048576K
}
Event: 582.255 GC heap before
{Heap before GC invocations=2623 (full 90):
 PSYoungGen      total 2560K, used 2464K [0x00000000eab00000, 0x00000000eae80000, 0x0000000100000000)
  eden space 2048K, 100% used [0x00000000eab00000,0x00000000ead00000,0x00000000ead00000)
  from space 512K, 81% used [0x00000000ead80000,0x00000000eade8000,0x00000000eae00000)
  to   space 512K, 0% used [0x00000000eae00000,0x00000000eae00000,0x00000000eae80000)
 ParOldGen       total 98816K, used 90536K [0x00000000c0000000, 0x00000000c6080000, 0x00000000eab00000)
  object space 98816K, 91% used [0x00000000c0000000,0x00000000c586a058,0x00000000c6080000)
 Metaspace       used 81627K, committed 82688K, reserved 1130496K
  class space    used 8179K, committed 8640K, reserved 1048576K
}
Event: 582.256 GC heap after
{Heap after GC invocations=2623 (full 90):
 PSYoungGen      total 2560K, used 416K [0x00000000eab00000, 0x00000000eae80000, 0x0000000100000000)
  eden space 2048K, 0% used [0x00000000eab00000,0x00000000eab00000,0x00000000ead00000)
  from space 512K, 81% used [0x00000000eae00000,0x00000000eae68000,0x00000000eae80000)
  to   space 512K, 0% used [0x00000000ead80000,0x00000000ead80000,0x00000000eae00000)
 ParOldGen       total 98816K, used 90536K [0x00000000c0000000, 0x00000000c6080000, 0x00000000eab00000)
  object space 98816K, 91% used [0x00000000c0000000,0x00000000c586a058,0x00000000c6080000)
 Metaspace       used 81627K, committed 82688K, reserved 1130496K
  class space    used 8179K, committed 8640K, reserved 1048576K
}
Event: 582.285 GC heap before
{Heap before GC invocations=2624 (full 90):
 PSYoungGen      total 2560K, used 2464K [0x00000000eab00000, 0x00000000eae80000, 0x0000000100000000)
  eden space 2048K, 100% used [0x00000000eab00000,0x00000000ead00000,0x00000000ead00000)
  from space 512K, 81% used [0x00000000eae00000,0x00000000eae68000,0x00000000eae80000)
  to   space 512K, 0% used [0x00000000ead80000,0x00000000ead80000,0x00000000eae00000)
 ParOldGen       total 98816K, used 90536K [0x00000000c0000000, 0x00000000c6080000, 0x00000000eab00000)
  object space 98816K, 91% used [0x00000000c0000000,0x00000000c586a058,0x00000000c6080000)
 Metaspace       used 81904K, committed 82944K, reserved 1130496K
  class space    used 8226K, committed 8704K, reserved 1048576K
}
Event: 582.286 GC heap after
{Heap after GC invocations=2624 (full 90):
 PSYoungGen      total 2560K, used 448K [0x00000000eab00000, 0x00000000eae80000, 0x0000000100000000)
  eden space 2048K, 0% used [0x00000000eab00000,0x00000000eab00000,0x00000000ead00000)
  from space 512K, 87% used [0x00000000ead80000,0x00000000eadf0000,0x00000000eae00000)
  to   space 512K, 0% used [0x00000000eae00000,0x00000000eae00000,0x00000000eae80000)
 ParOldGen       total 98816K, used 90536K [0x00000000c0000000, 0x00000000c6080000, 0x00000000eab00000)
  object space 98816K, 91% used [0x00000000c0000000,0x00000000c586a058,0x00000000c6080000)
 Metaspace       used 81904K, committed 82944K, reserved 1130496K
  class space    used 8226K, committed 8704K, reserved 1048576K
}
Event: 582.313 GC heap before
{Heap before GC invocations=2625 (full 90):
 PSYoungGen      total 2560K, used 2496K [0x00000000eab00000, 0x00000000eae80000, 0x0000000100000000)
  eden space 2048K, 100% used [0x00000000eab00000,0x00000000ead00000,0x00000000ead00000)
  from space 512K, 87% used [0x00000000ead80000,0x00000000eadf0000,0x00000000eae00000)
  to   space 512K, 0% used [0x00000000eae00000,0x00000000eae00000,0x00000000eae80000)
 ParOldGen       total 98816K, used 90536K [0x00000000c0000000, 0x00000000c6080000, 0x00000000eab00000)
  object space 98816K, 91% used [0x00000000c0000000,0x00000000c586a058,0x00000000c6080000)
 Metaspace       used 82160K, committed 83264K, reserved 1130496K
  class space    used 8268K, committed 8768K, reserved 1048576K
}
Event: 582.313 GC heap after
{Heap after GC invocations=2625 (full 90):
 PSYoungGen      total 2560K, used 448K [0x00000000eab00000, 0x00000000eae80000, 0x0000000100000000)
  eden space 2048K, 0% used [0x00000000eab00000,0x00000000eab00000,0x00000000ead00000)
  from space 512K, 87% used [0x00000000eae00000,0x00000000eae70000,0x00000000eae80000)
  to   space 512K, 0% used [0x00000000ead80000,0x00000000ead80000,0x00000000eae00000)
 ParOldGen       total 98816K, used 90536K [0x00000000c0000000, 0x00000000c6080000, 0x00000000eab00000)
  object space 98816K, 91% used [0x00000000c0000000,0x00000000c586a058,0x00000000c6080000)
 Metaspace       used 82160K, committed 83264K, reserved 1130496K
  class space    used 8268K, committed 8768K, reserved 1048576K
}
Event: 582.371 GC heap before
{Heap before GC invocations=2626 (full 90):
 PSYoungGen      total 2560K, used 2496K [0x00000000eab00000, 0x00000000eae80000, 0x0000000100000000)
  eden space 2048K, 100% used [0x00000000eab00000,0x00000000ead00000,0x00000000ead00000)
  from space 512K, 87% used [0x00000000eae00000,0x00000000eae70000,0x00000000eae80000)
  to   space 512K, 0% used [0x00000000ead80000,0x00000000ead80000,0x00000000eae00000)
 ParOldGen       total 98816K, used 90536K [0x00000000c0000000, 0x00000000c6080000, 0x00000000eab00000)
  object space 98816K, 91% used [0x00000000c0000000,0x00000000c586a058,0x00000000c6080000)
 Metaspace       used 82588K, committed 83712K, reserved 1130496K
  class space    used 8314K, committed 8768K, reserved 1048576K
}
Event: 582.373 GC heap after
{Heap after GC invocations=2626 (full 90):
 PSYoungGen      total 2560K, used 512K [0x00000000eab00000, 0x00000000eaf00000, 0x0000000100000000)
  eden space 2048K, 0% used [0x00000000eab00000,0x00000000eab00000,0x00000000ead00000)
  from space 512K, 100% used [0x00000000ead80000,0x00000000eae00000,0x00000000eae00000)
  to   space 1024K, 0% used [0x00000000eae00000,0x00000000eae00000,0x00000000eaf00000)
 ParOldGen       total 98816K, used 90536K [0x00000000c0000000, 0x00000000c6080000, 0x00000000eab00000)
  object space 98816K, 91% used [0x00000000c0000000,0x00000000c586a058,0x00000000c6080000)
 Metaspace       used 82588K, committed 83712K, reserved 1130496K
  class space    used 8314K, committed 8768K, reserved 1048576K
}
Event: 583.591 GC heap before
{Heap before GC invocations=2627 (full 90):
 PSYoungGen      total 2560K, used 2560K [0x00000000eab00000, 0x00000000eaf00000, 0x0000000100000000)
  eden space 2048K, 100% used [0x00000000eab00000,0x00000000ead00000,0x00000000ead00000)
  from space 512K, 100% used [0x00000000ead80000,0x00000000eae00000,0x00000000eae00000)
  to   space 1024K, 0% used [0x00000000eae00000,0x00000000eae00000,0x00000000eaf00000)
 ParOldGen       total 98816K, used 90536K [0x00000000c0000000, 0x00000000c6080000, 0x00000000eab00000)
  object space 98816K, 91% used [0x00000000c0000000,0x00000000c586a058,0x00000000c6080000)
 Metaspace       used 82868K, committed 84096K, reserved 1130496K
  class space    used 8362K, committed 8896K, reserved 1048576K
}
Event: 583.591 GC heap after
{Heap after GC invocations=2627 (full 90):
 PSYoungGen      total 3072K, used 560K [0x00000000eab00000, 0x00000000eaf00000, 0x0000000100000000)
  eden space 2048K, 0% used [0x00000000eab00000,0x00000000eab00000,0x00000000ead00000)
  from space 1024K, 54% used [0x00000000eae00000,0x00000000eae8c010,0x00000000eaf00000)
  to   space 1024K, 0% used [0x00000000ead00000,0x00000000ead00000,0x00000000eae00000)
 ParOldGen       total 98816K, used 90536K [0x00000000c0000000, 0x00000000c6080000, 0x00000000eab00000)
  object space 98816K, 91% used [0x00000000c0000000,0x00000000c586a058,0x00000000c6080000)
 Metaspace       used 82868K, committed 84096K, reserved 1130496K
  class space    used 8362K, committed 8896K, reserved 1048576K
}
Event: 583.600 GC heap before
{Heap before GC invocations=2628 (full 90):
 PSYoungGen      total 3072K, used 2608K [0x00000000eab00000, 0x00000000eaf00000, 0x0000000100000000)
  eden space 2048K, 100% used [0x00000000eab00000,0x00000000ead00000,0x00000000ead00000)
  from space 1024K, 54% used [0x00000000eae00000,0x00000000eae8c010,0x00000000eaf00000)
  to   space 1024K, 0% used [0x00000000ead00000,0x00000000ead00000,0x00000000eae00000)
 ParOldGen       total 98816K, used 90536K [0x00000000c0000000, 0x00000000c6080000, 0x00000000eab00000)
  object space 98816K, 91% used [0x00000000c0000000,0x00000000c586a058,0x00000000c6080000)
 Metaspace       used 82868K, committed 84096K, reserved 1130496K
  class space    used 8362K, committed 8896K, reserved 1048576K
}
Event: 583.601 GC heap after
{Heap after GC invocations=2628 (full 90):
 PSYoungGen      total 3072K, used 944K [0x00000000eab00000, 0x00000000eaf00000, 0x0000000100000000)
  eden space 2048K, 0% used [0x00000000eab00000,0x00000000eab00000,0x00000000ead00000)
  from space 1024K, 92% used [0x00000000ead00000,0x00000000eadec010,0x00000000eae00000)
  to   space 1024K, 0% used [0x00000000eae00000,0x00000000eae00000,0x00000000eaf00000)
 ParOldGen       total 98816K, used 90536K [0x00000000c0000000, 0x00000000c6080000, 0x00000000eab00000)
  object space 98816K, 91% used [0x00000000c0000000,0x00000000c586a058,0x00000000c6080000)
 Metaspace       used 82868K, committed 84096K, reserved 1130496K
  class space    used 8362K, committed 8896K, reserved 1048576K
}
Event: 584.234 GC heap before
{Heap before GC invocations=2629 (full 90):
 PSYoungGen      total 3072K, used 2992K [0x00000000eab00000, 0x00000000eaf00000, 0x0000000100000000)
  eden space 2048K, 100% used [0x00000000eab00000,0x00000000ead00000,0x00000000ead00000)
  from space 1024K, 92% used [0x00000000ead00000,0x00000000eadec010,0x00000000eae00000)
  to   space 1024K, 0% used [0x00000000eae00000,0x00000000eae00000,0x00000000eaf00000)
 ParOldGen       total 98816K, used 90536K [0x00000000c0000000, 0x00000000c6080000, 0x00000000eab00000)
  object space 98816K, 91% used [0x00000000c0000000,0x00000000c586a058,0x00000000c6080000)
 Metaspace       used 83151K, committed 84352K, reserved 1130496K
  class space    used 8424K, committed 8960K, reserved 1048576K
}
Event: 584.235 GC heap after
{Heap after GC invocations=2629 (full 90):
 PSYoungGen      total 3072K, used 512K [0x00000000eab00000, 0x00000000eaf00000, 0x0000000100000000)
  eden space 2048K, 0% used [0x00000000eab00000,0x00000000eab00000,0x00000000ead00000)
  from space 1024K, 50% used [0x00000000eae00000,0x00000000eae80000,0x00000000eaf00000)
  to   space 1024K, 0% used [0x00000000ead00000,0x00000000ead00000,0x00000000eae00000)
 ParOldGen       total 98816K, used 90696K [0x00000000c0000000, 0x00000000c6080000, 0x00000000eab00000)
  object space 98816K, 91% used [0x00000000c0000000,0x00000000c5892098,0x00000000c6080000)
 Metaspace       used 83151K, committed 84352K, reserved 1130496K
  class space    used 8424K, committed 8960K, reserved 1048576K
}
Event: 584.419 GC heap before
{Heap before GC invocations=2630 (full 90):
 PSYoungGen      total 3072K, used 2549K [0x00000000eab00000, 0x00000000eaf00000, 0x0000000100000000)
  eden space 2048K, 99% used [0x00000000eab00000,0x00000000eacfd5d8,0x00000000ead00000)
  from space 1024K, 50% used [0x00000000eae00000,0x00000000eae80000,0x00000000eaf00000)
  to   space 1024K, 0% used [0x00000000ead00000,0x00000000ead00000,0x00000000eae00000)
 ParOldGen       total 98816K, used 90696K [0x00000000c0000000, 0x00000000c6080000, 0x00000000eab00000)
  object space 98816K, 91% used [0x00000000c0000000,0x00000000c5892098,0x00000000c6080000)
 Metaspace       used 83469K, committed 84608K, reserved 1130496K
  class space    used 8470K, committed 9024K, reserved 1048576K
}
Event: 584.419 GC heap after
{Heap after GC invocations=2630 (full 90):
 PSYoungGen      total 3072K, used 672K [0x00000000eab00000, 0x00000000eaf00000, 0x0000000100000000)
  eden space 2048K, 0% used [0x00000000eab00000,0x00000000eab00000,0x00000000ead00000)
  from space 1024K, 65% used [0x00000000ead00000,0x00000000eada8000,0x00000000eae00000)
  to   space 1024K, 0% used [0x00000000eae00000,0x00000000eae00000,0x00000000eaf00000)
 ParOldGen       total 98816K, used 90808K [0x00000000c0000000, 0x00000000c6080000, 0x00000000eab00000)
  object space 98816K, 91% used [0x00000000c0000000,0x00000000c58ae098,0x00000000c6080000)
 Metaspace       used 83469K, committed 84608K, reserved 1130496K
  class space    used 8470K, committed 9024K, reserved 1048576K
}

Dll operation events (11 events):
Event: 0.012 Loaded shared library c:\Users\ADMIN\.vscode\extensions\redhat.java-1.17.0-win32-x64\jre\17.0.6-win32-x86_64\bin\java.dll
Event: 0.209 Loaded shared library c:\Users\ADMIN\.vscode\extensions\redhat.java-1.17.0-win32-x64\jre\17.0.6-win32-x86_64\bin\zip.dll
Event: 0.214 Loaded shared library C:\Users\ADMIN\.vscode\extensions\redhat.java-1.17.0-win32-x64\jre\17.0.6-win32-x86_64\bin\instrument.dll
Event: 0.229 Loaded shared library C:\Users\ADMIN\.vscode\extensions\redhat.java-1.17.0-win32-x64\jre\17.0.6-win32-x86_64\bin\net.dll
Event: 0.231 Loaded shared library C:\Users\ADMIN\.vscode\extensions\redhat.java-1.17.0-win32-x64\jre\17.0.6-win32-x86_64\bin\nio.dll
Event: 0.238 Loaded shared library C:\Users\ADMIN\.vscode\extensions\redhat.java-1.17.0-win32-x64\jre\17.0.6-win32-x86_64\bin\zip.dll
Event: 0.254 Loaded shared library C:\Users\ADMIN\.vscode\extensions\redhat.java-1.17.0-win32-x64\jre\17.0.6-win32-x86_64\bin\jimage.dll
Event: 0.315 Loaded shared library c:\Users\ADMIN\.vscode\extensions\redhat.java-1.17.0-win32-x64\jre\17.0.6-win32-x86_64\bin\verify.dll
Event: 4.856 Loaded shared library C:\Users\ADMIN\AppData\Roaming\Code\User\globalStorage\redhat.java\1.17.0\config_win\org.eclipse.equinox.launcher\org.eclipse.equinox.launcher.win32.win32.x86_64_1.2.700.v20221108-1024\eclipse_11801.dll
Event: 8.490 Loaded shared library C:\Users\ADMIN\AppData\Local\Temp\jna-62130991\jna6577535831591843973.dll
Event: 17.396 Loaded shared library C:\Users\ADMIN\.vscode\extensions\redhat.java-1.17.0-win32-x64\jre\17.0.6-win32-x86_64\bin\sunmscapi.dll

Deoptimization events (20 events):
Event: 582.405 Thread 0x0000022c17a08c70 DEOPT PACKING pc=0x0000022c088560fc sp=0x00000055d1dfdfa0
Event: 582.405 Thread 0x0000022c17a08c70 DEOPT UNPACKING pc=0x0000022c074a66a3 sp=0x00000055d1dfddf0 mode 2
Event: 582.426 Thread 0x0000022c17a08c70 Uncommon trap: trap_request=0xffffff45 fr.pc=0x0000022c0813cbf0 relative=0x0000000000001a50
Event: 582.426 Thread 0x0000022c17a08c70 Uncommon trap: reason=unstable_if action=reinterpret pc=0x0000022c0813cbf0 method=java.lang.String.split(Ljava/lang/String;I)[Ljava/lang/String; @ 32 c2
Event: 582.426 Thread 0x0000022c17a08c70 DEOPT PACKING pc=0x0000022c0813cbf0 sp=0x00000055d1dfe850
Event: 582.426 Thread 0x0000022c17a08c70 DEOPT UNPACKING pc=0x0000022c074a66a3 sp=0x00000055d1dfe818 mode 2
Event: 583.985 Thread 0x0000022c17a0a480 Uncommon trap: trap_request=0xffffff45 fr.pc=0x0000022c0890ed24 relative=0x0000000000000464
Event: 583.985 Thread 0x0000022c17a0a480 Uncommon trap: reason=unstable_if action=reinterpret pc=0x0000022c0890ed24 method=com.google.gson.stream.JsonReader.peekNumber()I @ 81 c2
Event: 583.985 Thread 0x0000022c17a0a480 DEOPT PACKING pc=0x0000022c0890ed24 sp=0x00000055d20fe760
Event: 583.985 Thread 0x0000022c17a0a480 DEOPT UNPACKING pc=0x0000022c074a66a3 sp=0x00000055d20fe6b8 mode 2
Event: 584.236 Thread 0x0000022c17a0a480 DEOPT PACKING pc=0x0000022c00cc1921 sp=0x00000055d20fdc50
Event: 584.236 Thread 0x0000022c17a0a480 DEOPT UNPACKING pc=0x0000022c074a6e43 sp=0x00000055d20fd108 mode 0
Event: 584.261 Thread 0x0000022c17a0a480 Uncommon trap: trap_request=0xffffff45 fr.pc=0x0000022c07eae350 relative=0x0000000000000050
Event: 584.261 Thread 0x0000022c17a0a480 Uncommon trap: reason=unstable_if action=reinterpret pc=0x0000022c07eae350 method=java.util.stream.StreamOpFlag.fromCharacteristics(Ljava/util/Spliterator;)I @ 10 c2
Event: 584.261 Thread 0x0000022c17a0a480 DEOPT PACKING pc=0x0000022c07eae350 sp=0x00000055d20fe9c0
Event: 584.261 Thread 0x0000022c17a0a480 DEOPT UNPACKING pc=0x0000022c074a66a3 sp=0x00000055d20fe950 mode 2
Event: 584.428 Thread 0x0000022c17a08c70 Uncommon trap: trap_request=0xffffff45 fr.pc=0x0000022c088f46f0 relative=0x0000000000000bd0
Event: 584.428 Thread 0x0000022c17a08c70 Uncommon trap: reason=unstable_if action=reinterpret pc=0x0000022c088f46f0 method=jdk.internal.reflect.UnsafeFieldAccessorFactory.newFieldAccessor(Ljava/lang/reflect/Field;Z)Ljdk/internal/reflect/FieldAccessor; @ 225 c2
Event: 584.428 Thread 0x0000022c17a08c70 DEOPT PACKING pc=0x0000022c088f46f0 sp=0x00000055d1dfdb20
Event: 584.428 Thread 0x0000022c17a08c70 DEOPT UNPACKING pc=0x0000022c074a66a3 sp=0x00000055d1dfdaa0 mode 2

Classes unloaded (7 events):
Event: 5.731 Thread 0x0000022c7c414270 Unloading class 0x0000000100220400 'java/lang/invoke/LambdaForm$MH+0x0000000100220400'
Event: 5.731 Thread 0x0000022c7c414270 Unloading class 0x0000000100220000 'java/lang/invoke/LambdaForm$MH+0x0000000100220000'
Event: 5.731 Thread 0x0000022c7c414270 Unloading class 0x000000010021fc00 'java/lang/invoke/LambdaForm$MH+0x000000010021fc00'
Event: 5.731 Thread 0x0000022c7c414270 Unloading class 0x000000010021f400 'java/lang/invoke/LambdaForm$MH+0x000000010021f400'
Event: 5.731 Thread 0x0000022c7c414270 Unloading class 0x000000010021f000 'java/lang/invoke/LambdaForm$BMH+0x000000010021f000'
Event: 5.731 Thread 0x0000022c7c414270 Unloading class 0x000000010021ec00 'java/lang/invoke/LambdaForm$DMH+0x000000010021ec00'
Event: 5.731 Thread 0x0000022c7c414270 Unloading class 0x000000010021c000 'java/lang/invoke/LambdaForm$DMH+0x000000010021c000'

Classes redefined (0 events):
No events

Internal exceptions (20 events):
Event: 582.053 Thread 0x0000022c140f5400 Implicit null exception at 0x0000022c01598576 to 0x0000022c01598bfd
Event: 582.053 Thread 0x0000022c140f5400 Exception <a 'java/lang/NullPointerException'{0x00000000eab09180}> (0x00000000eab09180) 
thrown [s\src\hotspot\share\runtime\sharedRuntime.cpp, line 628]
Event: 582.054 Thread 0x0000022c140f5400 Implicit null exception at 0x0000022c01598576 to 0x0000022c01598bfd
Event: 582.054 Thread 0x0000022c140f5400 Exception <a 'java/lang/NullPointerException'{0x00000000eab09bd0}> (0x00000000eab09bd0) 
thrown [s\src\hotspot\share\runtime\sharedRuntime.cpp, line 628]
Event: 582.054 Thread 0x0000022c140f5400 Implicit null exception at 0x0000022c01598576 to 0x0000022c01598bfd
Event: 582.054 Thread 0x0000022c140f5400 Exception <a 'java/lang/NullPointerException'{0x00000000eab10cf0}> (0x00000000eab10cf0) 
thrown [s\src\hotspot\share\runtime\sharedRuntime.cpp, line 628]
Event: 582.054 Thread 0x0000022c140f5400 Implicit null exception at 0x0000022c01598576 to 0x0000022c01598bfd
Event: 582.054 Thread 0x0000022c140f5400 Exception <a 'java/lang/NullPointerException'{0x00000000eab11260}> (0x00000000eab11260) 
thrown [s\src\hotspot\share\runtime\sharedRuntime.cpp, line 628]
Event: 582.055 Thread 0x0000022c140f5400 Implicit null exception at 0x0000022c08992034 to 0x0000022c0899240c
Event: 582.062 Thread 0x0000022c140f5400 Implicit null exception at 0x0000022c08910b96 to 0x0000022c08911880
Event: 582.090 Thread 0x0000022c17a06ac0 Exception <a 'java/io/FileNotFoundException'{0x00000000eacb2c88}> (0x00000000eacb2c88) 
thrown [s\src\hotspot\share\prims\jni.cpp, line 516]
Event: 582.285 Thread 0x0000022c17a06ac0 Exception <a 'java/lang/NoSuchMethodError'{0x00000000eacfeb80}: 'java.lang.Object java.lang.invoke.DirectMethodHandle$Holder.invokeVirtual(java.lang.Object, java.lang.Object, java.lang.Object, java.lang.Object)'> (0x00000000eacfeb80) 
thrown [s\src\hotspot\share\interpreter\linkResolver.cpp, line 759]
Event: 582.341 Thread 0x0000022c17a08c70 Exception <a 'java/lang/NoSuchMethodError'{0x00000000eac4ef18}: 'java.lang.Object java.lang.invoke.DirectMethodHandle$Holder.invokeStatic(java.lang.Object, long, java.lang.Object, java.lang.Object)'> (0x00000000eac4ef18) 
thrown [s\src\hotspot\share\interpreter\linkResolver.cpp, line 759]
Event: 582.342 Thread 0x0000022c17a08c70 Exception <a 'java/lang/NoSuchMethodError'{0x00000000eac55cf8}: 'java.lang.Object java.lang.invoke.DirectMethodHandle$Holder.newInvokeSpecial(java.lang.Object, long)'> (0x00000000eac55cf8) 
thrown [s\src\hotspot\share\interpreter\linkResolver.cpp, line 759]
Event: 582.405 Thread 0x0000022c17a08c70 Exception <a 'java/io/FileNotFoundException'{0x00000000eac0e7a8}> (0x00000000eac0e7a8) 
thrown [s\src\hotspot\share\prims\jni.cpp, line 516]
Event: 582.440 Thread 0x0000022c17a08c70 Exception <a 'java/lang/NoSuchMethodError'{0x00000000eacc4fd8}: 'java.lang.Object java.lang.invoke.DirectMethodHandle$Holder.newInvokeSpecial(java.lang.Object, java.lang.Object, java.lang.Object, java.lang.Object, java.lang.Object, java.lang.Object, java.lang.Object, java.lang.Object, java.lang.Object)'> (0x00000000eacc4fd8) 
thrown [s\src\hotspot\share\interpreter\linkResolver.cpp, line 759]
Event: 582.440 Thread 0x0000022c17a08c70 Exception <a 'java/lang/NoSuchMethodError'{0x00000000eacca4d8}: 'java.lang.Object java.lang.invoke.DirectMethodHandle$Holder.invokeSpecial(java.lang.Object, java.lang.Object, java.lang.Object, java.lang.Object, java.lang.Object, java.lang.Object, java.lang.Object, java.lang.Object, java.lang.Object, java.lang.Object)'> (0x00000000eacca4d8) 
thrown [s\src\hotspot\share\interpreter\linkResolver.cpp, line 759]
Event: 582.441 Thread 0x0000022c17a08c70 Exception <a 'java/lang/NoSuchMethodError'{0x00000000eacceaa0}: 'java.lang.Object java.lang.invoke.Invokers$Holder.linkToTargetMethod(java.lang.Object, java.lang.Object, java.lang.Object, java.lang.Object, java.lang.Object, java.lang.Object, java.lang.Object, java.lang.Object, java.lang.Object)'> (0x00000000eacceaa0) 
thrown [s\src\hotspot\share\interpreter\linkResolver.cpp, line 759]
Event: 584.267 Thread 0x0000022c17a0a480 Exception <a 'java/lang/NoSuchMethodError'{0x00000000eabcd470}: 'void java.lang.invoke.DirectMethodHandle$Holder.invokeSpecial(java.lang.Object, java.lang.Object, java.lang.Object, java.lang.Object, java.lang.Object)'> (0x00000000eabcd470) 
thrown [s\src\hotspot\share\interpreter\linkResolver.cpp, line 759]
Event: 584.612 Thread 0x0000022c17a09610 Exception <a 'sun/net/ConnectionResetException'{0x00000000eacf2718}: Connection reset> (0x00000000eacf2718) 
thrown [s\src\hotspot\share\prims\jni.cpp, line 535]

VM Operations (20 events):
Event: 582.312 Executing VM operation: ParallelGCFailedAllocation
Event: 582.313 Executing VM operation: ParallelGCFailedAllocation done
Event: 582.333 Executing VM operation: HandshakeAllThreads
Event: 582.334 Executing VM operation: HandshakeAllThreads done
Event: 582.334 Executing VM operation: HandshakeAllThreads
Event: 582.334 Executing VM operation: HandshakeAllThreads done
Event: 582.371 Executing VM operation: ParallelGCFailedAllocation
Event: 582.373 Executing VM operation: ParallelGCFailedAllocation done
Event: 582.431 Executing VM operation: HandshakeAllThreads
Event: 582.431 Executing VM operation: HandshakeAllThreads done
Event: 583.432 Executing VM operation: Cleanup
Event: 583.432 Executing VM operation: Cleanup done
Event: 583.590 Executing VM operation: ParallelGCFailedAllocation
Event: 583.591 Executing VM operation: ParallelGCFailedAllocation done
Event: 583.600 Executing VM operation: ParallelGCFailedAllocation
Event: 583.601 Executing VM operation: ParallelGCFailedAllocation done
Event: 584.234 Executing VM operation: ParallelGCFailedAllocation
Event: 584.235 Executing VM operation: ParallelGCFailedAllocation done
Event: 584.419 Executing VM operation: ParallelGCFailedAllocation
Event: 584.419 Executing VM operation: ParallelGCFailedAllocation done

Events (20 events):
Event: 584.218 Thread 0x0000022c17a03f70 Thread exited: 0x0000022c17a03f70
Event: 584.237 Thread 0x0000022c17a09610 Thread added: 0x0000022c17a09610
Event: 584.237 Thread 0x0000022c17a0a950 Thread added: 0x0000022c17a0a950
Event: 584.240 loading class java/lang/ProcessHandleImpl$Info
Event: 584.240 loading class java/lang/ProcessHandle$Info
Event: 584.240 loading class java/lang/ProcessHandle$Info done
Event: 584.240 loading class java/lang/ProcessHandleImpl$Info done
Event: 584.261 loading class java/util/stream/Streams$RangeIntSpliterator
Event: 584.261 loading class java/util/stream/Streams$RangeIntSpliterator done
Event: 584.266 Thread 0x0000022c17a035d0 Thread added: 0x0000022c17a035d0
Event: 584.269 Thread 0x0000022c17a0a480 Thread exited: 0x0000022c17a0a480
Event: 584.277 Thread 0x0000022c17a035d0 Thread exited: 0x0000022c17a035d0
Event: 584.428 loading class jdk/internal/reflect/UnsafeQualifiedStaticByteFieldAccessorImpl
Event: 584.429 loading class jdk/internal/reflect/UnsafeQualifiedStaticByteFieldAccessorImpl done
Event: 584.432 Thread 0x0000022c17a035d0 Thread added: 0x0000022c17a035d0
Event: 584.611 loading class sun/net/ConnectionResetException
Event: 584.612 loading class sun/net/ConnectionResetException done
Event: 584.612 loading class java/net/StandardSocketOptions
Event: 584.612 loading class java/net/StandardSocketOptions done
Event: 584.612 loading class java/net/StandardSocketOptions$StdSocketOption


Dynamic libraries:
0x00007ff6dd790000 - 0x00007ff6dd79e000 	c:\Users\ADMIN\.vscode\extensions\redhat.java-1.17.0-win32-x64\jre\17.0.6-win32-x86_64\bin\java.exe
0x00007ffe487b0000 - 0x00007ffe489c4000 	C:\WINDOWS\SYSTEM32\ntdll.dll
0x00007ffe47050000 - 0x00007ffe47112000 	C:\WINDOWS\System32\KERNEL32.DLL
0x00007ffe45fc0000 - 0x00007ffe4635c000 	C:\WINDOWS\System32\KERNELBASE.dll
0x00007ffe45c70000 - 0x00007ffe45d81000 	C:\WINDOWS\System32\ucrtbase.dll
0x00007ffe36e60000 - 0x00007ffe36e77000 	c:\Users\ADMIN\.vscode\extensions\redhat.java-1.17.0-win32-x64\jre\17.0.6-win32-x86_64\bin\jli.dll
0x00007ffe36b50000 - 0x00007ffe36b69000 	c:\Users\ADMIN\.vscode\extensions\redhat.java-1.17.0-win32-x64\jre\17.0.6-win32-x86_64\bin\VCRUNTIME140.dll
0x00007ffe48450000 - 0x00007ffe485fb000 	C:\WINDOWS\System32\USER32.dll
0x00007ffe30bb0000 - 0x00007ffe30e3e000 	C:\WINDOWS\WinSxS\amd64_microsoft.windows.common-controls_6595b64144ccf1df_6.0.22621.608_none_a9444ca7c10bb01d\COMCTL32.dll
0x00007ffe46590000 - 0x00007ffe465b6000 	C:\WINDOWS\System32\win32u.dll
0x00007ffe48660000 - 0x00007ffe48707000 	C:\WINDOWS\System32\msvcrt.dll
0x00007ffe48100000 - 0x00007ffe48129000 	C:\WINDOWS\System32\GDI32.dll
0x00007ffe463d0000 - 0x00007ffe464e3000 	C:\WINDOWS\System32\gdi32full.dll
0x00007ffe464f0000 - 0x00007ffe4658a000 	C:\WINDOWS\System32\msvcp_win.dll
0x00007ffe47c50000 - 0x00007ffe47c81000 	C:\WINDOWS\System32\IMM32.DLL
0x00007ffe40d10000 - 0x00007ffe40d1c000 	c:\Users\ADMIN\.vscode\extensions\redhat.java-1.17.0-win32-x64\jre\17.0.6-win32-x86_64\bin\vcruntime140_1.dll
0x00007ffe0ae40000 - 0x00007ffe0aed1000 	c:\Users\ADMIN\.vscode\extensions\redhat.java-1.17.0-win32-x64\jre\17.0.6-win32-x86_64\bin\msvcp140.dll
0x00007ffdd6aa0000 - 0x00007ffdd76e7000 	c:\Users\ADMIN\.vscode\extensions\redhat.java-1.17.0-win32-x64\jre\17.0.6-win32-x86_64\bin\server\jvm.dll
0x00007ffe47ca0000 - 0x00007ffe47d4e000 	C:\WINDOWS\System32\ADVAPI32.dll
0x00007ffe47ba0000 - 0x00007ffe47c44000 	C:\WINDOWS\System32\sechost.dll
0x00007ffe482b0000 - 0x00007ffe483c7000 	C:\WINDOWS\System32\RPCRT4.dll
0x00007ffe2ab90000 - 0x00007ffe2ab99000 	C:\WINDOWS\SYSTEM32\WSOCK32.dll
0x00007ffe3ec80000 - 0x00007ffe3ec8a000 	C:\WINDOWS\SYSTEM32\VERSION.dll
0x00007ffe3d3d0000 - 0x00007ffe3d404000 	C:\WINDOWS\SYSTEM32\WINMM.dll
0x00007ffe483d0000 - 0x00007ffe48441000 	C:\WINDOWS\System32\WS2_32.dll
0x00007ffe44c20000 - 0x00007ffe44c38000 	C:\WINDOWS\SYSTEM32\kernel.appcore.dll
0x00007ffe3d680000 - 0x00007ffe3d68a000 	c:\Users\ADMIN\.vscode\extensions\redhat.java-1.17.0-win32-x64\jre\17.0.6-win32-x86_64\bin\jimage.dll
0x00007ffe435e0000 - 0x00007ffe4380e000 	C:\WINDOWS\SYSTEM32\DBGHELP.DLL
0x00007ffe47130000 - 0x00007ffe474b9000 	C:\WINDOWS\System32\combase.dll
0x00007ffe47d60000 - 0x00007ffe47e37000 	C:\WINDOWS\System32\OLEAUT32.dll
0x00007ffe3a9f0000 - 0x00007ffe3aa22000 	C:\WINDOWS\SYSTEM32\dbgcore.DLL
0x00007ffe45bf0000 - 0x00007ffe45c6b000 	C:\WINDOWS\System32\bcryptPrimitives.dll
0x00007ffe37a50000 - 0x00007ffe37a5e000 	c:\Users\ADMIN\.vscode\extensions\redhat.java-1.17.0-win32-x64\jre\17.0.6-win32-x86_64\bin\instrument.dll
0x00007ffe36530000 - 0x00007ffe36555000 	c:\Users\ADMIN\.vscode\extensions\redhat.java-1.17.0-win32-x64\jre\17.0.6-win32-x86_64\bin\java.dll
0x00007ffe36b30000 - 0x00007ffe36b48000 	c:\Users\ADMIN\.vscode\extensions\redhat.java-1.17.0-win32-x64\jre\17.0.6-win32-x86_64\bin\zip.dll
0x00007ffe46620000 - 0x00007ffe46e10000 	C:\WINDOWS\System32\SHELL32.dll
0x00007ffe43bb0000 - 0x00007ffe4447d000 	C:\WINDOWS\SYSTEM32\windows.storage.dll
0x00007ffe43a70000 - 0x00007ffe43bae000 	C:\WINDOWS\SYSTEM32\wintypes.dll
0x00007ffe46f50000 - 0x00007ffe47041000 	C:\WINDOWS\System32\SHCORE.dll
0x00007ffe48600000 - 0x00007ffe4865e000 	C:\WINDOWS\System32\shlwapi.dll
0x00007ffe45b20000 - 0x00007ffe45b41000 	C:\WINDOWS\SYSTEM32\profapi.dll
0x00007ffe36a00000 - 0x00007ffe36a19000 	C:\Users\ADMIN\.vscode\extensions\redhat.java-1.17.0-win32-x64\jre\17.0.6-win32-x86_64\bin\net.dll
0x00007ffe40430000 - 0x00007ffe40567000 	C:\WINDOWS\SYSTEM32\WINHTTP.dll
0x00007ffe450b0000 - 0x00007ffe45119000 	C:\WINDOWS\system32\mswsock.dll
0x00007ffe36280000 - 0x00007ffe36295000 	C:\Users\ADMIN\.vscode\extensions\redhat.java-1.17.0-win32-x64\jre\17.0.6-win32-x86_64\bin\nio.dll
0x00007ffe374b0000 - 0x00007ffe374c0000 	c:\Users\ADMIN\.vscode\extensions\redhat.java-1.17.0-win32-x64\jre\17.0.6-win32-x86_64\bin\verify.dll
0x00007ffe31760000 - 0x00007ffe3179e000 	C:\Users\ADMIN\AppData\Roaming\Code\User\globalStorage\redhat.java\1.17.0\config_win\org.eclipse.equinox.launcher\org.eclipse.equinox.launcher.win32.win32.x86_64_1.2.700.v20221108-1024\eclipse_11801.dll
0x00007ffe47e40000 - 0x00007ffe47fdc000 	C:\WINDOWS\System32\ole32.dll
0x00007ffe45380000 - 0x00007ffe4539b000 	C:\WINDOWS\SYSTEM32\CRYPTSP.dll
0x00007ffe44b90000 - 0x00007ffe44bc5000 	C:\WINDOWS\system32\rsaenh.dll
0x00007ffe45220000 - 0x00007ffe45248000 	C:\WINDOWS\SYSTEM32\USERENV.dll
0x00007ffe45520000 - 0x00007ffe45548000 	C:\WINDOWS\SYSTEM32\bcrypt.dll
0x00007ffe453a0000 - 0x00007ffe453ac000 	C:\WINDOWS\SYSTEM32\CRYPTBASE.dll
0x00007ffe446d0000 - 0x00007ffe446fd000 	C:\WINDOWS\SYSTEM32\IPHLPAPI.DLL
0x00007ffe47c90000 - 0x00007ffe47c99000 	C:\WINDOWS\System32\NSI.dll
0x00007ffe3e870000 - 0x00007ffe3e889000 	C:\WINDOWS\SYSTEM32\dhcpcsvc6.DLL
0x00007ffe3e8a0000 - 0x00007ffe3e8bf000 	C:\WINDOWS\SYSTEM32\dhcpcsvc.DLL
0x00007ffe44700000 - 0x00007ffe447f3000 	C:\WINDOWS\SYSTEM32\DNSAPI.dll
0x00007ffe21cb0000 - 0x00007ffe21cf5000 	C:\Users\ADMIN\AppData\Local\Temp\jna-62130991\jna6577535831591843973.dll
0x00007ffe47550000 - 0x00007ffe47558000 	C:\WINDOWS\System32\PSAPI.DLL
0x00007ffe3e820000 - 0x00007ffe3e82e000 	C:\Users\ADMIN\.vscode\extensions\redhat.java-1.17.0-win32-x64\jre\17.0.6-win32-x86_64\bin\sunmscapi.dll
0x00007ffe45d90000 - 0x00007ffe45ef6000 	C:\WINDOWS\System32\CRYPT32.dll
0x00007ffe454f0000 - 0x00007ffe4551e000 	C:\WINDOWS\SYSTEM32\ncrypt.dll
0x00007ffe454b0000 - 0x00007ffe454e7000 	C:\WINDOWS\SYSTEM32\NTASN1.dll

dbghelp: loaded successfully - version: 4.0.5 - missing functions: none
symbol engine: initialized successfully - sym options: 0x614 - pdb path: .;c:\Users\ADMIN\.vscode\extensions\redhat.java-1.17.0-win32-x64\jre\17.0.6-win32-x86_64\bin;C:\WINDOWS\SYSTEM32;C:\WINDOWS\WinSxS\amd64_microsoft.windows.common-controls_6595b64144ccf1df_6.0.22621.608_none_a9444ca7c10bb01d;c:\Users\ADMIN\.vscode\extensions\redhat.java-1.17.0-win32-x64\jre\17.0.6-win32-x86_64\bin\server;C:\Users\ADMIN\AppData\Roaming\Code\User\globalStorage\redhat.java\1.17.0\config_win\org.eclipse.equinox.launcher\org.eclipse.equinox.launcher.win32.win32.x86_64_1.2.700.v20221108-1024;C:\Users\ADMIN\AppData\Local\Temp\jna-62130991

VM Arguments:
jvm_args: --add-modules=ALL-SYSTEM --add-opens=java.base/java.util=ALL-UNNAMED --add-opens=java.base/java.lang=ALL-UNNAMED --add-opens=java.base/sun.nio.fs=ALL-UNNAMED -Declipse.application=org.eclipse.jdt.ls.core.id1 -Dosgi.bundles.defaultStartLevel=4 -Declipse.product=org.eclipse.jdt.ls.core.product -Djava.import.generatesMetadataFilesAtProjectRoot=false -Dfile.encoding=utf8 -XX:+UseParallelGC -XX:GCTimeRatio=4 -XX:AdaptiveSizePolicyWeight=90 -Dsun.zip.disableMemoryMapping=true -Xmx1G -Xms100m -Xlog:disable -javaagent:c:\Users\ADMIN\.vscode\extensions\redhat.java-1.17.0-win32-x64\lombok\lombok-1.18.24.jar -XX:+HeapDumpOnOutOfMemoryError -XX:HeapDumpPath=c:\Users\ADMIN\AppData\Roaming\Code\User\workspaceStorage\25a3d6cf644b5c5d23efcdf9371a6d34\redhat.java -Daether.dependencyCollector.impl=bf 
java_command: c:\Users\ADMIN\.vscode\extensions\redhat.java-1.17.0-win32-x64\server\plugins\org.eclipse.equinox.launcher_1.6.400.v20210924-0641.jar -configuration c:\Users\ADMIN\AppData\Roaming\Code\User\globalStorage\redhat.java\1.17.0\config_win -data c:\Users\ADMIN\AppData\Roaming\Code\User\workspaceStorage\25a3d6cf644b5c5d23efcdf9371a6d34\redhat.java\jdt_ws
java_class_path (initial): c:\Users\ADMIN\.vscode\extensions\redhat.java-1.17.0-win32-x64\server\plugins\org.eclipse.equinox.launcher_1.6.400.v20210924-0641.jar
Launcher Type: SUN_STANDARD

[Global flags]
    uintx AdaptiveSizePolicyWeight                 = 90                                        {product} {command line}
     intx CICompilerCount                          = 12                                        {product} {ergonomic}
    uintx GCTimeRatio                              = 4                                         {product} {command line}
     bool HeapDumpOnOutOfMemoryError               = true                                   {manageable} {command line}
    ccstr HeapDumpPath                             = c:\Users\ADMIN\AppData\Roaming\Code\User\workspaceStorage\25a3d6cf644b5c5d23efcdf9371a6d34\redhat.java         {manageable} {command line}
   size_t InitialHeapSize                          = 104857600                                 {product} {command line}
   size_t MaxHeapSize                              = 1073741824                                {product} {command line}
   size_t MaxNewSize                               = 357564416                                 {product} {ergonomic}
   size_t MinHeapDeltaBytes                        = 524288                                    {product} {ergonomic}
   size_t MinHeapSize                              = 104857600                                 {product} {command line}
   size_t NewSize                                  = 34603008                                  {product} {ergonomic}
    uintx NonNMethodCodeHeapSize                   = 7602480                                {pd product} {ergonomic}
    uintx NonProfiledCodeHeapSize                  = 122027880                              {pd product} {ergonomic}
   size_t OldSize                                  = 70254592                                  {product} {ergonomic}
    uintx ProfiledCodeHeapSize                     = 122027880                              {pd product} {ergonomic}
    uintx ReservedCodeCacheSize                    = 251658240                              {pd product} {ergonomic}
     bool SegmentedCodeCache                       = true                                      {product} {ergonomic}
   size_t SoftMaxHeapSize                          = 1073741824                             {manageable} {ergonomic}
     bool UseCompressedClassPointers               = true                           {product lp64_product} {ergonomic}
     bool UseCompressedOops                        = true                           {product lp64_product} {ergonomic}
     bool UseLargePagesIndividualAllocation        = false                                  {pd product} {ergonomic}
     bool UseParallelGC                            = true                                      {product} {command line}

Logging:
Log output configuration:
 #0: stdout all=off uptime,level,tags
 #1: stderr all=off uptime,level,tags

Environment Variables:
PATH=C:\Program Files\Common Files\Oracle\Java\javapath;C:\Program Files (x86)\Common Files\Intel\Shared Libraries\redist\intel64\compiler;C:\Windows\system32;C:\Windows;C:\Windows\System32\Wbem;C:\Windows\System32\WindowsPowerShell\v1.0\;C:\Windows\System32\OpenSSH\;C:\Program Files (x86)\NVIDIA Corporation\PhysX\Common;C:\Program Files\NVIDIA Corporation\NVIDIA NvDLISR;C:\Program Files\Git\cmd;C:\WINDOWS\system32;C:\WINDOWS;C:\WINDOWS\System32\Wbem;C:\WINDOWS\System32\WindowsPowerShell\v1.0\;C:\WINDOWS\System32\OpenSSH\;C:\Users\ADMIN\AppData\Local\Microsoft\WindowsApps;C:\Users\ADMIN\AppData\Local\Programs\Microsoft VS Code\bin;C:\msys64\mingw64\bin;C:\msys64\usr\bin;
USERNAME=ADMIN
OS=Windows_NT
PROCESSOR_IDENTIFIER=AMD64 Family 23 Model 96 Stepping 1, AuthenticAMD
TMP=C:\Users\ADMIN\AppData\Local\Temp
TEMP=C:\Users\ADMIN\AppData\Local\Temp



---------------  S Y S T E M  ---------------

OS:
 Windows 11 , 64 bit Build 22621 (10.0.22621.1485)
OS uptime: 0 days 8:34 hours
Hyper-V role detected

CPU: total 16 (initial active 16) (16 cores per cpu, 2 threads per core) family 23 model 96 stepping 1 microcode 0x0, cx8, cmov, fxsr, ht, mmx, 3dnowpref, sse, sse2, sse3, ssse3, sse4a, sse4.1, sse4.2, popcnt, lzcnt, tsc, tscinvbit, avx, avx2, aes, clmul, bmi1, bmi2, adx, sha, fma, vzeroupper, clflush, clflushopt, hv

Memory: 4k page, system-wide physical 7599M (709M free)
TotalPageFile size 15791M (AvailPageFile size 214M)
current process WorkingSet (physical memory assigned to process): 380M, peak: 380M
current process commit charge ("private bytes"): 413M, peak: 419M

vm_info: OpenJDK 64-Bit Server VM (17.0.6+10) for windows-amd64 JRE (17.0.6+10), built on Jan 18 2023 10:08:59 by "temurin" with MS VC++ 16.7 (VS2019)

END.
