#
# There is insufficient memory for the Java Runtime Environment to continue.
# Native memory allocation (malloc) failed to allocate 428736 bytes for Chunk::new
# Possible reasons:
#   The system is out of physical RAM or swap space
#   The process is running with CompressedOops enabled, and the Java Heap may be blocking the growth of the native heap
# Possible solutions:
#   Reduce memory load on the system
#   Increase physical memory or swap space
#   Check if swap backing store is full
#   Decrease Java heap size (-Xmx/-Xms)
#   Decrease number of Java threads
#   Decrease Java thread stack sizes (-Xss)
#   Set larger code cache with -XX:ReservedCodeCacheSize=
#   JVM is running with Unscaled Compressed Oops mode in which the Java heap is
#     placed in the first 4GB address space. The Java Heap base address is the
#     maximum limit for the native heap growth. Please use -XX:HeapBaseMinAddress
#     to set the Java Heap base and to place the Java Heap above 4GB virtual address.
# This output file may be truncated or incomplete.
#
#  Out of Memory Error (arena.cpp:184), pid=27912, tid=792
#
# JRE version: Java(TM) SE Runtime Environment (19.0.2+7) (build 19.0.2+7-44)
# Java VM: Java HotSpot(TM) 64-Bit Server VM (19.0.2+7-44, mixed mode, sharing, tiered, compressed oops, compressed class ptrs, g1 gc, windows-amd64)
# No core dump will be written. Minidumps are not enabled by default on client versions of Windows
#

---------------  S U M M A R Y ------------

Command Line: -agentlib:jdwp=transport=dt_socket,server=n,suspend=y,address=localhost:51790 --enable-preview -XX:+ShowCodeDetailsInExceptionMessages Control.Main

Host: AMD Ryzen 7 4800H with Radeon Graphics         , 16 cores, 7G,  Windows 11 , 64 bit Build 22621 (10.0.22621.1485)
Time: Sun Apr 16 13:56:14 2023 SE Asia Standard Time elapsed time: 0.456763 seconds (0d 0h 0m 0s)

---------------  T H R E A D  ---------------

Current thread (0x000001bf5d72aff0):  JavaThread "C2 CompilerThread0" daemon [_thread_in_native, id=792, stack(0x0000007d85b00000,0x0000007d85c00000)]


Current CompileTask:
C2:    456  615 % !   4       sun.awt.image.ImageRepresentation::getOpaqueRGBImage @ 54 (164 bytes)

Stack: [0x0000007d85b00000,0x0000007d85c00000]
Native frames: (J=compiled Java code, j=interpreted, Vv=VM code, C=native code)
V  [jvm.dll+0x6ee21a]
V  [jvm.dll+0x85765e]
V  [jvm.dll+0x85904e]
V  [jvm.dll+0x859703]
V  [jvm.dll+0x28298f]
V  [jvm.dll+0xc9adf]
V  [jvm.dll+0xc9e65]
V  [jvm.dll+0x2f7caf]
V  [jvm.dll+0x5f076b]
V  [jvm.dll+0x255483]
V  [jvm.dll+0x24dd00]
V  [jvm.dll+0x24b673]
V  [jvm.dll+0x1d6ce1]
V  [jvm.dll+0x25b25a]
V  [jvm.dll+0x2596e8]
V  [jvm.dll+0x807588]
V  [jvm.dll+0x80125a]
V  [jvm.dll+0x6ecf0b]
C  [ucrtbase.dll+0x29363]
C  [KERNEL32.DLL+0x1269d]
C  [ntdll.dll+0x5a9f8]


---------------  P R O C E S S  ---------------

Threads class SMR info:
_java_thread_list=0x000001bf626da4b0, length=24, elements={
0x000001bf3c5fe400, 0x000001bf5d6f5270, 0x000001bf5d6f5ba0, 0x000001bf5d6f8820,
0x000001bf5d6fb160, 0x000001bf5d71cc50, 0x000001bf5d71dfc0, 0x000001bf5d72aff0,
0x000001bf5d72f000, 0x000001bf5d7329a0, 0x000001bf61a26ec0, 0x000001bf61a27440,
0x000001bf61a52ad0, 0x000001bf61a57460, 0x000001bf61a579b0, 0x000001bf61a62200,
0x000001bf61a66bc0, 0x000001bf61cbbef0, 0x000001bf61cc6f10, 0x000001bf61ccef30,
0x000001bf626db390, 0x000001bf626e8bb0, 0x000001bf6271e8b0, 0x000001bf62900fe0
}

Java Threads: ( => current thread )
  0x000001bf3c5fe400 JavaThread "main" [_thread_in_Java, id=17916, stack(0x0000007d84e00000,0x0000007d84f00000)]
  0x000001bf5d6f5270 JavaThread "Reference Handler" daemon [_thread_blocked, id=5024, stack(0x0000007d85500000,0x0000007d85600000)]
  0x000001bf5d6f5ba0 JavaThread "Finalizer" daemon [_thread_blocked, id=6068, stack(0x0000007d85600000,0x0000007d85700000)]
  0x000001bf5d6f8820 JavaThread "Signal Dispatcher" daemon [_thread_blocked, id=28992, stack(0x0000007d85700000,0x0000007d85800000)]
  0x000001bf5d6fb160 JavaThread "Attach Listener" daemon [_thread_blocked, id=3876, stack(0x0000007d85800000,0x0000007d85900000)]
  0x000001bf5d71cc50 JavaThread "Service Thread" daemon [_thread_blocked, id=2116, stack(0x0000007d85900000,0x0000007d85a00000)]
  0x000001bf5d71dfc0 JavaThread "Monitor Deflation Thread" daemon [_thread_blocked, id=11368, stack(0x0000007d85a00000,0x0000007d85b00000)]
=>0x000001bf5d72aff0 JavaThread "C2 CompilerThread0" daemon [_thread_in_native, id=792, stack(0x0000007d85b00000,0x0000007d85c00000)]
  0x000001bf5d72f000 JavaThread "C1 CompilerThread0" daemon [_thread_blocked, id=6400, stack(0x0000007d85c00000,0x0000007d85d00000)]
  0x000001bf5d7329a0 JavaThread "Sweeper thread" daemon [_thread_blocked, id=29504, stack(0x0000007d85d00000,0x0000007d85e00000)]
  0x000001bf61a26ec0 JavaThread "C1 CompilerThread1" daemon [_thread_blocked, id=26720, stack(0x0000007d85e00000,0x0000007d85f00000)]
  0x000001bf61a27440 JavaThread "C1 CompilerThread2" daemon [_thread_blocked, id=26992, stack(0x0000007d85f00000,0x0000007d86000000)]
  0x000001bf61a52ad0 JavaThread "JDWP Transport Listener: dt_socket" daemon [_thread_blocked, id=10164, stack(0x0000007d86000000,0x0000007d86100000)]
  0x000001bf61a57460 JavaThread "JDWP Event Helper Thread" daemon [_thread_blocked, id=6448, stack(0x0000007d86100000,0x0000007d86200000)]
  0x000001bf61a579b0 JavaThread "JDWP Command Reader" daemon [_thread_in_native, id=4408, stack(0x0000007d86200000,0x0000007d86300000)]
  0x000001bf61a62200 JavaThread "Notification Thread" daemon [_thread_blocked, id=29628, stack(0x0000007d86300000,0x0000007d86400000)]
  0x000001bf61a66bc0 JavaThread "Common-Cleaner" daemon [_thread_blocked, id=11940, stack(0x0000007d86500000,0x0000007d86600000)]
  0x000001bf61cbbef0 JavaThread "Java2D Disposer" daemon [_thread_blocked, id=16428, stack(0x0000007d86600000,0x0000007d86700000)]
  0x000001bf61cc6f10 JavaThread "AWT-Shutdown" [_thread_blocked, id=27376, stack(0x0000007d86700000,0x0000007d86800000)]
  0x000001bf61ccef30 JavaThread "AWT-Windows" daemon [_thread_in_native, id=22184, stack(0x0000007d86800000,0x0000007d86900000)]
  0x000001bf626db390 JavaThread "Image Fetcher 3" daemon [_thread_blocked, id=7428, stack(0x0000007d86b00000,0x0000007d86c00000)]
  0x000001bf626e8bb0 JavaThread "Image Fetcher 2" daemon [_thread_blocked, id=21104, stack(0x0000007d86c00000,0x0000007d86d00000)]
  0x000001bf6271e8b0 JavaThread "TimerQueue" daemon [_thread_blocked, id=27528, stack(0x0000007d86d00000,0x0000007d86e00000)]
  0x000001bf62900fe0 JavaThread "AWT-EventQueue-0" [_thread_blocked, id=18068, stack(0x0000007d86e00000,0x0000007d86f00000)]

Other Threads:
  0x000001bf5d6dce20 VMThread "VM Thread" [stack: 0x0000007d85400000,0x0000007d85500000] [id=19112]
  0x000001bf61a64750 WatcherThread "VM Periodic Task Thread" [stack: 0x0000007d86400000,0x0000007d86500000] [id=5572]
  0x000001bf3e878960 WorkerThread "GC Thread#0" [stack: 0x0000007d84f00000,0x0000007d85000000] [id=25256]
  0x000001bf3e888640 ConcurrentGCThread "G1 Main Marker" [stack: 0x0000007d85000000,0x0000007d85100000] [id=26336]
  0x000001bf3e889370 WorkerThread "G1 Conc#0" [stack: 0x0000007d85100000,0x0000007d85200000] [id=12144]
  0x000001bf3e8de410 ConcurrentGCThread "G1 Refine#0" [stack: 0x0000007d85200000,0x0000007d85300000] [id=27488]
  0x000001bf5d59a970 ConcurrentGCThread "G1 Service" [stack: 0x0000007d85300000,0x0000007d85400000] [id=6868]

Threads with active compile tasks:
C2 CompilerThread0      496  615 % !   4       sun.awt.image.ImageRepresentation::getOpaqueRGBImage @ 54 (164 bytes)

VM state: not at safepoint (normal execution)

VM Mutex/Monitor currently owned by a thread: None

Heap address: 0x0000000089400000, size: 1900 MB, Compressed Oops mode: 32-bit

CDS archive(s) mapped at: [0x0000000800000000-0x0000000800c40000-0x0000000800c40000), size 12845056, SharedBaseAddress: 0x0000000800000000, ArchiveRelocationMode: 0.
Compressed class space mapped at: 0x0000000801000000-0x0000000841000000, reserved size: 1073741824
Narrow klass base: 0x0000000800000000, Narrow klass shift: 0, Narrow klass range: 0x100000000

GC Precious Log:
 CardTable entry size: 512
 Card Set container configuration: InlinePtr #cards 5 size 8 Array Of Cards #cards 12 size 40 Howl #buckets 4 coarsen threshold 1843 Howl Bitmap #cards 512 size 80 coarsen threshold 460 Card regions per heap region 1 cards per card region 2048
 CPUs: 16 total, 16 available
 Memory: 7599M
 Large Page Support: Disabled
 NUMA Support: Disabled
 Compressed Oops: Enabled (32-bit)
 Heap Region Size: 1M
 Heap Min Capacity: 8M
 Heap Initial Capacity: 120M
 Heap Max Capacity: 1900M
 Pre-touch: Disabled
 Parallel Workers: 13
 Concurrent Workers: 3
 Concurrent Refinement Workers: 13
 Periodic GC: Disabled

Heap:
 garbage-first heap   total 122880K, used 13312K [0x0000000089400000, 0x0000000100000000)
  region size 1024K, 11 young (11264K), 0 survivors (0K)
 Metaspace       used 5702K, committed 5952K, reserved 1114112K
  class space    used 592K, committed 704K, reserved 1048576K

Heap Regions: E=young(eden), S=young(survivor), O=old, HS=humongous(starts), HC=humongous(continues), CS=collection set, F=free, OA=open archive, CA=closed archive, TAMS=top-at-mark-start (previous, next)
|   0|0x0000000089400000, 0x0000000089500000, 0x0000000089500000|100%|HS|  |TAMS 0x0000000089400000, 0x0000000089400000| Complete 
|   1|0x0000000089500000, 0x0000000089600000, 0x0000000089600000|100%|HC|  |TAMS 0x0000000089500000, 0x0000000089500000| Complete 
|   2|0x0000000089600000, 0x0000000089700000, 0x0000000089700000|100%|HC|  |TAMS 0x0000000089600000, 0x0000000089600000| Complete 
|   3|0x0000000089700000, 0x0000000089700000, 0x0000000089800000|  0%| F|  |TAMS 0x0000000089700000, 0x0000000089700000| Untracked 
|   4|0x0000000089800000, 0x0000000089800000, 0x0000000089900000|  0%| F|  |TAMS 0x0000000089800000, 0x0000000089800000| Untracked 
|   5|0x0000000089900000, 0x0000000089900000, 0x0000000089a00000|  0%| F|  |TAMS 0x0000000089900000, 0x0000000089900000| Untracked 
|   6|0x0000000089a00000, 0x0000000089a00000, 0x0000000089b00000|  0%| F|  |TAMS 0x0000000089a00000, 0x0000000089a00000| Untracked 
|   7|0x0000000089b00000, 0x0000000089b00000, 0x0000000089c00000|  0%| F|  |TAMS 0x0000000089b00000, 0x0000000089b00000| Untracked 
|   8|0x0000000089c00000, 0x0000000089c00000, 0x0000000089d00000|  0%| F|  |TAMS 0x0000000089c00000, 0x0000000089c00000| Untracked 
|   9|0x0000000089d00000, 0x0000000089d00000, 0x0000000089e00000|  0%| F|  |TAMS 0x0000000089d00000, 0x0000000089d00000| Untracked 
|  10|0x0000000089e00000, 0x0000000089e00000, 0x0000000089f00000|  0%| F|  |TAMS 0x0000000089e00000, 0x0000000089e00000| Untracked 
|  11|0x0000000089f00000, 0x0000000089f00000, 0x000000008a000000|  0%| F|  |TAMS 0x0000000089f00000, 0x0000000089f00000| Untracked 
|  12|0x000000008a000000, 0x000000008a000000, 0x000000008a100000|  0%| F|  |TAMS 0x000000008a000000, 0x000000008a000000| Untracked 
|  13|0x000000008a100000, 0x000000008a100000, 0x000000008a200000|  0%| F|  |TAMS 0x000000008a100000, 0x000000008a100000| Untracked 
|  14|0x000000008a200000, 0x000000008a200000, 0x000000008a300000|  0%| F|  |TAMS 0x000000008a200000, 0x000000008a200000| Untracked 
|  15|0x000000008a300000, 0x000000008a300000, 0x000000008a400000|  0%| F|  |TAMS 0x000000008a300000, 0x000000008a300000| Untracked 
|  16|0x000000008a400000, 0x000000008a400000, 0x000000008a500000|  0%| F|  |TAMS 0x000000008a400000, 0x000000008a400000| Untracked 
|  17|0x000000008a500000, 0x000000008a500000, 0x000000008a600000|  0%| F|  |TAMS 0x000000008a500000, 0x000000008a500000| Untracked 
|  18|0x000000008a600000, 0x000000008a600000, 0x000000008a700000|  0%| F|  |TAMS 0x000000008a600000, 0x000000008a600000| Untracked 
|  19|0x000000008a700000, 0x000000008a700000, 0x000000008a800000|  0%| F|  |TAMS 0x000000008a700000, 0x000000008a700000| Untracked 
|  20|0x000000008a800000, 0x000000008a800000, 0x000000008a900000|  0%| F|  |TAMS 0x000000008a800000, 0x000000008a800000| Untracked 
|  21|0x000000008a900000, 0x000000008a900000, 0x000000008aa00000|  0%| F|  |TAMS 0x000000008a900000, 0x000000008a900000| Untracked 
|  22|0x000000008aa00000, 0x000000008aa00000, 0x000000008ab00000|  0%| F|  |TAMS 0x000000008aa00000, 0x000000008aa00000| Untracked 
|  23|0x000000008ab00000, 0x000000008ab00000, 0x000000008ac00000|  0%| F|  |TAMS 0x000000008ab00000, 0x000000008ab00000| Untracked 
|  24|0x000000008ac00000, 0x000000008ac00000, 0x000000008ad00000|  0%| F|  |TAMS 0x000000008ac00000, 0x000000008ac00000| Untracked 
|  25|0x000000008ad00000, 0x000000008ad00000, 0x000000008ae00000|  0%| F|  |TAMS 0x000000008ad00000, 0x000000008ad00000| Untracked 
|  26|0x000000008ae00000, 0x000000008ae00000, 0x000000008af00000|  0%| F|  |TAMS 0x000000008ae00000, 0x000000008ae00000| Untracked 
|  27|0x000000008af00000, 0x000000008af00000, 0x000000008b000000|  0%| F|  |TAMS 0x000000008af00000, 0x000000008af00000| Untracked 
|  28|0x000000008b000000, 0x000000008b000000, 0x000000008b100000|  0%| F|  |TAMS 0x000000008b000000, 0x000000008b000000| Untracked 
|  29|0x000000008b100000, 0x000000008b100000, 0x000000008b200000|  0%| F|  |TAMS 0x000000008b100000, 0x000000008b100000| Untracked 
|  30|0x000000008b200000, 0x000000008b200000, 0x000000008b300000|  0%| F|  |TAMS 0x000000008b200000, 0x000000008b200000| Untracked 
|  31|0x000000008b300000, 0x000000008b300000, 0x000000008b400000|  0%| F|  |TAMS 0x000000008b300000, 0x000000008b300000| Untracked 
|  32|0x000000008b400000, 0x000000008b400000, 0x000000008b500000|  0%| F|  |TAMS 0x000000008b400000, 0x000000008b400000| Untracked 
|  33|0x000000008b500000, 0x000000008b500000, 0x000000008b600000|  0%| F|  |TAMS 0x000000008b500000, 0x000000008b500000| Untracked 
|  34|0x000000008b600000, 0x000000008b600000, 0x000000008b700000|  0%| F|  |TAMS 0x000000008b600000, 0x000000008b600000| Untracked 
|  35|0x000000008b700000, 0x000000008b700000, 0x000000008b800000|  0%| F|  |TAMS 0x000000008b700000, 0x000000008b700000| Untracked 
|  36|0x000000008b800000, 0x000000008b800000, 0x000000008b900000|  0%| F|  |TAMS 0x000000008b800000, 0x000000008b800000| Untracked 
|  37|0x000000008b900000, 0x000000008b900000, 0x000000008ba00000|  0%| F|  |TAMS 0x000000008b900000, 0x000000008b900000| Untracked 
|  38|0x000000008ba00000, 0x000000008ba00000, 0x000000008bb00000|  0%| F|  |TAMS 0x000000008ba00000, 0x000000008ba00000| Untracked 
|  39|0x000000008bb00000, 0x000000008bb00000, 0x000000008bc00000|  0%| F|  |TAMS 0x000000008bb00000, 0x000000008bb00000| Untracked 
|  40|0x000000008bc00000, 0x000000008bc00000, 0x000000008bd00000|  0%| F|  |TAMS 0x000000008bc00000, 0x000000008bc00000| Untracked 
|  41|0x000000008bd00000, 0x000000008bd00000, 0x000000008be00000|  0%| F|  |TAMS 0x000000008bd00000, 0x000000008bd00000| Untracked 
|  42|0x000000008be00000, 0x000000008be00000, 0x000000008bf00000|  0%| F|  |TAMS 0x000000008be00000, 0x000000008be00000| Untracked 
|  43|0x000000008bf00000, 0x000000008bf00000, 0x000000008c000000|  0%| F|  |TAMS 0x000000008bf00000, 0x000000008bf00000| Untracked 
|  44|0x000000008c000000, 0x000000008c000000, 0x000000008c100000|  0%| F|  |TAMS 0x000000008c000000, 0x000000008c000000| Untracked 
|  45|0x000000008c100000, 0x000000008c100000, 0x000000008c200000|  0%| F|  |TAMS 0x000000008c100000, 0x000000008c100000| Untracked 
|  46|0x000000008c200000, 0x000000008c200000, 0x000000008c300000|  0%| F|  |TAMS 0x000000008c200000, 0x000000008c200000| Untracked 
|  47|0x000000008c300000, 0x000000008c300000, 0x000000008c400000|  0%| F|  |TAMS 0x000000008c300000, 0x000000008c300000| Untracked 
|  48|0x000000008c400000, 0x000000008c400000, 0x000000008c500000|  0%| F|  |TAMS 0x000000008c400000, 0x000000008c400000| Untracked 
|  49|0x000000008c500000, 0x000000008c500000, 0x000000008c600000|  0%| F|  |TAMS 0x000000008c500000, 0x000000008c500000| Untracked 
|  50|0x000000008c600000, 0x000000008c600000, 0x000000008c700000|  0%| F|  |TAMS 0x000000008c600000, 0x000000008c600000| Untracked 
|  51|0x000000008c700000, 0x000000008c700000, 0x000000008c800000|  0%| F|  |TAMS 0x000000008c700000, 0x000000008c700000| Untracked 
|  52|0x000000008c800000, 0x000000008c800000, 0x000000008c900000|  0%| F|  |TAMS 0x000000008c800000, 0x000000008c800000| Untracked 
|  53|0x000000008c900000, 0x000000008c900000, 0x000000008ca00000|  0%| F|  |TAMS 0x000000008c900000, 0x000000008c900000| Untracked 
|  54|0x000000008ca00000, 0x000000008ca00000, 0x000000008cb00000|  0%| F|  |TAMS 0x000000008ca00000, 0x000000008ca00000| Untracked 
|  55|0x000000008cb00000, 0x000000008cb00000, 0x000000008cc00000|  0%| F|  |TAMS 0x000000008cb00000, 0x000000008cb00000| Untracked 
|  56|0x000000008cc00000, 0x000000008cc00000, 0x000000008cd00000|  0%| F|  |TAMS 0x000000008cc00000, 0x000000008cc00000| Untracked 
|  57|0x000000008cd00000, 0x000000008cd00000, 0x000000008ce00000|  0%| F|  |TAMS 0x000000008cd00000, 0x000000008cd00000| Untracked 
|  58|0x000000008ce00000, 0x000000008ce00000, 0x000000008cf00000|  0%| F|  |TAMS 0x000000008ce00000, 0x000000008ce00000| Untracked 
|  59|0x000000008cf00000, 0x000000008cf00000, 0x000000008d000000|  0%| F|  |TAMS 0x000000008cf00000, 0x000000008cf00000| Untracked 
|  60|0x000000008d000000, 0x000000008d000000, 0x000000008d100000|  0%| F|  |TAMS 0x000000008d000000, 0x000000008d000000| Untracked 
|  61|0x000000008d100000, 0x000000008d100000, 0x000000008d200000|  0%| F|  |TAMS 0x000000008d100000, 0x000000008d100000| Untracked 
|  62|0x000000008d200000, 0x000000008d200000, 0x000000008d300000|  0%| F|  |TAMS 0x000000008d200000, 0x000000008d200000| Untracked 
|  63|0x000000008d300000, 0x000000008d300000, 0x000000008d400000|  0%| F|  |TAMS 0x000000008d300000, 0x000000008d300000| Untracked 
|  64|0x000000008d400000, 0x000000008d400000, 0x000000008d500000|  0%| F|  |TAMS 0x000000008d400000, 0x000000008d400000| Untracked 
|  65|0x000000008d500000, 0x000000008d500000, 0x000000008d600000|  0%| F|  |TAMS 0x000000008d500000, 0x000000008d500000| Untracked 
|  66|0x000000008d600000, 0x000000008d600000, 0x000000008d700000|  0%| F|  |TAMS 0x000000008d600000, 0x000000008d600000| Untracked 
|  67|0x000000008d700000, 0x000000008d700000, 0x000000008d800000|  0%| F|  |TAMS 0x000000008d700000, 0x000000008d700000| Untracked 
|  68|0x000000008d800000, 0x000000008d800000, 0x000000008d900000|  0%| F|  |TAMS 0x000000008d800000, 0x000000008d800000| Untracked 
|  69|0x000000008d900000, 0x000000008d900000, 0x000000008da00000|  0%| F|  |TAMS 0x000000008d900000, 0x000000008d900000| Untracked 
|  70|0x000000008da00000, 0x000000008da00000, 0x000000008db00000|  0%| F|  |TAMS 0x000000008da00000, 0x000000008da00000| Untracked 
|  71|0x000000008db00000, 0x000000008db00000, 0x000000008dc00000|  0%| F|  |TAMS 0x000000008db00000, 0x000000008db00000| Untracked 
|  72|0x000000008dc00000, 0x000000008dc00000, 0x000000008dd00000|  0%| F|  |TAMS 0x000000008dc00000, 0x000000008dc00000| Untracked 
|  73|0x000000008dd00000, 0x000000008dd00000, 0x000000008de00000|  0%| F|  |TAMS 0x000000008dd00000, 0x000000008dd00000| Untracked 
|  74|0x000000008de00000, 0x000000008de00000, 0x000000008df00000|  0%| F|  |TAMS 0x000000008de00000, 0x000000008de00000| Untracked 
|  75|0x000000008df00000, 0x000000008df00000, 0x000000008e000000|  0%| F|  |TAMS 0x000000008df00000, 0x000000008df00000| Untracked 
|  76|0x000000008e000000, 0x000000008e000000, 0x000000008e100000|  0%| F|  |TAMS 0x000000008e000000, 0x000000008e000000| Untracked 
|  77|0x000000008e100000, 0x000000008e100000, 0x000000008e200000|  0%| F|  |TAMS 0x000000008e100000, 0x000000008e100000| Untracked 
|  78|0x000000008e200000, 0x000000008e200000, 0x000000008e300000|  0%| F|  |TAMS 0x000000008e200000, 0x000000008e200000| Untracked 
|  79|0x000000008e300000, 0x000000008e300000, 0x000000008e400000|  0%| F|  |TAMS 0x000000008e300000, 0x000000008e300000| Untracked 
|  80|0x000000008e400000, 0x000000008e400000, 0x000000008e500000|  0%| F|  |TAMS 0x000000008e400000, 0x000000008e400000| Untracked 
|  81|0x000000008e500000, 0x000000008e500000, 0x000000008e600000|  0%| F|  |TAMS 0x000000008e500000, 0x000000008e500000| Untracked 
|  82|0x000000008e600000, 0x000000008e600000, 0x000000008e700000|  0%| F|  |TAMS 0x000000008e600000, 0x000000008e600000| Untracked 
|  83|0x000000008e700000, 0x000000008e700000, 0x000000008e800000|  0%| F|  |TAMS 0x000000008e700000, 0x000000008e700000| Untracked 
|  84|0x000000008e800000, 0x000000008e800000, 0x000000008e900000|  0%| F|  |TAMS 0x000000008e800000, 0x000000008e800000| Untracked 
|  85|0x000000008e900000, 0x000000008e900000, 0x000000008ea00000|  0%| F|  |TAMS 0x000000008e900000, 0x000000008e900000| Untracked 
|  86|0x000000008ea00000, 0x000000008ea00000, 0x000000008eb00000|  0%| F|  |TAMS 0x000000008ea00000, 0x000000008ea00000| Untracked 
|  87|0x000000008eb00000, 0x000000008eb00000, 0x000000008ec00000|  0%| F|  |TAMS 0x000000008eb00000, 0x000000008eb00000| Untracked 
|  88|0x000000008ec00000, 0x000000008ec00000, 0x000000008ed00000|  0%| F|  |TAMS 0x000000008ec00000, 0x000000008ec00000| Untracked 
|  89|0x000000008ed00000, 0x000000008ed00000, 0x000000008ee00000|  0%| F|  |TAMS 0x000000008ed00000, 0x000000008ed00000| Untracked 
|  90|0x000000008ee00000, 0x000000008ee00000, 0x000000008ef00000|  0%| F|  |TAMS 0x000000008ee00000, 0x000000008ee00000| Untracked 
|  91|0x000000008ef00000, 0x000000008ef00000, 0x000000008f000000|  0%| F|  |TAMS 0x000000008ef00000, 0x000000008ef00000| Untracked 
|  92|0x000000008f000000, 0x000000008f000000, 0x000000008f100000|  0%| F|  |TAMS 0x000000008f000000, 0x000000008f000000| Untracked 
|  93|0x000000008f100000, 0x000000008f100000, 0x000000008f200000|  0%| F|  |TAMS 0x000000008f100000, 0x000000008f100000| Untracked 
|  94|0x000000008f200000, 0x000000008f200000, 0x000000008f300000|  0%| F|  |TAMS 0x000000008f200000, 0x000000008f200000| Untracked 
|  95|0x000000008f300000, 0x000000008f300000, 0x000000008f400000|  0%| F|  |TAMS 0x000000008f300000, 0x000000008f300000| Untracked 
|  96|0x000000008f400000, 0x000000008f400000, 0x000000008f500000|  0%| F|  |TAMS 0x000000008f400000, 0x000000008f400000| Untracked 
|  97|0x000000008f500000, 0x000000008f500000, 0x000000008f600000|  0%| F|  |TAMS 0x000000008f500000, 0x000000008f500000| Untracked 
|  98|0x000000008f600000, 0x000000008f600000, 0x000000008f700000|  0%| F|  |TAMS 0x000000008f600000, 0x000000008f600000| Untracked 
|  99|0x000000008f700000, 0x000000008f700000, 0x000000008f800000|  0%| F|  |TAMS 0x000000008f700000, 0x000000008f700000| Untracked 
| 100|0x000000008f800000, 0x000000008f800000, 0x000000008f900000|  0%| F|  |TAMS 0x000000008f800000, 0x000000008f800000| Untracked 
| 101|0x000000008f900000, 0x000000008f900000, 0x000000008fa00000|  0%| F|  |TAMS 0x000000008f900000, 0x000000008f900000| Untracked 
| 102|0x000000008fa00000, 0x000000008fa00000, 0x000000008fb00000|  0%| F|  |TAMS 0x000000008fa00000, 0x000000008fa00000| Untracked 
| 103|0x000000008fb00000, 0x000000008fb00000, 0x000000008fc00000|  0%| F|  |TAMS 0x000000008fb00000, 0x000000008fb00000| Untracked 
| 104|0x000000008fc00000, 0x000000008fc00000, 0x000000008fd00000|  0%| F|  |TAMS 0x000000008fc00000, 0x000000008fc00000| Untracked 
| 105|0x000000008fd00000, 0x000000008fd00000, 0x000000008fe00000|  0%| F|  |TAMS 0x000000008fd00000, 0x000000008fd00000| Untracked 
| 106|0x000000008fe00000, 0x000000008fe00000, 0x000000008ff00000|  0%| F|  |TAMS 0x000000008fe00000, 0x000000008fe00000| Untracked 
| 107|0x000000008ff00000, 0x000000008ff00000, 0x0000000090000000|  0%| F|  |TAMS 0x000000008ff00000, 0x000000008ff00000| Untracked 
| 108|0x0000000090000000, 0x0000000090000000, 0x0000000090100000|  0%| F|  |TAMS 0x0000000090000000, 0x0000000090000000| Untracked 
| 109|0x0000000090100000, 0x0000000090176480, 0x0000000090200000| 46%| E|  |TAMS 0x0000000090100000, 0x0000000090100000| Complete 
| 110|0x0000000090200000, 0x0000000090300000, 0x0000000090300000|100%| E|CS|TAMS 0x0000000090200000, 0x0000000090200000| Complete 
| 111|0x0000000090300000, 0x0000000090400000, 0x0000000090400000|100%| E|CS|TAMS 0x0000000090300000, 0x0000000090300000| Complete 
| 112|0x0000000090400000, 0x0000000090500000, 0x0000000090500000|100%| E|CS|TAMS 0x0000000090400000, 0x0000000090400000| Complete 
| 113|0x0000000090500000, 0x0000000090600000, 0x0000000090600000|100%| E|CS|TAMS 0x0000000090500000, 0x0000000090500000| Complete 
| 114|0x0000000090600000, 0x0000000090700000, 0x0000000090700000|100%| E|CS|TAMS 0x0000000090600000, 0x0000000090600000| Complete 
| 115|0x0000000090700000, 0x0000000090800000, 0x0000000090800000|100%| E|CS|TAMS 0x0000000090700000, 0x0000000090700000| Complete 
| 116|0x0000000090800000, 0x0000000090900000, 0x0000000090900000|100%| E|CS|TAMS 0x0000000090800000, 0x0000000090800000| Complete 
| 117|0x0000000090900000, 0x0000000090a00000, 0x0000000090a00000|100%| E|CS|TAMS 0x0000000090900000, 0x0000000090900000| Complete 
| 118|0x0000000090a00000, 0x0000000090b00000, 0x0000000090b00000|100%| E|CS|TAMS 0x0000000090a00000, 0x0000000090a00000| Complete 
| 119|0x0000000090b00000, 0x0000000090c00000, 0x0000000090c00000|100%| E|CS|TAMS 0x0000000090b00000, 0x0000000090b00000| Complete 

Card table byte_map: [0x000001bf563c0000,0x000001bf56780000] _byte_map_base: 0x000001bf55f76000

Marking Bits (Prev, Next): (CMBitMap*) 0x000001bf3e878f90, (CMBitMap*) 0x000001bf3e878fd0
 Prev Bits: [0x000001bf56b40000, 0x000001bf588f0000)
 Next Bits: [0x000001bf588f0000, 0x000001bf5a6a0000)

Polling page: 0x000001bf3dfe0000

Metaspace:

Usage:
  Non-class:      5.02 MB used.
      Class:    594.31 KB used.
       Both:      5.60 MB used.

Virtual space:
  Non-class space:       64.00 MB reserved,       5.12 MB (  8%) committed,  1 nodes.
      Class space:        1.00 GB reserved,     704.00 KB ( <1%) committed,  1 nodes.
             Both:        1.06 GB reserved,       5.81 MB ( <1%) committed. 

Chunk freelists:
   Non-Class:  2.86 MB
       Class:  3.25 MB
        Both:  6.10 MB

MaxMetaspaceSize: unlimited
CompressedClassSpaceSize: 1.00 GB
Initial GC threshold: 21.00 MB
Current GC threshold: 21.00 MB
CDS: on
MetaspaceReclaimPolicy: balanced
 - commit_granule_bytes: 65536.
 - commit_granule_words: 8192.
 - virtual_space_node_default_size: 8388608.
 - enlarge_chunks_in_place: 1.
 - new_chunks_are_fully_committed: 0.
 - uncommit_free_chunks: 1.
 - use_allocation_guard: 0.


Internal statistics:

num_allocs_failed_limit: 0.
num_arena_births: 128.
num_arena_deaths: 0.
num_vsnodes_births: 2.
num_vsnodes_deaths: 0.
num_space_committed: 93.
num_space_uncommitted: 0.
num_chunks_returned_to_freelist: 0.
num_chunks_taken_from_freelist: 143.
num_chunk_merges: 0.
num_chunk_splits: 98.
num_chunks_enlarged: 61.
num_inconsistent_stats: 0.

CodeHeap 'non-profiled nmethods': size=119168Kb used=195Kb max_used=195Kb free=118972Kb
 bounds [0x000001bf4e320000, 0x000001bf4e590000, 0x000001bf55780000]
CodeHeap 'profiled nmethods': size=119104Kb used=1187Kb max_used=1187Kb free=117916Kb
 bounds [0x000001bf46780000, 0x000001bf469f0000, 0x000001bf4dbd0000]
CodeHeap 'non-nmethods': size=7488Kb used=2755Kb max_used=2755Kb free=4732Kb
 bounds [0x000001bf4dbd0000, 0x000001bf4de90000, 0x000001bf4e320000]
 total_blobs=1256 nmethods=695 adapters=469
 compilation: enabled
              stopped_count=0, restarted_count=0
 full_count=0

Compilation events (20 events):
Event: 0.438 Thread 0x000001bf5d72f000  629       3       java.lang.CharacterData::of (136 bytes)
Event: 0.438 Thread 0x000001bf61a27440  630       1       java.lang.Integer::intValue (5 bytes)
Event: 0.438 Thread 0x000001bf61a27440 nmethod 630 0x000001bf4e34e410 code [0x000001bf4e34e5a0, 0x000001bf4e34e678]
Event: 0.438 Thread 0x000001bf5d72f000 nmethod 629 0x000001bf46891510 code [0x000001bf46891760, 0x000001bf468920f8]
Event: 0.446 Thread 0x000001bf61a26ec0  634       3       java.lang.invoke.MemberName::changeReferenceKind (60 bytes)
Event: 0.446 Thread 0x000001bf61a26ec0 nmethod 634 0x000001bf46892310 code [0x000001bf468924a0, 0x000001bf468925f8]
Event: 0.451 Thread 0x000001bf61a27440  636       1       sun.java2d.loops.SurfaceType::getUniqueID (5 bytes)
Event: 0.451 Thread 0x000001bf5d72f000  637       1       sun.java2d.loops.CompositeType::getUniqueID (5 bytes)
Event: 0.451 Thread 0x000001bf61a27440 nmethod 636 0x000001bf4e34f110 code [0x000001bf4e34f2a0, 0x000001bf4e34f378]
Event: 0.452 Thread 0x000001bf5d72f000 nmethod 637 0x000001bf4e34f410 code [0x000001bf4e34f5a0, 0x000001bf4e34f678]
Event: 0.452 Thread 0x000001bf61a27440  638  s    3       sun.java2d.loops.GraphicsPrimitive::makeUniqueID (26 bytes)
Event: 0.452 Thread 0x000001bf5d72f000  639       3       sun.java2d.loops.GraphicsPrimitive::<init> (75 bytes)
Event: 0.452 Thread 0x000001bf61a27440 nmethod 638 0x000001bf46892690 code [0x000001bf46892840, 0x000001bf46892a78]
Event: 0.452 Thread 0x000001bf5d72f000 nmethod 639 0x000001bf46892b90 code [0x000001bf46892d80, 0x000001bf46893378]
Event: 0.453 Thread 0x000001bf5d72f000  640       1       sun.java2d.loops.GraphicsPrimitive::getUniqueID (5 bytes)
Event: 0.453 Thread 0x000001bf61a27440  641       3       sun.java2d.loops.GraphicsPrimitiveMgr$1::compare (13 bytes)
Event: 0.453 Thread 0x000001bf61a26ec0  642       3       sun.java2d.loops.GraphicsPrimitiveMgr$1::compare (18 bytes)
Event: 0.453 Thread 0x000001bf5d72f000 nmethod 640 0x000001bf4e34f710 code [0x000001bf4e34f8a0, 0x000001bf4e34f978]
Event: 0.453 Thread 0x000001bf5d72f000  643       3       java.lang.Integer::compare (20 bytes)
Event: 0.453 Thread 0x000001bf5d72f000 nmethod 643 0x000001bf46893590 code [0x000001bf46893740, 0x000001bf46893938]

GC Heap History (0 events):
No events

Dll operation events (5 events):
Event: 0.007 Loaded shared library C:\Program Files\Java\jdk-19\bin\java.dll
Event: 0.015 Loaded shared library C:\Program Files\Java\jdk-19\bin\jsvml.dll
Event: 0.144 Loaded shared library C:\Program Files\Java\jdk-19\bin\jimage.dll
Event: 0.162 Loaded shared library C:\Program Files\Java\jdk-19\bin\awt.dll
Event: 0.361 Loaded shared library C:\Program Files\Java\jdk-19\bin\zip.dll

Deoptimization events (20 events):
Event: 0.417 Thread 0x000001bf626e8bb0 DEOPT PACKING pc=0x000001bf4685e8c0 sp=0x0000007d86cfe8f0
Event: 0.417 Thread 0x000001bf626e8bb0 DEOPT UNPACKING pc=0x000001bf4dc38243 sp=0x0000007d86cfdd90 mode 0
Event: 0.417 Thread 0x000001bf626e8bb0 DEOPT PACKING pc=0x000001bf4685e8c0 sp=0x0000007d86cfe8f0
Event: 0.417 Thread 0x000001bf626e8bb0 DEOPT UNPACKING pc=0x000001bf4dc38243 sp=0x0000007d86cfdd90 mode 0
Event: 0.417 Thread 0x000001bf626e8bb0 DEOPT PACKING pc=0x000001bf4685e8c0 sp=0x0000007d86cfe8f0
Event: 0.417 Thread 0x000001bf626e8bb0 DEOPT UNPACKING pc=0x000001bf4dc38243 sp=0x0000007d86cfdd90 mode 0
Event: 0.418 Thread 0x000001bf626e8bb0 DEOPT PACKING pc=0x000001bf4685e8c0 sp=0x0000007d86cfe8f0
Event: 0.418 Thread 0x000001bf626e8bb0 DEOPT UNPACKING pc=0x000001bf4dc38243 sp=0x0000007d86cfdd90 mode 0
Event: 0.418 Thread 0x000001bf626e8bb0 DEOPT PACKING pc=0x000001bf4685e8c0 sp=0x0000007d86cfe8f0
Event: 0.418 Thread 0x000001bf626e8bb0 DEOPT UNPACKING pc=0x000001bf4dc38243 sp=0x0000007d86cfdd90 mode 0
Event: 0.418 Thread 0x000001bf626e8bb0 DEOPT PACKING pc=0x000001bf4685e8c0 sp=0x0000007d86cfe8f0
Event: 0.418 Thread 0x000001bf626e8bb0 DEOPT UNPACKING pc=0x000001bf4dc38243 sp=0x0000007d86cfdd90 mode 0
Event: 0.418 Thread 0x000001bf626e8bb0 DEOPT PACKING pc=0x000001bf4685e8c0 sp=0x0000007d86cfe8f0
Event: 0.418 Thread 0x000001bf626e8bb0 DEOPT UNPACKING pc=0x000001bf4dc38243 sp=0x0000007d86cfdd90 mode 0
Event: 0.418 Thread 0x000001bf626e8bb0 DEOPT PACKING pc=0x000001bf4685e8c0 sp=0x0000007d86cfe8f0
Event: 0.418 Thread 0x000001bf626e8bb0 DEOPT UNPACKING pc=0x000001bf4dc38243 sp=0x0000007d86cfdd90 mode 0
Event: 0.418 Thread 0x000001bf626e8bb0 DEOPT PACKING pc=0x000001bf4685e8c0 sp=0x0000007d86cfe8f0
Event: 0.419 Thread 0x000001bf626e8bb0 DEOPT UNPACKING pc=0x000001bf4dc38243 sp=0x0000007d86cfdd90 mode 0
Event: 0.419 Thread 0x000001bf626e8bb0 DEOPT PACKING pc=0x000001bf4685e8c0 sp=0x0000007d86cfe8f0
Event: 0.419 Thread 0x000001bf626e8bb0 DEOPT UNPACKING pc=0x000001bf4dc38243 sp=0x0000007d86cfdd90 mode 0

Classes loaded (20 events):
Event: 0.450 Loading class java/awt/Stroke done
Event: 0.450 Loading class java/awt/BasicStroke done
Event: 0.450 Loading class sun/java2d/pipe/ValidatePipe
Event: 0.451 Loading class sun/java2d/pipe/ValidatePipe done
Event: 0.451 Loading class sun/java2d/loops/CustomComponent
Event: 0.451 Loading class sun/java2d/loops/CustomComponent done
Event: 0.451 Loading class sun/java2d/loops/GraphicsPrimitiveProxy
Event: 0.451 Loading class sun/java2d/loops/GraphicsPrimitiveProxy done
Event: 0.451 Loading class sun/java2d/loops/GeneralRenderer
Event: 0.451 Loading class sun/java2d/loops/GeneralRenderer done
Event: 0.452 Loading class sun/java2d/loops/GraphicsPrimitiveMgr$1
Event: 0.452 Loading class sun/java2d/loops/GraphicsPrimitiveMgr$1 done
Event: 0.452 Loading class sun/java2d/loops/GraphicsPrimitiveMgr$2
Event: 0.452 Loading class sun/java2d/loops/GraphicsPrimitiveMgr$2 done
Event: 0.452 Loading class sun/java2d/windows/GDIRenderer
Event: 0.452 Loading class sun/java2d/windows/GDIRenderer done
Event: 0.453 Loading class sun/java2d/loops/RenderLoops
Event: 0.453 Loading class sun/java2d/loops/RenderLoops done
Event: 0.453 Loading class sun/java2d/loops/GraphicsPrimitiveMgr$PrimitiveSpec
Event: 0.453 Loading class sun/java2d/loops/GraphicsPrimitiveMgr$PrimitiveSpec done

Classes unloaded (0 events):
No events

Classes redefined (0 events):
No events

Internal exceptions (20 events):
Event: 0.287 Thread 0x000001bf3c5fe400 Exception <a 'java/lang/NoSuchMethodError'{0x0000000090874db0}: 'void java.lang.invoke.DirectMethodHandle$Holder.invokeSpecial(java.lang.Object, java.lang.Object, java.lang.Object)'> (0x0000000090874db0) 
thrown [s\open\src\hotspot\share\interpreter\linkResolver.cpp, line 774]
Event: 0.296 Thread 0x000001bf3c5fe400 Exception <a 'java/lang/NoSuchMethodError'{0x0000000090729a20}: 'java.lang.Object java.lang.invoke.DirectMethodHandle$Holder.newInvokeSpecial(java.lang.Object, java.lang.Object, java.lang.Object, java.lang.Object, java.lang.Object)'> (0x0000000090729a20) 
thrown [s\open\src\hotspot\share\interpreter\linkResolver.cpp, line 774]
Event: 0.302 Thread 0x000001bf3c5fe400 Exception <a 'java/lang/NoSuchMethodError'{0x000000009075b108}: 'java.lang.Object java.lang.invoke.DirectMethodHandle$Holder.invokeStatic(java.lang.Object, int, java.lang.Object)'> (0x000000009075b108) 
thrown [s\open\src\hotspot\share\interpreter\linkResolver.cpp, line 774]
Event: 0.328 Thread 0x000001bf3c5fe400 Exception <a 'java/lang/ClassNotFoundException'{0x0000000090617090}: com/sun/swing/internal/plaf/metal/resources/spi/metalProvider> (0x0000000090617090) 
thrown [s\open\src\hotspot\share\classfile\systemDictionary.cpp, line 255]
Event: 0.329 Thread 0x000001bf3c5fe400 Exception <a 'java/lang/ClassNotFoundException'{0x000000009061aff0}: com/sun/swing/internal/plaf/basic/resources/spi/basicProvider> (0x000000009061aff0) 
thrown [s\open\src\hotspot\share\classfile\systemDictionary.cpp, line 255]
Event: 0.338 Thread 0x000001bf3c5fe400 Exception <a 'java/lang/NoSuchMethodError'{0x000000009063b268}: 'int java.lang.invoke.Invokers$Holder.invokeExact_MT(java.lang.Object, java.lang.Object)'> (0x000000009063b268) 
thrown [s\open\src\hotspot\share\interpreter\linkResolver.cpp, line 774]
Event: 0.348 Thread 0x000001bf626db390 Exception <a 'java/lang/NoSuchMethodError'{0x0000000090686f58}: 'java.lang.Object java.lang.invoke.DirectMethodHandle$Holder.newInvokeSpecial(java.lang.Object, java.lang.Object, java.lang.Object, int, int, int, int, int)'> (0x0000000090686f58) 
thrown [s\open\src\hotspot\share\interpreter\linkResolver.cpp, line 774]
Event: 0.356 Thread 0x000001bf626db390 Exception <a 'java/lang/InterruptedException'{0x000000009069a6d0}: sleep interrupted> (0x000000009069a6d0) 
thrown [s\open\src\hotspot\share\prims\jvm.cpp, line 3081]
Event: 0.359 Thread 0x000001bf626db390 Exception <a 'java/lang/InterruptedException'{0x00000000906a76d8}: sleep interrupted> (0x00000000906a76d8) 
thrown [s\open\src\hotspot\share\prims\jvm.cpp, line 3081]
Event: 0.427 Thread 0x000001bf626db390 Exception <a 'java/lang/InterruptedException'{0x00000000906b4140}: sleep interrupted> (0x00000000906b4140) 
thrown [s\open\src\hotspot\share\prims\jvm.cpp, line 3081]
Event: 0.428 Thread 0x000001bf626e8bb0 Exception <a 'java/lang/InterruptedException'{0x0000000090383378}: sleep interrupted> (0x0000000090383378) 
thrown [s\open\src\hotspot\share\prims\jvm.cpp, line 3081]
Event: 0.429 Thread 0x000001bf626db390 Exception <a 'java/lang/InterruptedException'{0x00000000906c0ba8}: sleep interrupted> (0x00000000906c0ba8) 
thrown [s\open\src\hotspot\share\prims\jvm.cpp, line 3081]
Event: 0.430 Thread 0x000001bf626e8bb0 Exception <a 'java/lang/InterruptedException'{0x000000009038fde0}: sleep interrupted> (0x000000009038fde0) 
thrown [s\open\src\hotspot\share\prims\jvm.cpp, line 3081]
Event: 0.431 Thread 0x000001bf626db390 Exception <a 'java/lang/InterruptedException'{0x00000000906cd610}: sleep interrupted> (0x00000000906cd610) 
thrown [s\open\src\hotspot\share\prims\jvm.cpp, line 3081]
Event: 0.431 Thread 0x000001bf626e8bb0 Exception <a 'java/lang/InterruptedException'{0x000000009039c848}: sleep interrupted> (0x000000009039c848) 
thrown [s\open\src\hotspot\share\prims\jvm.cpp, line 3081]
Event: 0.432 Thread 0x000001bf626db390 Exception <a 'java/lang/InterruptedException'{0x00000000906da078}: sleep interrupted> (0x00000000906da078) 
thrown [s\open\src\hotspot\share\prims\jvm.cpp, line 3081]
Event: 0.433 Thread 0x000001bf626e8bb0 Exception <a 'java/lang/InterruptedException'{0x00000000903a92b0}: sleep interrupted> (0x00000000903a92b0) 
thrown [s\open\src\hotspot\share\prims\jvm.cpp, line 3081]
Event: 0.433 Thread 0x000001bf626db390 Exception <a 'java/lang/InterruptedException'{0x00000000906e6ae0}: sleep interrupted> (0x00000000906e6ae0) 
thrown [s\open\src\hotspot\share\prims\jvm.cpp, line 3081]
Event: 0.434 Thread 0x000001bf626db390 Exception <a 'java/lang/InterruptedException'{0x00000000903f6e80}: sleep interrupted> (0x00000000903f6e80) 
thrown [s\open\src\hotspot\share\prims\jvm.cpp, line 3081]
Event: 0.442 Thread 0x000001bf61ccef30 Exception <a 'java/lang/NoSuchMethodError'{0x00000000908fb6f8}: 'void java.lang.invoke.DirectMethodHandle$Holder.invokeVirtual(java.lang.Object, java.lang.Object)'> (0x00000000908fb6f8) 
thrown [s\open\src\hotspot\share\interpreter\linkResolver.cpp, line 774]

VM Operations (8 events):
Event: 0.044 Executing VM operation: ChangeBreakpoints
Event: 0.044 Executing VM operation: ChangeBreakpoints done
Event: 0.189 Executing VM operation: HandshakeAllThreads
Event: 0.189 Executing VM operation: HandshakeAllThreads done
Event: 0.328 Executing VM operation: HandshakeAllThreads
Event: 0.328 Executing VM operation: HandshakeAllThreads done
Event: 0.340 Executing VM operation: HandshakeAllThreads
Event: 0.340 Executing VM operation: HandshakeAllThreads done

Events (20 events):
Event: 0.025 Thread 0x000001bf5d6fb160 Thread added: 0x000001bf5d6fb160
Event: 0.025 Thread 0x000001bf5d71cc50 Thread added: 0x000001bf5d71cc50
Event: 0.025 Thread 0x000001bf5d71dfc0 Thread added: 0x000001bf5d71dfc0
Event: 0.025 Thread 0x000001bf5d72aff0 Thread added: 0x000001bf5d72aff0
Event: 0.025 Thread 0x000001bf5d72f000 Thread added: 0x000001bf5d72f000
Event: 0.025 Thread 0x000001bf5d7329a0 Thread added: 0x000001bf5d7329a0
Event: 0.036 Thread 0x000001bf61a26ec0 Thread added: 0x000001bf61a26ec0
Event: 0.036 Thread 0x000001bf61a27440 Thread added: 0x000001bf61a27440
Event: 0.043 Thread 0x000001bf61a52ad0 Thread added: 0x000001bf61a52ad0
Event: 0.044 Thread 0x000001bf61a57460 Thread added: 0x000001bf61a57460
Event: 0.044 Thread 0x000001bf61a579b0 Thread added: 0x000001bf61a579b0
Event: 0.116 Thread 0x000001bf61a62200 Thread added: 0x000001bf61a62200
Event: 0.123 Thread 0x000001bf61a66bc0 Thread added: 0x000001bf61a66bc0
Event: 0.224 Thread 0x000001bf61cbbef0 Thread added: 0x000001bf61cbbef0
Event: 0.225 Thread 0x000001bf61cc6f10 Thread added: 0x000001bf61cc6f10
Event: 0.228 Thread 0x000001bf61ccef30 Thread added: 0x000001bf61ccef30
Event: 0.344 Thread 0x000001bf626db390 Thread added: 0x000001bf626db390
Event: 0.356 Thread 0x000001bf626e8bb0 Thread added: 0x000001bf626e8bb0
Event: 0.435 Thread 0x000001bf6271e8b0 Thread added: 0x000001bf6271e8b0
Event: 0.444 Thread 0x000001bf62900fe0 Thread added: 0x000001bf62900fe0


Dynamic libraries:
0x00007ff799310000 - 0x00007ff799320000 	C:\Program Files\Java\jdk-19\bin\java.exe
0x00007ffb9b010000 - 0x00007ffb9b224000 	C:\WINDOWS\SYSTEM32\ntdll.dll
0x00007ffb99be0000 - 0x00007ffb99ca2000 	C:\WINDOWS\System32\KERNEL32.DLL
0x00007ffb98760000 - 0x00007ffb98afc000 	C:\WINDOWS\System32\KERNELBASE.dll
0x00007ffb98570000 - 0x00007ffb98681000 	C:\WINDOWS\System32\ucrtbase.dll
0x00007ffb92b00000 - 0x00007ffb92b1b000 	C:\Program Files\Java\jdk-19\bin\VCRUNTIME140.dll
0x00007ffb92de0000 - 0x00007ffb92df8000 	C:\Program Files\Java\jdk-19\bin\jli.dll
0x00007ffb99fb0000 - 0x00007ffb9a05e000 	C:\WINDOWS\System32\ADVAPI32.dll
0x00007ffb99b30000 - 0x00007ffb99bd7000 	C:\WINDOWS\System32\msvcrt.dll
0x00007ffb99f00000 - 0x00007ffb99fa4000 	C:\WINDOWS\System32\sechost.dll
0x00007ffb99cb0000 - 0x00007ffb99dc7000 	C:\WINDOWS\System32\RPCRT4.dll
0x00007ffb9a1b0000 - 0x00007ffb9a35b000 	C:\WINDOWS\System32\USER32.dll
0x00007ffb98730000 - 0x00007ffb98756000 	C:\WINDOWS\System32\win32u.dll
0x00007ffb843f0000 - 0x00007ffb8467e000 	C:\WINDOWS\WinSxS\amd64_microsoft.windows.common-controls_6595b64144ccf1df_6.0.22621.608_none_a9444ca7c10bb01d\COMCTL32.dll
0x00007ffb99ed0000 - 0x00007ffb99ef9000 	C:\WINDOWS\System32\GDI32.dll
0x00007ffb98450000 - 0x00007ffb98563000 	C:\WINDOWS\System32\gdi32full.dll
0x00007ffb98690000 - 0x00007ffb9872a000 	C:\WINDOWS\System32\msvcp_win.dll
0x00007ffb90d00000 - 0x00007ffb90d0a000 	C:\WINDOWS\SYSTEM32\VERSION.dll
0x00007ffb9a060000 - 0x00007ffb9a091000 	C:\WINDOWS\System32\IMM32.DLL
0x00007ffb93a60000 - 0x00007ffb93a6c000 	C:\Program Files\Java\jdk-19\bin\vcruntime140_1.dll
0x00007ffb75520000 - 0x00007ffb755ae000 	C:\Program Files\Java\jdk-19\bin\msvcp140.dll
0x00007ffb00a10000 - 0x00007ffb016d0000 	C:\Program Files\Java\jdk-19\bin\server\jvm.dll
0x00007ffb6b800000 - 0x00007ffb6b809000 	C:\WINDOWS\SYSTEM32\WSOCK32.dll
0x00007ffb90d10000 - 0x00007ffb90d44000 	C:\WINDOWS\SYSTEM32\WINMM.dll
0x00007ffb995f0000 - 0x00007ffb99661000 	C:\WINDOWS\System32\WS2_32.dll
0x00007ffb97480000 - 0x00007ffb97498000 	C:\WINDOWS\SYSTEM32\kernel.appcore.dll
0x00007ffb93740000 - 0x00007ffb9374a000 	C:\Program Files\Java\jdk-19\bin\jimage.dll
0x00007ffb95e40000 - 0x00007ffb9606e000 	C:\WINDOWS\SYSTEM32\DBGHELP.DLL
0x00007ffb99670000 - 0x00007ffb999f9000 	C:\WINDOWS\System32\combase.dll
0x00007ffb9a0b0000 - 0x00007ffb9a187000 	C:\WINDOWS\System32\OLEAUT32.dll
0x00007ffb90b50000 - 0x00007ffb90b82000 	C:\WINDOWS\SYSTEM32\dbgcore.DLL
0x00007ffb98bc0000 - 0x00007ffb98c3b000 	C:\WINDOWS\System32\bcryptPrimitives.dll
0x00007ffb81df0000 - 0x00007ffb81e2c000 	C:\Program Files\Java\jdk-19\bin\jdwp.dll
0x00007ffb856b0000 - 0x00007ffb856d6000 	C:\Program Files\Java\jdk-19\bin\java.dll
0x00007ffb6eb70000 - 0x00007ffb6ec47000 	C:\Program Files\Java\jdk-19\bin\jsvml.dll
0x00007ffb9a360000 - 0x00007ffb9ab50000 	C:\WINDOWS\System32\SHELL32.dll
0x00007ffb96410000 - 0x00007ffb96cdd000 	C:\WINDOWS\SYSTEM32\windows.storage.dll
0x00007ffb962d0000 - 0x00007ffb9640e000 	C:\WINDOWS\SYSTEM32\wintypes.dll
0x00007ffb99dd0000 - 0x00007ffb99ec1000 	C:\WINDOWS\System32\SHCORE.dll
0x00007ffb99570000 - 0x00007ffb995ce000 	C:\WINDOWS\System32\shlwapi.dll
0x00007ffb98380000 - 0x00007ffb983a1000 	C:\WINDOWS\SYSTEM32\profapi.dll
0x00007ffb93520000 - 0x00007ffb9352c000 	C:\Program Files\Java\jdk-19\bin\dt_socket.dll
0x00007ffb96f30000 - 0x00007ffb96f5d000 	C:\WINDOWS\SYSTEM32\IPHLPAPI.DLL
0x00007ffb97910000 - 0x00007ffb97979000 	C:\WINDOWS\system32\mswsock.dll
0x00007ffb96f60000 - 0x00007ffb97053000 	C:\WINDOWS\SYSTEM32\DNSAPI.dll
0x00007ffb99560000 - 0x00007ffb99569000 	C:\WINDOWS\System32\NSI.dll
0x0000000063560000 - 0x0000000063569000 	C:\Program Files\National Instruments\Shared\mDNS Responder\nimdnsNSP.dll
0x0000000063550000 - 0x000000006355e000 	C:\WINDOWS\SYSTEM32\nimdnsResponder.dll
0x00000000574b0000 - 0x0000000057553000 	C:\WINDOWS\WinSxS\amd64_microsoft.vc90.crt_1fc8b3b9a1e18e3b_9.0.30729.9635_none_08e2c157a83ed5da\MSVCR90.dll
0x00007ffb90ae0000 - 0x00007ffb90aea000 	C:\Windows\System32\rasadhlp.dll
0x00007ffb904a0000 - 0x00007ffb90523000 	C:\WINDOWS\System32\fwpuclnt.dll
0x00007ffb6e720000 - 0x00007ffb6e8b1000 	C:\Program Files\Java\jdk-19\bin\awt.dll
0x00007ffb954d0000 - 0x00007ffb95566000 	C:\WINDOWS\SYSTEM32\apphelp.dll
0x00007ffb958f0000 - 0x00007ffb9591b000 	C:\WINDOWS\system32\DWMAPI.DLL
0x00007ffb95690000 - 0x00007ffb9573b000 	C:\WINDOWS\system32\uxtheme.dll
0x00007ffb54480000 - 0x00007ffb54580000 	C:\WINDOWS\system32\opengl32.dll
0x00007ffb829e0000 - 0x00007ffb82a0d000 	C:\WINDOWS\SYSTEM32\GLU32.dll
0x00007ffb95780000 - 0x00007ffb957b6000 	C:\WINDOWS\SYSTEM32\dxcore.dll
0x00007ffb98e70000 - 0x00007ffb98f8e000 	C:\WINDOWS\System32\MSCTF.dll
0x00007ffb990a0000 - 0x00007ffb9923c000 	C:\WINDOWS\System32\ole32.dll
0x00007ffb8ac60000 - 0x00007ffb8ae09000 	C:\WINDOWS\system32\d3d9.dll
0x00007ffb90d50000 - 0x00007ffb90f08000 	C:\Windows\System32\DriverStore\FileRepository\u0382793.inf_amd64_1c9c9d36a5813460\B384051\aticfx64.dll
0x00007ffb7d850000 - 0x00007ffb7d884000 	C:\Windows\System32\DriverStore\FileRepository\u0382793.inf_amd64_1c9c9d36a5813460\B384051\atiu9p64.dll
0x00007ffadeff0000 - 0x00007ffadfd44000 	C:\Windows\System32\DriverStore\FileRepository\u0382793.inf_amd64_1c9c9d36a5813460\B384051\atiumd64.dll
0x0000000056630000 - 0x00000000574a4000 	C:\WINDOWS\System32\DriverStore\FileRepository\u0382793.inf_amd64_1c9c9d36a5813460\B384051\atiumd6a.dll
0x00007ffb9ab50000 - 0x00007ffb9afc4000 	C:\WINDOWS\System32\SETUPAPI.dll
0x00007ffb97ed0000 - 0x00007ffb97f1d000 	C:\WINDOWS\SYSTEM32\POWRPROF.dll
0x00007ffb97dc0000 - 0x00007ffb97dd3000 	C:\WINDOWS\SYSTEM32\UMPDC.dll
0x00007ffb90bd0000 - 0x00007ffb90c00000 	C:\WINDOWS\SYSTEM32\amdihk64.dll
0x00007ffb92f20000 - 0x00007ffb92f68000 	C:\WINDOWS\SYSTEM32\directxdatabasehelper.dll
0x00007ffb85960000 - 0x00007ffb85978000 	C:\Program Files\Java\jdk-19\bin\zip.dll
0x00007ffb6f600000 - 0x00007ffb6f686000 	C:\Program Files\Java\jdk-19\bin\freetype.dll
0x00007ffb543b0000 - 0x00007ffb54476000 	C:\Program Files\Java\jdk-19\bin\fontmanager.dll

dbghelp: loaded successfully - version: 4.0.5 - missing functions: none
symbol engine: initialized successfully - sym options: 0x614 - pdb path: .;C:\Program Files\Java\jdk-19\bin;C:\WINDOWS\SYSTEM32;C:\WINDOWS\WinSxS\amd64_microsoft.windows.common-controls_6595b64144ccf1df_6.0.22621.608_none_a9444ca7c10bb01d;C:\Program Files\Java\jdk-19\bin\server;C:\Program Files\National Instruments\Shared\mDNS Responder;C:\WINDOWS\WinSxS\amd64_microsoft.vc90.crt_1fc8b3b9a1e18e3b_9.0.30729.9635_none_08e2c157a83ed5da;C:\Windows\System32\DriverStore\FileRepository\u0382793.inf_amd64_1c9c9d36a5813460\B384051

VM Arguments:
jvm_args: -agentlib:jdwp=transport=dt_socket,server=n,suspend=y,address=localhost:51790 --enable-preview -XX:+ShowCodeDetailsInExceptionMessages 
java_command: Control.Main
java_class_path (initial): C:\Users\ADMIN\AppData\Roaming\Code\User\workspaceStorage\25a3d6cf644b5c5d23efcdf9371a6d34\redhat.java\jdt_ws\PlantsVsZombies_fe470f63\bin
Launcher Type: SUN_STANDARD

[Global flags]
     intx CICompilerCount                          = 12                                        {product} {ergonomic}
     uint ConcGCThreads                            = 3                                         {product} {ergonomic}
     uint G1ConcRefinementThreads                  = 13                                        {product} {ergonomic}
   size_t G1HeapRegionSize                         = 1048576                                   {product} {ergonomic}
    uintx GCDrainStackTargetSize                   = 64                                        {product} {ergonomic}
   size_t InitialHeapSize                          = 125829120                                 {product} {ergonomic}
   size_t MarkStackSize                            = 4194304                                   {product} {ergonomic}
   size_t MaxHeapSize                              = 1992294400                                {product} {ergonomic}
   size_t MaxNewSize                               = 1195376640                                {product} {ergonomic}
   size_t MinHeapDeltaBytes                        = 1048576                                   {product} {ergonomic}
   size_t MinHeapSize                              = 8388608                                   {product} {ergonomic}
    uintx NonNMethodCodeHeapSize                   = 7602480                                {pd product} {ergonomic}
    uintx NonProfiledCodeHeapSize                  = 122027880                              {pd product} {ergonomic}
    uintx ProfiledCodeHeapSize                     = 122027880                              {pd product} {ergonomic}
    uintx ReservedCodeCacheSize                    = 251658240                              {pd product} {ergonomic}
     bool SegmentedCodeCache                       = true                                      {product} {ergonomic}
     bool ShowCodeDetailsInExceptionMessages       = true                                   {manageable} {command line}
   size_t SoftMaxHeapSize                          = 1992294400                             {manageable} {ergonomic}
     bool UseCompressedClassPointers               = true                           {product lp64_product} {ergonomic}
     bool UseCompressedOops                        = true                           {product lp64_product} {ergonomic}
     bool UseG1GC                                  = true                                      {product} {ergonomic}
     bool UseLargePagesIndividualAllocation        = false                                  {pd product} {ergonomic}

Logging:
Log output configuration:
 #0: stdout all=warning uptime,level,tags foldmultilines=false
 #1: stderr all=off uptime,level,tags foldmultilines=false

Environment Variables:
PATH=C:\Program Files\Common Files\Oracle\Java\javapath;C:\Program Files (x86)\Common Files\Intel\Shared Libraries\redist\intel64\compiler;C:\Windows\system32;C:\Windows;C:\Windows\System32\Wbem;C:\Windows\System32\WindowsPowerShell\v1.0\;C:\Windows\System32\OpenSSH\;C:\Program Files (x86)\NVIDIA Corporation\PhysX\Common;C:\Program Files\NVIDIA Corporation\NVIDIA NvDLISR;C:\Program Files\Git\cmd;C:\WINDOWS\system32;C:\WINDOWS;C:\WINDOWS\System32\Wbem;C:\WINDOWS\System32\WindowsPowerShell\v1.0\;C:\WINDOWS\System32\OpenSSH\;C:\Users\ADMIN\AppData\Local\Microsoft\WindowsApps;C:\Users\ADMIN\AppData\Local\Programs\Microsoft VS Code\bin;C:\msys64\mingw64\bin;C:\msys64\usr\bin;
USERNAME=ADMIN
LANG=en_US.UTF-8
OS=Windows_NT
PROCESSOR_IDENTIFIER=AMD64 Family 23 Model 96 Stepping 1, AuthenticAMD
TMP=C:\Users\ADMIN\AppData\Local\Temp
TEMP=C:\Users\ADMIN\AppData\Local\Temp



---------------  S Y S T E M  ---------------

OS:
 Windows 11 , 64 bit Build 22621 (10.0.22621.1485)
OS uptime: 1 days 3:02 hours
Hyper-V role detected

CPU: total 16 (initial active 16) (16 cores per cpu, 2 threads per core) family 23 model 96 stepping 1 microcode 0x0, cx8, cmov, fxsr, ht, mmx, 3dnowpref, sse, sse2, sse3, ssse3, sse4a, sse4.1, sse4.2, popcnt, lzcnt, tsc, tscinvbit, avx, avx2, aes, clmul, bmi1, bmi2, adx, sha, fma, vzeroupper, clflush, clflushopt, hv, rdtscp, rdpid

Memory: 4k page, system-wide physical 7599M (502M free)
TotalPageFile size 15791M (AvailPageFile size 8M)
current process WorkingSet (physical memory assigned to process): 67M, peak: 67M
current process commit charge ("private bytes"): 237M, peak: 237M

vm_info: Java HotSpot(TM) 64-Bit Server VM (19.0.2+7-44) for windows-amd64 JRE (19.0.2+7-44), built on 2022-11-30T18:02:09Z by "mach5one" with MS VC++ 17.1 (VS2022)

END.
