#
# There is insufficient memory for the Java Runtime Environment to continue.
# Native memory allocation (malloc) failed to allocate 2307376 bytes for Chunk::new
# Possible reasons:
#   The system is out of physical RAM or swap space
#   The process is running with CompressedOops enabled, and the Java Heap may be blocking the growth of the native heap
# Possible solutions:
#   Reduce memory load on the system
#   Increase physical memory or swap space
#   Check if swap backing store is full
#   Decrease Java heap size (-Xmx/-Xms)
#   Decrease number of Java threads
#   Decrease Java thread stack sizes (-Xss)
#   Set larger code cache with -XX:ReservedCodeCacheSize=
#   JVM is running with Unscaled Compressed Oops mode in which the Java heap is
#     placed in the first 4GB address space. The Java Heap base address is the
#     maximum limit for the native heap growth. Please use -XX:HeapBaseMinAddress
#     to set the Java Heap base and to place the Java Heap above 4GB virtual address.
# This output file may be truncated or incomplete.
#
#  Out of Memory Error (arena.cpp:189), pid=21728, tid=7120
#
# JRE version: OpenJDK Runtime Environment Temurin-17.0.7+7 (17.0.7+7) (build 17.0.7+7)
# Java VM: OpenJDK 64-Bit Server VM Temurin-17.0.7+7 (17.0.7+7, mixed mode, tiered, compressed oops, compressed class ptrs, parallel gc, windows-amd64)
# No core dump will be written. Minidumps are not enabled by default on client versions of Windows
#

---------------  S U M M A R Y ------------

Command Line: --add-modules=ALL-SYSTEM --add-opens=java.base/java.util=ALL-UNNAMED --add-opens=java.base/java.lang=ALL-UNNAMED --add-opens=java.base/sun.nio.fs=ALL-UNNAMED -Declipse.application=org.eclipse.jdt.ls.core.id1 -Dosgi.bundles.defaultStartLevel=4 -Declipse.product=org.eclipse.jdt.ls.core.product -Djava.import.generatesMetadataFilesAtProjectRoot=false -Dfile.encoding=utf8 -XX:+UseParallelGC -XX:GCTimeRatio=4 -XX:AdaptiveSizePolicyWeight=90 -Dsun.zip.disableMemoryMapping=true -Xmx1G -Xms100m -Xlog:disable -javaagent:c:\Users\ADMIN\.vscode\extensions\redhat.java-1.18.0-win32-x64\lombok\lombok-1.18.27.jar -XX:+HeapDumpOnOutOfMemoryError -XX:HeapDumpPath=c:\Users\ADMIN\AppData\Roaming\Code\User\workspaceStorage\4c1ab381de116513bcdb067e4a9c71b1\redhat.java -Daether.dependencyCollector.impl=bf c:\Users\ADMIN\.vscode\extensions\redhat.java-1.18.0-win32-x64\server\plugins\org.eclipse.equinox.launcher_1.6.400.v20210924-0641.jar -configuration c:\Users\ADMIN\AppData\Roaming\Code\User\globalStorage\redhat.java\1.18.0\config_win -data c:\Users\ADMIN\AppData\Roaming\Code\User\workspaceStorage\4c1ab381de116513bcdb067e4a9c71b1\redhat.java\jdt_ws

Host: AMD Ryzen 7 4800H with Radeon Graphics         , 16 cores, 7G,  Windows 11 , 64 bit Build 22621 (10.0.22621.1485)
Time: Thu May  4 00:54:45 2023 SE Asia Standard Time elapsed time: 3.823681 seconds (0d 0h 0m 3s)

---------------  T H R E A D  ---------------

Current thread (0x00000179863679c0):  JavaThread "C2 CompilerThread1" daemon [_thread_in_native, id=7120, stack(0x00000033c1b00000,0x00000033c1c00000)]


Current CompileTask:
C2:   3823 2837       4       org.objectweb.asm.ClassReader::readMethod (1066 bytes)

Stack: [0x00000033c1b00000,0x00000033c1c00000]
Native frames: (J=compiled Java code, j=interpreted, Vv=VM code, C=native code)
V  [jvm.dll+0x67754a]
V  [jvm.dll+0x834304]
V  [jvm.dll+0x835aae]
V  [jvm.dll+0x836113]
V  [jvm.dll+0x24696f]
V  [jvm.dll+0xac0ac]
V  [jvm.dll+0xac67c]
V  [jvm.dll+0x364e37]
V  [jvm.dll+0x1bcc02]
V  [jvm.dll+0x219799]
V  [jvm.dll+0x218a61]
V  [jvm.dll+0x1a4d8d]
V  [jvm.dll+0x2284da]
V  [jvm.dll+0x226615]
V  [jvm.dll+0x7ea90b]
V  [jvm.dll+0x7e4e7a]
V  [jvm.dll+0x676395]
C  [ucrtbase.dll+0x29363]
C  [KERNEL32.DLL+0x1269d]
C  [ntdll.dll+0x5a9f8]


---------------  P R O C E S S  ---------------

Threads class SMR info:
_java_thread_list=0x0000017986e30230, length=26, elements={
0x00000179ea2b9830, 0x00000179ff439380, 0x00000179ff43b9a0, 0x00000179ff4514a0,
0x00000179ff454170, 0x00000179ff4562d0, 0x00000179ff456c80, 0x00000179ff45ca60,
0x00000179ff467870, 0x00000179ff46de90, 0x00000179ff5b7310, 0x00000179ff629a50,
0x00000179ff62a010, 0x00000179ff62a7e0, 0x00000179853b94b0, 0x0000017985c69b10,
0x0000017985d94800, 0x0000017985d94cd0, 0x0000017985efcde0, 0x00000179861ebf20,
0x00000179864a64f0, 0x00000179864a34d0, 0x00000179864a4340, 0x00000179863679c0,
0x00000179864a6e90, 0x00000179864a4810
}

Java Threads: ( => current thread )
  0x00000179ea2b9830 JavaThread "main" [_thread_blocked, id=27540, stack(0x00000033bf600000,0x00000033bf700000)]
  0x00000179ff439380 JavaThread "Reference Handler" daemon [_thread_blocked, id=11316, stack(0x00000033bf900000,0x00000033bfa00000)]
  0x00000179ff43b9a0 JavaThread "Finalizer" daemon [_thread_blocked, id=27628, stack(0x00000033bfa00000,0x00000033bfb00000)]
  0x00000179ff4514a0 JavaThread "Signal Dispatcher" daemon [_thread_blocked, id=4120, stack(0x00000033bfb00000,0x00000033bfc00000)]
  0x00000179ff454170 JavaThread "Attach Listener" daemon [_thread_blocked, id=25944, stack(0x00000033bfc00000,0x00000033bfd00000)]
  0x00000179ff4562d0 JavaThread "Service Thread" daemon [_thread_blocked, id=24432, stack(0x00000033bfd00000,0x00000033bfe00000)]
  0x00000179ff456c80 JavaThread "Monitor Deflation Thread" daemon [_thread_blocked, id=11368, stack(0x00000033bfe00000,0x00000033bff00000)]
  0x00000179ff45ca60 JavaThread "C2 CompilerThread0" daemon [_thread_blocked, id=14824, stack(0x00000033bff00000,0x00000033c0000000)]
  0x00000179ff467870 JavaThread "C1 CompilerThread0" daemon [_thread_blocked, id=1984, stack(0x00000033c0000000,0x00000033c0100000)]
  0x00000179ff46de90 JavaThread "Sweeper thread" daemon [_thread_blocked, id=16020, stack(0x00000033c0100000,0x00000033c0200000)]
  0x00000179ff5b7310 JavaThread "Common-Cleaner" daemon [_thread_blocked, id=2708, stack(0x00000033c0200000,0x00000033c0300000)]
  0x00000179ff629a50 JavaThread "C1 CompilerThread1" daemon [_thread_blocked, id=26724, stack(0x00000033c0300000,0x00000033c0400000)]
  0x00000179ff62a010 JavaThread "C1 CompilerThread2" daemon [_thread_blocked, id=23836, stack(0x00000033c0400000,0x00000033c0500000)]
  0x00000179ff62a7e0 JavaThread "C1 CompilerThread3" daemon [_thread_blocked, id=24300, stack(0x00000033c0500000,0x00000033c0600000)]
  0x00000179853b94b0 JavaThread "Notification Thread" daemon [_thread_blocked, id=22848, stack(0x00000033c0700000,0x00000033c0800000)]
  0x0000017985c69b10 JavaThread "Active Thread: Equinox Container: 6b080531-5332-460c-81e6-8fee44626a1a" [_thread_blocked, id=26996, stack(0x00000033c0f00000,0x00000033c1000000)]
  0x0000017985d94800 JavaThread "Framework Event Dispatcher: Equinox Container: 6b080531-5332-460c-81e6-8fee44626a1a" daemon [_thread_blocked, id=23792, stack(0x00000033c1000000,0x00000033c1100000)]
  0x0000017985d94cd0 JavaThread "Start Level: Equinox Container: 6b080531-5332-460c-81e6-8fee44626a1a" daemon [_thread_in_native, id=25484, stack(0x00000033c1100000,0x00000033c1200000)]
  0x0000017985efcde0 JavaThread "SCR Component Actor" daemon [_thread_blocked, id=2280, stack(0x00000033c1200000,0x00000033c1300000)]
  0x00000179861ebf20 JavaThread "SCR Component Registry" daemon [_thread_blocked, id=10868, stack(0x00000033c1400000,0x00000033c1500000)]
  0x00000179864a64f0 JavaThread "Worker-JM" [_thread_blocked, id=22212, stack(0x00000033c0600000,0x00000033c0700000)]
  0x00000179864a34d0 JavaThread "Worker-0" [_thread_blocked, id=27416, stack(0x00000033c1a00000,0x00000033c1b00000)]
  0x00000179864a4340 JavaThread "Worker-1" [_thread_blocked, id=16004, stack(0x00000033c1900000,0x00000033c1a00000)]
=>0x00000179863679c0 JavaThread "C2 CompilerThread1" daemon [_thread_in_native, id=7120, stack(0x00000033c1b00000,0x00000033c1c00000)]
  0x00000179864a6e90 JavaThread "Java indexing" daemon [_thread_blocked, id=26828, stack(0x00000033c1d00000,0x00000033c1e00000)]
  0x00000179864a4810 JavaThread "JNA Cleaner" daemon [_thread_in_vm, id=5300, stack(0x00000033c1e00000,0x00000033c1f00000)]

Other Threads:
  0x00000179ea3741c0 VMThread "VM Thread" [stack: 0x00000033bf800000,0x00000033bf900000] [id=5072]
  0x00000179853cb420 WatcherThread [stack: 0x00000033c0800000,0x00000033c0900000] [id=26984]
  0x00000179ea2ce800 GCTaskThread "GC Thread#0" [stack: 0x00000033bf700000,0x00000033bf800000] [id=8120]
  0x0000017985be7450 GCTaskThread "GC Thread#1" [stack: 0x00000033c0a00000,0x00000033c0b00000] [id=19208]
  0x0000017985cdbee0 GCTaskThread "GC Thread#2" [stack: 0x00000033c0b00000,0x00000033c0c00000] [id=25940]
  0x0000017985ce2210 GCTaskThread "GC Thread#3" [stack: 0x00000033c0c00000,0x00000033c0d00000] [id=26604]
  0x0000017985ce24c0 GCTaskThread "GC Thread#4" [stack: 0x00000033c0d00000,0x00000033c0e00000] [id=25912]
  0x0000017985aa6010 GCTaskThread "GC Thread#5" [stack: 0x00000033c0e00000,0x00000033c0f00000] [id=10544]
  0x0000017985f0b080 GCTaskThread "GC Thread#6" [stack: 0x00000033c0900000,0x00000033c0a00000] [id=27380]
  0x0000017985efd2b0 GCTaskThread "GC Thread#7" [stack: 0x00000033c1300000,0x00000033c1400000] [id=15212]
  0x00000179864f68a0 GCTaskThread "GC Thread#8" [stack: 0x00000033c1500000,0x00000033c1600000] [id=1192]
  0x00000179864f65f0 GCTaskThread "GC Thread#9" [stack: 0x00000033c1600000,0x00000033c1700000] [id=13816]
  0x00000179864f5de0 GCTaskThread "GC Thread#10" [stack: 0x00000033c1700000,0x00000033c1800000] [id=12624]
  0x00000179864f5b30 GCTaskThread "GC Thread#11" [stack: 0x00000033c1800000,0x00000033c1900000] [id=19128]
  0x00000179864f6340 GCTaskThread "GC Thread#12" [stack: 0x00000033c1c00000,0x00000033c1d00000] [id=23588]

Threads with active compile tasks:
C2 CompilerThread1     3961 2837       4       org.objectweb.asm.ClassReader::readMethod (1066 bytes)

VM state: not at safepoint (normal execution)

VM Mutex/Monitor currently owned by a thread: None

Heap address: 0x00000000c0000000, size: 1024 MB, Compressed Oops mode: 32-bit

CDS archive(s) not mapped
Compressed class space mapped at: 0x0000000100000000-0x0000000140000000, reserved size: 1073741824
Narrow klass base: 0x0000000000000000, Narrow klass shift: 3, Narrow klass range: 0x140000000

GC Precious Log:
 CPUs: 16 total, 16 available
 Memory: 7599M
 Large Page Support: Disabled
 NUMA Support: Disabled
 Compressed Oops: Enabled (32-bit)
 Alignments: Space 512K, Generation 512K, Heap 2M
 Heap Min Capacity: 100M
 Heap Initial Capacity: 100M
 Heap Max Capacity: 1G
 Pre-touch: Disabled
 Parallel Workers: 13

Heap:
 PSYoungGen      total 26624K, used 11539K [0x00000000eab00000, 0x00000000ec880000, 0x0000000100000000)
  eden space 24064K, 37% used [0x00000000eab00000,0x00000000eb3c86f8,0x00000000ec280000)
  from space 2560K, 99% used [0x00000000ec480000,0x00000000ec6fc6f8,0x00000000ec700000)
  to   space 1536K, 0% used [0x00000000ec700000,0x00000000ec700000,0x00000000ec880000)
 ParOldGen       total 68608K, used 8489K [0x00000000c0000000, 0x00000000c4300000, 0x00000000eab00000)
  object space 68608K, 12% used [0x00000000c0000000,0x00000000c084a6f0,0x00000000c4300000)
 Metaspace       used 32456K, committed 33088K, reserved 1114112K
  class space    used 3225K, committed 3520K, reserved 1048576K

Card table byte_map: [0x00000179e9c90000,0x00000179e9ea0000] _byte_map_base: 0x00000179e9690000

Marking Bits: (ParMarkBitMap*) 0x00007ffe1c1852c0
 Begin Bits: [0x00000179fbf40000, 0x00000179fcf40000)
 End Bits:   [0x00000179fcf40000, 0x00000179fdf40000)

Polling page: 0x00000179e9a80000

Metaspace:

Usage:
  Non-class:     28.55 MB used.
      Class:      3.15 MB used.
       Both:     31.70 MB used.

Virtual space:
  Non-class space:       64.00 MB reserved,      28.88 MB ( 45%) committed,  1 nodes.
      Class space:        1.00 GB reserved,       3.44 MB ( <1%) committed,  1 nodes.
             Both:        1.06 GB reserved,      32.31 MB (  3%) committed. 

Chunk freelists:
   Non-Class:  2.28 MB
       Class:  12.59 MB
        Both:  14.87 MB

MaxMetaspaceSize: unlimited
CompressedClassSpaceSize: 1.00 GB
Initial GC threshold: 21.00 MB
Current GC threshold: 35.00 MB
CDS: off
MetaspaceReclaimPolicy: balanced
 - commit_granule_bytes: 65536.
 - commit_granule_words: 8192.
 - virtual_space_node_default_size: 8388608.
 - enlarge_chunks_in_place: 1.
 - new_chunks_are_fully_committed: 0.
 - uncommit_free_chunks: 1.
 - use_allocation_guard: 0.
 - handle_deallocations: 1.


Internal statistics:

num_allocs_failed_limit: 3.
num_arena_births: 274.
num_arena_deaths: 14.
num_vsnodes_births: 2.
num_vsnodes_deaths: 0.
num_space_committed: 517.
num_space_uncommitted: 0.
num_chunks_returned_to_freelist: 24.
num_chunks_taken_from_freelist: 1219.
num_chunk_merges: 9.
num_chunk_splits: 807.
num_chunks_enlarged: 546.
num_inconsistent_stats: 0.

CodeHeap 'non-profiled nmethods': size=119168Kb used=1247Kb max_used=1247Kb free=117920Kb
 bounds [0x00000179f4ae0000, 0x00000179f4d50000, 0x00000179fbf40000]
CodeHeap 'profiled nmethods': size=119104Kb used=6415Kb max_used=6415Kb free=112688Kb
 bounds [0x00000179ecf40000, 0x00000179ed590000, 0x00000179f4390000]
CodeHeap 'non-nmethods': size=7488Kb used=2946Kb max_used=2964Kb free=4541Kb
 bounds [0x00000179f4390000, 0x00000179f4680000, 0x00000179f4ae0000]
 total_blobs=3747 nmethods=3170 adapters=488
 compilation: enabled
              stopped_count=0, restarted_count=0
 full_count=0

Compilation events (20 events):
Event: 3.811 Thread 0x00000179ff629a50 nmethod 3142 0x00000179ed578f10 code [0x00000179ed579100, 0x00000179ed5797d8]
Event: 3.811 Thread 0x00000179ff467870 nmethod 3144 0x00000179ed579a10 code [0x00000179ed579bc0, 0x00000179ed579d08]
Event: 3.811 Thread 0x00000179ff62a010 nmethod 3143 0x00000179ed579d90 code [0x00000179ed579f20, 0x00000179ed57a098]
Event: 3.811 Thread 0x00000179ff62a010 3146       3       com.sun.org.apache.xerces.internal.dom.DeferredDocumentImpl::getLastChild (7 bytes)
Event: 3.811 Thread 0x00000179ff629a50 3147       3       com.sun.org.apache.xerces.internal.dom.DeferredDocumentImpl::getLastChild (49 bytes)
Event: 3.811 Thread 0x00000179ff467870 3148       3       com.sun.org.apache.xerces.internal.dom.NamedNodeMapImpl::findNamePoint (105 bytes)
Event: 3.811 Thread 0x00000179ff62a010 nmethod 3146 0x00000179ed57a110 code [0x00000179ed57a2c0, 0x00000179ed57a408]
Event: 3.811 Thread 0x00000179ff62a010 3149       3       com.sun.org.apache.xerces.internal.dom.AttrImpl::getNodeValue (5 bytes)
Event: 3.811 Thread 0x00000179ff62a010 nmethod 3149 0x00000179ed57a490 code [0x00000179ed57a620, 0x00000179ed57a7c8]
Event: 3.811 Thread 0x00000179ff62a010 3150       3       com.sun.org.apache.xerces.internal.dom.AttrImpl::getValue (176 bytes)
Event: 3.812 Thread 0x00000179ff629a50 nmethod 3147 0x00000179ed57a890 code [0x00000179ed57aa60, 0x00000179ed57ad88]
Event: 3.812 Thread 0x00000179ff62a7e0 nmethod 3145 0x00000179ed57af10 code [0x00000179ed57b140, 0x00000179ed57b8b8]
Event: 3.812 Thread 0x00000179ff629a50 3152       1       org.eclipse.text.templates.TemplatePersistenceData::getId (5 bytes)
Event: 3.812 Thread 0x00000179ff62a7e0 3151       3       com.sun.org.apache.xerces.internal.dom.NodeImpl::hasStringValue (17 bytes)
Event: 3.812 Thread 0x00000179ff467870 nmethod 3148 0x00000179ed57bc90 code [0x00000179ed57bea0, 0x00000179ed57c598]
Event: 3.812 Thread 0x00000179ff629a50 nmethod 3152 0x00000179f4c11a10 code [0x00000179f4c11ba0, 0x00000179f4c11c78]
Event: 3.812 Thread 0x00000179ff62a7e0 nmethod 3151 0x00000179ed57c790 code [0x00000179ed57c920, 0x00000179ed57ca98]
Event: 3.812 Thread 0x00000179ff45ca60 nmethod 3069 0x00000179f4c11d10 code [0x00000179f4c11ec0, 0x00000179f4c12588]
Event: 3.813 Thread 0x00000179ff45ca60 3082       4       java.util.TreeMap::containsKey (14 bytes)
Event: 3.813 Thread 0x00000179ff62a010 nmethod 3150 0x00000179ed57cb10 code [0x00000179ed57ce20, 0x00000179ed57e2b8]

GC Heap History (16 events):
Event: 0.937 GC heap before
{Heap before GC invocations=1 (full 0):
 PSYoungGen      total 29696K, used 25600K [0x00000000eab00000, 0x00000000ecc00000, 0x0000000100000000)
  eden space 25600K, 100% used [0x00000000eab00000,0x00000000ec400000,0x00000000ec400000)
  from space 4096K, 0% used [0x00000000ec800000,0x00000000ec800000,0x00000000ecc00000)
  to   space 4096K, 0% used [0x00000000ec400000,0x00000000ec400000,0x00000000ec800000)
 ParOldGen       total 68608K, used 0K [0x00000000c0000000, 0x00000000c4300000, 0x00000000eab00000)
  object space 68608K, 0% used [0x00000000c0000000,0x00000000c0000000,0x00000000c4300000)
 Metaspace       used 10748K, committed 10816K, reserved 1114112K
  class space    used 1066K, committed 1088K, reserved 1048576K
}
Event: 0.944 GC heap after
{Heap after GC invocations=1 (full 0):
 PSYoungGen      total 29696K, used 3080K [0x00000000eab00000, 0x00000000ecc00000, 0x0000000100000000)
  eden space 25600K, 0% used [0x00000000eab00000,0x00000000eab00000,0x00000000ec400000)
  from space 4096K, 75% used [0x00000000ec400000,0x00000000ec7023a8,0x00000000ec800000)
  to   space 4096K, 0% used [0x00000000ec800000,0x00000000ec800000,0x00000000ecc00000)
 ParOldGen       total 68608K, used 16K [0x00000000c0000000, 0x00000000c4300000, 0x00000000eab00000)
  object space 68608K, 0% used [0x00000000c0000000,0x00000000c0004000,0x00000000c4300000)
 Metaspace       used 10748K, committed 10816K, reserved 1114112K
  class space    used 1066K, committed 1088K, reserved 1048576K
}
Event: 1.777 GC heap before
{Heap before GC invocations=2 (full 0):
 PSYoungGen      total 29696K, used 28680K [0x00000000eab00000, 0x00000000ecc00000, 0x0000000100000000)
  eden space 25600K, 100% used [0x00000000eab00000,0x00000000ec400000,0x00000000ec400000)
  from space 4096K, 75% used [0x00000000ec400000,0x00000000ec7023a8,0x00000000ec800000)
  to   space 4096K, 0% used [0x00000000ec800000,0x00000000ec800000,0x00000000ecc00000)
 ParOldGen       total 68608K, used 16K [0x00000000c0000000, 0x00000000c4300000, 0x00000000eab00000)
  object space 68608K, 0% used [0x00000000c0000000,0x00000000c0004000,0x00000000c4300000)
 Metaspace       used 14485K, committed 14656K, reserved 1114112K
  class space    used 1452K, committed 1536K, reserved 1048576K
}
Event: 1.786 GC heap after
{Heap after GC invocations=2 (full 0):
 PSYoungGen      total 29696K, used 4088K [0x00000000eab00000, 0x00000000ecc00000, 0x0000000100000000)
  eden space 25600K, 0% used [0x00000000eab00000,0x00000000eab00000,0x00000000ec400000)
  from space 4096K, 99% used [0x00000000ec800000,0x00000000ecbfe3b8,0x00000000ecc00000)
  to   space 4096K, 0% used [0x00000000ec400000,0x00000000ec400000,0x00000000ec800000)
 ParOldGen       total 68608K, used 1286K [0x00000000c0000000, 0x00000000c4300000, 0x00000000eab00000)
  object space 68608K, 1% used [0x00000000c0000000,0x00000000c0141830,0x00000000c4300000)
 Metaspace       used 14485K, committed 14656K, reserved 1114112K
  class space    used 1452K, committed 1536K, reserved 1048576K
}
Event: 2.594 GC heap before
{Heap before GC invocations=3 (full 0):
 PSYoungGen      total 29696K, used 29688K [0x00000000eab00000, 0x00000000ecc00000, 0x0000000100000000)
  eden space 25600K, 100% used [0x00000000eab00000,0x00000000ec400000,0x00000000ec400000)
  from space 4096K, 99% used [0x00000000ec800000,0x00000000ecbfe3b8,0x00000000ecc00000)
  to   space 4096K, 0% used [0x00000000ec400000,0x00000000ec400000,0x00000000ec800000)
 ParOldGen       total 68608K, used 1286K [0x00000000c0000000, 0x00000000c4300000, 0x00000000eab00000)
  object space 68608K, 1% used [0x00000000c0000000,0x00000000c0141830,0x00000000c4300000)
 Metaspace       used 19774K, committed 20160K, reserved 1114112K
  class space    used 1980K, committed 2176K, reserved 1048576K
}
Event: 2.601 GC heap after
{Heap after GC invocations=3 (full 0):
 PSYoungGen      total 29696K, used 4079K [0x00000000eab00000, 0x00000000ecc00000, 0x0000000100000000)
  eden space 25600K, 0% used [0x00000000eab00000,0x00000000eab00000,0x00000000ec400000)
  from space 4096K, 99% used [0x00000000ec400000,0x00000000ec7fbfc0,0x00000000ec800000)
  to   space 4096K, 0% used [0x00000000ec800000,0x00000000ec800000,0x00000000ecc00000)
 ParOldGen       total 68608K, used 3819K [0x00000000c0000000, 0x00000000c4300000, 0x00000000eab00000)
  object space 68608K, 5% used [0x00000000c0000000,0x00000000c03baef0,0x00000000c4300000)
 Metaspace       used 19774K, committed 20160K, reserved 1114112K
  class space    used 1980K, committed 2176K, reserved 1048576K
}
Event: 2.834 GC heap before
{Heap before GC invocations=4 (full 0):
 PSYoungGen      total 29696K, used 12704K [0x00000000eab00000, 0x00000000ecc00000, 0x0000000100000000)
  eden space 25600K, 33% used [0x00000000eab00000,0x00000000eb36c3c8,0x00000000ec400000)
  from space 4096K, 99% used [0x00000000ec400000,0x00000000ec7fbfc0,0x00000000ec800000)
  to   space 4096K, 0% used [0x00000000ec800000,0x00000000ec800000,0x00000000ecc00000)
 ParOldGen       total 68608K, used 3819K [0x00000000c0000000, 0x00000000c4300000, 0x00000000eab00000)
  object space 68608K, 5% used [0x00000000c0000000,0x00000000c03baef0,0x00000000c4300000)
 Metaspace       used 21125K, committed 21504K, reserved 1114112K
  class space    used 2129K, committed 2304K, reserved 1048576K
}
Event: 2.837 GC heap after
{Heap after GC invocations=4 (full 0):
 PSYoungGen      total 29696K, used 4081K [0x00000000eab00000, 0x00000000ecc00000, 0x0000000100000000)
  eden space 25600K, 0% used [0x00000000eab00000,0x00000000eab00000,0x00000000ec400000)
  from space 4096K, 99% used [0x00000000ec800000,0x00000000ecbfc460,0x00000000ecc00000)
  to   space 4096K, 0% used [0x00000000ec400000,0x00000000ec400000,0x00000000ec800000)
 ParOldGen       total 68608K, used 4315K [0x00000000c0000000, 0x00000000c4300000, 0x00000000eab00000)
  object space 68608K, 6% used [0x00000000c0000000,0x00000000c0436f10,0x00000000c4300000)
 Metaspace       used 21125K, committed 21504K, reserved 1114112K
  class space    used 2129K, committed 2304K, reserved 1048576K
}
Event: 2.837 GC heap before
{Heap before GC invocations=5 (full 1):
 PSYoungGen      total 29696K, used 4081K [0x00000000eab00000, 0x00000000ecc00000, 0x0000000100000000)
  eden space 25600K, 0% used [0x00000000eab00000,0x00000000eab00000,0x00000000ec400000)
  from space 4096K, 99% used [0x00000000ec800000,0x00000000ecbfc460,0x00000000ecc00000)
  to   space 4096K, 0% used [0x00000000ec400000,0x00000000ec400000,0x00000000ec800000)
 ParOldGen       total 68608K, used 4315K [0x00000000c0000000, 0x00000000c4300000, 0x00000000eab00000)
  object space 68608K, 6% used [0x00000000c0000000,0x00000000c0436f10,0x00000000c4300000)
 Metaspace       used 21125K, committed 21504K, reserved 1114112K
  class space    used 2129K, committed 2304K, reserved 1048576K
}
Event: 2.854 GC heap after
{Heap after GC invocations=5 (full 1):
 PSYoungGen      total 29696K, used 0K [0x00000000eab00000, 0x00000000ecc00000, 0x0000000100000000)
  eden space 25600K, 0% used [0x00000000eab00000,0x00000000eab00000,0x00000000ec400000)
  from space 4096K, 0% used [0x00000000ec800000,0x00000000ec800000,0x00000000ecc00000)
  to   space 4096K, 0% used [0x00000000ec400000,0x00000000ec400000,0x00000000ec800000)
 ParOldGen       total 68608K, used 8153K [0x00000000c0000000, 0x00000000c4300000, 0x00000000eab00000)
  object space 68608K, 11% used [0x00000000c0000000,0x00000000c07f66f0,0x00000000c4300000)
 Metaspace       used 21112K, committed 21504K, reserved 1114112K
  class space    used 2125K, committed 2304K, reserved 1048576K
}
Event: 3.261 GC heap before
{Heap before GC invocations=6 (full 1):
 PSYoungGen      total 29696K, used 25600K [0x00000000eab00000, 0x00000000ecc00000, 0x0000000100000000)
  eden space 25600K, 100% used [0x00000000eab00000,0x00000000ec400000,0x00000000ec400000)
  from space 4096K, 0% used [0x00000000ec800000,0x00000000ec800000,0x00000000ecc00000)
  to   space 4096K, 0% used [0x00000000ec400000,0x00000000ec400000,0x00000000ec800000)
 ParOldGen       total 68608K, used 8153K [0x00000000c0000000, 0x00000000c4300000, 0x00000000eab00000)
  object space 68608K, 11% used [0x00000000c0000000,0x00000000c07f66f0,0x00000000c4300000)
 Metaspace       used 24435K, committed 24960K, reserved 1114112K
  class space    used 2525K, committed 2752K, reserved 1048576K
}
Event: 3.263 GC heap after
{Heap after GC invocations=6 (full 1):
 PSYoungGen      total 27648K, used 2062K [0x00000000eab00000, 0x00000000eca80000, 0x0000000100000000)
  eden space 25088K, 0% used [0x00000000eab00000,0x00000000eab00000,0x00000000ec380000)
  from space 2560K, 80% used [0x00000000ec400000,0x00000000ec603b88,0x00000000ec680000)
  to   space 3584K, 0% used [0x00000000ec700000,0x00000000ec700000,0x00000000eca80000)
 ParOldGen       total 68608K, used 8161K [0x00000000c0000000, 0x00000000c4300000, 0x00000000eab00000)
  object space 68608K, 11% used [0x00000000c0000000,0x00000000c07f86f0,0x00000000c4300000)
 Metaspace       used 24435K, committed 24960K, reserved 1114112K
  class space    used 2525K, committed 2752K, reserved 1048576K
}
Event: 3.444 GC heap before
{Heap before GC invocations=7 (full 1):
 PSYoungGen      total 27648K, used 27150K [0x00000000eab00000, 0x00000000eca80000, 0x0000000100000000)
  eden space 25088K, 100% used [0x00000000eab00000,0x00000000ec380000,0x00000000ec380000)
  from space 2560K, 80% used [0x00000000ec400000,0x00000000ec603b88,0x00000000ec680000)
  to   space 3584K, 0% used [0x00000000ec700000,0x00000000ec700000,0x00000000eca80000)
 ParOldGen       total 68608K, used 8161K [0x00000000c0000000, 0x00000000c4300000, 0x00000000eab00000)
  object space 68608K, 11% used [0x00000000c0000000,0x00000000c07f86f0,0x00000000c4300000)
 Metaspace       used 27931K, committed 28480K, reserved 1114112K
  class space    used 2776K, committed 3008K, reserved 1048576K
}
Event: 3.445 GC heap after
{Heap after GC invocations=7 (full 1):
 PSYoungGen      total 27136K, used 2223K [0x00000000eab00000, 0x00000000ec980000, 0x0000000100000000)
  eden space 24576K, 0% used [0x00000000eab00000,0x00000000eab00000,0x00000000ec300000)
  from space 2560K, 86% used [0x00000000ec700000,0x00000000ec92bc90,0x00000000ec980000)
  to   space 2560K, 0% used [0x00000000ec480000,0x00000000ec480000,0x00000000ec700000)
 ParOldGen       total 68608K, used 8169K [0x00000000c0000000, 0x00000000c4300000, 0x00000000eab00000)
  object space 68608K, 11% used [0x00000000c0000000,0x00000000c07fa6f0,0x00000000c4300000)
 Metaspace       used 27931K, committed 28480K, reserved 1114112K
  class space    used 2776K, committed 3008K, reserved 1048576K
}
Event: 3.704 GC heap before
{Heap before GC invocations=8 (full 1):
 PSYoungGen      total 27136K, used 26799K [0x00000000eab00000, 0x00000000ec980000, 0x0000000100000000)
  eden space 24576K, 100% used [0x00000000eab00000,0x00000000ec300000,0x00000000ec300000)
  from space 2560K, 86% used [0x00000000ec700000,0x00000000ec92bc90,0x00000000ec980000)
  to   space 2560K, 0% used [0x00000000ec480000,0x00000000ec480000,0x00000000ec700000)
 ParOldGen       total 68608K, used 8169K [0x00000000c0000000, 0x00000000c4300000, 0x00000000eab00000)
  object space 68608K, 11% used [0x00000000c0000000,0x00000000c07fa6f0,0x00000000c4300000)
 Metaspace       used 30756K, committed 31296K, reserved 1114112K
  class space    used 3019K, committed 3264K, reserved 1048576K
}
Event: 3.707 GC heap after
{Heap after GC invocations=8 (full 1):
 PSYoungGen      total 26624K, used 2545K [0x00000000eab00000, 0x00000000ec880000, 0x0000000100000000)
  eden space 24064K, 0% used [0x00000000eab00000,0x00000000eab00000,0x00000000ec280000)
  from space 2560K, 99% used [0x00000000ec480000,0x00000000ec6fc6f8,0x00000000ec700000)
  to   space 1536K, 0% used [0x00000000ec700000,0x00000000ec700000,0x00000000ec880000)
 ParOldGen       total 68608K, used 8489K [0x00000000c0000000, 0x00000000c4300000, 0x00000000eab00000)
  object space 68608K, 12% used [0x00000000c0000000,0x00000000c084a6f0,0x00000000c4300000)
 Metaspace       used 30756K, committed 31296K, reserved 1114112K
  class space    used 3019K, committed 3264K, reserved 1048576K
}

Dll operation events (9 events):
Event: 0.013 Loaded shared library c:\Users\ADMIN\.vscode\extensions\redhat.java-1.18.0-win32-x64\jre\17.0.7-win32-x86_64\bin\java.dll
Event: 0.172 Loaded shared library c:\Users\ADMIN\.vscode\extensions\redhat.java-1.18.0-win32-x64\jre\17.0.7-win32-x86_64\bin\zip.dll
Event: 0.176 Loaded shared library C:\Users\ADMIN\.vscode\extensions\redhat.java-1.18.0-win32-x64\jre\17.0.7-win32-x86_64\bin\instrument.dll
Event: 0.192 Loaded shared library C:\Users\ADMIN\.vscode\extensions\redhat.java-1.18.0-win32-x64\jre\17.0.7-win32-x86_64\bin\net.dll
Event: 0.195 Loaded shared library C:\Users\ADMIN\.vscode\extensions\redhat.java-1.18.0-win32-x64\jre\17.0.7-win32-x86_64\bin\nio.dll
Event: 0.209 Loaded shared library C:\Users\ADMIN\.vscode\extensions\redhat.java-1.18.0-win32-x64\jre\17.0.7-win32-x86_64\bin\zip.dll
Event: 0.229 Loaded shared library C:\Users\ADMIN\.vscode\extensions\redhat.java-1.18.0-win32-x64\jre\17.0.7-win32-x86_64\bin\jimage.dll
Event: 0.309 Loaded shared library c:\Users\ADMIN\.vscode\extensions\redhat.java-1.18.0-win32-x64\jre\17.0.7-win32-x86_64\bin\verify.dll
Event: 1.639 Loaded shared library C:\Users\ADMIN\AppData\Roaming\Code\User\globalStorage\redhat.java\1.18.0\config_win\org.eclipse.equinox.launcher\org.eclipse.equinox.launcher.win32.win32.x86_64_1.2.700.v20221108-1024\eclipse_11801.dll

Deoptimization events (20 events):
Event: 3.601 Thread 0x0000017985d94cd0 DEOPT PACKING pc=0x00000179ed47fc9e sp=0x00000033c11f8cf0
Event: 3.601 Thread 0x0000017985d94cd0 DEOPT UNPACKING pc=0x00000179f43e6e43 sp=0x00000033c11f81e8 mode 0
Event: 3.601 Thread 0x0000017985d94cd0 DEOPT PACKING pc=0x00000179ed47fc9e sp=0x00000033c11f8cf0
Event: 3.601 Thread 0x0000017985d94cd0 DEOPT UNPACKING pc=0x00000179f43e6e43 sp=0x00000033c11f81e8 mode 0
Event: 3.631 Thread 0x0000017985d94cd0 Uncommon trap: trap_request=0xffffffc6 fr.pc=0x00000179f4b70bf8 relative=0x0000000000000938
Event: 3.631 Thread 0x0000017985d94cd0 Uncommon trap: reason=bimorphic_or_optimized_type_check action=maybe_recompile pc=0x00000179f4b70bf8 method=java.util.HashMap.putVal(ILjava/lang/Object;Ljava/lang/Object;ZZ)Ljava/lang/Object; @ 56 c2
Event: 3.631 Thread 0x0000017985d94cd0 DEOPT PACKING pc=0x00000179f4b70bf8 sp=0x00000033c11fdae0
Event: 3.631 Thread 0x0000017985d94cd0 DEOPT UNPACKING pc=0x00000179f43e66a3 sp=0x00000033c11fda38 mode 2
Event: 3.631 Thread 0x0000017985d94cd0 Uncommon trap: trap_request=0xffffffc6 fr.pc=0x00000179f4b70bf8 relative=0x0000000000000938
Event: 3.631 Thread 0x0000017985d94cd0 Uncommon trap: reason=bimorphic_or_optimized_type_check action=maybe_recompile pc=0x00000179f4b70bf8 method=java.util.HashMap.putVal(ILjava/lang/Object;Ljava/lang/Object;ZZ)Ljava/lang/Object; @ 56 c2
Event: 3.631 Thread 0x0000017985d94cd0 DEOPT PACKING pc=0x00000179f4b70bf8 sp=0x00000033c11fdae0
Event: 3.631 Thread 0x0000017985d94cd0 DEOPT UNPACKING pc=0x00000179f43e66a3 sp=0x00000033c11fda38 mode 2
Event: 3.631 Thread 0x0000017985d94cd0 Uncommon trap: trap_request=0xffffffc6 fr.pc=0x00000179f4b70bf8 relative=0x0000000000000938
Event: 3.631 Thread 0x0000017985d94cd0 Uncommon trap: reason=bimorphic_or_optimized_type_check action=maybe_recompile pc=0x00000179f4b70bf8 method=java.util.HashMap.putVal(ILjava/lang/Object;Ljava/lang/Object;ZZ)Ljava/lang/Object; @ 56 c2
Event: 3.631 Thread 0x0000017985d94cd0 DEOPT PACKING pc=0x00000179f4b70bf8 sp=0x00000033c11fdae0
Event: 3.631 Thread 0x0000017985d94cd0 DEOPT UNPACKING pc=0x00000179f43e66a3 sp=0x00000033c11fda38 mode 2
Event: 3.631 Thread 0x0000017985d94cd0 Uncommon trap: trap_request=0xffffffc6 fr.pc=0x00000179f4b70bf8 relative=0x0000000000000938
Event: 3.631 Thread 0x0000017985d94cd0 Uncommon trap: reason=bimorphic_or_optimized_type_check action=maybe_recompile pc=0x00000179f4b70bf8 method=java.util.HashMap.putVal(ILjava/lang/Object;Ljava/lang/Object;ZZ)Ljava/lang/Object; @ 56 c2
Event: 3.631 Thread 0x0000017985d94cd0 DEOPT PACKING pc=0x00000179f4b70bf8 sp=0x00000033c11fdae0
Event: 3.631 Thread 0x0000017985d94cd0 DEOPT UNPACKING pc=0x00000179f43e66a3 sp=0x00000033c11fda38 mode 2

Classes unloaded (7 events):
Event: 2.840 Thread 0x00000179ea3741c0 Unloading class 0x000000010021e800 'java/lang/invoke/LambdaForm$MH+0x000000010021e800'
Event: 2.840 Thread 0x00000179ea3741c0 Unloading class 0x000000010021e400 'java/lang/invoke/LambdaForm$MH+0x000000010021e400'
Event: 2.840 Thread 0x00000179ea3741c0 Unloading class 0x000000010021e000 'java/lang/invoke/LambdaForm$MH+0x000000010021e000'
Event: 2.840 Thread 0x00000179ea3741c0 Unloading class 0x000000010021dc00 'java/lang/invoke/LambdaForm$MH+0x000000010021dc00'
Event: 2.840 Thread 0x00000179ea3741c0 Unloading class 0x000000010021d400 'java/lang/invoke/LambdaForm$BMH+0x000000010021d400'
Event: 2.840 Thread 0x00000179ea3741c0 Unloading class 0x000000010021d000 'java/lang/invoke/LambdaForm$DMH+0x000000010021d000'
Event: 2.840 Thread 0x00000179ea3741c0 Unloading class 0x0000000100218400 'java/lang/invoke/LambdaForm$DMH+0x0000000100218400'

Classes redefined (0 events):
No events

Internal exceptions (20 events):
Event: 2.893 Thread 0x0000017985d94cd0 Exception <a 'java/lang/NoSuchMethodError'{0x00000000eacb8fe8}: 'java.lang.Object java.lang.invoke.DirectMethodHandle$Holder.newInvokeSpecial(java.lang.Object, java.lang.Object, java.lang.Object, long)'> (0x00000000eacb8fe8) 
thrown [s\src\hotspot\share\interpreter\linkResolver.cpp, line 759]
Event: 2.893 Thread 0x0000017985d94cd0 Exception <a 'java/lang/NoSuchMethodError'{0x00000000eacbd588}: 'java.lang.Object java.lang.invoke.DirectMethodHandle$Holder.invokeSpecial(java.lang.Object, java.lang.Object, java.lang.Object, java.lang.Object, long)'> (0x00000000eacbd588) 
thrown [s\src\hotspot\share\interpreter\linkResolver.cpp, line 759]
Event: 2.901 Thread 0x0000017985d94cd0 Exception <a 'java/lang/NoSuchMethodError'{0x00000000ead6f328}: 'int java.lang.invoke.DirectMethodHandle$Holder.invokeStaticInit(java.lang.Object, java.lang.Object, java.lang.Object)'> (0x00000000ead6f328) 
thrown [s\src\hotspot\share\interpreter\linkResolver.cpp, line 759]
Event: 2.908 Thread 0x0000017985d94cd0 Exception <a 'java/lang/IncompatibleClassChangeError'{0x00000000eadd6380}: Found class java.lang.Object, but interface was expected> (0x00000000eadd6380) 
thrown [s\src\hotspot\share\interpreter\linkResolver.cpp, line 826]
Event: 2.913 Thread 0x0000017985d94cd0 Exception <a 'java/lang/NoSuchMethodError'{0x00000000eadea1a0}: 'java.lang.Object java.lang.invoke.DirectMethodHandle$Holder.invokeSpecial(java.lang.Object, java.lang.Object, java.lang.Object, int, java.lang.Object, java.lang.Object)'> (0x00000000eadea1a0) 
thrown [s\src\hotspot\share\interpreter\linkResolver.cpp, line 759]
Event: 2.915 Thread 0x0000017985d94cd0 Exception <a 'java/lang/NoSuchMethodError'{0x00000000eadf2928}: 'java.lang.Object java.lang.invoke.DirectMethodHandle$Holder.newInvokeSpecial(java.lang.Object, java.lang.Object, java.lang.Object, int, java.lang.Object)'> (0x00000000eadf2928) 
thrown [s\src\hotspot\share\interpreter\linkResolver.cpp, line 759]
Event: 2.916 Thread 0x0000017985d94cd0 Exception <a 'java/lang/NoSuchMethodError'{0x00000000eadf6d80}: 'java.lang.Object java.lang.invoke.DirectMethodHandle$Holder.invokeSpecial(java.lang.Object, java.lang.Object, java.lang.Object, java.lang.Object, int, java.lang.Object)'> (0x00000000eadf6d80) 
thrown [s\src\hotspot\share\interpreter\linkResolver.cpp, line 759]
Event: 2.917 Thread 0x00000179864a34d0 Exception <a 'java/lang/NoSuchMethodError'{0x00000000ead1cc50}: 'java.lang.Object java.lang.invoke.DirectMethodHandle$Holder.invokeSpecial(java.lang.Object, java.lang.Object, int, java.lang.Object, java.lang.Object)'> (0x00000000ead1cc50) 
thrown [s\src\hotspot\share\interpreter\linkResolver.cpp, line 759]
Event: 2.918 Thread 0x00000179864a34d0 Exception <a 'java/lang/NoSuchMethodError'{0x00000000ead24320}: 'java.lang.Object java.lang.invoke.DirectMethodHandle$Holder.newInvokeSpecial(java.lang.Object, java.lang.Object, int, java.lang.Object)'> (0x00000000ead24320) 
thrown [s\src\hotspot\share\interpreter\linkResolver.cpp, line 759]
Event: 2.919 Thread 0x00000179864a34d0 Exception <a 'java/lang/NoSuchMethodError'{0x00000000ead27e30}: 'java.lang.Object java.lang.invoke.DirectMethodHandle$Holder.invokeSpecial(java.lang.Object, java.lang.Object, java.lang.Object, int, java.lang.Object)'> (0x00000000ead27e30) 
thrown [s\src\hotspot\share\interpreter\linkResolver.cpp, line 759]
Event: 3.114 Thread 0x0000017985d94cd0 Exception <a 'java/io/FileNotFoundException'{0x00000000eb8cec00}> (0x00000000eb8cec00) 
thrown [s\src\hotspot\share\prims\jni.cpp, line 516]
Event: 3.199 Thread 0x0000017985d94cd0 Exception <a 'java/lang/NoSuchMethodError'{0x00000000ebe9a018}: 'void java.lang.invoke.DirectMethodHandle$Holder.invokeSpecial(java.lang.Object, java.lang.Object, java.lang.Object, int)'> (0x00000000ebe9a018) 
thrown [s\src\hotspot\share\interpreter\linkResolver.cpp, line 759]
Event: 3.240 Thread 0x00000179864a34d0 Exception <a 'java/io/FileNotFoundException'{0x00000000ec17f858}> (0x00000000ec17f858) 
thrown [s\src\hotspot\share\prims\jni.cpp, line 516]
Event: 3.597 Thread 0x0000017985d94cd0 Exception <a 'java/lang/ClassNotFoundException'{0x00000000ebdcadb8}: com/sun/org/apache/xerces/internal/impl/msg/spi/DOMMessagesProvider> (0x00000000ebdcadb8) 
thrown [s\src\hotspot\share\classfile\systemDictionary.cpp, line 256]
Event: 3.600 Thread 0x0000017985d94cd0 Exception <a 'java/lang/ClassNotFoundException'{0x00000000ebdee030}: com/sun/org/apache/xerces/internal/impl/msg/spi/XMLSerializerMessagesProvider> (0x00000000ebdee030) 
thrown [s\src\hotspot\share\classfile\systemDictionary.cpp, line 256]
Event: 3.600 Thread 0x0000017985d94cd0 Exception <a 'java/lang/ClassNotFoundException'{0x00000000ebdfb308}: com/sun/org/apache/xerces/internal/impl/msg/spi/XMLMessagesProvider> (0x00000000ebdfb308) 
thrown [s\src\hotspot\share\classfile\systemDictionary.cpp, line 256]
Event: 3.617 Thread 0x0000017985d94cd0 Exception <a 'java/lang/NoSuchMethodError'{0x00000000ebebec18}: 'void java.lang.invoke.DirectMethodHandle$Holder.invokeVirtual(java.lang.Object, java.lang.Object)'> (0x00000000ebebec18) 
thrown [s\src\hotspot\share\interpreter\linkResolver.cpp, line 759]
Event: 3.643 Thread 0x0000017985d94cd0 Exception <a 'java/lang/NoSuchMethodError'{0x00000000ec08d0d8}: 'java.lang.Object java.lang.invoke.DirectMethodHandle$Holder.invokeStaticInit(java.lang.Object, int, int, int, int)'> (0x00000000ec08d0d8) 
thrown [s\src\hotspot\share\interpreter\linkResolver.cpp, line 759]
Event: 3.678 Thread 0x0000017985d94cd0 Exception <a 'java/lang/NoSuchMethodError'{0x00000000ec1bc360}: 'java.lang.Object java.lang.invoke.DirectMethodHandle$Holder.invokeStaticInit(java.lang.Object, java.lang.Object, int, int, int, int)'> (0x00000000ec1bc360) 
thrown [s\src\hotspot\share\interpreter\linkResolver.cpp, line 759]
Event: 3.741 Thread 0x0000017985d94cd0 Exception <a 'java/lang/ClassNotFoundException'{0x00000000ead2e408}: com/sun/org/apache/xml/internal/serializer/spi/XMLEntitiesProvider> (0x00000000ead2e408) 
thrown [s\src\hotspot\share\classfile\systemDictionary.cpp, line 256]

VM Operations (20 events):
Event: 2.637 Executing VM operation: HandshakeAllThreads
Event: 2.637 Executing VM operation: HandshakeAllThreads done
Event: 2.834 Executing VM operation: CollectForMetadataAllocation
Event: 2.854 Executing VM operation: CollectForMetadataAllocation done
Event: 2.932 Executing VM operation: HandshakeAllThreads
Event: 2.932 Executing VM operation: HandshakeAllThreads done
Event: 3.060 Executing VM operation: HandshakeAllThreads
Event: 3.060 Executing VM operation: HandshakeAllThreads done
Event: 3.261 Executing VM operation: ParallelGCFailedAllocation
Event: 3.263 Executing VM operation: ParallelGCFailedAllocation done
Event: 3.443 Executing VM operation: ParallelGCFailedAllocation
Event: 3.445 Executing VM operation: ParallelGCFailedAllocation done
Event: 3.630 Executing VM operation: HandshakeAllThreads
Event: 3.631 Executing VM operation: HandshakeAllThreads done
Event: 3.672 Executing VM operation: HandshakeAllThreads
Event: 3.673 Executing VM operation: HandshakeAllThreads done
Event: 3.704 Executing VM operation: ParallelGCFailedAllocation
Event: 3.707 Executing VM operation: ParallelGCFailedAllocation done
Event: 3.767 Executing VM operation: HandshakeAllThreads
Event: 3.768 Executing VM operation: HandshakeAllThreads done

Events (20 events):
Event: 3.786 loading class sun/nio/cs/KOI8_R
Event: 3.787 loading class sun/nio/cs/KOI8_R done
Event: 3.796 loading class com/sun/org/apache/xml/internal/serializer/NamespaceMappings
Event: 3.796 loading class com/sun/org/apache/xml/internal/serializer/NamespaceMappings done
Event: 3.796 loading class com/sun/org/apache/xml/internal/serializer/NamespaceMappings$MappingRecord
Event: 3.796 loading class com/sun/org/apache/xml/internal/serializer/NamespaceMappings$MappingRecord done
Event: 3.796 loading class javax/xml/transform/stream/StreamSource
Event: 3.796 loading class javax/xml/transform/stream/StreamSource done
Event: 3.796 loading class javax/xml/transform/sax/SAXSource
Event: 3.796 loading class javax/xml/transform/sax/SAXSource done
Event: 3.796 loading class javax/xml/transform/stax/StAXSource
Event: 3.796 loading class javax/xml/transform/stax/StAXSource done
Event: 3.797 loading class com/sun/org/apache/xalan/internal/xsltc/trax/DOM2TO
Event: 3.797 loading class com/sun/org/apache/xalan/internal/xsltc/trax/DOM2TO done
Event: 3.804 loading class com/sun/org/apache/xml/internal/serializer/WriterToUTF8Buffered
Event: 3.804 loading class com/sun/org/apache/xml/internal/serializer/WriterChain
Event: 3.804 loading class com/sun/org/apache/xml/internal/serializer/WriterChain done
Event: 3.804 loading class com/sun/org/apache/xml/internal/serializer/WriterToUTF8Buffered done
Event: 3.804 loading class com/sun/org/apache/xml/internal/serializer/WriterToASCI
Event: 3.804 loading class com/sun/org/apache/xml/internal/serializer/WriterToASCI done


Dynamic libraries:
0x00007ff686400000 - 0x00007ff68640e000 	c:\Users\ADMIN\.vscode\extensions\redhat.java-1.18.0-win32-x64\jre\17.0.7-win32-x86_64\bin\java.exe
0x00007ffe877f0000 - 0x00007ffe87a04000 	C:\WINDOWS\SYSTEM32\ntdll.dll
0x00007ffe86850000 - 0x00007ffe86912000 	C:\WINDOWS\System32\KERNEL32.DLL
0x00007ffe84f50000 - 0x00007ffe852ec000 	C:\WINDOWS\System32\KERNELBASE.dll
0x00007ffe85370000 - 0x00007ffe85481000 	C:\WINDOWS\System32\ucrtbase.dll
0x00007ffe6fde0000 - 0x00007ffe6fdf9000 	c:\Users\ADMIN\.vscode\extensions\redhat.java-1.18.0-win32-x64\jre\17.0.7-win32-x86_64\bin\VCRUNTIME140.dll
0x00007ffe7a190000 - 0x00007ffe7a1a7000 	c:\Users\ADMIN\.vscode\extensions\redhat.java-1.18.0-win32-x64\jre\17.0.7-win32-x86_64\bin\jli.dll
0x00007ffe85a80000 - 0x00007ffe85c2b000 	C:\WINDOWS\System32\USER32.dll
0x00007ffe73c20000 - 0x00007ffe73eae000 	C:\WINDOWS\WinSxS\amd64_microsoft.windows.common-controls_6595b64144ccf1df_6.0.22621.608_none_a9444ca7c10bb01d\COMCTL32.dll
0x00007ffe84c30000 - 0x00007ffe84c56000 	C:\WINDOWS\System32\win32u.dll
0x00007ffe85e70000 - 0x00007ffe85e99000 	C:\WINDOWS\System32\GDI32.dll
0x00007ffe86f40000 - 0x00007ffe86fe7000 	C:\WINDOWS\System32\msvcrt.dll
0x00007ffe84c60000 - 0x00007ffe84d73000 	C:\WINDOWS\System32\gdi32full.dll
0x00007ffe84d80000 - 0x00007ffe84e1a000 	C:\WINDOWS\System32\msvcp_win.dll
0x00007ffe86c20000 - 0x00007ffe86c51000 	C:\WINDOWS\System32\IMM32.DLL
0x00007ffe7fdb0000 - 0x00007ffe7fdbc000 	c:\Users\ADMIN\.vscode\extensions\redhat.java-1.18.0-win32-x64\jre\17.0.7-win32-x86_64\bin\vcruntime140_1.dll
0x00007ffe5b800000 - 0x00007ffe5b891000 	c:\Users\ADMIN\.vscode\extensions\redhat.java-1.18.0-win32-x64\jre\17.0.7-win32-x86_64\bin\msvcp140.dll
0x00007ffe1b600000 - 0x00007ffe1c248000 	c:\Users\ADMIN\.vscode\extensions\redhat.java-1.18.0-win32-x64\jre\17.0.7-win32-x86_64\bin\server\jvm.dll
0x00007ffe86c60000 - 0x00007ffe86d0e000 	C:\WINDOWS\System32\ADVAPI32.dll
0x00007ffe86ae0000 - 0x00007ffe86b84000 	C:\WINDOWS\System32\sechost.dll
0x00007ffe86e20000 - 0x00007ffe86f37000 	C:\WINDOWS\System32\RPCRT4.dll
0x00007ffe62db0000 - 0x00007ffe62db9000 	C:\WINDOWS\SYSTEM32\WSOCK32.dll
0x00007ffe7d090000 - 0x00007ffe7d0c4000 	C:\WINDOWS\SYSTEM32\WINMM.dll
0x00007ffe7d7c0000 - 0x00007ffe7d7ca000 	C:\WINDOWS\SYSTEM32\VERSION.dll
0x00007ffe85c30000 - 0x00007ffe85ca1000 	C:\WINDOWS\System32\WS2_32.dll
0x00007ffe83c60000 - 0x00007ffe83c78000 	C:\WINDOWS\SYSTEM32\kernel.appcore.dll
0x00007ffe7fcb0000 - 0x00007ffe7fcba000 	c:\Users\ADMIN\.vscode\extensions\redhat.java-1.18.0-win32-x64\jre\17.0.7-win32-x86_64\bin\jimage.dll
0x00007ffe82620000 - 0x00007ffe8284e000 	C:\WINDOWS\SYSTEM32\DBGHELP.DLL
0x00007ffe87420000 - 0x00007ffe877a9000 	C:\WINDOWS\System32\combase.dll
0x00007ffe87230000 - 0x00007ffe87307000 	C:\WINDOWS\System32\OLEAUT32.dll
0x00007ffe7d050000 - 0x00007ffe7d082000 	C:\WINDOWS\SYSTEM32\dbgcore.DLL
0x00007ffe852f0000 - 0x00007ffe8536b000 	C:\WINDOWS\System32\bcryptPrimitives.dll
0x00007ffe7b390000 - 0x00007ffe7b39e000 	c:\Users\ADMIN\.vscode\extensions\redhat.java-1.18.0-win32-x64\jre\17.0.7-win32-x86_64\bin\instrument.dll
0x00007ffe6e740000 - 0x00007ffe6e765000 	c:\Users\ADMIN\.vscode\extensions\redhat.java-1.18.0-win32-x64\jre\17.0.7-win32-x86_64\bin\java.dll
0x00007ffe6edd0000 - 0x00007ffe6ede8000 	c:\Users\ADMIN\.vscode\extensions\redhat.java-1.18.0-win32-x64\jre\17.0.7-win32-x86_64\bin\zip.dll
0x00007ffe85ea0000 - 0x00007ffe86690000 	C:\WINDOWS\System32\SHELL32.dll
0x00007ffe82bf0000 - 0x00007ffe834bd000 	C:\WINDOWS\SYSTEM32\windows.storage.dll
0x00007ffe82ab0000 - 0x00007ffe82bee000 	C:\WINDOWS\SYSTEM32\wintypes.dll
0x00007ffe85d70000 - 0x00007ffe85e61000 	C:\WINDOWS\System32\SHCORE.dll
0x00007ffe86dc0000 - 0x00007ffe86e1e000 	C:\WINDOWS\System32\shlwapi.dll
0x00007ffe84b60000 - 0x00007ffe84b81000 	C:\WINDOWS\SYSTEM32\profapi.dll
0x00007ffe6e5c0000 - 0x00007ffe6e5d9000 	C:\Users\ADMIN\.vscode\extensions\redhat.java-1.18.0-win32-x64\jre\17.0.7-win32-x86_64\bin\net.dll
0x00007ffe7f560000 - 0x00007ffe7f697000 	C:\WINDOWS\SYSTEM32\WINHTTP.dll
0x00007ffe840f0000 - 0x00007ffe84159000 	C:\WINDOWS\system32\mswsock.dll
0x00007ffe6e380000 - 0x00007ffe6e395000 	C:\Users\ADMIN\.vscode\extensions\redhat.java-1.18.0-win32-x64\jre\17.0.7-win32-x86_64\bin\nio.dll
0x00007ffe7a180000 - 0x00007ffe7a190000 	c:\Users\ADMIN\.vscode\extensions\redhat.java-1.18.0-win32-x64\jre\17.0.7-win32-x86_64\bin\verify.dll
0x00007ffe6dea0000 - 0x00007ffe6dede000 	C:\Users\ADMIN\AppData\Roaming\Code\User\globalStorage\redhat.java\1.18.0\config_win\org.eclipse.equinox.launcher\org.eclipse.equinox.launcher.win32.win32.x86_64_1.2.700.v20221108-1024\eclipse_11801.dll
0x00007ffe86ff0000 - 0x00007ffe8718c000 	C:\WINDOWS\System32\ole32.dll
0x00007ffe843c0000 - 0x00007ffe843db000 	C:\WINDOWS\SYSTEM32\CRYPTSP.dll
0x00007ffe83bd0000 - 0x00007ffe83c05000 	C:\WINDOWS\system32\rsaenh.dll
0x00007ffe84260000 - 0x00007ffe84288000 	C:\WINDOWS\SYSTEM32\USERENV.dll
0x00007ffe84560000 - 0x00007ffe84588000 	C:\WINDOWS\SYSTEM32\bcrypt.dll
0x00007ffe843e0000 - 0x00007ffe843ec000 	C:\WINDOWS\SYSTEM32\CRYPTBASE.dll
0x00007ffe83750000 - 0x00007ffe8377d000 	C:\WINDOWS\SYSTEM32\IPHLPAPI.DLL
0x00007ffe87190000 - 0x00007ffe87199000 	C:\WINDOWS\System32\NSI.dll
0x00007ffe7d8a0000 - 0x00007ffe7d8b9000 	C:\WINDOWS\SYSTEM32\dhcpcsvc6.DLL
0x00007ffe7d7a0000 - 0x00007ffe7d7bf000 	C:\WINDOWS\SYSTEM32\dhcpcsvc.DLL
0x00007ffe83780000 - 0x00007ffe83873000 	C:\WINDOWS\SYSTEM32\DNSAPI.dll
0x00007ffe60b80000 - 0x00007ffe60bc5000 	C:\Users\ADMIN\AppData\Local\Temp\jna-62130991\jna11702120176518103831.dll
0x00007ffe85d60000 - 0x00007ffe85d68000 	C:\WINDOWS\System32\PSAPI.DLL

dbghelp: loaded successfully - version: 4.0.5 - missing functions: none
symbol engine: initialized successfully - sym options: 0x614 - pdb path: .;c:\Users\ADMIN\.vscode\extensions\redhat.java-1.18.0-win32-x64\jre\17.0.7-win32-x86_64\bin;C:\WINDOWS\SYSTEM32;C:\WINDOWS\WinSxS\amd64_microsoft.windows.common-controls_6595b64144ccf1df_6.0.22621.608_none_a9444ca7c10bb01d;c:\Users\ADMIN\.vscode\extensions\redhat.java-1.18.0-win32-x64\jre\17.0.7-win32-x86_64\bin\server;C:\Users\ADMIN\AppData\Roaming\Code\User\globalStorage\redhat.java\1.18.0\config_win\org.eclipse.equinox.launcher\org.eclipse.equinox.launcher.win32.win32.x86_64_1.2.700.v20221108-1024;C:\Users\ADMIN\AppData\Local\Temp\jna-62130991

VM Arguments:
jvm_args: --add-modules=ALL-SYSTEM --add-opens=java.base/java.util=ALL-UNNAMED --add-opens=java.base/java.lang=ALL-UNNAMED --add-opens=java.base/sun.nio.fs=ALL-UNNAMED -Declipse.application=org.eclipse.jdt.ls.core.id1 -Dosgi.bundles.defaultStartLevel=4 -Declipse.product=org.eclipse.jdt.ls.core.product -Djava.import.generatesMetadataFilesAtProjectRoot=false -Dfile.encoding=utf8 -XX:+UseParallelGC -XX:GCTimeRatio=4 -XX:AdaptiveSizePolicyWeight=90 -Dsun.zip.disableMemoryMapping=true -Xmx1G -Xms100m -Xlog:disable -javaagent:c:\Users\ADMIN\.vscode\extensions\redhat.java-1.18.0-win32-x64\lombok\lombok-1.18.27.jar -XX:+HeapDumpOnOutOfMemoryError -XX:HeapDumpPath=c:\Users\ADMIN\AppData\Roaming\Code\User\workspaceStorage\4c1ab381de116513bcdb067e4a9c71b1\redhat.java -Daether.dependencyCollector.impl=bf 
java_command: c:\Users\ADMIN\.vscode\extensions\redhat.java-1.18.0-win32-x64\server\plugins\org.eclipse.equinox.launcher_1.6.400.v20210924-0641.jar -configuration c:\Users\ADMIN\AppData\Roaming\Code\User\globalStorage\redhat.java\1.18.0\config_win -data c:\Users\ADMIN\AppData\Roaming\Code\User\workspaceStorage\4c1ab381de116513bcdb067e4a9c71b1\redhat.java\jdt_ws
java_class_path (initial): c:\Users\ADMIN\.vscode\extensions\redhat.java-1.18.0-win32-x64\server\plugins\org.eclipse.equinox.launcher_1.6.400.v20210924-0641.jar
Launcher Type: SUN_STANDARD

[Global flags]
    uintx AdaptiveSizePolicyWeight                 = 90                                        {product} {command line}
     intx CICompilerCount                          = 12                                        {product} {ergonomic}
    uintx GCTimeRatio                              = 4                                         {product} {command line}
     bool HeapDumpOnOutOfMemoryError               = true                                   {manageable} {command line}
    ccstr HeapDumpPath                             = c:\Users\ADMIN\AppData\Roaming\Code\User\workspaceStorage\4c1ab381de116513bcdb067e4a9c71b1\redhat.java         {manageable} {command line}
   size_t InitialHeapSize                          = 104857600                                 {product} {command line}
   size_t MaxHeapSize                              = 1073741824                                {product} {command line}
   size_t MaxNewSize                               = 357564416                                 {product} {ergonomic}
   size_t MinHeapDeltaBytes                        = 524288                                    {product} {ergonomic}
   size_t MinHeapSize                              = 104857600                                 {product} {command line}
   size_t NewSize                                  = 34603008                                  {product} {ergonomic}
    uintx NonNMethodCodeHeapSize                   = 7602480                                {pd product} {ergonomic}
    uintx NonProfiledCodeHeapSize                  = 122027880                              {pd product} {ergonomic}
   size_t OldSize                                  = 70254592                                  {product} {ergonomic}
    uintx ProfiledCodeHeapSize                     = 122027880                              {pd product} {ergonomic}
    uintx ReservedCodeCacheSize                    = 251658240                              {pd product} {ergonomic}
     bool SegmentedCodeCache                       = true                                      {product} {ergonomic}
   size_t SoftMaxHeapSize                          = 1073741824                             {manageable} {ergonomic}
     bool UseCompressedClassPointers               = true                           {product lp64_product} {ergonomic}
     bool UseCompressedOops                        = true                           {product lp64_product} {ergonomic}
     bool UseLargePagesIndividualAllocation        = false                                  {pd product} {ergonomic}
     bool UseParallelGC                            = true                                      {product} {command line}

Logging:
Log output configuration:
 #0: stdout all=off uptime,level,tags
 #1: stderr all=off uptime,level,tags

Environment Variables:
PATH=C:\Program Files\Common Files\Oracle\Java\javapath;C:\Program Files (x86)\Common Files\Intel\Shared Libraries\redist\intel64\compiler;C:\Windows\system32;C:\Windows;C:\Windows\System32\Wbem;C:\Windows\System32\WindowsPowerShell\v1.0\;C:\Windows\System32\OpenSSH\;C:\Program Files (x86)\NVIDIA Corporation\PhysX\Common;C:\Program Files\NVIDIA Corporation\NVIDIA NvDLISR;C:\Program Files\Git\cmd;C:\WINDOWS\system32;C:\WINDOWS;C:\WINDOWS\System32\Wbem;C:\WINDOWS\System32\WindowsPowerShell\v1.0\;C:\WINDOWS\System32\OpenSSH\;C:\Users\ADMIN\AppData\Local\Microsoft\WindowsApps;C:\Users\ADMIN\AppData\Local\Programs\Microsoft VS Code\bin;C:\msys64\mingw64\bin;C:\msys64\usr\bin;
USERNAME=ADMIN
OS=Windows_NT
PROCESSOR_IDENTIFIER=AMD64 Family 23 Model 96 Stepping 1, AuthenticAMD
TMP=C:\Users\ADMIN\AppData\Local\Temp
TEMP=C:\Users\ADMIN\AppData\Local\Temp



---------------  S Y S T E M  ---------------

OS:
 Windows 11 , 64 bit Build 22621 (10.0.22621.1485)
OS uptime: 0 days 11:02 hours
Hyper-V role detected

CPU: total 16 (initial active 16) (16 cores per cpu, 2 threads per core) family 23 model 96 stepping 1 microcode 0x0, cx8, cmov, fxsr, ht, mmx, 3dnowpref, sse, sse2, sse3, ssse3, sse4a, sse4.1, sse4.2, popcnt, lzcnt, tsc, tscinvbit, avx, avx2, aes, clmul, bmi1, bmi2, adx, sha, fma, vzeroupper, clflush, clflushopt, hv

Memory: 4k page, system-wide physical 7599M (372M free)
TotalPageFile size 15791M (AvailPageFile size 2M)
current process WorkingSet (physical memory assigned to process): 147M, peak: 147M
current process commit charge ("private bytes"): 270M, peak: 271M

vm_info: OpenJDK 64-Bit Server VM (17.0.7+7) for windows-amd64 JRE (17.0.7+7), built on Apr 18 2023 22:10:42 by "temurin" with MS VC++ 16.7 (VS2019)

END.
