#
# There is insufficient memory for the Java Runtime Environment to continue.
# Native memory allocation (malloc) failed to allocate 576944 bytes for Chunk::new
# Possible reasons:
#   The system is out of physical RAM or swap space
#   The process is running with CompressedOops enabled, and the Java Heap may be blocking the growth of the native heap
# Possible solutions:
#   Reduce memory load on the system
#   Increase physical memory or swap space
#   Check if swap backing store is full
#   Decrease Java heap size (-Xmx/-Xms)
#   Decrease number of Java threads
#   Decrease Java thread stack sizes (-Xss)
#   Set larger code cache with -XX:ReservedCodeCacheSize=
#   JVM is running with Unscaled Compressed Oops mode in which the Java heap is
#     placed in the first 4GB address space. The Java Heap base address is the
#     maximum limit for the native heap growth. Please use -XX:HeapBaseMinAddress
#     to set the Java Heap base and to place the Java Heap above 4GB virtual address.
# This output file may be truncated or incomplete.
#
#  Out of Memory Error (arena.cpp:189), pid=1896, tid=14968
#
# JRE version: OpenJDK Runtime Environment Temurin-17.0.7+7 (17.0.7+7) (build 17.0.7+7)
# Java VM: OpenJDK 64-Bit Server VM Temurin-17.0.7+7 (17.0.7+7, mixed mode, tiered, compressed oops, compressed class ptrs, parallel gc, windows-amd64)
# No core dump will be written. Minidumps are not enabled by default on client versions of Windows
#

---------------  S U M M A R Y ------------

Command Line: --add-modules=ALL-SYSTEM --add-opens=java.base/java.util=ALL-UNNAMED --add-opens=java.base/java.lang=ALL-UNNAMED --add-opens=java.base/sun.nio.fs=ALL-UNNAMED -Declipse.application=org.eclipse.jdt.ls.core.id1 -Dosgi.bundles.defaultStartLevel=4 -Declipse.product=org.eclipse.jdt.ls.core.product -Djava.import.generatesMetadataFilesAtProjectRoot=false -Dfile.encoding=utf8 -XX:+UseParallelGC -XX:GCTimeRatio=4 -XX:AdaptiveSizePolicyWeight=90 -Dsun.zip.disableMemoryMapping=true -Xmx1G -Xms100m -Xlog:disable -javaagent:c:\Users\ADMIN\.vscode\extensions\redhat.java-1.18.0-win32-x64\lombok\lombok-1.18.27.jar -XX:+HeapDumpOnOutOfMemoryError -XX:HeapDumpPath=c:\Users\ADMIN\AppData\Roaming\Code\User\workspaceStorage\4c1ab381de116513bcdb067e4a9c71b1\redhat.java -Daether.dependencyCollector.impl=bf c:\Users\ADMIN\.vscode\extensions\redhat.java-1.18.0-win32-x64\server\plugins\org.eclipse.equinox.launcher_1.6.400.v20210924-0641.jar -configuration c:\Users\ADMIN\AppData\Roaming\Code\User\globalStorage\redhat.java\1.18.0\config_win -data c:\Users\ADMIN\AppData\Roaming\Code\User\workspaceStorage\4c1ab381de116513bcdb067e4a9c71b1\redhat.java\jdt_ws

Host: AMD Ryzen 7 4800H with Radeon Graphics         , 16 cores, 7G,  Windows 11 , 64 bit Build 22621 (10.0.22621.1778)
Time: Sat May 27 18:29:33 2023 SE Asia Standard Time elapsed time: 1.264275 seconds (0d 0h 0m 1s)

---------------  T H R E A D  ---------------

Current thread (0x000001633ede7ec0):  JavaThread "C2 CompilerThread0" daemon [_thread_in_native, id=14968, stack(0x0000000255500000,0x0000000255600000)]


Current CompileTask:
C2:   1264  775   !   4       java.util.jar.Attributes::read (498 bytes)

Stack: [0x0000000255500000,0x0000000255600000]
Native frames: (J=compiled Java code, j=interpreted, Vv=VM code, C=native code)
V  [jvm.dll+0x67754a]
V  [jvm.dll+0x834304]
V  [jvm.dll+0x835aae]
V  [jvm.dll+0x836113]
V  [jvm.dll+0x24696f]
V  [jvm.dll+0xac0ac]
V  [jvm.dll+0xac67c]
V  [jvm.dll+0x364e37]
V  [jvm.dll+0x1bcde8]
V  [jvm.dll+0x219799]
V  [jvm.dll+0x218a61]
V  [jvm.dll+0x1a4d8d]
V  [jvm.dll+0x2284da]
V  [jvm.dll+0x226615]
V  [jvm.dll+0x7ea90b]
V  [jvm.dll+0x7e4e7a]
V  [jvm.dll+0x676395]
C  [ucrtbase.dll+0x29363]
C  [KERNEL32.DLL+0x126ad]
C  [ntdll.dll+0x5a9f8]


---------------  P R O C E S S  ---------------

Threads class SMR info:
_java_thread_list=0x000001633f0bc1b0, length=12, elements={
0x0000016325b7e180, 0x0000016325c369d0, 0x000001633edb7e40, 0x00000163399fdfb0,
0x00000163399fe970, 0x000001633ede1cb0, 0x000001633ede4e20, 0x000001633ede7ec0,
0x000001633edec070, 0x000001633edf5140, 0x000001633eedd0f0, 0x000001633f093d30
}

Java Threads: ( => current thread )
  0x0000016325b7e180 JavaThread "main" [_thread_in_vm, id=11160, stack(0x0000000254c00000,0x0000000254d00000)]
  0x0000016325c369d0 JavaThread "Reference Handler" daemon [_thread_blocked, id=24192, stack(0x0000000254f00000,0x0000000255000000)]
  0x000001633edb7e40 JavaThread "Finalizer" daemon [_thread_blocked, id=22992, stack(0x0000000255000000,0x0000000255100000)]
  0x00000163399fdfb0 JavaThread "Signal Dispatcher" daemon [_thread_blocked, id=8556, stack(0x0000000255100000,0x0000000255200000)]
  0x00000163399fe970 JavaThread "Attach Listener" daemon [_thread_blocked, id=24248, stack(0x0000000255200000,0x0000000255300000)]
  0x000001633ede1cb0 JavaThread "Service Thread" daemon [_thread_blocked, id=24464, stack(0x0000000255300000,0x0000000255400000)]
  0x000001633ede4e20 JavaThread "Monitor Deflation Thread" daemon [_thread_blocked, id=18680, stack(0x0000000255400000,0x0000000255500000)]
=>0x000001633ede7ec0 JavaThread "C2 CompilerThread0" daemon [_thread_in_native, id=14968, stack(0x0000000255500000,0x0000000255600000)]
  0x000001633edec070 JavaThread "C1 CompilerThread0" daemon [_thread_blocked, id=20916, stack(0x0000000255600000,0x0000000255700000)]
  0x000001633edf5140 JavaThread "Sweeper thread" daemon [_thread_blocked, id=1476, stack(0x0000000255700000,0x0000000255800000)]
  0x000001633eedd0f0 JavaThread "Common-Cleaner" daemon [_thread_blocked, id=2204, stack(0x0000000255800000,0x0000000255900000)]
  0x000001633f093d30 JavaThread "Notification Thread" daemon [_thread_blocked, id=6208, stack(0x0000000255900000,0x0000000255a00000)]

Other Threads:
  0x0000016325c07a70 VMThread "VM Thread" [stack: 0x0000000254e00000,0x0000000254f00000] [id=10440]
  0x000001633f0b7010 WatcherThread [stack: 0x0000000255a00000,0x0000000255b00000] [id=7276]
  0x0000016325b93d80 GCTaskThread "GC Thread#0" [stack: 0x0000000254d00000,0x0000000254e00000] [id=12304]

Threads with active compile tasks:
C2 CompilerThread0     1308  775   !   4       java.util.jar.Attributes::read (498 bytes)

VM state: not at safepoint (normal execution)

VM Mutex/Monitor currently owned by a thread: None

Heap address: 0x00000000c0000000, size: 1024 MB, Compressed Oops mode: 32-bit

CDS archive(s) not mapped
Compressed class space mapped at: 0x0000000100000000-0x0000000140000000, reserved size: 1073741824
Narrow klass base: 0x0000000000000000, Narrow klass shift: 3, Narrow klass range: 0x140000000

GC Precious Log:
 CPUs: 16 total, 16 available
 Memory: 7599M
 Large Page Support: Disabled
 NUMA Support: Disabled
 Compressed Oops: Enabled (32-bit)
 Alignments: Space 512K, Generation 512K, Heap 2M
 Heap Min Capacity: 100M
 Heap Initial Capacity: 100M
 Heap Max Capacity: 1G
 Pre-touch: Disabled
 Parallel Workers: 13

Heap:
 PSYoungGen      total 29696K, used 23278K [0x00000000eab00000, 0x00000000ecc00000, 0x0000000100000000)
  eden space 25600K, 90% used [0x00000000eab00000,0x00000000ec1bbb48,0x00000000ec400000)
  from space 4096K, 0% used [0x00000000ec800000,0x00000000ec800000,0x00000000ecc00000)
  to   space 4096K, 0% used [0x00000000ec400000,0x00000000ec400000,0x00000000ec800000)
 ParOldGen       total 68608K, used 0K [0x00000000c0000000, 0x00000000c4300000, 0x00000000eab00000)
  object space 68608K, 0% used [0x00000000c0000000,0x00000000c0000000,0x00000000c4300000)
 Metaspace       used 10540K, committed 10688K, reserved 1114112K
  class space    used 1051K, committed 1088K, reserved 1048576K

Card table byte_map: [0x0000016325550000,0x0000016325760000] _byte_map_base: 0x0000016324f50000

Marking Bits: (ParMarkBitMap*) 0x00007ffb1b4c52c0
 Begin Bits: [0x0000016337800000, 0x0000016338800000)
 End Bits:   [0x0000016338800000, 0x0000016339800000)

Polling page: 0x0000016325340000

Metaspace:

Usage:
  Non-class:      9.27 MB used.
      Class:      1.03 MB used.
       Both:     10.29 MB used.

Virtual space:
  Non-class space:       64.00 MB reserved,       9.38 MB ( 15%) committed,  1 nodes.
      Class space:        1.00 GB reserved,       1.06 MB ( <1%) committed,  1 nodes.
             Both:        1.06 GB reserved,      10.44 MB ( <1%) committed. 

Chunk freelists:
   Non-Class:  6.36 MB
       Class:  14.95 MB
        Both:  21.31 MB

MaxMetaspaceSize: unlimited
CompressedClassSpaceSize: 1.00 GB
Initial GC threshold: 21.00 MB
Current GC threshold: 21.00 MB
CDS: off
MetaspaceReclaimPolicy: balanced
 - commit_granule_bytes: 65536.
 - commit_granule_words: 8192.
 - virtual_space_node_default_size: 8388608.
 - enlarge_chunks_in_place: 1.
 - new_chunks_are_fully_committed: 0.
 - uncommit_free_chunks: 1.
 - use_allocation_guard: 0.
 - handle_deallocations: 1.


Internal statistics:

num_allocs_failed_limit: 0.
num_arena_births: 16.
num_arena_deaths: 0.
num_vsnodes_births: 2.
num_vsnodes_deaths: 0.
num_space_committed: 167.
num_space_uncommitted: 0.
num_chunks_returned_to_freelist: 0.
num_chunks_taken_from_freelist: 77.
num_chunk_merges: 0.
num_chunk_splits: 51.
num_chunks_enlarged: 45.
num_inconsistent_stats: 0.

CodeHeap 'non-profiled nmethods': size=119168Kb used=304Kb max_used=304Kb free=118863Kb
 bounds [0x00000163303a0000, 0x0000016330610000, 0x0000016337800000]
CodeHeap 'profiled nmethods': size=119104Kb used=1512Kb max_used=1512Kb free=117591Kb
 bounds [0x0000016328800000, 0x0000016328a70000, 0x000001632fc50000]
CodeHeap 'non-nmethods': size=7488Kb used=1139Kb max_used=1151Kb free=6348Kb
 bounds [0x000001632fc50000, 0x000001632fec0000, 0x00000163303a0000]
 total_blobs=1309 nmethods=879 adapters=345
 compilation: enabled
              stopped_count=0, restarted_count=0
 full_count=0

Compilation events (20 events):
Event: 1.213 Thread 0x000001633edec070  861   !   3       java.util.zip.ZipFile$Source::getEntryPos (173 bytes)
Event: 1.217 Thread 0x000001633edec070 nmethod 861 0x000001632895f290 code [0x000001632895f580, 0x0000016328960628]
Event: 1.217 Thread 0x000001633edec070  856  s    3       jdk.internal.perf.PerfCounter::get (9 bytes)
Event: 1.218 Thread 0x000001633edec070 nmethod 856 0x0000016328961090 code [0x0000016328961240, 0x0000016328961448]
Event: 1.218 Thread 0x000001633edec070  857   !   3       java.nio.DirectLongBufferU::get (36 bytes)
Event: 1.219 Thread 0x000001633edec070 nmethod 857 0x0000016328961590 code [0x00000163289617c0, 0x0000016328962058]
Event: 1.219 Thread 0x000001633edec070  858   !   3       jdk.internal.misc.ScopedMemoryAccess::getLong (20 bytes)
Event: 1.219 Thread 0x000001633edec070 nmethod 858 0x0000016328962590 code [0x0000016328962780, 0x0000016328962c98]
Event: 1.220 Thread 0x000001633edec070  859   !   3       jdk.internal.misc.ScopedMemoryAccess::getLongInternal (36 bytes)
Event: 1.220 Thread 0x000001633edec070 nmethod 859 0x0000016328962f10 code [0x00000163289630c0, 0x00000163289633a8]
Event: 1.220 Thread 0x000001633edec070  860   !   3       java.nio.DirectLongBufferU::put (39 bytes)
Event: 1.221 Thread 0x000001633edec070 nmethod 860 0x0000016328963590 code [0x00000163289637e0, 0x00000163289640b8]
Event: 1.221 Thread 0x000001633edec070  862       3       java.util.zip.ZipCoder::hash (36 bytes)
Event: 1.222 Thread 0x000001633edec070 nmethod 862 0x0000016328964590 code [0x00000163289647a0, 0x0000016328964ec8]
Event: 1.222 Thread 0x000001633edec070  864       3       java.io.InputStream::<init> (5 bytes)
Event: 1.222 Thread 0x000001633edec070 nmethod 864 0x0000016328965210 code [0x00000163289653a0, 0x00000163289654f8]
Event: 1.232 Thread 0x000001633edec070  865   !   3       java.util.zip.ZipFile::getEntry (59 bytes)
Event: 1.233 Thread 0x000001633edec070 nmethod 865 0x0000016328965590 code [0x0000016328965780, 0x0000016328965bd8]
Event: 1.234 Thread 0x000001633edec070  866       3       java.security.Provider::checkInitialized (16 bytes)
Event: 1.234 Thread 0x000001633edec070 nmethod 866 0x0000016328965e90 code [0x0000016328966040, 0x0000016328966268]

GC Heap History (0 events):
No events

Dll operation events (8 events):
Event: 0.013 Loaded shared library c:\Users\ADMIN\.vscode\extensions\redhat.java-1.18.0-win32-x64\jre\17.0.7-win32-x86_64\bin\java.dll
Event: 0.169 Loaded shared library c:\Users\ADMIN\.vscode\extensions\redhat.java-1.18.0-win32-x64\jre\17.0.7-win32-x86_64\bin\zip.dll
Event: 0.173 Loaded shared library C:\Users\ADMIN\.vscode\extensions\redhat.java-1.18.0-win32-x64\jre\17.0.7-win32-x86_64\bin\instrument.dll
Event: 0.189 Loaded shared library C:\Users\ADMIN\.vscode\extensions\redhat.java-1.18.0-win32-x64\jre\17.0.7-win32-x86_64\bin\net.dll
Event: 0.194 Loaded shared library C:\Users\ADMIN\.vscode\extensions\redhat.java-1.18.0-win32-x64\jre\17.0.7-win32-x86_64\bin\nio.dll
Event: 0.205 Loaded shared library C:\Users\ADMIN\.vscode\extensions\redhat.java-1.18.0-win32-x64\jre\17.0.7-win32-x86_64\bin\zip.dll
Event: 0.228 Loaded shared library C:\Users\ADMIN\.vscode\extensions\redhat.java-1.18.0-win32-x64\jre\17.0.7-win32-x86_64\bin\jimage.dll
Event: 0.303 Loaded shared library c:\Users\ADMIN\.vscode\extensions\redhat.java-1.18.0-win32-x64\jre\17.0.7-win32-x86_64\bin\verify.dll

Deoptimization events (20 events):
Event: 1.140 Thread 0x0000016325b7e180 Uncommon trap: trap_request=0xffffffde fr.pc=0x00000163303db9c8 relative=0x0000000000000a08
Event: 1.140 Thread 0x0000016325b7e180 Uncommon trap: reason=class_check action=maybe_recompile pc=0x00000163303db9c8 method=java.util.HashMap.putVal(ILjava/lang/Object;Ljava/lang/Object;ZZ)Ljava/lang/Object; @ 203 c2
Event: 1.140 Thread 0x0000016325b7e180 DEOPT PACKING pc=0x00000163303db9c8 sp=0x0000000254cfda10
Event: 1.140 Thread 0x0000016325b7e180 DEOPT UNPACKING pc=0x000001632fca66a3 sp=0x0000000254cfd928 mode 2
Event: 1.140 Thread 0x0000016325b7e180 Uncommon trap: trap_request=0xffffffde fr.pc=0x00000163303db9c8 relative=0x0000000000000a08
Event: 1.140 Thread 0x0000016325b7e180 Uncommon trap: reason=class_check action=maybe_recompile pc=0x00000163303db9c8 method=java.util.HashMap.putVal(ILjava/lang/Object;Ljava/lang/Object;ZZ)Ljava/lang/Object; @ 203 c2
Event: 1.140 Thread 0x0000016325b7e180 DEOPT PACKING pc=0x00000163303db9c8 sp=0x0000000254cfda10
Event: 1.140 Thread 0x0000016325b7e180 DEOPT UNPACKING pc=0x000001632fca66a3 sp=0x0000000254cfd928 mode 2
Event: 1.179 Thread 0x0000016325b7e180 Uncommon trap: trap_request=0xffffffde fr.pc=0x00000163303cef10 relative=0x0000000000000530
Event: 1.179 Thread 0x0000016325b7e180 Uncommon trap: reason=class_check action=maybe_recompile pc=0x00000163303cef10 method=java.util.Collections$UnmodifiableCollection$1.<init>(Ljava/util/Collections$UnmodifiableCollection;)V @ 17 c2
Event: 1.179 Thread 0x0000016325b7e180 DEOPT PACKING pc=0x00000163303cef10 sp=0x0000000254cfe280
Event: 1.179 Thread 0x0000016325b7e180 DEOPT UNPACKING pc=0x000001632fca66a3 sp=0x0000000254cfe1c8 mode 2
Event: 1.179 Thread 0x0000016325b7e180 Uncommon trap: trap_request=0xffffffde fr.pc=0x00000163303c410c relative=0x00000000000001ec
Event: 1.179 Thread 0x0000016325b7e180 Uncommon trap: reason=class_check action=maybe_recompile pc=0x00000163303c410c method=java.util.Collections$UnmodifiableCollection$1.next()Ljava/lang/Object; @ 4 c2
Event: 1.179 Thread 0x0000016325b7e180 DEOPT PACKING pc=0x00000163303c410c sp=0x0000000254cfe290
Event: 1.179 Thread 0x0000016325b7e180 DEOPT UNPACKING pc=0x000001632fca66a3 sp=0x0000000254cfe240 mode 2
Event: 1.179 Thread 0x0000016325b7e180 Uncommon trap: trap_request=0xffffffde fr.pc=0x00000163303c410c relative=0x00000000000001ec
Event: 1.179 Thread 0x0000016325b7e180 Uncommon trap: reason=class_check action=maybe_recompile pc=0x00000163303c410c method=java.util.Collections$UnmodifiableCollection$1.next()Ljava/lang/Object; @ 4 c2
Event: 1.179 Thread 0x0000016325b7e180 DEOPT PACKING pc=0x00000163303c410c sp=0x0000000254cfe290
Event: 1.179 Thread 0x0000016325b7e180 DEOPT UNPACKING pc=0x000001632fca66a3 sp=0x0000000254cfe240 mode 2

Classes unloaded (0 events):
No events

Classes redefined (0 events):
No events

Internal exceptions (13 events):
Event: 0.149 Thread 0x0000016325b7e180 Exception <a 'java/lang/NoSuchMethodError'{0x00000000eacb35b8}: 'void java.lang.invoke.DirectMethodHandle$Holder.invokeStatic(java.lang.Object, java.lang.Object, java.lang.Object)'> (0x00000000eacb35b8) 
thrown [s\src\hotspot\share\interpreter\linkResolver.cpp, line 759]
Event: 0.332 Thread 0x0000016325b7e180 Exception <a 'java/lang/reflect/InvocationTargetException'{0x00000000eaf79448}> (0x00000000eaf79448) 
thrown [s\src\hotspot\share\runtime\reflection.cpp, line 1121]
Event: 0.772 Thread 0x0000016325b7e180 Exception <a 'java/lang/ClassNotFoundException'{0x00000000eb788700}: sun/net/www/protocol/c/Handler> (0x00000000eb788700) 
thrown [s\src\hotspot\share\classfile\systemDictionary.cpp, line 256]
Event: 0.797 Thread 0x0000016325b7e180 Exception <a 'java/io/FileNotFoundException'{0x00000000eb7a3750}> (0x00000000eb7a3750) 
thrown [s\src\hotspot\share\prims\jni.cpp, line 516]
Event: 0.798 Thread 0x0000016325b7e180 Exception <a 'java/io/FileNotFoundException'{0x00000000eb7a4460}> (0x00000000eb7a4460) 
thrown [s\src\hotspot\share\prims\jni.cpp, line 516]
Event: 0.798 Thread 0x0000016325b7e180 Exception <a 'java/io/FileNotFoundException'{0x00000000eb7a5150}> (0x00000000eb7a5150) 
thrown [s\src\hotspot\share\prims\jni.cpp, line 516]
Event: 0.799 Thread 0x0000016325b7e180 Exception <a 'java/io/FileNotFoundException'{0x00000000eb7a5e10}> (0x00000000eb7a5e10) 
thrown [s\src\hotspot\share\prims\jni.cpp, line 516]
Event: 0.813 Thread 0x0000016325b7e180 Exception <a 'java/io/FileNotFoundException'{0x00000000eb7e0d60}> (0x00000000eb7e0d60) 
thrown [s\src\hotspot\share\prims\jni.cpp, line 516]
Event: 0.950 Thread 0x0000016325b7e180 Implicit null exception at 0x00000163303d3b5e to 0x00000163303d3c20
Event: 1.165 Thread 0x0000016325b7e180 Exception <a 'java/lang/ClassNotFoundException'{0x00000000ec009388}: sun/net/www/protocol/c/Handler> (0x00000000ec009388) 
thrown [s\src\hotspot\share\classfile\systemDictionary.cpp, line 256]
Event: 1.165 Thread 0x0000016325b7e180 Exception <a 'java/lang/ClassNotFoundException'{0x00000000ec00a788}: sun/net/www/protocol/c/Handler> (0x00000000ec00a788) 
thrown [s\src\hotspot\share\classfile\systemDictionary.cpp, line 256]
Event: 1.166 Thread 0x0000016325b7e180 Exception <a 'java/lang/ClassNotFoundException'{0x00000000ec00ba40}: sun/net/www/protocol/c/Handler> (0x00000000ec00ba40) 
thrown [s\src\hotspot\share\classfile\systemDictionary.cpp, line 256]
Event: 1.179 Thread 0x0000016325b7e180 Exception <a 'java/io/FileNotFoundException'{0x00000000ec031f10}> (0x00000000ec031f10) 
thrown [s\src\hotspot\share\prims\jni.cpp, line 516]

VM Operations (6 events):
Event: 0.153 Executing VM operation: HandshakeAllThreads
Event: 0.153 Executing VM operation: HandshakeAllThreads done
Event: 0.736 Executing VM operation: HandshakeAllThreads
Event: 0.736 Executing VM operation: HandshakeAllThreads done
Event: 0.759 Executing VM operation: HandshakeAllThreads
Event: 0.759 Executing VM operation: HandshakeAllThreads done

Events (20 events):
Event: 1.156 loading class java/util/random/RandomGenerator
Event: 1.156 loading class java/util/random/RandomGenerator done
Event: 1.156 loading class java/util/Random done
Event: 1.157 loading class java/util/UUID
Event: 1.157 loading class java/util/UUID done
Event: 1.157 loading class java/util/concurrent/atomic/AtomicBoolean
Event: 1.158 loading class java/util/concurrent/atomic/AtomicBoolean done
Event: 1.158 loading class java/lang/invoke/VarHandleInts$FieldInstanceReadWrite
Event: 1.158 loading class java/lang/invoke/VarHandleInts$FieldInstanceReadOnly
Event: 1.158 loading class java/lang/invoke/VarHandleInts$FieldInstanceReadOnly done
Event: 1.158 loading class java/lang/invoke/VarHandleInts$FieldInstanceReadWrite done
Event: 1.170 loading class java/nio/file/FileVisitor
Event: 1.170 loading class java/nio/file/FileVisitor done
Event: 1.207 loading class java/io/StringWriter
Event: 1.208 loading class java/io/StringWriter done
Event: 1.248 loading class java/util/concurrent/locks/ReentrantReadWriteLock
Event: 1.249 loading class java/util/concurrent/locks/ReadWriteLock
Event: 1.249 loading class java/util/concurrent/locks/ReadWriteLock done
Event: 1.249 loading class java/util/concurrent/locks/ReentrantReadWriteLock done
Event: 1.249 loading class java/util/concurrent/locks/ReentrantReadWriteLock$NonfairSync


Dynamic libraries:
0x00007ff631f70000 - 0x00007ff631f7e000 	c:\Users\ADMIN\.vscode\extensions\redhat.java-1.18.0-win32-x64\jre\17.0.7-win32-x86_64\bin\java.exe
0x00007ffb81c30000 - 0x00007ffb81e44000 	C:\WINDOWS\SYSTEM32\ntdll.dll
0x00007ffb81790000 - 0x00007ffb81852000 	C:\WINDOWS\System32\KERNEL32.DLL
0x00007ffb7f660000 - 0x00007ffb7fa03000 	C:\WINDOWS\System32\KERNELBASE.dll
0x00007ffb7f350000 - 0x00007ffb7f461000 	C:\WINDOWS\System32\ucrtbase.dll
0x00007ffb74700000 - 0x00007ffb74717000 	c:\Users\ADMIN\.vscode\extensions\redhat.java-1.18.0-win32-x64\jre\17.0.7-win32-x86_64\bin\jli.dll
0x00007ffb75a90000 - 0x00007ffb75aa9000 	c:\Users\ADMIN\.vscode\extensions\redhat.java-1.18.0-win32-x64\jre\17.0.7-win32-x86_64\bin\VCRUNTIME140.dll
0x00007ffb81860000 - 0x00007ffb81a0b000 	C:\WINDOWS\System32\USER32.dll
0x00007ffb6dfd0000 - 0x00007ffb6e25e000 	C:\WINDOWS\WinSxS\amd64_microsoft.windows.common-controls_6595b64144ccf1df_6.0.22621.1635_none_270f70857386168e\COMCTL32.dll
0x00007ffb7f1f0000 - 0x00007ffb7f216000 	C:\WINDOWS\System32\win32u.dll
0x00007ffb81600000 - 0x00007ffb81629000 	C:\WINDOWS\System32\GDI32.dll
0x00007ffb7f030000 - 0x00007ffb7f149000 	C:\WINDOWS\System32\gdi32full.dll
0x00007ffb7f150000 - 0x00007ffb7f1ea000 	C:\WINDOWS\System32\msvcp_win.dll
0x00007ffb80a80000 - 0x00007ffb80b27000 	C:\WINDOWS\System32\msvcrt.dll
0x00007ffb81750000 - 0x00007ffb81781000 	C:\WINDOWS\System32\IMM32.DLL
0x00007ffb7a200000 - 0x00007ffb7a20c000 	c:\Users\ADMIN\.vscode\extensions\redhat.java-1.18.0-win32-x64\jre\17.0.7-win32-x86_64\bin\vcruntime140_1.dll
0x00007ffb4df20000 - 0x00007ffb4dfb1000 	c:\Users\ADMIN\.vscode\extensions\redhat.java-1.18.0-win32-x64\jre\17.0.7-win32-x86_64\bin\msvcp140.dll
0x00007ffb1a940000 - 0x00007ffb1b588000 	c:\Users\ADMIN\.vscode\extensions\redhat.java-1.18.0-win32-x64\jre\17.0.7-win32-x86_64\bin\server\jvm.dll
0x00007ffb7fdc0000 - 0x00007ffb7fe6e000 	C:\WINDOWS\System32\ADVAPI32.dll
0x00007ffb80ba0000 - 0x00007ffb80c44000 	C:\WINDOWS\System32\sechost.dll
0x00007ffb80c50000 - 0x00007ffb80d67000 	C:\WINDOWS\System32\RPCRT4.dll
0x00007ffb631c0000 - 0x00007ffb631c9000 	C:\WINDOWS\SYSTEM32\WSOCK32.dll
0x00007ffb767b0000 - 0x00007ffb767e4000 	C:\WINDOWS\SYSTEM32\WINMM.dll
0x00007ffb77bb0000 - 0x00007ffb77bba000 	C:\WINDOWS\SYSTEM32\VERSION.dll
0x00007ffb80200000 - 0x00007ffb80271000 	C:\WINDOWS\System32\WS2_32.dll
0x00007ffb7e060000 - 0x00007ffb7e078000 	C:\WINDOWS\SYSTEM32\kernel.appcore.dll
0x00007ffb7a1e0000 - 0x00007ffb7a1ea000 	c:\Users\ADMIN\.vscode\extensions\redhat.java-1.18.0-win32-x64\jre\17.0.7-win32-x86_64\bin\jimage.dll
0x00007ffb7ca60000 - 0x00007ffb7cc8e000 	C:\WINDOWS\SYSTEM32\DBGHELP.DLL
0x00007ffb7fe70000 - 0x00007ffb801f9000 	C:\WINDOWS\System32\combase.dll
0x00007ffb81b10000 - 0x00007ffb81be7000 	C:\WINDOWS\System32\OLEAUT32.dll
0x00007ffb76600000 - 0x00007ffb76632000 	C:\WINDOWS\SYSTEM32\dbgcore.DLL
0x00007ffb7f470000 - 0x00007ffb7f4eb000 	C:\WINDOWS\System32\bcryptPrimitives.dll
0x00007ffb7a180000 - 0x00007ffb7a18e000 	c:\Users\ADMIN\.vscode\extensions\redhat.java-1.18.0-win32-x64\jre\17.0.7-win32-x86_64\bin\instrument.dll
0x00007ffb70520000 - 0x00007ffb70545000 	c:\Users\ADMIN\.vscode\extensions\redhat.java-1.18.0-win32-x64\jre\17.0.7-win32-x86_64\bin\java.dll
0x00007ffb70da0000 - 0x00007ffb70db8000 	c:\Users\ADMIN\.vscode\extensions\redhat.java-1.18.0-win32-x64\jre\17.0.7-win32-x86_64\bin\zip.dll
0x00007ffb80280000 - 0x00007ffb80a7a000 	C:\WINDOWS\System32\SHELL32.dll
0x00007ffb7cfe0000 - 0x00007ffb7d8ae000 	C:\WINDOWS\SYSTEM32\windows.storage.dll
0x00007ffb7cea0000 - 0x00007ffb7cfde000 	C:\WINDOWS\SYSTEM32\wintypes.dll
0x00007ffb81a10000 - 0x00007ffb81b01000 	C:\WINDOWS\System32\SHCORE.dll
0x00007ffb815a0000 - 0x00007ffb815fe000 	C:\WINDOWS\System32\shlwapi.dll
0x00007ffb7ef60000 - 0x00007ffb7ef81000 	C:\WINDOWS\SYSTEM32\profapi.dll
0x00007ffb70680000 - 0x00007ffb70699000 	C:\Users\ADMIN\.vscode\extensions\redhat.java-1.18.0-win32-x64\jre\17.0.7-win32-x86_64\bin\net.dll
0x00007ffb79800000 - 0x00007ffb79937000 	C:\WINDOWS\SYSTEM32\WINHTTP.dll
0x00007ffb7e560000 - 0x00007ffb7e5c9000 	C:\WINDOWS\system32\mswsock.dll
0x00007ffb702c0000 - 0x00007ffb702d5000 	C:\Users\ADMIN\.vscode\extensions\redhat.java-1.18.0-win32-x64\jre\17.0.7-win32-x86_64\bin\nio.dll
0x00007ffb79960000 - 0x00007ffb79970000 	c:\Users\ADMIN\.vscode\extensions\redhat.java-1.18.0-win32-x64\jre\17.0.7-win32-x86_64\bin\verify.dll

dbghelp: loaded successfully - version: 4.0.5 - missing functions: none
symbol engine: initialized successfully - sym options: 0x614 - pdb path: .;c:\Users\ADMIN\.vscode\extensions\redhat.java-1.18.0-win32-x64\jre\17.0.7-win32-x86_64\bin;C:\WINDOWS\SYSTEM32;C:\WINDOWS\WinSxS\amd64_microsoft.windows.common-controls_6595b64144ccf1df_6.0.22621.1635_none_270f70857386168e;c:\Users\ADMIN\.vscode\extensions\redhat.java-1.18.0-win32-x64\jre\17.0.7-win32-x86_64\bin\server

VM Arguments:
jvm_args: --add-modules=ALL-SYSTEM --add-opens=java.base/java.util=ALL-UNNAMED --add-opens=java.base/java.lang=ALL-UNNAMED --add-opens=java.base/sun.nio.fs=ALL-UNNAMED -Declipse.application=org.eclipse.jdt.ls.core.id1 -Dosgi.bundles.defaultStartLevel=4 -Declipse.product=org.eclipse.jdt.ls.core.product -Djava.import.generatesMetadataFilesAtProjectRoot=false -Dfile.encoding=utf8 -XX:+UseParallelGC -XX:GCTimeRatio=4 -XX:AdaptiveSizePolicyWeight=90 -Dsun.zip.disableMemoryMapping=true -Xmx1G -Xms100m -Xlog:disable -javaagent:c:\Users\ADMIN\.vscode\extensions\redhat.java-1.18.0-win32-x64\lombok\lombok-1.18.27.jar -XX:+HeapDumpOnOutOfMemoryError -XX:HeapDumpPath=c:\Users\ADMIN\AppData\Roaming\Code\User\workspaceStorage\4c1ab381de116513bcdb067e4a9c71b1\redhat.java -Daether.dependencyCollector.impl=bf 
java_command: c:\Users\ADMIN\.vscode\extensions\redhat.java-1.18.0-win32-x64\server\plugins\org.eclipse.equinox.launcher_1.6.400.v20210924-0641.jar -configuration c:\Users\ADMIN\AppData\Roaming\Code\User\globalStorage\redhat.java\1.18.0\config_win -data c:\Users\ADMIN\AppData\Roaming\Code\User\workspaceStorage\4c1ab381de116513bcdb067e4a9c71b1\redhat.java\jdt_ws
java_class_path (initial): c:\Users\ADMIN\.vscode\extensions\redhat.java-1.18.0-win32-x64\server\plugins\org.eclipse.equinox.launcher_1.6.400.v20210924-0641.jar
Launcher Type: SUN_STANDARD

[Global flags]
    uintx AdaptiveSizePolicyWeight                 = 90                                        {product} {command line}
     intx CICompilerCount                          = 12                                        {product} {ergonomic}
    uintx GCTimeRatio                              = 4                                         {product} {command line}
     bool HeapDumpOnOutOfMemoryError               = true                                   {manageable} {command line}
    ccstr HeapDumpPath                             = c:\Users\ADMIN\AppData\Roaming\Code\User\workspaceStorage\4c1ab381de116513bcdb067e4a9c71b1\redhat.java         {manageable} {command line}
   size_t InitialHeapSize                          = 104857600                                 {product} {command line}
   size_t MaxHeapSize                              = 1073741824                                {product} {command line}
   size_t MaxNewSize                               = 357564416                                 {product} {ergonomic}
   size_t MinHeapDeltaBytes                        = 524288                                    {product} {ergonomic}
   size_t MinHeapSize                              = 104857600                                 {product} {command line}
   size_t NewSize                                  = 34603008                                  {product} {ergonomic}
    uintx NonNMethodCodeHeapSize                   = 7602480                                {pd product} {ergonomic}
    uintx NonProfiledCodeHeapSize                  = 122027880                              {pd product} {ergonomic}
   size_t OldSize                                  = 70254592                                  {product} {ergonomic}
    uintx ProfiledCodeHeapSize                     = 122027880                              {pd product} {ergonomic}
    uintx ReservedCodeCacheSize                    = 251658240                              {pd product} {ergonomic}
     bool SegmentedCodeCache                       = true                                      {product} {ergonomic}
   size_t SoftMaxHeapSize                          = 1073741824                             {manageable} {ergonomic}
     bool UseCompressedClassPointers               = true                           {product lp64_product} {ergonomic}
     bool UseCompressedOops                        = true                           {product lp64_product} {ergonomic}
     bool UseLargePagesIndividualAllocation        = false                                  {pd product} {ergonomic}
     bool UseParallelGC                            = true                                      {product} {command line}

Logging:
Log output configuration:
 #0: stdout all=off uptime,level,tags
 #1: stderr all=off uptime,level,tags

Environment Variables:
PATH=C:\Program Files\Common Files\Oracle\Java\javapath;C:\Program Files (x86)\Common Files\Intel\Shared Libraries\redist\intel64\compiler;C:\Windows\system32;C:\Windows;C:\Windows\System32\Wbem;C:\Windows\System32\WindowsPowerShell\v1.0\;C:\Windows\System32\OpenSSH\;C:\Program Files (x86)\NVIDIA Corporation\PhysX\Common;C:\Program Files\NVIDIA Corporation\NVIDIA NvDLISR;C:\Program Files\Git\cmd;C:\WINDOWS\system32;C:\WINDOWS;C:\WINDOWS\System32\Wbem;C:\WINDOWS\System32\WindowsPowerShell\v1.0\;C:\WINDOWS\System32\OpenSSH\;C:\Users\ADMIN\AppData\Local\Microsoft\WindowsApps;C:\Users\ADMIN\AppData\Local\Programs\Microsoft VS Code\bin;C:\msys64\mingw64\bin;C:\msys64\usr\bin;
USERNAME=ADMIN
OS=Windows_NT
PROCESSOR_IDENTIFIER=AMD64 Family 23 Model 96 Stepping 1, AuthenticAMD
TMP=C:\Users\ADMIN\AppData\Local\Temp
TEMP=C:\Users\ADMIN\AppData\Local\Temp



---------------  S Y S T E M  ---------------

OS:
 Windows 11 , 64 bit Build 22621 (10.0.22621.1778)
OS uptime: 0 days 4:27 hours
Hyper-V role detected

CPU: total 16 (initial active 16) (16 cores per cpu, 2 threads per core) family 23 model 96 stepping 1 microcode 0x0, cx8, cmov, fxsr, ht, mmx, 3dnowpref, sse, sse2, sse3, ssse3, sse4a, sse4.1, sse4.2, popcnt, lzcnt, tsc, tscinvbit, avx, avx2, aes, clmul, bmi1, bmi2, adx, sha, fma, vzeroupper, clflush, clflushopt, hv

Memory: 4k page, system-wide physical 7599M (51M free)
TotalPageFile size 15791M (AvailPageFile size 0M)
current process WorkingSet (physical memory assigned to process): 67M, peak: 67M
current process commit charge ("private bytes"): 212M, peak: 212M

vm_info: OpenJDK 64-Bit Server VM (17.0.7+7) for windows-amd64 JRE (17.0.7+7), built on Apr 18 2023 22:10:42 by "temurin" with MS VC++ 16.7 (VS2019)

END.
