#
# There is insufficient memory for the Java Runtime Environment to continue.
# Native memory allocation (mmap) failed to map 65536 bytes for Failed to commit metaspace.
# Possible reasons:
#   The system is out of physical RAM or swap space
#   The process is running with CompressedOops enabled, and the Java Heap may be blocking the growth of the native heap
# Possible solutions:
#   Reduce memory load on the system
#   Increase physical memory or swap space
#   Check if swap backing store is full
#   Decrease Java heap size (-Xmx/-Xms)
#   Decrease number of Java threads
#   Decrease Java thread stack sizes (-Xss)
#   Set larger code cache with -XX:ReservedCodeCacheSize=
#   JVM is running with Unscaled Compressed Oops mode in which the Java heap is
#     placed in the first 4GB address space. The Java Heap base address is the
#     maximum limit for the native heap growth. Please use -XX:HeapBaseMinAddress
#     to set the Java Heap base and to place the Java Heap above 4GB virtual address.
# This output file may be truncated or incomplete.
#
#  Out of Memory Error (virtualSpaceNode.cpp:110), pid=12060, tid=20248
#
# JRE version: OpenJDK Runtime Environment Temurin-17.0.7+7 (17.0.7+7) (build 17.0.7+7)
# Java VM: OpenJDK 64-Bit Server VM Temurin-17.0.7+7 (17.0.7+7, mixed mode, tiered, compressed oops, compressed class ptrs, parallel gc, windows-amd64)
# No core dump will be written. Minidumps are not enabled by default on client versions of Windows
#

---------------  S U M M A R Y ------------

Command Line: --add-modules=ALL-SYSTEM --add-opens=java.base/java.util=ALL-UNNAMED --add-opens=java.base/java.lang=ALL-UNNAMED --add-opens=java.base/sun.nio.fs=ALL-UNNAMED -Declipse.application=org.eclipse.jdt.ls.core.id1 -Dosgi.bundles.defaultStartLevel=4 -Declipse.product=org.eclipse.jdt.ls.core.product -Djava.import.generatesMetadataFilesAtProjectRoot=false -Dfile.encoding=utf8 -XX:+UseParallelGC -XX:GCTimeRatio=4 -XX:AdaptiveSizePolicyWeight=90 -Dsun.zip.disableMemoryMapping=true -Xmx1G -Xms100m -Xlog:disable -javaagent:c:\Users\ADMIN\.vscode\extensions\redhat.java-1.18.0-win32-x64\lombok\lombok-1.18.27.jar c:\Users\ADMIN\.vscode\extensions\redhat.java-1.18.0-win32-x64\server\plugins\org.eclipse.equinox.launcher_1.6.400.v20210924-0641.jar -configuration c:\Users\ADMIN\AppData\Roaming\Code\User\globalStorage\redhat.java\1.18.0\config_ss_win -data c:\Users\ADMIN\AppData\Roaming\Code\User\workspaceStorage\4c1ab381de116513bcdb067e4a9c71b1\redhat.java\ss_ws

Host: AMD Ryzen 7 4800H with Radeon Graphics         , 16 cores, 7G,  Windows 11 , 64 bit Build 22621 (10.0.22621.1485)
Time: Thu May  4 00:54:45 2023 SE Asia Standard Time elapsed time: 4.954371 seconds (0d 0h 0m 4s)

---------------  T H R E A D  ---------------

Current thread (0x000001a65781cc70):  JavaThread "main" [_thread_in_vm, id=20248, stack(0x0000001bcd600000,0x0000001bcd700000)]

Stack: [0x0000001bcd600000,0x0000001bcd700000]
Native frames: (J=compiled Java code, j=interpreted, Vv=VM code, C=native code)
V  [jvm.dll+0x67754a]
V  [jvm.dll+0x834304]
V  [jvm.dll+0x835aae]
V  [jvm.dll+0x836113]
V  [jvm.dll+0x24696f]
V  [jvm.dll+0x83039b]
V  [jvm.dll+0x61c006]
V  [jvm.dll+0x1c169e]
V  [jvm.dll+0x61e961]
V  [jvm.dll+0x61c9a6]
V  [jvm.dll+0x62d7e9]
V  [jvm.dll+0x626b54]
V  [jvm.dll+0x3812a1]
C  0x000001a6618fc6fe

Java frames: (J=compiled Java code, j=interpreted, Vv=VM code)
j  com.google.gson.FieldNamingPolicy$1.<init>(Ljava/lang/String;I)V+0
j  com.google.gson.FieldNamingPolicy.<clinit>()V+7
v  ~StubRoutines::call_stub
j  com.google.gson.GsonBuilder.<init>()V+19
j  org.eclipse.lsp4j.jsonrpc.json.MessageJsonHandler.getDefaultGsonBuilder()Lcom/google/gson/GsonBuilder;+4
j  org.eclipse.lsp4j.jsonrpc.json.MessageJsonHandler.<init>(Ljava/util/Map;)V+11
j  org.eclipse.lsp4j.jsonrpc.Launcher$Builder.createJsonHandler()Lorg/eclipse/lsp4j/jsonrpc/json/MessageJsonHandler;+30
j  org.eclipse.lsp4j.jsonrpc.Launcher$Builder.create()Lorg/eclipse/lsp4j/jsonrpc/Launcher;+69
j  org.eclipse.lsp4j.jsonrpc.Launcher.createIoLauncher(Ljava/lang/Object;Ljava/lang/Class;Ljava/io/InputStream;Ljava/io/OutputStream;Ljava/util/concurrent/ExecutorService;Ljava/util/function/Function;)Lorg/eclipse/lsp4j/jsonrpc/Launcher;+33
j  org.eclipse.lsp4j.jsonrpc.Launcher.createLauncher(Ljava/lang/Object;Ljava/lang/Class;Ljava/io/InputStream;Ljava/io/OutputStream;Ljava/util/concurrent/ExecutorService;Ljava/util/function/Function;)Lorg/eclipse/lsp4j/jsonrpc/Launcher;+8
j  org.eclipse.jdt.ls.core.internal.JavaLanguageServerPlugin.startConnection()V+312
j  org.eclipse.jdt.ls.core.internal.JavaLanguageServerPlugin.startLanguageServer(Lorg/eclipse/jdt/ls/core/internal/LanguageServerApplication;)V+16
j  org.eclipse.jdt.ls.core.internal.LanguageServerApplication.start(Lorg/eclipse/equinox/app/IApplicationContext;)Ljava/lang/Object;+8
j  org.eclipse.equinox.internal.app.EclipseAppHandle.run(Ljava/lang/Object;)Ljava/lang/Object;+138
j  org.eclipse.core.runtime.internal.adaptor.EclipseAppLauncher.runApplication(Ljava/lang/Object;)Ljava/lang/Object;+85
j  org.eclipse.core.runtime.internal.adaptor.EclipseAppLauncher.start(Ljava/lang/Object;)Ljava/lang/Object;+79
j  org.eclipse.core.runtime.adaptor.EclipseStarter.run(Ljava/lang/Object;)Ljava/lang/Object;+99
j  org.eclipse.core.runtime.adaptor.EclipseStarter.run([Ljava/lang/String;Ljava/lang/Runnable;)Ljava/lang/Object;+132
v  ~StubRoutines::call_stub
j  jdk.internal.reflect.NativeMethodAccessorImpl.invoke0(Ljava/lang/reflect/Method;Ljava/lang/Object;[Ljava/lang/Object;)Ljava/lang/Object;+0 java.base@17.0.7
j  jdk.internal.reflect.NativeMethodAccessorImpl.invoke(Ljava/lang/Object;[Ljava/lang/Object;)Ljava/lang/Object;+133 java.base@17.0.7
j  jdk.internal.reflect.DelegatingMethodAccessorImpl.invoke(Ljava/lang/Object;[Ljava/lang/Object;)Ljava/lang/Object;+6 java.base@17.0.7
j  java.lang.reflect.Method.invoke(Ljava/lang/Object;[Ljava/lang/Object;)Ljava/lang/Object;+59 java.base@17.0.7
j  org.eclipse.equinox.launcher.Main.invokeFramework([Ljava/lang/String;[Ljava/net/URL;)V+201
j  org.eclipse.equinox.launcher.Main.basicRun([Ljava/lang/String;)V+159
j  org.eclipse.equinox.launcher.Main.run([Ljava/lang/String;)I+4
j  org.eclipse.equinox.launcher.Main.main([Ljava/lang/String;)V+10
v  ~StubRoutines::call_stub

---------------  P R O C E S S  ---------------

Threads class SMR info:
_java_thread_list=0x000001a673321f60, length=23, elements={
0x000001a65781cc70, 0x000001a670a78010, 0x000001a66b688610, 0x000001a66b69d4d0,
0x000001a66b69df90, 0x000001a670a916c0, 0x000001a670a96570, 0x000001a670aa2600,
0x000001a670aa8c00, 0x000001a670ab1920, 0x000001a670c22e60, 0x000001a670c2ed10,
0x000001a670c21650, 0x000001a670c241a0, 0x000001a670c24670, 0x000001a670c22990,
0x000001a670c23330, 0x000001a670c24b40, 0x000001a670c23800, 0x000001a670c21b20,
0x000001a670c21ff0, 0x000001a670c224c0, 0x000001a6740eb3e0
}

Java Threads: ( => current thread )
=>0x000001a65781cc70 JavaThread "main" [_thread_in_vm, id=20248, stack(0x0000001bcd600000,0x0000001bcd700000)]
  0x000001a670a78010 JavaThread "Reference Handler" daemon [_thread_blocked, id=24204, stack(0x0000001bcd900000,0x0000001bcda00000)]
  0x000001a66b688610 JavaThread "Finalizer" daemon [_thread_blocked, id=16356, stack(0x0000001bcda00000,0x0000001bcdb00000)]
  0x000001a66b69d4d0 JavaThread "Signal Dispatcher" daemon [_thread_blocked, id=4808, stack(0x0000001bcdb00000,0x0000001bcdc00000)]
  0x000001a66b69df90 JavaThread "Attach Listener" daemon [_thread_blocked, id=19172, stack(0x0000001bcdc00000,0x0000001bcdd00000)]
  0x000001a670a916c0 JavaThread "Service Thread" daemon [_thread_blocked, id=356, stack(0x0000001bcdd00000,0x0000001bcde00000)]
  0x000001a670a96570 JavaThread "Monitor Deflation Thread" daemon [_thread_blocked, id=18292, stack(0x0000001bcde00000,0x0000001bcdf00000)]
  0x000001a670aa2600 JavaThread "C2 CompilerThread0" daemon [_thread_blocked, id=27116, stack(0x0000001bcdf00000,0x0000001bce000000)]
  0x000001a670aa8c00 JavaThread "C1 CompilerThread0" daemon [_thread_blocked, id=2492, stack(0x0000001bce000000,0x0000001bce100000)]
  0x000001a670ab1920 JavaThread "Sweeper thread" daemon [_thread_blocked, id=14168, stack(0x0000001bce100000,0x0000001bce200000)]
  0x000001a670c22e60 JavaThread "Common-Cleaner" daemon [_thread_blocked, id=4828, stack(0x0000001bce200000,0x0000001bce300000)]
  0x000001a670c2ed10 JavaThread "C1 CompilerThread1" daemon [_thread_blocked, id=25720, stack(0x0000001bce300000,0x0000001bce400000)]
  0x000001a670c21650 JavaThread "Notification Thread" daemon [_thread_blocked, id=5524, stack(0x0000001bce800000,0x0000001bce900000)]
  0x000001a670c241a0 JavaThread "Active Thread: Equinox Container: 42b65e6c-6dec-46da-8484-5ab8f084ecf4" [_thread_blocked, id=22132, stack(0x0000001bcef00000,0x0000001bcf000000)]
  0x000001a670c24670 JavaThread "Framework Event Dispatcher: Equinox Container: 42b65e6c-6dec-46da-8484-5ab8f084ecf4" daemon [_thread_blocked, id=100, stack(0x0000001bcf000000,0x0000001bcf100000)]
  0x000001a670c22990 JavaThread "Start Level: Equinox Container: 42b65e6c-6dec-46da-8484-5ab8f084ecf4" daemon [_thread_blocked, id=20732, stack(0x0000001bcf100000,0x0000001bcf200000)]
  0x000001a670c23330 JavaThread "SCR Component Actor" daemon [_thread_blocked, id=23928, stack(0x0000001bcf200000,0x0000001bcf300000)]
  0x000001a670c24b40 JavaThread "SCR Component Registry" daemon [_thread_blocked, id=1644, stack(0x0000001bcf300000,0x0000001bcf400000)]
  0x000001a670c23800 JavaThread "Worker-JM" [_thread_blocked, id=4108, stack(0x0000001bcf400000,0x0000001bcf500000)]
  0x000001a670c21b20 JavaThread "Worker-0" [_thread_blocked, id=22860, stack(0x0000001bcfa00000,0x0000001bcfb00000)]
  0x000001a670c21ff0 JavaThread "Worker-1" [_thread_blocked, id=11764, stack(0x0000001bcfb00000,0x0000001bcfc00000)]
  0x000001a670c224c0 JavaThread "JNA Cleaner" daemon [_thread_blocked, id=7760, stack(0x0000001bce600000,0x0000001bce700000)]
  0x000001a6740eb3e0 JavaThread "pool-2-thread-1" [_thread_blocked, id=2948, stack(0x0000001bce700000,0x0000001bce800000)]

Other Threads:
  0x000001a6578d3f90 VMThread "VM Thread" [stack: 0x0000001bcd800000,0x0000001bcd900000] [id=17924]
  0x000001a6729e10a0 WatcherThread [stack: 0x0000001bce900000,0x0000001bcea00000] [id=8104]
  0x000001a657833050 GCTaskThread "GC Thread#0" [stack: 0x0000001bcd700000,0x0000001bcd800000] [id=2896]
  0x000001a67314c840 GCTaskThread "GC Thread#1" [stack: 0x0000001bce400000,0x0000001bce500000] [id=22100]
  0x000001a673172850 GCTaskThread "GC Thread#2" [stack: 0x0000001bce500000,0x0000001bce600000] [id=7728]
  0x000001a6730d3d60 GCTaskThread "GC Thread#3" [stack: 0x0000001bcea00000,0x0000001bceb00000] [id=22156]
  0x000001a6730d4010 GCTaskThread "GC Thread#4" [stack: 0x0000001bceb00000,0x0000001bcec00000] [id=14372]
  0x000001a6730d44d0 GCTaskThread "GC Thread#5" [stack: 0x0000001bcec00000,0x0000001bced00000] [id=13392]
  0x000001a67308b850 GCTaskThread "GC Thread#6" [stack: 0x0000001bced00000,0x0000001bcee00000] [id=26260]
  0x000001a67308d080 GCTaskThread "GC Thread#7" [stack: 0x0000001bcee00000,0x0000001bcef00000] [id=20548]
  0x000001a67308c5c0 GCTaskThread "GC Thread#8" [stack: 0x0000001bcf600000,0x0000001bcf700000] [id=15536]
  0x000001a67308c870 GCTaskThread "GC Thread#9" [stack: 0x0000001bcf700000,0x0000001bcf800000] [id=25232]
  0x000001a67308cb20 GCTaskThread "GC Thread#10" [stack: 0x0000001bcf800000,0x0000001bcf900000] [id=4864]
  0x000001a67308b5a0 GCTaskThread "GC Thread#11" [stack: 0x0000001bcf900000,0x0000001bcfa00000] [id=4740]
  0x000001a6737b3030 GCTaskThread "GC Thread#12" [stack: 0x0000001bcfc00000,0x0000001bcfd00000] [id=14972]

Threads with active compile tasks:

VM state: not at safepoint (normal execution)

VM Mutex/Monitor currently owned by a thread:  ([mutex/lock_event])
[0x000001a657817f30] Metaspace_lock - owner thread: 0x000001a65781cc70

Heap address: 0x00000000c0000000, size: 1024 MB, Compressed Oops mode: 32-bit

CDS archive(s) not mapped
Compressed class space mapped at: 0x0000000100000000-0x0000000140000000, reserved size: 1073741824
Narrow klass base: 0x0000000000000000, Narrow klass shift: 3, Narrow klass range: 0x140000000

GC Precious Log:
 CPUs: 16 total, 16 available
 Memory: 7599M
 Large Page Support: Disabled
 NUMA Support: Disabled
 Compressed Oops: Enabled (32-bit)
 Alignments: Space 512K, Generation 512K, Heap 2M
 Heap Min Capacity: 100M
 Heap Initial Capacity: 100M
 Heap Max Capacity: 1G
 Pre-touch: Disabled
 Parallel Workers: 13

Heap:
 PSYoungGen      total 26112K, used 24478K [0x00000000eab00000, 0x00000000ec780000, 0x0000000100000000)
  eden space 24576K, 94% used [0x00000000eab00000,0x00000000ec1a6510,0x00000000ec300000)
  from space 1536K, 83% used [0x00000000ec600000,0x00000000ec741300,0x00000000ec780000)
  to   space 1536K, 0% used [0x00000000ec480000,0x00000000ec480000,0x00000000ec600000)
 ParOldGen       total 68608K, used 6925K [0x00000000c0000000, 0x00000000c4300000, 0x00000000eab00000)
  object space 68608K, 10% used [0x00000000c0000000,0x00000000c06c3450,0x00000000c4300000)
 Metaspace       used 31611K, committed 32192K, reserved 1114112K
  class space    used 3142K, committed 3392K, reserved 1048576K

Card table byte_map: [0x000001a6571c0000,0x000001a6573d0000] _byte_map_base: 0x000001a656bc0000

Marking Bits: (ParMarkBitMap*) 0x00007ffe1c1852c0
 Begin Bits: [0x000001a6694a0000, 0x000001a66a4a0000)
 End Bits:   [0x000001a66a4a0000, 0x000001a66b4a0000)

Polling page: 0x000001a6557d0000

Metaspace:

Usage:
  Non-class:     27.80 MB used.
      Class:      3.07 MB used.
       Both:     30.87 MB used.

Virtual space:
  Non-class space:       64.00 MB reserved,      28.12 MB ( 44%) committed,  1 nodes.
      Class space:        1.00 GB reserved,       3.31 MB ( <1%) committed,  1 nodes.
             Both:        1.06 GB reserved,      31.44 MB (  3%) committed. 

Chunk freelists:
   Non-Class:  3.36 MB
       Class:  12.70 MB
        Both:  16.06 MB

MaxMetaspaceSize: unlimited
CompressedClassSpaceSize: 1.00 GB
Initial GC threshold: 21.00 MB
Current GC threshold: 35.00 MB
CDS: off
MetaspaceReclaimPolicy: balanced
 - commit_granule_bytes: 65536.
 - commit_granule_words: 8192.
 - virtual_space_node_default_size: 8388608.
 - enlarge_chunks_in_place: 1.
 - new_chunks_are_fully_committed: 0.
 - uncommit_free_chunks: 1.
 - use_allocation_guard: 0.
 - handle_deallocations: 1.


Internal statistics:

num_allocs_failed_limit: 3.
num_arena_births: 268.
num_arena_deaths: 14.
num_vsnodes_births: 2.
num_vsnodes_deaths: 0.
num_space_committed: 503.
num_space_uncommitted: 0.
num_chunks_returned_to_freelist: 17.
num_chunks_taken_from_freelist: 1157.
num_chunk_merges: 7.
num_chunk_splits: 768.
num_chunks_enlarged: 529.
num_inconsistent_stats: 0.

CodeHeap 'non-profiled nmethods': size=119168Kb used=1183Kb max_used=1183Kb free=117984Kb
 bounds [0x000001a662040000, 0x000001a6622b0000, 0x000001a6694a0000]
CodeHeap 'profiled nmethods': size=119104Kb used=5911Kb max_used=5911Kb free=113192Kb
 bounds [0x000001a65a4a0000, 0x000001a65aa70000, 0x000001a6618f0000]
CodeHeap 'non-nmethods': size=7488Kb used=1808Kb max_used=2968Kb free=5679Kb
 bounds [0x000001a6618f0000, 0x000001a661be0000, 0x000001a662040000]
 total_blobs=3500 nmethods=2934 adapters=479
 compilation: enabled
              stopped_count=0, restarted_count=0
 full_count=0

Compilation events (20 events):
Event: 4.923 Thread 0x000001a670aa8c00 2926       1       sun.reflect.annotation.AnnotationType::memberDefaults (5 bytes)
Event: 4.923 Thread 0x000001a670c2ed10 2925       1       sun.reflect.annotation.AnnotationType::memberTypes (5 bytes)
Event: 4.923 Thread 0x000001a670aa8c00 nmethod 2926 0x000001a662167590 code [0x000001a662167720, 0x000001a6621677f8]
Event: 4.923 Thread 0x000001a670c2ed10 nmethod 2925 0x000001a662167890 code [0x000001a662167a20, 0x000001a662167af8]
Event: 4.923 Thread 0x000001a670aa8c00 2927       3       sun.reflect.annotation.AnnotationType::getInstance (65 bytes)
Event: 4.923 Thread 0x000001a670c2ed10 2928       3       java.lang.System$2::getAnnotationType (5 bytes)
Event: 4.923 Thread 0x000001a670c2ed10 nmethod 2928 0x000001a65aa62c90 code [0x000001a65aa62e20, 0x000001a65aa62f58]
Event: 4.923 Thread 0x000001a670c2ed10 2929       1       sun.reflect.annotation.AnnotationType::retention (5 bytes)
Event: 4.923 Thread 0x000001a670c2ed10 nmethod 2929 0x000001a662167b90 code [0x000001a662167d20, 0x000001a662167df8]
Event: 4.924 Thread 0x000001a670aa8c00 nmethod 2927 0x000001a65aa63010 code [0x000001a65aa63200, 0x000001a65aa63778]
Event: 4.934 Thread 0x000001a670aa8c00 2930       3       java.lang.reflect.Method::isSynthetic (5 bytes)
Event: 4.934 Thread 0x000001a670c2ed10 2931       3       java.lang.reflect.Executable::isSynthetic (8 bytes)
Event: 4.934 Thread 0x000001a670c2ed10 nmethod 2931 0x000001a65aa63a10 code [0x000001a65aa63bc0, 0x000001a65aa63e48]
Event: 4.934 Thread 0x000001a670aa8c00 nmethod 2930 0x000001a65aa63f10 code [0x000001a65aa640c0, 0x000001a65aa642f8]
Event: 4.934 Thread 0x000001a670c2ed10 2932       3       java.lang.reflect.Modifier::isSynthetic (14 bytes)
Event: 4.934 Thread 0x000001a670c2ed10 nmethod 2932 0x000001a65aa64410 code [0x000001a65aa645a0, 0x000001a65aa646f8]
Event: 4.935 Thread 0x000001a670c2ed10 2933       3       java.lang.invoke.DirectMethodHandle$Holder::newInvokeSpecial (24 bytes)
Event: 4.936 Thread 0x000001a670c2ed10 nmethod 2933 0x000001a65aa64790 code [0x000001a65aa64980, 0x000001a65aa650c8]
Event: 4.952 Thread 0x000001a670c2ed10 2934       3       java.lang.ThreadLocal$ThreadLocalMap::getEntryAfterMiss (59 bytes)
Event: 4.952 Thread 0x000001a670c2ed10 nmethod 2934 0x000001a65aa65290 code [0x000001a65aa65480, 0x000001a65aa65a88]

GC Heap History (14 events):
Event: 0.889 GC heap before
{Heap before GC invocations=1 (full 0):
 PSYoungGen      total 29696K, used 25600K [0x00000000eab00000, 0x00000000ecc00000, 0x0000000100000000)
  eden space 25600K, 100% used [0x00000000eab00000,0x00000000ec400000,0x00000000ec400000)
  from space 4096K, 0% used [0x00000000ec800000,0x00000000ec800000,0x00000000ecc00000)
  to   space 4096K, 0% used [0x00000000ec400000,0x00000000ec400000,0x00000000ec800000)
 ParOldGen       total 68608K, used 0K [0x00000000c0000000, 0x00000000c4300000, 0x00000000eab00000)
  object space 68608K, 0% used [0x00000000c0000000,0x00000000c0000000,0x00000000c4300000)
 Metaspace       used 10771K, committed 10816K, reserved 1114112K
  class space    used 1068K, committed 1088K, reserved 1048576K
}
Event: 0.898 GC heap after
{Heap after GC invocations=1 (full 0):
 PSYoungGen      total 29696K, used 3080K [0x00000000eab00000, 0x00000000ecc00000, 0x0000000100000000)
  eden space 25600K, 0% used [0x00000000eab00000,0x00000000eab00000,0x00000000ec400000)
  from space 4096K, 75% used [0x00000000ec400000,0x00000000ec7023a8,0x00000000ec800000)
  to   space 4096K, 0% used [0x00000000ec800000,0x00000000ec800000,0x00000000ecc00000)
 ParOldGen       total 68608K, used 16K [0x00000000c0000000, 0x00000000c4300000, 0x00000000eab00000)
  object space 68608K, 0% used [0x00000000c0000000,0x00000000c0004000,0x00000000c4300000)
 Metaspace       used 10771K, committed 10816K, reserved 1114112K
  class space    used 1068K, committed 1088K, reserved 1048576K
}
Event: 1.722 GC heap before
{Heap before GC invocations=2 (full 0):
 PSYoungGen      total 29696K, used 28680K [0x00000000eab00000, 0x00000000ecc00000, 0x0000000100000000)
  eden space 25600K, 99% used [0x00000000eab00000,0x00000000ec3ffdf0,0x00000000ec400000)
  from space 4096K, 75% used [0x00000000ec400000,0x00000000ec7023a8,0x00000000ec800000)
  to   space 4096K, 0% used [0x00000000ec800000,0x00000000ec800000,0x00000000ecc00000)
 ParOldGen       total 68608K, used 16K [0x00000000c0000000, 0x00000000c4300000, 0x00000000eab00000)
  object space 68608K, 0% used [0x00000000c0000000,0x00000000c0004000,0x00000000c4300000)
 Metaspace       used 14920K, committed 15232K, reserved 1114112K
  class space    used 1513K, committed 1664K, reserved 1048576K
}
Event: 1.730 GC heap after
{Heap after GC invocations=2 (full 0):
 PSYoungGen      total 29696K, used 4085K [0x00000000eab00000, 0x00000000ecc00000, 0x0000000100000000)
  eden space 25600K, 0% used [0x00000000eab00000,0x00000000eab00000,0x00000000ec400000)
  from space 4096K, 99% used [0x00000000ec800000,0x00000000ecbfd440,0x00000000ecc00000)
  to   space 4096K, 0% used [0x00000000ec400000,0x00000000ec400000,0x00000000ec800000)
 ParOldGen       total 68608K, used 667K [0x00000000c0000000, 0x00000000c4300000, 0x00000000eab00000)
  object space 68608K, 0% used [0x00000000c0000000,0x00000000c00a6fe8,0x00000000c4300000)
 Metaspace       used 14920K, committed 15232K, reserved 1114112K
  class space    used 1513K, committed 1664K, reserved 1048576K
}
Event: 2.377 GC heap before
{Heap before GC invocations=3 (full 0):
 PSYoungGen      total 29696K, used 29678K [0x00000000eab00000, 0x00000000ecc00000, 0x0000000100000000)
  eden space 25600K, 99% used [0x00000000eab00000,0x00000000ec3fe478,0x00000000ec400000)
  from space 4096K, 99% used [0x00000000ec800000,0x00000000ecbfd440,0x00000000ecc00000)
  to   space 4096K, 0% used [0x00000000ec400000,0x00000000ec400000,0x00000000ec800000)
 ParOldGen       total 68608K, used 667K [0x00000000c0000000, 0x00000000c4300000, 0x00000000eab00000)
  object space 68608K, 0% used [0x00000000c0000000,0x00000000c00a6fe8,0x00000000c4300000)
 Metaspace       used 20112K, committed 20480K, reserved 1114112K
  class space    used 2040K, committed 2176K, reserved 1048576K
}
Event: 2.385 GC heap after
{Heap after GC invocations=3 (full 0):
 PSYoungGen      total 29696K, used 4082K [0x00000000eab00000, 0x00000000ecc00000, 0x0000000100000000)
  eden space 25600K, 0% used [0x00000000eab00000,0x00000000eab00000,0x00000000ec400000)
  from space 4096K, 99% used [0x00000000ec400000,0x00000000ec7fc810,0x00000000ec800000)
  to   space 4096K, 0% used [0x00000000ec800000,0x00000000ec800000,0x00000000ecc00000)
 ParOldGen       total 68608K, used 2806K [0x00000000c0000000, 0x00000000c4300000, 0x00000000eab00000)
  object space 68608K, 4% used [0x00000000c0000000,0x00000000c02bdb18,0x00000000c4300000)
 Metaspace       used 20112K, committed 20480K, reserved 1114112K
  class space    used 2040K, committed 2176K, reserved 1048576K
}
Event: 2.641 GC heap before
{Heap before GC invocations=4 (full 0):
 PSYoungGen      total 29696K, used 10490K [0x00000000eab00000, 0x00000000ecc00000, 0x0000000100000000)
  eden space 25600K, 25% used [0x00000000eab00000,0x00000000eb142100,0x00000000ec400000)
  from space 4096K, 99% used [0x00000000ec400000,0x00000000ec7fc810,0x00000000ec800000)
  to   space 4096K, 0% used [0x00000000ec800000,0x00000000ec800000,0x00000000ecc00000)
 ParOldGen       total 68608K, used 2806K [0x00000000c0000000, 0x00000000c4300000, 0x00000000eab00000)
  object space 68608K, 4% used [0x00000000c0000000,0x00000000c02bdb18,0x00000000c4300000)
 Metaspace       used 21111K, committed 21504K, reserved 1114112K
  class space    used 2148K, committed 2304K, reserved 1048576K
}
Event: 2.645 GC heap after
{Heap after GC invocations=4 (full 0):
 PSYoungGen      total 29696K, used 4082K [0x00000000eab00000, 0x00000000ecc00000, 0x0000000100000000)
  eden space 25600K, 0% used [0x00000000eab00000,0x00000000eab00000,0x00000000ec400000)
  from space 4096K, 99% used [0x00000000ec800000,0x00000000ecbfc830,0x00000000ecc00000)
  to   space 4096K, 0% used [0x00000000ec400000,0x00000000ec400000,0x00000000ec800000)
 ParOldGen       total 68608K, used 3054K [0x00000000c0000000, 0x00000000c4300000, 0x00000000eab00000)
  object space 68608K, 4% used [0x00000000c0000000,0x00000000c02fbb28,0x00000000c4300000)
 Metaspace       used 21111K, committed 21504K, reserved 1114112K
  class space    used 2148K, committed 2304K, reserved 1048576K
}
Event: 2.645 GC heap before
{Heap before GC invocations=5 (full 1):
 PSYoungGen      total 29696K, used 4082K [0x00000000eab00000, 0x00000000ecc00000, 0x0000000100000000)
  eden space 25600K, 0% used [0x00000000eab00000,0x00000000eab00000,0x00000000ec400000)
  from space 4096K, 99% used [0x00000000ec800000,0x00000000ecbfc830,0x00000000ecc00000)
  to   space 4096K, 0% used [0x00000000ec400000,0x00000000ec400000,0x00000000ec800000)
 ParOldGen       total 68608K, used 3054K [0x00000000c0000000, 0x00000000c4300000, 0x00000000eab00000)
  object space 68608K, 4% used [0x00000000c0000000,0x00000000c02fbb28,0x00000000c4300000)
 Metaspace       used 21111K, committed 21504K, reserved 1114112K
  class space    used 2148K, committed 2304K, reserved 1048576K
}
Event: 2.668 GC heap after
{Heap after GC invocations=5 (full 1):
 PSYoungGen      total 29696K, used 0K [0x00000000eab00000, 0x00000000ecc00000, 0x0000000100000000)
  eden space 25600K, 0% used [0x00000000eab00000,0x00000000eab00000,0x00000000ec400000)
  from space 4096K, 0% used [0x00000000ec800000,0x00000000ec800000,0x00000000ecc00000)
  to   space 4096K, 0% used [0x00000000ec400000,0x00000000ec400000,0x00000000ec800000)
 ParOldGen       total 68608K, used 6909K [0x00000000c0000000, 0x00000000c4300000, 0x00000000eab00000)
  object space 68608K, 10% used [0x00000000c0000000,0x00000000c06bf450,0x00000000c4300000)
 Metaspace       used 21098K, committed 21504K, reserved 1114112K
  class space    used 2144K, committed 2304K, reserved 1048576K
}
Event: 3.313 GC heap before
{Heap before GC invocations=6 (full 1):
 PSYoungGen      total 29696K, used 25600K [0x00000000eab00000, 0x00000000ecc00000, 0x0000000100000000)
  eden space 25600K, 100% used [0x00000000eab00000,0x00000000ec400000,0x00000000ec400000)
  from space 4096K, 0% used [0x00000000ec800000,0x00000000ec800000,0x00000000ecc00000)
  to   space 4096K, 0% used [0x00000000ec400000,0x00000000ec400000,0x00000000ec800000)
 ParOldGen       total 68608K, used 6909K [0x00000000c0000000, 0x00000000c4300000, 0x00000000eab00000)
  object space 68608K, 10% used [0x00000000c0000000,0x00000000c06bf450,0x00000000c4300000)
 Metaspace       used 24462K, committed 24832K, reserved 1114112K
  class space    used 2392K, committed 2560K, reserved 1048576K
}
Event: 3.315 GC heap after
{Heap after GC invocations=6 (full 1):
 PSYoungGen      total 26112K, used 698K [0x00000000eab00000, 0x00000000ec880000, 0x0000000100000000)
  eden space 25088K, 0% used [0x00000000eab00000,0x00000000eab00000,0x00000000ec380000)
  from space 1024K, 68% used [0x00000000ec400000,0x00000000ec4ae888,0x00000000ec500000)
  to   space 2560K, 0% used [0x00000000ec600000,0x00000000ec600000,0x00000000ec880000)
 ParOldGen       total 68608K, used 6917K [0x00000000c0000000, 0x00000000c4300000, 0x00000000eab00000)
  object space 68608K, 10% used [0x00000000c0000000,0x00000000c06c1450,0x00000000c4300000)
 Metaspace       used 24462K, committed 24832K, reserved 1114112K
  class space    used 2392K, committed 2560K, reserved 1048576K
}
Event: 3.701 GC heap before
{Heap before GC invocations=7 (full 1):
 PSYoungGen      total 26112K, used 25786K [0x00000000eab00000, 0x00000000ec880000, 0x0000000100000000)
  eden space 25088K, 100% used [0x00000000eab00000,0x00000000ec380000,0x00000000ec380000)
  from space 1024K, 68% used [0x00000000ec400000,0x00000000ec4ae888,0x00000000ec500000)
  to   space 2560K, 0% used [0x00000000ec600000,0x00000000ec600000,0x00000000ec880000)
 ParOldGen       total 68608K, used 6917K [0x00000000c0000000, 0x00000000c4300000, 0x00000000eab00000)
  object space 68608K, 10% used [0x00000000c0000000,0x00000000c06c1450,0x00000000c4300000)
 Metaspace       used 27516K, committed 27968K, reserved 1114112K
  class space    used 2642K, committed 2816K, reserved 1048576K
}
Event: 3.703 GC heap after
{Heap after GC invocations=7 (full 1):
 PSYoungGen      total 26112K, used 1284K [0x00000000eab00000, 0x00000000ec780000, 0x0000000100000000)
  eden space 24576K, 0% used [0x00000000eab00000,0x00000000eab00000,0x00000000ec300000)
  from space 1536K, 83% used [0x00000000ec600000,0x00000000ec741300,0x00000000ec780000)
  to   space 1536K, 0% used [0x00000000ec480000,0x00000000ec480000,0x00000000ec600000)
 ParOldGen       total 68608K, used 6925K [0x00000000c0000000, 0x00000000c4300000, 0x00000000eab00000)
  object space 68608K, 10% used [0x00000000c0000000,0x00000000c06c3450,0x00000000c4300000)
 Metaspace       used 27516K, committed 27968K, reserved 1114112K
  class space    used 2642K, committed 2816K, reserved 1048576K
}

Dll operation events (10 events):
Event: 0.013 Loaded shared library c:\Users\ADMIN\.vscode\extensions\redhat.java-1.18.0-win32-x64\jre\17.0.7-win32-x86_64\bin\java.dll
Event: 0.187 Loaded shared library c:\Users\ADMIN\.vscode\extensions\redhat.java-1.18.0-win32-x64\jre\17.0.7-win32-x86_64\bin\zip.dll
Event: 0.190 Loaded shared library C:\Users\ADMIN\.vscode\extensions\redhat.java-1.18.0-win32-x64\jre\17.0.7-win32-x86_64\bin\instrument.dll
Event: 0.201 Loaded shared library C:\Users\ADMIN\.vscode\extensions\redhat.java-1.18.0-win32-x64\jre\17.0.7-win32-x86_64\bin\net.dll
Event: 0.203 Loaded shared library C:\Users\ADMIN\.vscode\extensions\redhat.java-1.18.0-win32-x64\jre\17.0.7-win32-x86_64\bin\nio.dll
Event: 0.209 Loaded shared library C:\Users\ADMIN\.vscode\extensions\redhat.java-1.18.0-win32-x64\jre\17.0.7-win32-x86_64\bin\zip.dll
Event: 0.220 Loaded shared library C:\Users\ADMIN\.vscode\extensions\redhat.java-1.18.0-win32-x64\jre\17.0.7-win32-x86_64\bin\jimage.dll
Event: 0.268 Loaded shared library c:\Users\ADMIN\.vscode\extensions\redhat.java-1.18.0-win32-x64\jre\17.0.7-win32-x86_64\bin\verify.dll
Event: 1.532 Loaded shared library C:\Users\ADMIN\AppData\Roaming\Code\User\globalStorage\redhat.java\1.18.0\config_ss_win\org.eclipse.equinox.launcher\org.eclipse.equinox.launcher.win32.win32.x86_64_1.2.700.v20221108-1024\eclipse_11801.dll
Event: 4.588 Loaded shared library C:\Users\ADMIN\AppData\Local\Temp\jna-62130991\jna5721694816025597373.dll

Deoptimization events (20 events):
Event: 4.339 Thread 0x000001a670c22990 Uncommon trap: trap_request=0xffffff76 fr.pc=0x000001a66212f99c relative=0x0000000000000d9c
Event: 4.339 Thread 0x000001a670c22990 Uncommon trap: reason=predicate action=maybe_recompile pc=0x000001a66212f99c method=java.util.Properties$LineReader.readLine()I @ 53 c2
Event: 4.339 Thread 0x000001a670c22990 DEOPT PACKING pc=0x000001a66212f99c sp=0x0000001bcf1fd1b0
Event: 4.339 Thread 0x000001a670c22990 DEOPT UNPACKING pc=0x000001a6619466a3 sp=0x0000001bcf1fd168 mode 2
Event: 4.492 Thread 0x000001a670c22990 Uncommon trap: trap_request=0xffffff45 fr.pc=0x000001a66206e1f4 relative=0x0000000000000674
Event: 4.492 Thread 0x000001a670c22990 Uncommon trap: reason=unstable_if action=reinterpret pc=0x000001a66206e1f4 method=java.lang.String.replace(Ljava/lang/CharSequence;Ljava/lang/CharSequence;)Ljava/lang/String; @ 42 c2
Event: 4.492 Thread 0x000001a670c22990 DEOPT PACKING pc=0x000001a66206e1f4 sp=0x0000001bcf1fb6f0
Event: 4.492 Thread 0x000001a670c22990 DEOPT UNPACKING pc=0x000001a6619466a3 sp=0x0000001bcf1fb680 mode 2
Event: 4.612 Thread 0x000001a670c22990 Uncommon trap: trap_request=0xffffff45 fr.pc=0x000001a66211a3e4 relative=0x0000000000000a84
Event: 4.612 Thread 0x000001a670c22990 Uncommon trap: reason=unstable_if action=reinterpret pc=0x000001a66211a3e4 method=jdk.internal.org.objectweb.asm.SymbolTable.put(Ljdk/internal/org/objectweb/asm/SymbolTable$Entry;)Ljdk/internal/org/objectweb/asm/SymbolTable$Entry; @ 13 c2
Event: 4.612 Thread 0x000001a670c22990 DEOPT PACKING pc=0x000001a66211a3e4 sp=0x0000001bcf1fbbe0
Event: 4.612 Thread 0x000001a670c22990 DEOPT UNPACKING pc=0x000001a6619466a3 sp=0x0000001bcf1fbb28 mode 2
Event: 4.625 Thread 0x000001a670c22990 Uncommon trap: trap_request=0xffffff76 fr.pc=0x000001a6621537c0 relative=0x0000000000000600
Event: 4.625 Thread 0x000001a670c22990 Uncommon trap: reason=predicate action=maybe_recompile pc=0x000001a6621537c0 method=java.util.TreeMap.getEntryUsingComparator(Ljava/lang/Object;)Ljava/util/TreeMap$Entry; @ 19 c2
Event: 4.625 Thread 0x000001a670c22990 DEOPT PACKING pc=0x000001a6621537c0 sp=0x0000001bcf1fc7d0
Event: 4.625 Thread 0x000001a670c22990 DEOPT UNPACKING pc=0x000001a6619466a3 sp=0x0000001bcf1fc6f0 mode 2
Event: 4.663 Thread 0x000001a65781cc70 Uncommon trap: trap_request=0xffffff76 fr.pc=0x000001a662150684 relative=0x0000000000000644
Event: 4.663 Thread 0x000001a65781cc70 Uncommon trap: reason=predicate action=maybe_recompile pc=0x000001a662150684 method=java.util.TreeMap.getEntryUsingComparator(Ljava/lang/Object;)Ljava/util/TreeMap$Entry; @ 19 c2
Event: 4.663 Thread 0x000001a65781cc70 DEOPT PACKING pc=0x000001a662150684 sp=0x0000001bcd6fe230
Event: 4.663 Thread 0x000001a65781cc70 DEOPT UNPACKING pc=0x000001a6619466a3 sp=0x0000001bcd6fe1e0 mode 2

Classes unloaded (7 events):
Event: 2.648 Thread 0x000001a6578d3f90 Unloading class 0x0000000100212400 'java/lang/invoke/LambdaForm$MH+0x0000000100212400'
Event: 2.648 Thread 0x000001a6578d3f90 Unloading class 0x0000000100212000 'java/lang/invoke/LambdaForm$MH+0x0000000100212000'
Event: 2.648 Thread 0x000001a6578d3f90 Unloading class 0x0000000100211c00 'java/lang/invoke/LambdaForm$MH+0x0000000100211c00'
Event: 2.648 Thread 0x000001a6578d3f90 Unloading class 0x0000000100211800 'java/lang/invoke/LambdaForm$MH+0x0000000100211800'
Event: 2.648 Thread 0x000001a6578d3f90 Unloading class 0x0000000100211000 'java/lang/invoke/LambdaForm$BMH+0x0000000100211000'
Event: 2.648 Thread 0x000001a6578d3f90 Unloading class 0x0000000100210c00 'java/lang/invoke/LambdaForm$DMH+0x0000000100210c00'
Event: 2.648 Thread 0x000001a6578d3f90 Unloading class 0x000000010020e000 'java/lang/invoke/LambdaForm$DMH+0x000000010020e000'

Classes redefined (0 events):
No events

Internal exceptions (20 events):
Event: 2.639 Thread 0x000001a670c21b20 Exception <a 'java/lang/NoSuchMethodError'{0x00000000eb0137f8}: 'java.lang.Object java.lang.invoke.DirectMethodHandle$Holder.invokeSpecial(java.lang.Object, java.lang.Object, java.lang.Object, int, java.lang.Object)'> (0x00000000eb0137f8) 
thrown [s\src\hotspot\share\interpreter\linkResolver.cpp, line 759]
Event: 2.703 Thread 0x000001a670c21b20 Exception <a 'java/io/FileNotFoundException'{0x00000000eacb6cc0}> (0x00000000eacb6cc0) 
thrown [s\src\hotspot\share\prims\jni.cpp, line 516]
Event: 3.684 Thread 0x000001a670c22990 Exception <a 'java/lang/ClassNotFoundException'{0x00000000ec2f2a20}: com/sun/org/apache/xerces/internal/impl/msg/spi/DOMMessagesProvider> (0x00000000ec2f2a20) 
thrown [s\src\hotspot\share\classfile\systemDictionary.cpp, line 256]
Event: 3.690 Thread 0x000001a670c22990 Exception <a 'java/lang/ClassNotFoundException'{0x00000000ec3198b8}: com/sun/org/apache/xerces/internal/impl/msg/spi/XMLSerializerMessagesProvider> (0x00000000ec3198b8) 
thrown [s\src\hotspot\share\classfile\systemDictionary.cpp, line 256]
Event: 3.692 Thread 0x000001a670c22990 Exception <a 'java/lang/ClassNotFoundException'{0x00000000ec326b90}: com/sun/org/apache/xerces/internal/impl/msg/spi/XMLMessagesProvider> (0x00000000ec326b90) 
thrown [s\src\hotspot\share\classfile\systemDictionary.cpp, line 256]
Event: 3.721 Thread 0x000001a670c22990 Exception <a 'java/lang/NoSuchMethodError'{0x00000000eab6b320}: 'void java.lang.invoke.DirectMethodHandle$Holder.invokeVirtual(java.lang.Object, java.lang.Object)'> (0x00000000eab6b320) 
thrown [s\src\hotspot\share\interpreter\linkResolver.cpp, line 759]
Event: 4.258 Thread 0x000001a670c22990 Exception <a 'java/lang/NoSuchMethodError'{0x00000000ead13a78}: 'java.lang.Object java.lang.invoke.DirectMethodHandle$Holder.invokeStaticInit(java.lang.Object, int, int, int, int)'> (0x00000000ead13a78) 
thrown [s\src\hotspot\share\interpreter\linkResolver.cpp, line 759]
Event: 4.299 Thread 0x000001a670c22990 Exception <a 'java/lang/NoSuchMethodError'{0x00000000eae43398}: 'java.lang.Object java.lang.invoke.DirectMethodHandle$Holder.invokeStaticInit(java.lang.Object, java.lang.Object, int, int, int, int)'> (0x00000000eae43398) 
thrown [s\src\hotspot\share\interpreter\linkResolver.cpp, line 759]
Event: 4.339 Thread 0x000001a670c22990 Implicit null exception at 0x000001a66212ed00 to 0x000001a66212f954
Event: 4.366 Thread 0x000001a670c22990 Exception <a 'java/lang/ClassNotFoundException'{0x00000000eb1c2498}: com/sun/org/apache/xml/internal/serializer/spi/XMLEntitiesProvider> (0x00000000eb1c2498) 
thrown [s\src\hotspot\share\classfile\systemDictionary.cpp, line 256]
Event: 4.443 Thread 0x000001a670c22990 Exception <a 'java/io/FileNotFoundException'{0x00000000eb524968}> (0x00000000eb524968) 
thrown [s\src\hotspot\share\prims\jni.cpp, line 516]
Event: 4.618 Thread 0x000001a670c22990 Exception <a 'java/lang/UnsatisfiedLinkError'{0x00000000eb8639f0}: The specified procedure could not be found.
> (0x00000000eb8639f0) 
thrown [s\src\hotspot\share\prims\jni.cpp, line 535]
Event: 4.623 Thread 0x000001a670c22990 Exception <a 'java/io/FileNotFoundException'{0x00000000eb886eb0}> (0x00000000eb886eb0) 
thrown [s\src\hotspot\share\prims\jni.cpp, line 516]
Event: 4.633 Thread 0x000001a670c22990 Exception <a 'java/io/FileNotFoundException'{0x00000000eb8f9cb0}> (0x00000000eb8f9cb0) 
thrown [s\src\hotspot\share\prims\jni.cpp, line 516]
Event: 4.644 Thread 0x000001a670c22990 Exception <a 'java/lang/UnsatisfiedLinkError'{0x00000000eb986048}: The specified procedure could not be found.
> (0x00000000eb986048) 
thrown [s\src\hotspot\share\prims\jni.cpp, line 535]
Event: 4.683 Thread 0x000001a65781cc70 Exception <a 'java/lang/NoSuchMethodError'{0x00000000ebb39ef8}: 'java.lang.Object java.lang.invoke.DirectMethodHandle$Holder.invokeStatic(java.lang.Object, java.lang.Object, long, java.lang.Object)'> (0x00000000ebb39ef8) 
thrown [s\src\hotspot\share\interpreter\linkResolver.cpp, line 759]
Event: 4.683 Thread 0x000001a65781cc70 Exception <a 'java/lang/NoSuchMethodError'{0x00000000ebb3d990}: 'java.lang.Object java.lang.invoke.DirectMethodHandle$Holder.invokeStaticInit(java.lang.Object, java.lang.Object, long, java.lang.Object)'> (0x00000000ebb3d990) 
thrown [s\src\hotspot\share\interpreter\linkResolver.cpp, line 759]
Event: 4.684 Thread 0x000001a65781cc70 Exception <a 'java/lang/NoSuchMethodError'{0x00000000ebb43fa0}: 'java.lang.Object java.lang.invoke.DirectMethodHandle$Holder.newInvokeSpecial(java.lang.Object, java.lang.Object, long)'> (0x00000000ebb43fa0) 
thrown [s\src\hotspot\share\interpreter\linkResolver.cpp, line 759]
Event: 4.684 Thread 0x000001a65781cc70 Exception <a 'java/lang/NoSuchMethodError'{0x00000000ebb479e0}: 'java.lang.Object java.lang.invoke.Invokers$Holder.linkToTargetMethod(java.lang.Object, long, java.lang.Object)'> (0x00000000ebb479e0) 
thrown [s\src\hotspot\share\interpreter\linkResolver.cpp, line 759]
Event: 4.740 Thread 0x000001a65781cc70 Exception <a 'java/lang/NoSuchMethodError'{0x00000000ebcdfde8}: 'void java.lang.invoke.DirectMethodHandle$Holder.invokeStatic(java.lang.Object, java.lang.Object, java.lang.Object, java.lang.Object)'> (0x00000000ebcdfde8) 
thrown [s\src\hotspot\share\interpreter\linkResolver.cpp, line 759]

VM Operations (20 events):
Event: 2.238 Executing VM operation: HandshakeAllThreads
Event: 2.238 Executing VM operation: HandshakeAllThreads done
Event: 2.376 Executing VM operation: ParallelGCFailedAllocation
Event: 2.385 Executing VM operation: ParallelGCFailedAllocation done
Event: 2.641 Executing VM operation: CollectForMetadataAllocation
Event: 2.668 Executing VM operation: CollectForMetadataAllocation done
Event: 2.685 Executing VM operation: HandshakeAllThreads
Event: 2.685 Executing VM operation: HandshakeAllThreads done
Event: 3.313 Executing VM operation: ParallelGCFailedAllocation
Event: 3.315 Executing VM operation: ParallelGCFailedAllocation done
Event: 3.701 Executing VM operation: ParallelGCFailedAllocation
Event: 3.703 Executing VM operation: ParallelGCFailedAllocation done
Event: 3.739 Executing VM operation: HandshakeAllThreads
Event: 3.739 Executing VM operation: HandshakeAllThreads done
Event: 4.392 Executing VM operation: HandshakeAllThreads
Event: 4.392 Executing VM operation: HandshakeAllThreads done
Event: 4.606 Executing VM operation: HandshakeAllThreads
Event: 4.606 Executing VM operation: HandshakeAllThreads done
Event: 4.659 Executing VM operation: HandshakeAllThreads
Event: 4.659 Executing VM operation: HandshakeAllThreads done

Events (20 events):
Event: 4.729 loading class sun/reflect/generics/tree/ClassSignature
Event: 4.729 loading class sun/reflect/generics/tree/ClassSignature done
Event: 4.729 loading class sun/reflect/generics/tree/TypeVariableSignature
Event: 4.729 loading class sun/reflect/generics/tree/TypeVariableSignature done
Event: 4.729 loading class sun/reflect/generics/reflectiveObjects/TypeVariableImpl
Event: 4.729 loading class sun/reflect/generics/reflectiveObjects/LazyReflectiveObjectGenerator
Event: 4.729 loading class sun/reflect/generics/reflectiveObjects/LazyReflectiveObjectGenerator done
Event: 4.729 loading class sun/reflect/generics/reflectiveObjects/TypeVariableImpl done
Event: 4.742 loading class java/lang/Deprecated
Event: 4.742 loading class java/lang/Deprecated done
Event: 4.743 loading class jdk/internal/vm/annotation/IntrinsicCandidate
Event: 4.743 loading class jdk/internal/vm/annotation/IntrinsicCandidate done
Event: 4.832 loading class sun/reflect/generics/tree/BottomSignature
Event: 4.833 loading class sun/reflect/generics/tree/BottomSignature done
Event: 4.833 loading class sun/reflect/generics/tree/Wildcard
Event: 4.833 loading class sun/reflect/generics/tree/Wildcard done
Event: 4.835 loading class sun/reflect/generics/reflectiveObjects/WildcardTypeImpl
Event: 4.835 loading class java/lang/reflect/WildcardType
Event: 4.836 loading class java/lang/reflect/WildcardType done
Event: 4.836 loading class sun/reflect/generics/reflectiveObjects/WildcardTypeImpl done


Dynamic libraries:
0x00007ff686400000 - 0x00007ff68640e000 	c:\Users\ADMIN\.vscode\extensions\redhat.java-1.18.0-win32-x64\jre\17.0.7-win32-x86_64\bin\java.exe
0x00007ffe877f0000 - 0x00007ffe87a04000 	C:\WINDOWS\SYSTEM32\ntdll.dll
0x00007ffe86850000 - 0x00007ffe86912000 	C:\WINDOWS\System32\KERNEL32.DLL
0x00007ffe84f50000 - 0x00007ffe852ec000 	C:\WINDOWS\System32\KERNELBASE.dll
0x00007ffe85370000 - 0x00007ffe85481000 	C:\WINDOWS\System32\ucrtbase.dll
0x00007ffe7a190000 - 0x00007ffe7a1a7000 	c:\Users\ADMIN\.vscode\extensions\redhat.java-1.18.0-win32-x64\jre\17.0.7-win32-x86_64\bin\jli.dll
0x00007ffe6fde0000 - 0x00007ffe6fdf9000 	c:\Users\ADMIN\.vscode\extensions\redhat.java-1.18.0-win32-x64\jre\17.0.7-win32-x86_64\bin\VCRUNTIME140.dll
0x00007ffe85a80000 - 0x00007ffe85c2b000 	C:\WINDOWS\System32\USER32.dll
0x00007ffe73c20000 - 0x00007ffe73eae000 	C:\WINDOWS\WinSxS\amd64_microsoft.windows.common-controls_6595b64144ccf1df_6.0.22621.608_none_a9444ca7c10bb01d\COMCTL32.dll
0x00007ffe84c30000 - 0x00007ffe84c56000 	C:\WINDOWS\System32\win32u.dll
0x00007ffe85e70000 - 0x00007ffe85e99000 	C:\WINDOWS\System32\GDI32.dll
0x00007ffe86f40000 - 0x00007ffe86fe7000 	C:\WINDOWS\System32\msvcrt.dll
0x00007ffe84c60000 - 0x00007ffe84d73000 	C:\WINDOWS\System32\gdi32full.dll
0x00007ffe84d80000 - 0x00007ffe84e1a000 	C:\WINDOWS\System32\msvcp_win.dll
0x00007ffe86c20000 - 0x00007ffe86c51000 	C:\WINDOWS\System32\IMM32.DLL
0x00007ffe7fdb0000 - 0x00007ffe7fdbc000 	c:\Users\ADMIN\.vscode\extensions\redhat.java-1.18.0-win32-x64\jre\17.0.7-win32-x86_64\bin\vcruntime140_1.dll
0x00007ffe5b800000 - 0x00007ffe5b891000 	c:\Users\ADMIN\.vscode\extensions\redhat.java-1.18.0-win32-x64\jre\17.0.7-win32-x86_64\bin\msvcp140.dll
0x00007ffe1b600000 - 0x00007ffe1c248000 	c:\Users\ADMIN\.vscode\extensions\redhat.java-1.18.0-win32-x64\jre\17.0.7-win32-x86_64\bin\server\jvm.dll
0x00007ffe86c60000 - 0x00007ffe86d0e000 	C:\WINDOWS\System32\ADVAPI32.dll
0x00007ffe86ae0000 - 0x00007ffe86b84000 	C:\WINDOWS\System32\sechost.dll
0x00007ffe86e20000 - 0x00007ffe86f37000 	C:\WINDOWS\System32\RPCRT4.dll
0x00007ffe7d090000 - 0x00007ffe7d0c4000 	C:\WINDOWS\SYSTEM32\WINMM.dll
0x00007ffe62db0000 - 0x00007ffe62db9000 	C:\WINDOWS\SYSTEM32\WSOCK32.dll
0x00007ffe7d7c0000 - 0x00007ffe7d7ca000 	C:\WINDOWS\SYSTEM32\VERSION.dll
0x00007ffe85c30000 - 0x00007ffe85ca1000 	C:\WINDOWS\System32\WS2_32.dll
0x00007ffe83c60000 - 0x00007ffe83c78000 	C:\WINDOWS\SYSTEM32\kernel.appcore.dll
0x00007ffe7fcb0000 - 0x00007ffe7fcba000 	c:\Users\ADMIN\.vscode\extensions\redhat.java-1.18.0-win32-x64\jre\17.0.7-win32-x86_64\bin\jimage.dll
0x00007ffe82620000 - 0x00007ffe8284e000 	C:\WINDOWS\SYSTEM32\DBGHELP.DLL
0x00007ffe87420000 - 0x00007ffe877a9000 	C:\WINDOWS\System32\combase.dll
0x00007ffe87230000 - 0x00007ffe87307000 	C:\WINDOWS\System32\OLEAUT32.dll
0x00007ffe7d050000 - 0x00007ffe7d082000 	C:\WINDOWS\SYSTEM32\dbgcore.DLL
0x00007ffe852f0000 - 0x00007ffe8536b000 	C:\WINDOWS\System32\bcryptPrimitives.dll
0x00007ffe7b390000 - 0x00007ffe7b39e000 	c:\Users\ADMIN\.vscode\extensions\redhat.java-1.18.0-win32-x64\jre\17.0.7-win32-x86_64\bin\instrument.dll
0x00007ffe6e740000 - 0x00007ffe6e765000 	c:\Users\ADMIN\.vscode\extensions\redhat.java-1.18.0-win32-x64\jre\17.0.7-win32-x86_64\bin\java.dll
0x00007ffe6edd0000 - 0x00007ffe6ede8000 	c:\Users\ADMIN\.vscode\extensions\redhat.java-1.18.0-win32-x64\jre\17.0.7-win32-x86_64\bin\zip.dll
0x00007ffe85ea0000 - 0x00007ffe86690000 	C:\WINDOWS\System32\SHELL32.dll
0x00007ffe82bf0000 - 0x00007ffe834bd000 	C:\WINDOWS\SYSTEM32\windows.storage.dll
0x00007ffe82ab0000 - 0x00007ffe82bee000 	C:\WINDOWS\SYSTEM32\wintypes.dll
0x00007ffe85d70000 - 0x00007ffe85e61000 	C:\WINDOWS\System32\SHCORE.dll
0x00007ffe86dc0000 - 0x00007ffe86e1e000 	C:\WINDOWS\System32\shlwapi.dll
0x00007ffe84b60000 - 0x00007ffe84b81000 	C:\WINDOWS\SYSTEM32\profapi.dll
0x00007ffe6e5c0000 - 0x00007ffe6e5d9000 	C:\Users\ADMIN\.vscode\extensions\redhat.java-1.18.0-win32-x64\jre\17.0.7-win32-x86_64\bin\net.dll
0x00007ffe7f560000 - 0x00007ffe7f697000 	C:\WINDOWS\SYSTEM32\WINHTTP.dll
0x00007ffe840f0000 - 0x00007ffe84159000 	C:\WINDOWS\system32\mswsock.dll
0x00007ffe6e380000 - 0x00007ffe6e395000 	C:\Users\ADMIN\.vscode\extensions\redhat.java-1.18.0-win32-x64\jre\17.0.7-win32-x86_64\bin\nio.dll
0x00007ffe7a180000 - 0x00007ffe7a190000 	c:\Users\ADMIN\.vscode\extensions\redhat.java-1.18.0-win32-x64\jre\17.0.7-win32-x86_64\bin\verify.dll
0x00007ffe6dee0000 - 0x00007ffe6df1e000 	C:\Users\ADMIN\AppData\Roaming\Code\User\globalStorage\redhat.java\1.18.0\config_ss_win\org.eclipse.equinox.launcher\org.eclipse.equinox.launcher.win32.win32.x86_64_1.2.700.v20221108-1024\eclipse_11801.dll
0x00007ffe86ff0000 - 0x00007ffe8718c000 	C:\WINDOWS\System32\ole32.dll
0x00007ffe843c0000 - 0x00007ffe843db000 	C:\WINDOWS\SYSTEM32\CRYPTSP.dll
0x00007ffe83bd0000 - 0x00007ffe83c05000 	C:\WINDOWS\system32\rsaenh.dll
0x00007ffe84260000 - 0x00007ffe84288000 	C:\WINDOWS\SYSTEM32\USERENV.dll
0x00007ffe84560000 - 0x00007ffe84588000 	C:\WINDOWS\SYSTEM32\bcrypt.dll
0x00007ffe843e0000 - 0x00007ffe843ec000 	C:\WINDOWS\SYSTEM32\CRYPTBASE.dll
0x00007ffe83750000 - 0x00007ffe8377d000 	C:\WINDOWS\SYSTEM32\IPHLPAPI.DLL
0x00007ffe87190000 - 0x00007ffe87199000 	C:\WINDOWS\System32\NSI.dll
0x00007ffe7d8a0000 - 0x00007ffe7d8b9000 	C:\WINDOWS\SYSTEM32\dhcpcsvc6.DLL
0x00007ffe7d7a0000 - 0x00007ffe7d7bf000 	C:\WINDOWS\SYSTEM32\dhcpcsvc.DLL
0x00007ffe83780000 - 0x00007ffe83873000 	C:\WINDOWS\SYSTEM32\DNSAPI.dll
0x00007ffe616d0000 - 0x00007ffe61715000 	C:\Users\ADMIN\AppData\Local\Temp\jna-62130991\jna5721694816025597373.dll
0x00007ffe85d60000 - 0x00007ffe85d68000 	C:\WINDOWS\System32\PSAPI.DLL

dbghelp: loaded successfully - version: 4.0.5 - missing functions: none
symbol engine: initialized successfully - sym options: 0x614 - pdb path: .;c:\Users\ADMIN\.vscode\extensions\redhat.java-1.18.0-win32-x64\jre\17.0.7-win32-x86_64\bin;C:\WINDOWS\SYSTEM32;C:\WINDOWS\WinSxS\amd64_microsoft.windows.common-controls_6595b64144ccf1df_6.0.22621.608_none_a9444ca7c10bb01d;c:\Users\ADMIN\.vscode\extensions\redhat.java-1.18.0-win32-x64\jre\17.0.7-win32-x86_64\bin\server;C:\Users\ADMIN\AppData\Roaming\Code\User\globalStorage\redhat.java\1.18.0\config_ss_win\org.eclipse.equinox.launcher\org.eclipse.equinox.launcher.win32.win32.x86_64_1.2.700.v20221108-1024;C:\Users\ADMIN\AppData\Local\Temp\jna-62130991

VM Arguments:
jvm_args: --add-modules=ALL-SYSTEM --add-opens=java.base/java.util=ALL-UNNAMED --add-opens=java.base/java.lang=ALL-UNNAMED --add-opens=java.base/sun.nio.fs=ALL-UNNAMED -Declipse.application=org.eclipse.jdt.ls.core.id1 -Dosgi.bundles.defaultStartLevel=4 -Declipse.product=org.eclipse.jdt.ls.core.product -Djava.import.generatesMetadataFilesAtProjectRoot=false -Dfile.encoding=utf8 -XX:+UseParallelGC -XX:GCTimeRatio=4 -XX:AdaptiveSizePolicyWeight=90 -Dsun.zip.disableMemoryMapping=true -Xmx1G -Xms100m -Xlog:disable -javaagent:c:\Users\ADMIN\.vscode\extensions\redhat.java-1.18.0-win32-x64\lombok\lombok-1.18.27.jar 
java_command: c:\Users\ADMIN\.vscode\extensions\redhat.java-1.18.0-win32-x64\server\plugins\org.eclipse.equinox.launcher_1.6.400.v20210924-0641.jar -configuration c:\Users\ADMIN\AppData\Roaming\Code\User\globalStorage\redhat.java\1.18.0\config_ss_win -data c:\Users\ADMIN\AppData\Roaming\Code\User\workspaceStorage\4c1ab381de116513bcdb067e4a9c71b1\redhat.java\ss_ws
java_class_path (initial): c:\Users\ADMIN\.vscode\extensions\redhat.java-1.18.0-win32-x64\server\plugins\org.eclipse.equinox.launcher_1.6.400.v20210924-0641.jar
Launcher Type: SUN_STANDARD

[Global flags]
    uintx AdaptiveSizePolicyWeight                 = 90                                        {product} {command line}
     intx CICompilerCount                          = 12                                        {product} {ergonomic}
    uintx GCTimeRatio                              = 4                                         {product} {command line}
   size_t InitialHeapSize                          = 104857600                                 {product} {command line}
   size_t MaxHeapSize                              = 1073741824                                {product} {command line}
   size_t MaxNewSize                               = 357564416                                 {product} {ergonomic}
   size_t MinHeapDeltaBytes                        = 524288                                    {product} {ergonomic}
   size_t MinHeapSize                              = 104857600                                 {product} {command line}
   size_t NewSize                                  = 34603008                                  {product} {ergonomic}
    uintx NonNMethodCodeHeapSize                   = 7602480                                {pd product} {ergonomic}
    uintx NonProfiledCodeHeapSize                  = 122027880                              {pd product} {ergonomic}
   size_t OldSize                                  = 70254592                                  {product} {ergonomic}
    uintx ProfiledCodeHeapSize                     = 122027880                              {pd product} {ergonomic}
    uintx ReservedCodeCacheSize                    = 251658240                              {pd product} {ergonomic}
     bool SegmentedCodeCache                       = true                                      {product} {ergonomic}
   size_t SoftMaxHeapSize                          = 1073741824                             {manageable} {ergonomic}
     bool UseCompressedClassPointers               = true                           {product lp64_product} {ergonomic}
     bool UseCompressedOops                        = true                           {product lp64_product} {ergonomic}
     bool UseLargePagesIndividualAllocation        = false                                  {pd product} {ergonomic}
     bool UseParallelGC                            = true                                      {product} {command line}

Logging:
Log output configuration:
 #0: stdout all=off uptime,level,tags
 #1: stderr all=off uptime,level,tags

Environment Variables:
PATH=C:\Program Files\Common Files\Oracle\Java\javapath;C:\Program Files (x86)\Common Files\Intel\Shared Libraries\redist\intel64\compiler;C:\Windows\system32;C:\Windows;C:\Windows\System32\Wbem;C:\Windows\System32\WindowsPowerShell\v1.0\;C:\Windows\System32\OpenSSH\;C:\Program Files (x86)\NVIDIA Corporation\PhysX\Common;C:\Program Files\NVIDIA Corporation\NVIDIA NvDLISR;C:\Program Files\Git\cmd;C:\WINDOWS\system32;C:\WINDOWS;C:\WINDOWS\System32\Wbem;C:\WINDOWS\System32\WindowsPowerShell\v1.0\;C:\WINDOWS\System32\OpenSSH\;C:\Users\ADMIN\AppData\Local\Microsoft\WindowsApps;C:\Users\ADMIN\AppData\Local\Programs\Microsoft VS Code\bin;C:\msys64\mingw64\bin;C:\msys64\usr\bin;
USERNAME=ADMIN
OS=Windows_NT
PROCESSOR_IDENTIFIER=AMD64 Family 23 Model 96 Stepping 1, AuthenticAMD
TMP=C:\Users\ADMIN\AppData\Local\Temp
TEMP=C:\Users\ADMIN\AppData\Local\Temp



---------------  S Y S T E M  ---------------

OS:
 Windows 11 , 64 bit Build 22621 (10.0.22621.1485)
OS uptime: 0 days 11:02 hours
Hyper-V role detected

CPU: total 16 (initial active 16) (16 cores per cpu, 2 threads per core) family 23 model 96 stepping 1 microcode 0x0, cx8, cmov, fxsr, ht, mmx, 3dnowpref, sse, sse2, sse3, ssse3, sse4a, sse4.1, sse4.2, popcnt, lzcnt, tsc, tscinvbit, avx, avx2, aes, clmul, bmi1, bmi2, adx, sha, fma, vzeroupper, clflush, clflushopt, hv

Memory: 4k page, system-wide physical 7599M (372M free)
TotalPageFile size 15791M (AvailPageFile size 2M)
current process WorkingSet (physical memory assigned to process): 146M, peak: 146M
current process commit charge ("private bytes"): 267M, peak: 270M

vm_info: OpenJDK 64-Bit Server VM (17.0.7+7) for windows-amd64 JRE (17.0.7+7), built on Apr 18 2023 22:10:42 by "temurin" with MS VC++ 16.7 (VS2019)

END.
