#
# There is insufficient memory for the Java Runtime Environment to continue.
# Native memory allocation (mmap) failed to map 125829120 bytes for G1 virtual space
# Possible reasons:
#   The system is out of physical RAM or swap space
#   The process is running with CompressedOops enabled, and the Java Heap may be blocking the growth of the native heap
# Possible solutions:
#   Reduce memory load on the system
#   Increase physical memory or swap space
#   Check if swap backing store is full
#   Decrease Java heap size (-Xmx/-Xms)
#   Decrease number of Java threads
#   Decrease Java thread stack sizes (-Xss)
#   Set larger code cache with -XX:ReservedCodeCacheSize=
#   JVM is running with Unscaled Compressed Oops mode in which the Java heap is
#     placed in the first 4GB address space. The Java Heap base address is the
#     maximum limit for the native heap growth. Please use -XX:HeapBaseMinAddress
#     to set the Java Heap base and to place the Java Heap above 4GB virtual address.
# This output file may be truncated or incomplete.
#
#  Out of Memory Error (os_windows.cpp:3536), pid=14016, tid=4360
#
# JRE version:  (19.0.2+7) (build )
# Java VM: Java HotSpot(TM) 64-Bit Server VM (19.0.2+7-44, mixed mode, sharing, tiered, compressed oops, compressed class ptrs, g1 gc, windows-amd64)
# No core dump will be written. Minidumps are not enabled by default on client versions of Windows
#

---------------  S U M M A R Y ------------

Command Line: -agentlib:jdwp=transport=dt_socket,server=n,suspend=y,address=localhost:63499 --enable-preview -XX:+ShowCodeDetailsInExceptionMessages Control.Main

Host: AMD Ryzen 7 4800H with Radeon Graphics         , 16 cores, 7G,  Windows 11 , 64 bit Build 22621 (10.0.22621.1485)
Time: Sun Apr 16 09:09:28 2023 SE Asia Standard Time elapsed time: 0.025165 seconds (0d 0h 0m 0s)

---------------  T H R E A D  ---------------

Current thread (0x000001a64f149340):  JavaThread "Unknown thread" [_thread_in_vm, id=4360, stack(0x00000037e6600000,0x00000037e6700000)]

Stack: [0x00000037e6600000,0x00000037e6700000]
Native frames: (J=compiled Java code, j=interpreted, Vv=VM code, C=native code)
V  [jvm.dll+0x6ee21a]
V  [jvm.dll+0x85765e]
V  [jvm.dll+0x85904e]
V  [jvm.dll+0x859703]
V  [jvm.dll+0x28298f]
V  [jvm.dll+0x6eb009]
V  [jvm.dll+0x6dfbaa]
V  [jvm.dll+0x3573f6]
V  [jvm.dll+0x35ee56]
V  [jvm.dll+0x3b541e]
V  [jvm.dll+0x3b564f]
V  [jvm.dll+0x32c9ea]
V  [jvm.dll+0x32d89e]
V  [jvm.dll+0x821780]
V  [jvm.dll+0x3c2661]
V  [jvm.dll+0x801f51]
V  [jvm.dll+0x44ae8f]
V  [jvm.dll+0x44c811]
C  [jli.dll+0x5287]
C  [ucrtbase.dll+0x29363]
C  [KERNEL32.DLL+0x1269d]
C  [ntdll.dll+0x5a9f8]


---------------  P R O C E S S  ---------------

Threads class SMR info:
_java_thread_list=0x00007ffb4730d048, length=0, elements={
}

Java Threads: ( => current thread )

Other Threads:
  0x000001a64f1a64b0 WorkerThread "GC Thread#0" [stack: 0x00000037e6700000,0x00000037e6800000] [id=16024]
  0x000001a64f1b6190 ConcurrentGCThread "G1 Main Marker" [stack: 0x00000037e6800000,0x00000037e6900000] [id=3652]
  0x000001a64f1b7ed0 WorkerThread "G1 Conc#0" [stack: 0x00000037e6900000,0x00000037e6a00000] [id=2204]

[error occurred during error reporting (printing all threads), id 0xc0000005, EXCEPTION_ACCESS_VIOLATION (0xc0000005) at pc=0x00007ffb46acd427]

VM state: not at safepoint (not fully initialized)

VM Mutex/Monitor currently owned by a thread:  ([mutex/lock_event])
[0x000001a64f145580] Heap_lock - owner thread: 0x000001a64f149340

Heap address: 0x0000000089400000, size: 1900 MB, Compressed Oops mode: 32-bit

CDS archive(s) mapped at: [0x0000000000000000-0x0000000000000000-0x0000000000000000), size 0, SharedBaseAddress: 0x0000000800000000, ArchiveRelocationMode: 0.
Narrow klass base: 0x0000000000000000, Narrow klass shift: 0, Narrow klass range: 0x0

GC Precious Log:
 CardTable entry size: 512
 Card Set container configuration: InlinePtr #cards 5 size 8 Array Of Cards #cards 12 size 40 Howl #buckets 4 coarsen threshold 1843 Howl Bitmap #cards 512 size 80 coarsen threshold 460 Card regions per heap region 1 cards per card region 2048

Heap:
 garbage-first heap   total 0K, used 0K [0x0000000089400000, 0x0000000100000000)
  region size 1024K, 0 young (0K), 0 survivors (0K)

[error occurred during error reporting (printing heap information), id 0xc0000005, EXCEPTION_ACCESS_VIOLATION (0xc0000005) at pc=0x00007ffb46ed6649]

GC Heap History (0 events):
No events

Dll operation events (1 events):
Event: 0.014 Loaded shared library C:\Program Files\Java\jdk-19\bin\java.dll

Deoptimization events (0 events):
No events

Classes loaded (0 events):
No events

Classes unloaded (0 events):
No events

Classes redefined (0 events):
No events

Internal exceptions (0 events):
No events

VM Operations (0 events):
No events

Events (0 events):
No events


Dynamic libraries:
0x00007ff6299f0000 - 0x00007ff629a00000 	C:\Program Files\Java\jdk-19\bin\java.exe
0x00007ffb9b010000 - 0x00007ffb9b224000 	C:\WINDOWS\SYSTEM32\ntdll.dll
0x00007ffb99be0000 - 0x00007ffb99ca2000 	C:\WINDOWS\System32\KERNEL32.DLL
0x00007ffb98760000 - 0x00007ffb98afc000 	C:\WINDOWS\System32\KERNELBASE.dll
0x00007ffb98570000 - 0x00007ffb98681000 	C:\WINDOWS\System32\ucrtbase.dll
0x00007ffb8dfb0000 - 0x00007ffb8dfc8000 	C:\Program Files\Java\jdk-19\bin\jli.dll
0x00007ffb8dff0000 - 0x00007ffb8e00b000 	C:\Program Files\Java\jdk-19\bin\VCRUNTIME140.dll
0x00007ffb99fb0000 - 0x00007ffb9a05e000 	C:\WINDOWS\System32\ADVAPI32.dll
0x00007ffb99b30000 - 0x00007ffb99bd7000 	C:\WINDOWS\System32\msvcrt.dll
0x00007ffb99f00000 - 0x00007ffb99fa4000 	C:\WINDOWS\System32\sechost.dll
0x00007ffb99cb0000 - 0x00007ffb99dc7000 	C:\WINDOWS\System32\RPCRT4.dll
0x00007ffb9a1b0000 - 0x00007ffb9a35b000 	C:\WINDOWS\System32\USER32.dll
0x00007ffb98730000 - 0x00007ffb98756000 	C:\WINDOWS\System32\win32u.dll
0x00007ffb843f0000 - 0x00007ffb8467e000 	C:\WINDOWS\WinSxS\amd64_microsoft.windows.common-controls_6595b64144ccf1df_6.0.22621.608_none_a9444ca7c10bb01d\COMCTL32.dll
0x00007ffb99ed0000 - 0x00007ffb99ef9000 	C:\WINDOWS\System32\GDI32.dll
0x00007ffb98450000 - 0x00007ffb98563000 	C:\WINDOWS\System32\gdi32full.dll
0x00007ffb98690000 - 0x00007ffb9872a000 	C:\WINDOWS\System32\msvcp_win.dll
0x00007ffb90d00000 - 0x00007ffb90d0a000 	C:\WINDOWS\SYSTEM32\VERSION.dll
0x00007ffb9a060000 - 0x00007ffb9a091000 	C:\WINDOWS\System32\IMM32.DLL
0x00007ffb93740000 - 0x00007ffb9374c000 	C:\Program Files\Java\jdk-19\bin\vcruntime140_1.dll
0x00007ffb7b670000 - 0x00007ffb7b6fe000 	C:\Program Files\Java\jdk-19\bin\msvcp140.dll
0x00007ffb46790000 - 0x00007ffb47450000 	C:\Program Files\Java\jdk-19\bin\server\jvm.dll
0x00007ffb90d10000 - 0x00007ffb90d44000 	C:\WINDOWS\SYSTEM32\WINMM.dll
0x00007ffb6b800000 - 0x00007ffb6b809000 	C:\WINDOWS\SYSTEM32\WSOCK32.dll
0x00007ffb995f0000 - 0x00007ffb99661000 	C:\WINDOWS\System32\WS2_32.dll
0x00007ffb97480000 - 0x00007ffb97498000 	C:\WINDOWS\SYSTEM32\kernel.appcore.dll
0x00007ffb93510000 - 0x00007ffb9351a000 	C:\Program Files\Java\jdk-19\bin\jimage.dll
0x00007ffb95e40000 - 0x00007ffb9606e000 	C:\WINDOWS\SYSTEM32\DBGHELP.DLL
0x00007ffb99670000 - 0x00007ffb999f9000 	C:\WINDOWS\System32\combase.dll
0x00007ffb9a0b0000 - 0x00007ffb9a187000 	C:\WINDOWS\System32\OLEAUT32.dll
0x00007ffb90b50000 - 0x00007ffb90b82000 	C:\WINDOWS\SYSTEM32\dbgcore.DLL
0x00007ffb98bc0000 - 0x00007ffb98c3b000 	C:\WINDOWS\System32\bcryptPrimitives.dll
0x00007ffb8df70000 - 0x00007ffb8dfac000 	C:\Program Files\Java\jdk-19\bin\jdwp.dll
0x00007ffb8ddb0000 - 0x00007ffb8ddd6000 	C:\Program Files\Java\jdk-19\bin\java.dll

dbghelp: loaded successfully - version: 4.0.5 - missing functions: none
symbol engine: initialized successfully - sym options: 0x614 - pdb path: .;C:\Program Files\Java\jdk-19\bin;C:\WINDOWS\SYSTEM32;C:\WINDOWS\WinSxS\amd64_microsoft.windows.common-controls_6595b64144ccf1df_6.0.22621.608_none_a9444ca7c10bb01d;C:\Program Files\Java\jdk-19\bin\server

VM Arguments:
jvm_args: -agentlib:jdwp=transport=dt_socket,server=n,suspend=y,address=localhost:63499 --enable-preview -XX:+ShowCodeDetailsInExceptionMessages 
java_command: Control.Main
java_class_path (initial): C:\Users\ADMIN\AppData\Roaming\Code\User\workspaceStorage\25a3d6cf644b5c5d23efcdf9371a6d34\redhat.java\jdt_ws\PlantsVsZombies_fe470f63\bin
Launcher Type: SUN_STANDARD

[Global flags]
     intx CICompilerCount                          = 12                                        {product} {ergonomic}
     uint ConcGCThreads                            = 3                                         {product} {ergonomic}
     uint G1ConcRefinementThreads                  = 13                                        {product} {ergonomic}
   size_t G1HeapRegionSize                         = 1048576                                   {product} {ergonomic}
    uintx GCDrainStackTargetSize                   = 64                                        {product} {ergonomic}
   size_t InitialHeapSize                          = 125829120                                 {product} {ergonomic}
   size_t MarkStackSize                            = 4194304                                   {product} {ergonomic}
   size_t MaxHeapSize                              = 1992294400                                {product} {ergonomic}
   size_t MinHeapDeltaBytes                        = 1048576                                   {product} {ergonomic}
   size_t MinHeapSize                              = 8388608                                   {product} {ergonomic}
    uintx NonNMethodCodeHeapSize                   = 7602480                                {pd product} {ergonomic}
    uintx NonProfiledCodeHeapSize                  = 122027880                              {pd product} {ergonomic}
    uintx ProfiledCodeHeapSize                     = 122027880                              {pd product} {ergonomic}
    uintx ReservedCodeCacheSize                    = 251658240                              {pd product} {ergonomic}
     bool SegmentedCodeCache                       = true                                      {product} {ergonomic}
     bool ShowCodeDetailsInExceptionMessages       = true                                   {manageable} {command line}
   size_t SoftMaxHeapSize                          = 1992294400                             {manageable} {ergonomic}
     bool UseCompressedClassPointers               = true                           {product lp64_product} {ergonomic}
     bool UseCompressedOops                        = true                           {product lp64_product} {ergonomic}
     bool UseG1GC                                  = true                                      {product} {ergonomic}
     bool UseLargePagesIndividualAllocation        = false                                  {pd product} {ergonomic}

Logging:
Log output configuration:
 #0: stdout all=warning uptime,level,tags foldmultilines=false
 #1: stderr all=off uptime,level,tags foldmultilines=false

Environment Variables:
PATH=C:\Program Files\Common Files\Oracle\Java\javapath;C:\Program Files (x86)\Common Files\Intel\Shared Libraries\redist\intel64\compiler;C:\Windows\system32;C:\Windows;C:\Windows\System32\Wbem;C:\Windows\System32\WindowsPowerShell\v1.0\;C:\Windows\System32\OpenSSH\;C:\Program Files (x86)\NVIDIA Corporation\PhysX\Common;C:\Program Files\NVIDIA Corporation\NVIDIA NvDLISR;C:\Program Files\Git\cmd;C:\WINDOWS\system32;C:\WINDOWS;C:\WINDOWS\System32\Wbem;C:\WINDOWS\System32\WindowsPowerShell\v1.0\;C:\WINDOWS\System32\OpenSSH\;C:\Users\ADMIN\AppData\Local\Microsoft\WindowsApps;C:\Users\ADMIN\AppData\Local\Programs\Microsoft VS Code\bin;C:\msys64\mingw64\bin;C:\msys64\usr\bin;
USERNAME=ADMIN
LANG=en_US.UTF-8
OS=Windows_NT
PROCESSOR_IDENTIFIER=AMD64 Family 23 Model 96 Stepping 1, AuthenticAMD
TMP=C:\Users\ADMIN\AppData\Local\Temp
TEMP=C:\Users\ADMIN\AppData\Local\Temp



---------------  S Y S T E M  ---------------

OS:
 Windows 11 , 64 bit Build 22621 (10.0.22621.1485)
OS uptime: 0 days 22:16 hours
Hyper-V role detected

CPU: total 16 (initial active 16) (16 cores per cpu, 2 threads per core) family 23 model 96 stepping 1 microcode 0x0, cx8, cmov, fxsr, ht, mmx, 3dnowpref, sse, sse2, sse3, ssse3, sse4a, sse4.1, sse4.2, popcnt, lzcnt, tsc, tscinvbit, avx, avx2, aes, clmul, bmi1, bmi2, adx, sha, fma, vzeroupper, clflush, clflushopt, hv, rdtscp, rdpid

Memory: 4k page, system-wide physical 7599M (203M free)
TotalPageFile size 15791M (AvailPageFile size 161M)
current process WorkingSet (physical memory assigned to process): 11M, peak: 11M
current process commit charge ("private bytes"): 71M, peak: 190M

vm_info: Java HotSpot(TM) 64-Bit Server VM (19.0.2+7-44) for windows-amd64 JRE (19.0.2+7-44), built on 2022-11-30T18:02:09Z by "mach5one" with MS VC++ 17.1 (VS2022)

END.
